[0.805s] Invoking command in '/home/pl/ros2_ws1/src/haik/sdk_launch': CONDA_PROMPT_MODIFIER=(base) DEBUGINFOD_URLS=https://debuginfod.ubuntu.com PYTHONPATH=/home/pl/ros2_ws1/build/sdk_launch/prefix_override:/usr/lib/python3/dist-packages/colcon_core/task/python/colcon_distutils_commands:/home/pl/ros2_ws1/install/sdk_launch/lib/python3.10/site-packages:${PYTHONPATH} /usr/bin/python3 -W ignore:setup.py install is deprecated -W ignore:easy_install command is deprecated setup.py egg_info --egg-base ../../../build/sdk_launch build --build-base /home/pl/ros2_ws1/build/sdk_launch/build install --record /home/pl/ros2_ws1/build/sdk_launch/install.log --single-version-externally-managed install_data
[1.080s] running egg_info
[1.081s] writing ../../../build/sdk_launch/sdk_launch.egg-info/PKG-INFO
[1.081s] writing dependency_links to ../../../build/sdk_launch/sdk_launch.egg-info/dependency_links.txt
[1.081s] writing entry points to ../../../build/sdk_launch/sdk_launch.egg-info/entry_points.txt
[1.081s] writing requirements to ../../../build/sdk_launch/sdk_launch.egg-info/requires.txt
[1.081s] writing top-level names to ../../../build/sdk_launch/sdk_launch.egg-info/top_level.txt
[1.083s] reading manifest file '../../../build/sdk_launch/sdk_launch.egg-info/SOURCES.txt'
[1.083s] writing manifest file '../../../build/sdk_launch/sdk_launch.egg-info/SOURCES.txt'
[1.083s] running build
[1.083s] running build_py
[1.083s] running install
[1.084s] running install_lib
[1.084s] running install_data
[1.085s] running install_egg_info
[1.086s] removing '/home/pl/ros2_ws1/install/sdk_launch/lib/python3.10/site-packages/sdk_launch-0.0.0-py3.10.egg-info' (and everything under it)
[1.086s] Copying ../../../build/sdk_launch/sdk_launch.egg-info to /home/pl/ros2_ws1/install/sdk_launch/lib/python3.10/site-packages/sdk_launch-0.0.0-py3.10.egg-info
[1.087s] running install_scripts
[1.108s] writing list of installed files to '/home/pl/ros2_ws1/build/sdk_launch/install.log'
[1.137s] Invoked command in '/home/pl/ros2_ws1/src/haik/sdk_launch' returned '0': CONDA_PROMPT_MODIFIER=(base) DEBUGINFOD_URLS=https://debuginfod.ubuntu.com PYTHONPATH=/home/pl/ros2_ws1/build/sdk_launch/prefix_override:/usr/lib/python3/dist-packages/colcon_core/task/python/colcon_distutils_commands:/home/pl/ros2_ws1/install/sdk_launch/lib/python3.10/site-packages:${PYTHONPATH} /usr/bin/python3 -W ignore:setup.py install is deprecated -W ignore:easy_install command is deprecated setup.py egg_info --egg-base ../../../build/sdk_launch build --build-base /home/pl/ros2_ws1/build/sdk_launch/build install --record /home/pl/ros2_ws1/build/sdk_launch/install.log --single-version-externally-managed install_data
