[01m[Kcc1plus:[m[K [01;31m[Kfatal error: [m[K/home/pl/ros2_ws1/src/haik/sdk_topic_cpp/src/camera_publisher.cpp: æ²¡æœ‰é‚£ä¸ªæ–‡ä»¶æˆ–ç›®å½•
compilation terminated.
gmake[2]: *** [CMakeFiles/camera_publisher.dir/build.make:79ï¼šCMakeFiles/camera_publisher.dir/src/camera_publisher.cpp.o] é”™è¯¯ 1
gmake[1]: *** [CMakeFiles/Makefile2:336ï¼šCMakeFiles/camera_publisher.dir/all] é”™è¯¯ 2
gmake[1]: *** æ­£åœ¨ç­‰å¾…æœªå®Œæˆçš„ä»»åŠ¡....
[01m[Kcc1plus:[m[K [01;31m[Kfatal error: [m[K/home/pl/ros2_ws1/src/haik/sdk_topic_cpp/src/chu.cpp: æ²¡æœ‰é‚£ä¸ªæ–‡ä»¶æˆ–ç›®å½•
compilation terminated.
[01m[Kcc1plus:[m[K [01;31m[Kfatal error: [m[K/home/pl/ros2_ws1/src/haik/sdk_topic_cpp/src/grab.cpp: æ²¡æœ‰é‚£ä¸ªæ–‡ä»¶æˆ–ç›®å½•
compilation terminated.
gmake[2]: *** [CMakeFiles/chu.dir/build.make:79ï¼šCMakeFiles/chu.dir/src/chu.cpp.o] é”™è¯¯ 1
gmake[2]: *** [CMakeFiles/grab.dir/build.make:79ï¼šCMakeFiles/grab.dir/src/grab.cpp.o] é”™è¯¯ 1
gmake[1]: *** [CMakeFiles/Makefile2:180ï¼šCMakeFiles/chu.dir/all] é”™è¯¯ 2
gmake[1]: *** [CMakeFiles/Makefile2:284ï¼šCMakeFiles/grab.dir/all] é”™è¯¯ 2
[01m[Kcc1plus:[m[K [01;31m[Kfatal error: [m[K/home/pl/ros2_ws1/src/haik/sdk_topic_cpp/src/biaoding.cpp: æ²¡æœ‰é‚£ä¸ªæ–‡ä»¶æˆ–ç›®å½•
compilation terminated.
gmake[2]: *** [CMakeFiles/biaoding.dir/build.make:79ï¼šCMakeFiles/biaoding.dir/src/biaoding.cpp.o] é”™è¯¯ 1
gmake[1]: *** [CMakeFiles/Makefile2:258ï¼šCMakeFiles/biaoding.dir/all] é”™è¯¯ 2
[01m[Kcc1plus:[m[K [01;31m[Kfatal error: [m[K/home/pl/ros2_ws1/src/haik/sdk_topic_cpp/src/t1.cpp: æ²¡æœ‰é‚£ä¸ªæ–‡ä»¶æˆ–ç›®å½•
compilation terminated.
gmake[2]: *** [CMakeFiles/t1.dir/build.make:79ï¼šCMakeFiles/t1.dir/src/t1.cpp.o] é”™è¯¯ 1
gmake[1]: *** [CMakeFiles/Makefile2:232ï¼šCMakeFiles/t1.dir/all] é”™è¯¯ 2
gmake: *** [Makefile:149ï¼šall] é”™è¯¯ 2
