[0.283s] Invoking command in '/home/pl/ros2_ws1/build/sdk_topic_cpp': CMAKE_PREFIX_PATH=${CMAKE_PREFIX_PATH}:/home/pl/ros2_ws1/install/sdk_topic:/home/pl/ros2_ws1/install/sdk_launch:/opt/ros/humble DEBUGINFOD_URLS=https://debuginfod.ubuntu.com /usr/bin/cmake --build /home/pl/ros2_ws1/build/sdk_topic_cpp -- -j20 -l20
[0.300s] /usr/bin/cmake -S/home/pl/ros2_ws1/src/haik/sdk_topic_cpp -B/home/pl/ros2_ws1/build/sdk_topic_cpp --check-build-system CMakeFiles/Makefile.cmake 0
[0.308s] /usr/bin/cmake -E cmake_progress_start /home/pl/ros2_ws1/build/sdk_topic_cpp/CMakeFiles /home/pl/ros2_ws1/build/sdk_topic_cpp//CMakeFiles/progress.marks
[0.314s] /usr/bin/gmake  -f CMakeFiles/Makefile2 all
[0.315s] gmake[1]: 进入目录“/home/pl/ros2_ws1/build/sdk_topic_cpp”
[0.315s] /usr/bin/gmake  -f CMakeFiles/se.dir/build.make CMakeFiles/se.dir/depend
[0.315s] /usr/bin/gmake  -f CMakeFiles/chu.dir/build.make CMakeFiles/chu.dir/depend
[0.316s] /usr/bin/gmake  -f CMakeFiles/shiping.dir/build.make CMakeFiles/shiping.dir/depend
[0.316s] /usr/bin/gmake  -f CMakeFiles/t1.dir/build.make CMakeFiles/t1.dir/depend
[0.317s] /usr/bin/gmake  -f CMakeFiles/biaoding.dir/build.make CMakeFiles/biaoding.dir/depend
[0.317s] /usr/bin/gmake  -f CMakeFiles/grab.dir/build.make CMakeFiles/grab.dir/depend
[0.317s] /usr/bin/gmake  -f CMakeFiles/camera_publisher.dir/build.make CMakeFiles/camera_publisher.dir/depend
[0.318s] gmake[2]: 进入目录“/home/pl/ros2_ws1/build/sdk_topic_cpp”
[0.318s] cd /home/pl/ros2_ws1/build/sdk_topic_cpp && /usr/bin/cmake -E cmake_depends "Unix Makefiles" /home/pl/ros2_ws1/src/haik/sdk_topic_cpp /home/pl/ros2_ws1/src/haik/sdk_topic_cpp /home/pl/ros2_ws1/build/sdk_topic_cpp /home/pl/ros2_ws1/build/sdk_topic_cpp /home/pl/ros2_ws1/build/sdk_topic_cpp/CMakeFiles/shiping.dir/DependInfo.cmake --color=
[0.318s] gmake[2]: 进入目录“/home/pl/ros2_ws1/build/sdk_topic_cpp”
[0.318s] cd /home/pl/ros2_ws1/build/sdk_topic_cpp && /usr/bin/cmake -E cmake_depends "Unix Makefiles" /home/pl/ros2_ws1/src/haik/sdk_topic_cpp /home/pl/ros2_ws1/src/haik/sdk_topic_cpp /home/pl/ros2_ws1/build/sdk_topic_cpp /home/pl/ros2_ws1/build/sdk_topic_cpp /home/pl/ros2_ws1/build/sdk_topic_cpp/CMakeFiles/se.dir/DependInfo.cmake --color=
[0.319s] gmake[2]: 进入目录“/home/pl/ros2_ws1/build/sdk_topic_cpp”
[0.319s] cd /home/pl/ros2_ws1/build/sdk_topic_cpp && /usr/bin/cmake -E cmake_depends "Unix Makefiles" /home/pl/ros2_ws1/src/haik/sdk_topic_cpp /home/pl/ros2_ws1/src/haik/sdk_topic_cpp /home/pl/ros2_ws1/build/sdk_topic_cpp /home/pl/ros2_ws1/build/sdk_topic_cpp /home/pl/ros2_ws1/build/sdk_topic_cpp/CMakeFiles/t1.dir/DependInfo.cmake --color=
[0.319s] gmake[2]: 进入目录“/home/pl/ros2_ws1/build/sdk_topic_cpp”
[0.319s] cd /home/pl/ros2_ws1/build/sdk_topic_cpp && /usr/bin/cmake -E cmake_depends "Unix Makefiles" /home/pl/ros2_ws1/src/haik/sdk_topic_cpp /home/pl/ros2_ws1/src/haik/sdk_topic_cpp /home/pl/ros2_ws1/build/sdk_topic_cpp /home/pl/ros2_ws1/build/sdk_topic_cpp /home/pl/ros2_ws1/build/sdk_topic_cpp/CMakeFiles/grab.dir/DependInfo.cmake --color=
[0.319s] gmake[2]: 进入目录“/home/pl/ros2_ws1/build/sdk_topic_cpp”
[0.319s] cd /home/pl/ros2_ws1/build/sdk_topic_cpp && /usr/bin/cmake -E cmake_depends "Unix Makefiles" /home/pl/ros2_ws1/src/haik/sdk_topic_cpp /home/pl/ros2_ws1/src/haik/sdk_topic_cpp /home/pl/ros2_ws1/build/sdk_topic_cpp /home/pl/ros2_ws1/build/sdk_topic_cpp /home/pl/ros2_ws1/build/sdk_topic_cpp/CMakeFiles/biaoding.dir/DependInfo.cmake --color=
[0.320s] gmake[2]: 进入目录“/home/pl/ros2_ws1/build/sdk_topic_cpp”
[0.320s] cd /home/pl/ros2_ws1/build/sdk_topic_cpp && /usr/bin/cmake -E cmake_depends "Unix Makefiles" /home/pl/ros2_ws1/src/haik/sdk_topic_cpp /home/pl/ros2_ws1/src/haik/sdk_topic_cpp /home/pl/ros2_ws1/build/sdk_topic_cpp /home/pl/ros2_ws1/build/sdk_topic_cpp /home/pl/ros2_ws1/build/sdk_topic_cpp/CMakeFiles/chu.dir/DependInfo.cmake --color=
[0.320s] gmake[2]: 进入目录“/home/pl/ros2_ws1/build/sdk_topic_cpp”
[0.320s] cd /home/pl/ros2_ws1/build/sdk_topic_cpp && /usr/bin/cmake -E cmake_depends "Unix Makefiles" /home/pl/ros2_ws1/src/haik/sdk_topic_cpp /home/pl/ros2_ws1/src/haik/sdk_topic_cpp /home/pl/ros2_ws1/build/sdk_topic_cpp /home/pl/ros2_ws1/build/sdk_topic_cpp /home/pl/ros2_ws1/build/sdk_topic_cpp/CMakeFiles/camera_publisher.dir/DependInfo.cmake --color=
[0.324s] Dependencies file "CMakeFiles/biaoding.dir/src/biaoding.cpp.o.d" is newer than depends file "/home/pl/ros2_ws1/build/sdk_topic_cpp/CMakeFiles/biaoding.dir/compiler_depend.internal".
[0.325s] [35m[1mConsolidate compiler generated dependencies of target biaoding[0m
[0.325s] gmake[2]: 离开目录“/home/pl/ros2_ws1/build/sdk_topic_cpp”
[0.325s] gmake[2]: 离开目录“/home/pl/ros2_ws1/build/sdk_topic_cpp”
[0.325s] /usr/bin/gmake  -f CMakeFiles/chu.dir/build.make CMakeFiles/chu.dir/build
[0.325s] /usr/bin/gmake  -f CMakeFiles/shiping.dir/build.make CMakeFiles/shiping.dir/build
[0.326s] gmake[2]: 离开目录“/home/pl/ros2_ws1/build/sdk_topic_cpp”
[0.326s] /usr/bin/gmake  -f CMakeFiles/se.dir/build.make CMakeFiles/se.dir/build
[0.327s] gmake[2]: 离开目录“/home/pl/ros2_ws1/build/sdk_topic_cpp”
[0.327s] /usr/bin/gmake  -f CMakeFiles/t1.dir/build.make CMakeFiles/t1.dir/build
[0.327s] gmake[2]: 进入目录“/home/pl/ros2_ws1/build/sdk_topic_cpp”
[0.327s] gmake[2]: 对“CMakeFiles/shiping.dir/build”无需做任何事。
[0.327s] gmake[2]: 离开目录“/home/pl/ros2_ws1/build/sdk_topic_cpp”
[0.327s] gmake[2]: 离开目录“/home/pl/ros2_ws1/build/sdk_topic_cpp”
[0.327s] /usr/bin/gmake  -f CMakeFiles/grab.dir/build.make CMakeFiles/grab.dir/build
[0.327s] gmake[2]: 离开目录“/home/pl/ros2_ws1/build/sdk_topic_cpp”
[0.328s] /usr/bin/gmake  -f CMakeFiles/biaoding.dir/build.make CMakeFiles/biaoding.dir/build
[0.328s] gmake[2]: 离开目录“/home/pl/ros2_ws1/build/sdk_topic_cpp”
[0.328s] /usr/bin/gmake  -f CMakeFiles/camera_publisher.dir/build.make CMakeFiles/camera_publisher.dir/build
[0.328s] gmake[2]: 进入目录“/home/pl/ros2_ws1/build/sdk_topic_cpp”
[0.328s] gmake[2]: 对“CMakeFiles/chu.dir/build”无需做任何事。
[0.328s] gmake[2]: 离开目录“/home/pl/ros2_ws1/build/sdk_topic_cpp”
[0.329s] gmake[2]: 进入目录“/home/pl/ros2_ws1/build/sdk_topic_cpp”
[0.329s] gmake[2]: 对“CMakeFiles/se.dir/build”无需做任何事。
[0.329s] gmake[2]: 离开目录“/home/pl/ros2_ws1/build/sdk_topic_cpp”
[0.330s] gmake[2]: 进入目录“/home/pl/ros2_ws1/build/sdk_topic_cpp”
[0.330s] gmake[2]: 对“CMakeFiles/t1.dir/build”无需做任何事。
[0.330s] gmake[2]: 离开目录“/home/pl/ros2_ws1/build/sdk_topic_cpp”
[0.331s] gmake[2]: 进入目录“/home/pl/ros2_ws1/build/sdk_topic_cpp”
[0.332s] gmake[2]: 进入目录“/home/pl/ros2_ws1/build/sdk_topic_cpp”
[0.332s] gmake[2]: 对“CMakeFiles/camera_publisher.dir/build”无需做任何事。
[0.332s] gmake[2]: 离开目录“/home/pl/ros2_ws1/build/sdk_topic_cpp”
[0.332s] gmake[2]: 进入目录“/home/pl/ros2_ws1/build/sdk_topic_cpp”
[0.332s] gmake[2]: 对“CMakeFiles/grab.dir/build”无需做任何事。
[0.332s] gmake[2]: 离开目录“/home/pl/ros2_ws1/build/sdk_topic_cpp”
[0.333s] [ 14%] Built target shiping
[0.334s] [ 28%] Built target se
[0.334s] [ 42%] Built target t1
[0.335s] [ 57%] Built target chu
[0.336s] [ 64%] [32mBuilding CXX object CMakeFiles/biaoding.dir/src/biaoding.cpp.o[0m
[0.336s] /usr/bin/c++ -DDEFAULT_RMW_IMPLEMENTATION=rmw_fastrtps_cpp -DRCUTILS_ENABLE_FAULT_INJECTION -I/opt/MVS/include -isystem /opt/ros/humble/include/rclcpp -isystem /opt/ros/humble/include/sensor_msgs -isystem /opt/ros/humble/include/image_transport -isystem /opt/ros/humble/include/cv_bridge -isystem /usr/include/opencv4 -isystem /opt/ros/humble/include/ament_index_cpp -isystem /opt/ros/humble/include/libstatistics_collector -isystem /opt/ros/humble/include/builtin_interfaces -isystem /opt/ros/humble/include/rosidl_runtime_c -isystem /opt/ros/humble/include/rcutils -isystem /opt/ros/humble/include/rosidl_typesupport_interface -isystem /opt/ros/humble/include/fastcdr -isystem /opt/ros/humble/include/rosidl_runtime_cpp -isystem /opt/ros/humble/include/rosidl_typesupport_fastrtps_cpp -isystem /opt/ros/humble/include/rmw -isystem /opt/ros/humble/include/rosidl_typesupport_fastrtps_c -isystem /opt/ros/humble/include/rosidl_typesupport_introspection_c -isystem /opt/ros/humble/include/rosidl_typesupport_introspection_cpp -isystem /opt/ros/humble/include/rcl -isystem /opt/ros/humble/include/rcl_interfaces -isystem /opt/ros/humble/include/rcl_logging_interface -isystem /opt/ros/humble/include/rcl_yaml_param_parser -isystem /opt/ros/humble/include/libyaml_vendor -isystem /opt/ros/humble/include/tracetools -isystem /opt/ros/humble/include/rcpputils -isystem /opt/ros/humble/include/statistics_msgs -isystem /opt/ros/humble/include/rosgraph_msgs -isystem /opt/ros/humble/include/rosidl_typesupport_cpp -isystem /opt/ros/humble/include/rosidl_typesupport_c -isystem /opt/ros/humble/include/geometry_msgs -isystem /opt/ros/humble/include/std_msgs -isystem /opt/ros/humble/include/message_filters -Wall -Wextra -Wpedantic -MD -MT CMakeFiles/biaoding.dir/src/biaoding.cpp.o -MF CMakeFiles/biaoding.dir/src/biaoding.cpp.o.d -o CMakeFiles/biaoding.dir/src/biaoding.cpp.o -c /home/pl/ros2_ws1/src/haik/sdk_topic_cpp/src/biaoding.cpp
[0.337s] [ 78%] Built target camera_publisher
[0.339s] [ 92%] Built target grab
[4.180s] [100%] [32m[1mLinking CXX executable biaoding[0m
[4.180s] /usr/bin/cmake -E cmake_link_script CMakeFiles/biaoding.dir/link.txt --verbose=1
[4.185s] /usr/bin/c++ CMakeFiles/biaoding.dir/src/biaoding.cpp.o -o biaoding  -Wl,-rpath,/opt/ros/humble/lib/x86_64-linux-gnu:/opt/ros/humble/lib:/opt/MVS/lib/64 /opt/ros/humble/lib/x86_64-linux-gnu/libimage_transport.so /opt/ros/humble/lib/libcv_bridge.so /opt/MVS/lib/64/libMvCameraControl.so -ldl /usr/lib/x86_64-linux-gnu/libopencv_stitching.so.4.5.4d /usr/lib/x86_64-linux-gnu/libopencv_alphamat.so.4.5.4d /usr/lib/x86_64-linux-gnu/libopencv_aruco.so.4.5.4d /usr/lib/x86_64-linux-gnu/libopencv_barcode.so.4.5.4d /usr/lib/x86_64-linux-gnu/libopencv_bgsegm.so.4.5.4d /usr/lib/x86_64-linux-gnu/libopencv_bioinspired.so.4.5.4d /usr/lib/x86_64-linux-gnu/libopencv_ccalib.so.4.5.4d /usr/lib/x86_64-linux-gnu/libopencv_dnn_objdetect.so.4.5.4d /usr/lib/x86_64-linux-gnu/libopencv_dnn_superres.so.4.5.4d /usr/lib/x86_64-linux-gnu/libopencv_dpm.so.4.5.4d /usr/lib/x86_64-linux-gnu/libopencv_face.so.4.5.4d /usr/lib/x86_64-linux-gnu/libopencv_freetype.so.4.5.4d /usr/lib/x86_64-linux-gnu/libopencv_fuzzy.so.4.5.4d /usr/lib/x86_64-linux-gnu/libopencv_hdf.so.4.5.4d /usr/lib/x86_64-linux-gnu/libopencv_hfs.so.4.5.4d /usr/lib/x86_64-linux-gnu/libopencv_img_hash.so.4.5.4d /usr/lib/x86_64-linux-gnu/libopencv_intensity_transform.so.4.5.4d /usr/lib/x86_64-linux-gnu/libopencv_line_descriptor.so.4.5.4d /usr/lib/x86_64-linux-gnu/libopencv_mcc.so.4.5.4d /usr/lib/x86_64-linux-gnu/libopencv_quality.so.4.5.4d /usr/lib/x86_64-linux-gnu/libopencv_rapid.so.4.5.4d /usr/lib/x86_64-linux-gnu/libopencv_reg.so.4.5.4d /usr/lib/x86_64-linux-gnu/libopencv_rgbd.so.4.5.4d /usr/lib/x86_64-linux-gnu/libopencv_saliency.so.4.5.4d /usr/lib/x86_64-linux-gnu/libopencv_shape.so.4.5.4d /usr/lib/x86_64-linux-gnu/libopencv_stereo.so.4.5.4d /usr/lib/x86_64-linux-gnu/libopencv_structured_light.so.4.5.4d /usr/lib/x86_64-linux-gnu/libopencv_superres.so.4.5.4d /usr/lib/x86_64-linux-gnu/libopencv_surface_matching.so.4.5.4d /usr/lib/x86_64-linux-gnu/libopencv_tracking.so.4.5.4d /usr/lib/x86_64-linux-gnu/libopencv_videostab.so.4.5.4d /usr/lib/x86_64-linux-gnu/libopencv_viz.so.4.5.4d /usr/lib/x86_64-linux-gnu/libopencv_wechat_qrcode.so.4.5.4d /usr/lib/x86_64-linux-gnu/libopencv_xobjdetect.so.4.5.4d /usr/lib/x86_64-linux-gnu/libopencv_xphoto.so.4.5.4d /usr/lib/x86_64-linux-gnu/libcurl.so /opt/ros/humble/lib/libmessage_filters.so /opt/ros/humble/lib/librclcpp.so /opt/ros/humble/lib/liblibstatistics_collector.so /opt/ros/humble/lib/librcl.so /opt/ros/humble/lib/librmw_implementation.so /opt/ros/humble/lib/libament_index_cpp.so /opt/ros/humble/lib/librcl_logging_spdlog.so /opt/ros/humble/lib/librcl_logging_interface.so /opt/ros/humble/lib/librcl_interfaces__rosidl_typesupport_fastrtps_c.so /opt/ros/humble/lib/librcl_interfaces__rosidl_typesupport_introspection_c.so /opt/ros/humble/lib/librcl_interfaces__rosidl_typesupport_fastrtps_cpp.so /opt/ros/humble/lib/librcl_interfaces__rosidl_typesupport_introspection_cpp.so /opt/ros/humble/lib/librcl_interfaces__rosidl_typesupport_cpp.so /opt/ros/humble/lib/librcl_interfaces__rosidl_generator_py.so /opt/ros/humble/lib/librcl_interfaces__rosidl_typesupport_c.so /opt/ros/humble/lib/librcl_interfaces__rosidl_generator_c.so /opt/ros/humble/lib/librcl_yaml_param_parser.so /opt/ros/humble/lib/libyaml.so /opt/ros/humble/lib/librosgraph_msgs__rosidl_typesupport_fastrtps_c.so /opt/ros/humble/lib/librosgraph_msgs__rosidl_typesupport_fastrtps_cpp.so /opt/ros/humble/lib/librosgraph_msgs__rosidl_typesupport_introspection_c.so /opt/ros/humble/lib/librosgraph_msgs__rosidl_typesupport_introspection_cpp.so /opt/ros/humble/lib/librosgraph_msgs__rosidl_typesupport_cpp.so /opt/ros/humble/lib/librosgraph_msgs__rosidl_generator_py.so /opt/ros/humble/lib/librosgraph_msgs__rosidl_typesupport_c.so /opt/ros/humble/lib/librosgraph_msgs__rosidl_generator_c.so /opt/ros/humble/lib/libstatistics_msgs__rosidl_typesupport_fastrtps_c.so /opt/ros/humble/lib/libstatistics_msgs__rosidl_typesupport_fastrtps_cpp.so /opt/ros/humble/lib/libstatistics_msgs__rosidl_typesupport_introspection_c.so /opt/ros/humble/lib/libstatistics_msgs__rosidl_typesupport_introspection_cpp.so /opt/ros/humble/lib/libstatistics_msgs__rosidl_typesupport_cpp.so /opt/ros/humble/lib/libstatistics_msgs__rosidl_generator_py.so /opt/ros/humble/lib/libstatistics_msgs__rosidl_typesupport_c.so /opt/ros/humble/lib/libstatistics_msgs__rosidl_generator_c.so /opt/ros/humble/lib/libtracetools.so /opt/ros/humble/lib/libsensor_msgs__rosidl_typesupport_fastrtps_c.so /opt/ros/humble/lib/libgeometry_msgs__rosidl_typesupport_fastrtps_c.so /opt/ros/humble/lib/libstd_msgs__rosidl_typesupport_fastrtps_c.so /opt/ros/humble/lib/libbuiltin_interfaces__rosidl_typesupport_fastrtps_c.so /opt/ros/humble/lib/librosidl_typesupport_fastrtps_c.so /opt/ros/humble/lib/libsensor_msgs__rosidl_typesupport_fastrtps_cpp.so /opt/ros/humble/lib/libgeometry_msgs__rosidl_typesupport_fastrtps_cpp.so /opt/ros/humble/lib/libstd_msgs__rosidl_typesupport_fastrtps_cpp.so /opt/ros/humble/lib/libbuiltin_interfaces__rosidl_typesupport_fastrtps_cpp.so /opt/ros/humble/lib/librosidl_typesupport_fastrtps_cpp.so /opt/ros/humble/lib/libfastcdr.so.1.0.24 /opt/ros/humble/lib/librmw.so /opt/ros/humble/lib/libsensor_msgs__rosidl_typesupport_introspection_c.so /opt/ros/humble/lib/libgeometry_msgs__rosidl_typesupport_introspection_c.so /opt/ros/humble/lib/libstd_msgs__rosidl_typesupport_introspection_c.so /opt/ros/humble/lib/libbuiltin_interfaces__rosidl_typesupport_introspection_c.so /opt/ros/humble/lib/libsensor_msgs__rosidl_typesupport_introspection_cpp.so /opt/ros/humble/lib/libgeometry_msgs__rosidl_typesupport_introspection_cpp.so /opt/ros/humble/lib/libstd_msgs__rosidl_typesupport_introspection_cpp.so /opt/ros/humble/lib/libbuiltin_interfaces__rosidl_typesupport_introspection_cpp.so /opt/ros/humble/lib/librosidl_typesupport_introspection_cpp.so /opt/ros/humble/lib/librosidl_typesupport_introspection_c.so /opt/ros/humble/lib/libsensor_msgs__rosidl_generator_py.so /opt/ros/humble/lib/libsensor_msgs__rosidl_typesupport_c.so /opt/ros/humble/lib/libsensor_msgs__rosidl_generator_c.so /opt/ros/humble/lib/libgeometry_msgs__rosidl_generator_py.so /opt/ros/humble/lib/libgeometry_msgs__rosidl_typesupport_c.so /opt/ros/humble/lib/libgeometry_msgs__rosidl_generator_c.so /opt/ros/humble/lib/libstd_msgs__rosidl_generator_py.so /opt/ros/humble/lib/libbuiltin_interfaces__rosidl_generator_py.so /opt/ros/humble/lib/libstd_msgs__rosidl_typesupport_c.so /opt/ros/humble/lib/libbuiltin_interfaces__rosidl_typesupport_c.so /opt/ros/humble/lib/libstd_msgs__rosidl_generator_c.so /opt/ros/humble/lib/libbuiltin_interfaces__rosidl_generator_c.so /usr/lib/x86_64-linux-gnu/libpython3.10.so /opt/ros/humble/lib/libsensor_msgs__rosidl_typesupport_cpp.so /opt/ros/humble/lib/libgeometry_msgs__rosidl_typesupport_cpp.so /opt/ros/humble/lib/libstd_msgs__rosidl_typesupport_cpp.so /opt/ros/humble/lib/libbuiltin_interfaces__rosidl_typesupport_cpp.so /opt/ros/humble/lib/librosidl_typesupport_cpp.so /opt/ros/humble/lib/librosidl_typesupport_c.so /opt/ros/humble/lib/librosidl_runtime_c.so /opt/ros/humble/lib/librcpputils.so /opt/ros/humble/lib/librcutils.so /usr/lib/x86_64-linux-gnu/libopencv_highgui.so.4.5.4d /usr/lib/x86_64-linux-gnu/libopencv_datasets.so.4.5.4d /usr/lib/x86_64-linux-gnu/libopencv_plot.so.4.5.4d /usr/lib/x86_64-linux-gnu/libopencv_text.so.4.5.4d /usr/lib/x86_64-linux-gnu/libopencv_ml.so.4.5.4d /usr/lib/x86_64-linux-gnu/libopencv_phase_unwrapping.so.4.5.4d /usr/lib/x86_64-linux-gnu/libopencv_optflow.so.4.5.4d /usr/lib/x86_64-linux-gnu/libopencv_ximgproc.so.4.5.4d /usr/lib/x86_64-linux-gnu/libopencv_video.so.4.5.4d /usr/lib/x86_64-linux-gnu/libopencv_videoio.so.4.5.4d /usr/lib/x86_64-linux-gnu/libopencv_imgcodecs.so.4.5.4d /usr/lib/x86_64-linux-gnu/libopencv_objdetect.so.4.5.4d /usr/lib/x86_64-linux-gnu/libopencv_calib3d.so.4.5.4d /usr/lib/x86_64-linux-gnu/libopencv_dnn.so.4.5.4d /usr/lib/x86_64-linux-gnu/libopencv_features2d.so.4.5.4d /usr/lib/x86_64-linux-gnu/libopencv_flann.so.4.5.4d /usr/lib/x86_64-linux-gnu/libopencv_photo.so.4.5.4d /usr/lib/x86_64-linux-gnu/libopencv_imgproc.so.4.5.4d /usr/lib/x86_64-linux-gnu/libopencv_core.so.4.5.4d -ldl 
[4.490s] gmake[2]: 离开目录“/home/pl/ros2_ws1/build/sdk_topic_cpp”
[4.497s] [100%] Built target biaoding
[4.497s] gmake[1]: 离开目录“/home/pl/ros2_ws1/build/sdk_topic_cpp”
[4.497s] /usr/bin/cmake -E cmake_progress_start /home/pl/ros2_ws1/build/sdk_topic_cpp/CMakeFiles 0
[4.506s] Invoked command in '/home/pl/ros2_ws1/build/sdk_topic_cpp' returned '0': CMAKE_PREFIX_PATH=${CMAKE_PREFIX_PATH}:/home/pl/ros2_ws1/install/sdk_topic:/home/pl/ros2_ws1/install/sdk_launch:/opt/ros/humble DEBUGINFOD_URLS=https://debuginfod.ubuntu.com /usr/bin/cmake --build /home/pl/ros2_ws1/build/sdk_topic_cpp -- -j20 -l20
[4.513s] Invoking command in '/home/pl/ros2_ws1/build/sdk_topic_cpp': CMAKE_PREFIX_PATH=${CMAKE_PREFIX_PATH}:/home/pl/ros2_ws1/install/sdk_topic:/home/pl/ros2_ws1/install/sdk_launch:/opt/ros/humble DEBUGINFOD_URLS=https://debuginfod.ubuntu.com /usr/bin/cmake --install /home/pl/ros2_ws1/build/sdk_topic_cpp
[4.518s] -- Install configuration: ""
[4.518s] -- Execute custom install script
[4.518s] -- Up-to-date symlink: /home/pl/ros2_ws1/install/sdk_topic_cpp/lib/sdk_topic_cpp/se
[4.518s] -- Up-to-date symlink: /home/pl/ros2_ws1/install/sdk_topic_cpp/lib/sdk_topic_cpp/chu
[4.518s] -- Up-to-date symlink: /home/pl/ros2_ws1/install/sdk_topic_cpp/lib/sdk_topic_cpp/shiping
[4.519s] -- Up-to-date symlink: /home/pl/ros2_ws1/install/sdk_topic_cpp/lib/sdk_topic_cpp/t1
[4.519s] -- Up-to-date symlink: /home/pl/ros2_ws1/install/sdk_topic_cpp/lib/sdk_topic_cpp/camera_publisher
[4.519s] -- Up-to-date symlink: /home/pl/ros2_ws1/install/sdk_topic_cpp/lib/sdk_topic_cpp/grab
[4.519s] -- Up-to-date symlink: /home/pl/ros2_ws1/install/sdk_topic_cpp/lib/sdk_topic_cpp/biaoding
[4.519s] -- Up-to-date symlink: /home/pl/ros2_ws1/install/sdk_topic_cpp/share/ament_index/resource_index/package_run_dependencies/sdk_topic_cpp
[4.519s] -- Up-to-date symlink: /home/pl/ros2_ws1/install/sdk_topic_cpp/share/ament_index/resource_index/parent_prefix_path/sdk_topic_cpp
[4.519s] -- Up-to-date symlink: /home/pl/ros2_ws1/install/sdk_topic_cpp/share/sdk_topic_cpp/environment/ament_prefix_path.sh
[4.519s] -- Up-to-date symlink: /home/pl/ros2_ws1/install/sdk_topic_cpp/share/sdk_topic_cpp/environment/ament_prefix_path.dsv
[4.519s] -- Up-to-date symlink: /home/pl/ros2_ws1/install/sdk_topic_cpp/share/sdk_topic_cpp/environment/path.sh
[4.519s] -- Up-to-date symlink: /home/pl/ros2_ws1/install/sdk_topic_cpp/share/sdk_topic_cpp/environment/path.dsv
[4.519s] -- Up-to-date symlink: /home/pl/ros2_ws1/install/sdk_topic_cpp/share/sdk_topic_cpp/local_setup.bash
[4.519s] -- Up-to-date symlink: /home/pl/ros2_ws1/install/sdk_topic_cpp/share/sdk_topic_cpp/local_setup.sh
[4.519s] -- Up-to-date symlink: /home/pl/ros2_ws1/install/sdk_topic_cpp/share/sdk_topic_cpp/local_setup.zsh
[4.519s] -- Up-to-date symlink: /home/pl/ros2_ws1/install/sdk_topic_cpp/share/sdk_topic_cpp/local_setup.dsv
[4.519s] -- Symlinking: /home/pl/ros2_ws1/install/sdk_topic_cpp/share/sdk_topic_cpp/package.dsv
[4.526s] -- Up-to-date symlink: /home/pl/ros2_ws1/install/sdk_topic_cpp/share/ament_index/resource_index/packages/sdk_topic_cpp
[4.526s] -- Up-to-date symlink: /home/pl/ros2_ws1/install/sdk_topic_cpp/share/sdk_topic_cpp/cmake/sdk_topic_cppConfig.cmake
[4.526s] -- Up-to-date symlink: /home/pl/ros2_ws1/install/sdk_topic_cpp/share/sdk_topic_cpp/cmake/sdk_topic_cppConfig-version.cmake
[4.526s] -- Up-to-date symlink: /home/pl/ros2_ws1/install/sdk_topic_cpp/share/sdk_topic_cpp/package.xml
[4.527s] Invoked command in '/home/pl/ros2_ws1/build/sdk_topic_cpp' returned '0': CMAKE_PREFIX_PATH=${CMAKE_PREFIX_PATH}:/home/pl/ros2_ws1/install/sdk_topic:/home/pl/ros2_ws1/install/sdk_launch:/opt/ros/humble DEBUGINFOD_URLS=https://debuginfod.ubuntu.com /usr/bin/cmake --install /home/pl/ros2_ws1/build/sdk_topic_cpp
