running egg_info
writing ../../../build/sdk_topic/sdk_topic.egg-info/PKG-INFO
writing dependency_links to ../../../build/sdk_topic/sdk_topic.egg-info/dependency_links.txt
writing entry points to ../../../build/sdk_topic/sdk_topic.egg-info/entry_points.txt
writing requirements to ../../../build/sdk_topic/sdk_topic.egg-info/requires.txt
writing top-level names to ../../../build/sdk_topic/sdk_topic.egg-info/top_level.txt
reading manifest file '../../../build/sdk_topic/sdk_topic.egg-info/SOURCES.txt'
writing manifest file '../../../build/sdk_topic/sdk_topic.egg-info/SOURCES.txt'
running build
running build_py
copying sdk_topic/print_fps.py -> /home/pl/ros2_ws1/build/sdk_topic/build/lib/sdk_topic
running install
running install_lib
copying /home/pl/ros2_ws1/build/sdk_topic/build/lib/sdk_topic/print_fps.py -> /home/pl/ros2_ws1/install/sdk_topic/lib/python3.10/site-packages/sdk_topic
byte-compiling /home/pl/ros2_ws1/install/sdk_topic/lib/python3.10/site-packages/sdk_topic/print_fps.py to print_fps.cpython-310.pyc
running install_data
running install_egg_info
removing '/home/pl/ros2_ws1/install/sdk_topic/lib/python3.10/site-packages/sdk_topic-0.0.0-py3.10.egg-info' (and everything under it)
Copying ../../../build/sdk_topic/sdk_topic.egg-info to /home/pl/ros2_ws1/install/sdk_topic/lib/python3.10/site-packages/sdk_topic-0.0.0-py3.10.egg-info
running install_scripts
Installing print_fps script to /home/pl/ros2_ws1/install/sdk_topic/lib/sdk_topic
Installing sdk_pub script to /home/pl/ros2_ws1/install/sdk_topic/lib/sdk_topic
Installing sdk_sub script to /home/pl/ros2_ws1/install/sdk_topic/lib/sdk_topic
writing list of installed files to '/home/pl/ros2_ws1/build/sdk_topic/install.log'
