[0.496s] Invoking command in '/home/pl/ros2_ws1/build/sdk_topic': DEBUGINFOD_URLS=https://debuginfod.ubuntu.com PYTHONPATH=/home/pl/ros2_ws1/build/sdk_topic/prefix_override:/usr/lib/python3/dist-packages/colcon_core/task/python/colcon_distutils_commands:/home/pl/ros2_ws1/install/sdk_topic/lib/python3.10/site-packages:${PYTHONPATH} /usr/bin/python3 -W ignore:setup.py install is deprecated -W ignore:easy_install command is deprecated setup.py develop --uninstall --editable --build-directory /home/pl/ros2_ws1/build/sdk_topic/build
[0.648s] running develop
[0.736s] Removing /home/pl/ros2_ws1/install/sdk_topic/lib/python3.10/site-packages/sdk-topic.egg-link (link to .)
[0.753s] Invoked command in '/home/pl/ros2_ws1/build/sdk_topic' returned '0': DEBUGINFOD_URLS=https://debuginfod.ubuntu.com PYTHONPATH=/home/pl/ros2_ws1/build/sdk_topic/prefix_override:/usr/lib/python3/dist-packages/colcon_core/task/python/colcon_distutils_commands:/home/pl/ros2_ws1/install/sdk_topic/lib/python3.10/site-packages:${PYTHONPATH} /usr/bin/python3 -W ignore:setup.py install is deprecated -W ignore:easy_install command is deprecated setup.py develop --uninstall --editable --build-directory /home/pl/ros2_ws1/build/sdk_topic/build
[0.755s] Invoking command in '/home/pl/ros2_ws1/src/haik/sdk_topic': DEBUGINFOD_URLS=https://debuginfod.ubuntu.com PYTHONPATH=/home/pl/ros2_ws1/build/sdk_topic/prefix_override:/usr/lib/python3/dist-packages/colcon_core/task/python/colcon_distutils_commands:/home/pl/ros2_ws1/install/sdk_topic/lib/python3.10/site-packages:${PYTHONPATH} /usr/bin/python3 -W ignore:setup.py install is deprecated -W ignore:easy_install command is deprecated setup.py egg_info --egg-base ../../../build/sdk_topic build --build-base /home/pl/ros2_ws1/build/sdk_topic/build install --record /home/pl/ros2_ws1/build/sdk_topic/install.log --single-version-externally-managed install_data --force
[0.891s] running egg_info
[0.892s] writing ../../../build/sdk_topic/sdk_topic.egg-info/PKG-INFO
[0.892s] writing dependency_links to ../../../build/sdk_topic/sdk_topic.egg-info/dependency_links.txt
[0.892s] writing entry points to ../../../build/sdk_topic/sdk_topic.egg-info/entry_points.txt
[0.892s] writing requirements to ../../../build/sdk_topic/sdk_topic.egg-info/requires.txt
[0.892s] writing top-level names to ../../../build/sdk_topic/sdk_topic.egg-info/top_level.txt
[0.893s] reading manifest file '../../../build/sdk_topic/sdk_topic.egg-info/SOURCES.txt'
[0.894s] writing manifest file '../../../build/sdk_topic/sdk_topic.egg-info/SOURCES.txt'
[0.894s] running build
[0.894s] running build_py
[0.894s] copying sdk_topic/bd.py -> /home/pl/ros2_ws1/build/sdk_topic/build/lib/sdk_topic
[0.894s] running install
[0.894s] running install_lib
[0.895s] creating /home/pl/ros2_ws1/install/sdk_topic/lib/python3.10/site-packages/sdk_topic
[0.895s] copying /home/pl/ros2_ws1/build/sdk_topic/build/lib/sdk_topic/__init__.py -> /home/pl/ros2_ws1/install/sdk_topic/lib/python3.10/site-packages/sdk_topic
[0.895s] copying /home/pl/ros2_ws1/build/sdk_topic/build/lib/sdk_topic/bd.py -> /home/pl/ros2_ws1/install/sdk_topic/lib/python3.10/site-packages/sdk_topic
[0.895s] byte-compiling /home/pl/ros2_ws1/install/sdk_topic/lib/python3.10/site-packages/sdk_topic/__init__.py to __init__.cpython-310.pyc
[0.895s] byte-compiling /home/pl/ros2_ws1/install/sdk_topic/lib/python3.10/site-packages/sdk_topic/bd.py to bd.cpython-310.pyc
[0.896s] running install_data
[0.896s] copying resource/sdk_topic -> /home/pl/ros2_ws1/install/sdk_topic/share/ament_index/resource_index/packages
[0.896s] copying package.xml -> /home/pl/ros2_ws1/install/sdk_topic/share/sdk_topic
[0.896s] running install_egg_info
[0.897s] Copying ../../../build/sdk_topic/sdk_topic.egg-info to /home/pl/ros2_ws1/install/sdk_topic/lib/python3.10/site-packages/sdk_topic-0.0.0-py3.10.egg-info
[0.898s] running install_scripts
[0.911s] Installing bd script to /home/pl/ros2_ws1/install/sdk_topic/lib/sdk_topic
[0.911s] writing list of installed files to '/home/pl/ros2_ws1/build/sdk_topic/install.log'
[0.926s] Invoked command in '/home/pl/ros2_ws1/src/haik/sdk_topic' returned '0': DEBUGINFOD_URLS=https://debuginfod.ubuntu.com PYTHONPATH=/home/pl/ros2_ws1/build/sdk_topic/prefix_override:/usr/lib/python3/dist-packages/colcon_core/task/python/colcon_distutils_commands:/home/pl/ros2_ws1/install/sdk_topic/lib/python3.10/site-packages:${PYTHONPATH} /usr/bin/python3 -W ignore:setup.py install is deprecated -W ignore:easy_install command is deprecated setup.py egg_info --egg-base ../../../build/sdk_topic build --build-base /home/pl/ros2_ws1/build/sdk_topic/build install --record /home/pl/ros2_ws1/build/sdk_topic/install.log --single-version-externally-managed install_data --force
