[0.385s] Invoking command in '/home/pl/ros2_ws1/src/haik/sdk_topic': CMAKE_PREFIX_PATH=/home/pl/ros2_ws1/install/learning_interface:/home/pl/ros2_ws1/install/sdk_topic_cpp:/opt/ros/humble/share LD_LIBRARY_PATH=/home/pl/ros2_ws1/install/learning_interface/lib:/opt/MVS/lib/64:/opt/MVS/lib/32:/opt/ros/humble/opt/rviz_ogre_vendor/lib:/opt/ros/humble/lib/x86_64-linux-gnu:/opt/ros/humble/lib:/opt/MVS/lib/64:/opt/MVS/lib/32 PYTHONPATH=/home/pl/ros2_ws1/build/sdk_topic/prefix_override:/usr/lib/python3/dist-packages/colcon_core/task/python/colcon_distutils_commands:/home/pl/ros2_ws1/install/sdk_topic/lib/python3.10/site-packages:${PYTHONPATH} /usr/bin/python3 -W ignore:setup.py install is deprecated -W ignore:easy_install command is deprecated setup.py egg_info --egg-base ../../../build/sdk_topic build --build-base /home/pl/ros2_ws1/build/sdk_topic/build install --record /home/pl/ros2_ws1/build/sdk_topic/install.log --single-version-externally-managed install_data
[0.523s] running egg_info
[0.523s] writing ../../../build/sdk_topic/sdk_topic.egg-info/PKG-INFO
[0.523s] writing dependency_links to ../../../build/sdk_topic/sdk_topic.egg-info/dependency_links.txt
[0.523s] writing entry points to ../../../build/sdk_topic/sdk_topic.egg-info/entry_points.txt
[0.523s] writing requirements to ../../../build/sdk_topic/sdk_topic.egg-info/requires.txt
[0.523s] writing top-level names to ../../../build/sdk_topic/sdk_topic.egg-info/top_level.txt
[0.524s] reading manifest file '../../../build/sdk_topic/sdk_topic.egg-info/SOURCES.txt'
[0.525s] writing manifest file '../../../build/sdk_topic/sdk_topic.egg-info/SOURCES.txt'
[0.525s] running build
[0.525s] running build_py
[0.525s] running install
[0.525s] running install_lib
[0.527s] running install_data
[0.527s] running install_egg_info
[0.528s] removing '/home/pl/ros2_ws1/install/sdk_topic/lib/python3.10/site-packages/sdk_topic-0.0.0-py3.10.egg-info' (and everything under it)
[0.528s] Copying ../../../build/sdk_topic/sdk_topic.egg-info to /home/pl/ros2_ws1/install/sdk_topic/lib/python3.10/site-packages/sdk_topic-0.0.0-py3.10.egg-info
[0.529s] running install_scripts
[0.544s] Installing print_fps script to /home/pl/ros2_ws1/install/sdk_topic/lib/sdk_topic
[0.544s] Installing sdk_pub script to /home/pl/ros2_ws1/install/sdk_topic/lib/sdk_topic
[0.544s] Installing sdk_sub script to /home/pl/ros2_ws1/install/sdk_topic/lib/sdk_topic
[0.545s] writing list of installed files to '/home/pl/ros2_ws1/build/sdk_topic/install.log'
[0.562s] Invoked command in '/home/pl/ros2_ws1/src/haik/sdk_topic' returned '0': CMAKE_PREFIX_PATH=/home/pl/ros2_ws1/install/learning_interface:/home/pl/ros2_ws1/install/sdk_topic_cpp:/opt/ros/humble/share LD_LIBRARY_PATH=/home/pl/ros2_ws1/install/learning_interface/lib:/opt/MVS/lib/64:/opt/MVS/lib/32:/opt/ros/humble/opt/rviz_ogre_vendor/lib:/opt/ros/humble/lib/x86_64-linux-gnu:/opt/ros/humble/lib:/opt/MVS/lib/64:/opt/MVS/lib/32 PYTHONPATH=/home/pl/ros2_ws1/build/sdk_topic/prefix_override:/usr/lib/python3/dist-packages/colcon_core/task/python/colcon_distutils_commands:/home/pl/ros2_ws1/install/sdk_topic/lib/python3.10/site-packages:${PYTHONPATH} /usr/bin/python3 -W ignore:setup.py install is deprecated -W ignore:easy_install command is deprecated setup.py egg_info --egg-base ../../../build/sdk_topic build --build-base /home/pl/ros2_ws1/build/sdk_topic/build install --record /home/pl/ros2_ws1/build/sdk_topic/install.log --single-version-externally-managed install_data
