[0.776s] Invoking command in '/home/pl/ros2_ws1/image_pipeline/camera_calibration': CONDA_PROMPT_MODIFIER=(base) DEBUGINFOD_URLS=https://debuginfod.ubuntu.com PYTHONPATH=/home/pl/ros2_ws1/build/camera_calibration/prefix_override:/usr/lib/python3/dist-packages/colcon_core/task/python/colcon_distutils_commands:/home/pl/ros2_ws1/install/camera_calibration/lib/python3.10/site-packages:${PYTHONPATH} /usr/bin/python3 -W ignore:setup.py install is deprecated -W ignore:easy_install command is deprecated setup.py egg_info --egg-base ../../build/camera_calibration build --build-base /home/pl/ros2_ws1/build/camera_calibration/build install --record /home/pl/ros2_ws1/build/camera_calibration/install.log --single-version-externally-managed install_data
[0.998s] running egg_info
[0.999s] creating ../../build/camera_calibration/camera_calibration.egg-info
[0.999s] writing ../../build/camera_calibration/camera_calibration.egg-info/PKG-INFO
[0.999s] writing dependency_links to ../../build/camera_calibration/camera_calibration.egg-info/dependency_links.txt
[0.999s] writing entry points to ../../build/camera_calibration/camera_calibration.egg-info/entry_points.txt
[1.000s] writing requirements to ../../build/camera_calibration/camera_calibration.egg-info/requires.txt
[1.000s] writing top-level names to ../../build/camera_calibration/camera_calibration.egg-info/top_level.txt
[1.000s] writing manifest file '../../build/camera_calibration/camera_calibration.egg-info/SOURCES.txt'
[1.001s] reading manifest file '../../build/camera_calibration/camera_calibration.egg-info/SOURCES.txt'
[1.002s] writing manifest file '../../build/camera_calibration/camera_calibration.egg-info/SOURCES.txt'
[1.002s] running build
[1.002s] running build_py
[1.003s] creating /home/pl/ros2_ws1/build/camera_calibration/build
[1.003s] creating /home/pl/ros2_ws1/build/camera_calibration/build/lib
[1.003s] creating /home/pl/ros2_ws1/build/camera_calibration/build/lib/camera_calibration
[1.003s] copying src/camera_calibration/camera_calibrator.py -> /home/pl/ros2_ws1/build/camera_calibration/build/lib/camera_calibration
[1.003s] copying src/camera_calibration/camera_checker.py -> /home/pl/ros2_ws1/build/camera_calibration/build/lib/camera_calibration
[1.003s] copying src/camera_calibration/__init__.py -> /home/pl/ros2_ws1/build/camera_calibration/build/lib/camera_calibration
[1.003s] copying src/camera_calibration/calibrator.py -> /home/pl/ros2_ws1/build/camera_calibration/build/lib/camera_calibration
[1.003s] creating /home/pl/ros2_ws1/build/camera_calibration/build/lib/camera_calibration/nodes
[1.004s] copying src/camera_calibration/nodes/cameracalibrator.py -> /home/pl/ros2_ws1/build/camera_calibration/build/lib/camera_calibration/nodes
[1.004s] copying src/camera_calibration/nodes/__init__.py -> /home/pl/ros2_ws1/build/camera_calibration/build/lib/camera_calibration/nodes
[1.004s] copying src/camera_calibration/nodes/cameracheck.py -> /home/pl/ros2_ws1/build/camera_calibration/build/lib/camera_calibration/nodes
[1.005s] running install
[1.006s] running install_lib
[1.006s] creating /home/pl/ros2_ws1/install/camera_calibration/lib/python3.10/site-packages/camera_calibration
[1.006s] copying /home/pl/ros2_ws1/build/camera_calibration/build/lib/camera_calibration/camera_calibrator.py -> /home/pl/ros2_ws1/install/camera_calibration/lib/python3.10/site-packages/camera_calibration
[1.007s] copying /home/pl/ros2_ws1/build/camera_calibration/build/lib/camera_calibration/camera_checker.py -> /home/pl/ros2_ws1/install/camera_calibration/lib/python3.10/site-packages/camera_calibration
[1.007s] copying /home/pl/ros2_ws1/build/camera_calibration/build/lib/camera_calibration/__init__.py -> /home/pl/ros2_ws1/install/camera_calibration/lib/python3.10/site-packages/camera_calibration
[1.007s] creating /home/pl/ros2_ws1/install/camera_calibration/lib/python3.10/site-packages/camera_calibration/nodes
[1.007s] copying /home/pl/ros2_ws1/build/camera_calibration/build/lib/camera_calibration/nodes/cameracalibrator.py -> /home/pl/ros2_ws1/install/camera_calibration/lib/python3.10/site-packages/camera_calibration/nodes
[1.007s] copying /home/pl/ros2_ws1/build/camera_calibration/build/lib/camera_calibration/nodes/__init__.py -> /home/pl/ros2_ws1/install/camera_calibration/lib/python3.10/site-packages/camera_calibration/nodes
[1.007s] copying /home/pl/ros2_ws1/build/camera_calibration/build/lib/camera_calibration/nodes/cameracheck.py -> /home/pl/ros2_ws1/install/camera_calibration/lib/python3.10/site-packages/camera_calibration/nodes
[1.007s] copying /home/pl/ros2_ws1/build/camera_calibration/build/lib/camera_calibration/calibrator.py -> /home/pl/ros2_ws1/install/camera_calibration/lib/python3.10/site-packages/camera_calibration
[1.008s] byte-compiling /home/pl/ros2_ws1/install/camera_calibration/lib/python3.10/site-packages/camera_calibration/camera_calibrator.py to camera_calibrator.cpython-310.pyc
[1.011s] byte-compiling /home/pl/ros2_ws1/install/camera_calibration/lib/python3.10/site-packages/camera_calibration/camera_checker.py to camera_checker.cpython-310.pyc
[1.013s] byte-compiling /home/pl/ros2_ws1/install/camera_calibration/lib/python3.10/site-packages/camera_calibration/__init__.py to __init__.cpython-310.pyc
[1.013s] byte-compiling /home/pl/ros2_ws1/install/camera_calibration/lib/python3.10/site-packages/camera_calibration/nodes/cameracalibrator.py to cameracalibrator.cpython-310.pyc
[1.014s] byte-compiling /home/pl/ros2_ws1/install/camera_calibration/lib/python3.10/site-packages/camera_calibration/nodes/__init__.py to __init__.cpython-310.pyc
[1.015s] byte-compiling /home/pl/ros2_ws1/install/camera_calibration/lib/python3.10/site-packages/camera_calibration/nodes/cameracheck.py to cameracheck.cpython-310.pyc
[1.015s] byte-compiling /home/pl/ros2_ws1/install/camera_calibration/lib/python3.10/site-packages/camera_calibration/calibrator.py to calibrator.cpython-310.pyc
[1.024s] running install_data
[1.024s] creating /home/pl/ros2_ws1/install/camera_calibration/share/ament_index
[1.024s] creating /home/pl/ros2_ws1/install/camera_calibration/share/ament_index/resource_index
[1.024s] creating /home/pl/ros2_ws1/install/camera_calibration/share/ament_index/resource_index/packages
[1.025s] copying resource/camera_calibration -> /home/pl/ros2_ws1/install/camera_calibration/share/ament_index/resource_index/packages
[1.025s] copying package.xml -> /home/pl/ros2_ws1/install/camera_calibration/share/camera_calibration
[1.025s] running install_egg_info
[1.026s] Copying ../../build/camera_calibration/camera_calibration.egg-info to /home/pl/ros2_ws1/install/camera_calibration/lib/python3.10/site-packages/camera_calibration-3.0.8-py3.10.egg-info
[1.026s] running install_scripts
[1.042s] Installing cameracalibrator script to /home/pl/ros2_ws1/install/camera_calibration/lib/camera_calibration
[1.042s] Installing cameracheck script to /home/pl/ros2_ws1/install/camera_calibration/lib/camera_calibration
[1.042s] writing list of installed files to '/home/pl/ros2_ws1/build/camera_calibration/install.log'
[1.063s] Invoked command in '/home/pl/ros2_ws1/image_pipeline/camera_calibration' returned '0': CONDA_PROMPT_MODIFIER=(base) DEBUGINFOD_URLS=https://debuginfod.ubuntu.com PYTHONPATH=/home/pl/ros2_ws1/build/camera_calibration/prefix_override:/usr/lib/python3/dist-packages/colcon_core/task/python/colcon_distutils_commands:/home/pl/ros2_ws1/install/camera_calibration/lib/python3.10/site-packages:${PYTHONPATH} /usr/bin/python3 -W ignore:setup.py install is deprecated -W ignore:easy_install command is deprecated setup.py egg_info --egg-base ../../build/camera_calibration build --build-base /home/pl/ros2_ws1/build/camera_calibration/build install --record /home/pl/ros2_ws1/build/camera_calibration/install.log --single-version-externally-managed install_data
