[35m[1mConsolidate compiler generated dependencies of target se[0m
[ 50%] [32mBuilding CXX object CMakeFiles/se.dir/src/se.cpp.o[0m
[01m[K/home/pl/ros2_ws1/src/haik/sdk_topic_cpp/src/se.cpp:322:5:[m[K [01;31m[Kerror: [m[Kexpected unqualified-id before ‘[01m[Kif[m[K’
  322 |     [01;31m[Kif[m[K (need_restart && handle_) {
      |     [01;31m[K^~[m[K
[01m[K/home/pl/ros2_ws1/src/haik/sdk_topic_cpp/src/se.cpp:327:5:[m[K [01;31m[Kerror: [m[Kexpected unqualified-id before ‘[01m[Kreturn[m[K’
  327 |     [01;31m[Kreturn[m[K res;
      |     [01;31m[K^~~~~~[m[K
[01m[K/home/pl/ros2_ws1/src/haik/sdk_topic_cpp/src/se.cpp:328:4:[m[K [01;31m[Kerror: [m[Kexpected ‘[01m[K;[m[K’ after class definition
  328 |   }
      |    [01;31m[K^[m[K
      |    [32m[K;[m[K
[01m[K/home/pl/ros2_ws1/src/haik/sdk_topic_cpp/src/se.cpp:[m[K In constructor ‘[01m[KHikUsbBgr8Pub::HikUsbBgr8Pub()[m[K’:
[01m[K/home/pl/ros2_ws1/src/haik/sdk_topic_cpp/src/se.cpp:50:5:[m[K [01;31m[Kerror: [m[K‘[01m[Kserial_[m[K’ was not declared in this scope
   50 |     [01;31m[Kserial_[m[K         = declare_parameter<std::string>("serial_number", "00E89503815");
      |     [01;31m[K^~~~~~~[m[K
[01m[K/home/pl/ros2_ws1/src/haik/sdk_topic_cpp/src/se.cpp:51:5:[m[K [01;31m[Kerror: [m[K‘[01m[Kip_[m[K’ was not declared in this scope
   51 |     [01;31m[Kip_[m[K             = declare_parameter<std::string>("ip_address", "");
      |     [01;31m[K^~~[m[K
[01m[K/home/pl/ros2_ws1/src/haik/sdk_topic_cpp/src/se.cpp:52:5:[m[K [01;31m[Kerror: [m[K‘[01m[Kframe_id_[m[K’ was not declared in this scope
   52 |     [01;31m[Kframe_id_[m[K       = declare_parameter<std::string>("frame_id", "camera_frame");
      |     [01;31m[K^~~~~~~~~[m[K
[01m[K/home/pl/ros2_ws1/src/haik/sdk_topic_cpp/src/se.cpp:53:5:[m[K [01;31m[Kerror: [m[K‘[01m[Kimage_topic_[m[K’ was not declared in this scope
   53 |     [01;31m[Kimage_topic_[m[K    = declare_parameter<std::string>("image_topic", "image_raw");
      |     [01;31m[K^~~~~~~~~~~~[m[K
[01m[K/home/pl/ros2_ws1/src/haik/sdk_topic_cpp/src/se.cpp:54:5:[m[K [01;31m[Kerror: [m[K‘[01m[Kqos_reliable_[m[K’ was not declared in this scope
   54 |     [01;31m[Kqos_reliable_[m[K   = declare_parameter<bool>("qos_reliable", false); // false=BestEffort(推荐)，true=Reliable
      |     [01;31m[K^~~~~~~~~~~~~[m[K
[01m[K/home/pl/ros2_ws1/src/haik/sdk_topic_cpp/src/se.cpp:55:5:[m[K [01;31m[Kerror: [m[K‘[01m[Kreconnect_ms_[m[K’ was not declared in this scope
   55 |     [01;31m[Kreconnect_ms_[m[K   = declare_parameter<int>("reconnect_interval_ms", 2000);
      |     [01;31m[K^~~~~~~~~~~~~[m[K
[01m[K/home/pl/ros2_ws1/src/haik/sdk_topic_cpp/src/se.cpp:58:5:[m[K [01;31m[Kerror: [m[K‘[01m[Kexposure_auto_[m[K’ was not declared in this scope
   58 |     [01;31m[Kexposure_auto_[m[K  = declare_parameter<int>("exposure_auto", 2);      // 0=Off,1=Once,2=Continuous
      |     [01;31m[K^~~~~~~~~~~~~~[m[K
[01m[K/home/pl/ros2_ws1/src/haik/sdk_topic_cpp/src/se.cpp:59:5:[m[K [01;31m[Kerror: [m[K‘[01m[Kexposure_time_[m[K’ was not declared in this scope
   59 |     [01;31m[Kexposure_time_[m[K  = declare_parameter<double>("exposure_time", 8000.0); // 常见单位: 微秒(机型不同略有差异)
      |     [01;31m[K^~~~~~~~~~~~~~[m[K
[01m[K/home/pl/ros2_ws1/src/haik/sdk_topic_cpp/src/se.cpp:60:5:[m[K [01;31m[Kerror: [m[K‘[01m[Kgain_auto_[m[K’ was not declared in this scope
   60 |     [01;31m[Kgain_auto_[m[K      = declare_parameter<int>("gain_auto", 2);          // 0=Off,1=Once,2=Continuous
      |     [01;31m[K^~~~~~~~~~[m[K
[01m[K/home/pl/ros2_ws1/src/haik/sdk_topic_cpp/src/se.cpp:61:5:[m[K [01;31m[Kerror: [m[K‘[01m[Kgain_[m[K’ was not declared in this scope
   61 |     [01;31m[Kgain_[m[K           = declare_parameter<double>("gain", 6.0);
      |     [01;31m[K^~~~~[m[K
[01m[K/home/pl/ros2_ws1/src/haik/sdk_topic_cpp/src/se.cpp:62:5:[m[K [01;31m[Kerror: [m[K‘[01m[Kacq_fps_[m[K’ was not declared in this scope
   62 |     [01;31m[Kacq_fps_[m[K        = declare_parameter<double>("acquisition_fps", 30.0);
      |     [01;31m[K^~~~~~~~[m[K
[01m[K/home/pl/ros2_ws1/src/haik/sdk_topic_cpp/src/se.cpp:63:5:[m[K [01;31m[Kerror: [m[K‘[01m[Kpixel_format_[m[K’ was not declared in this scope
   63 |     [01;31m[Kpixel_format_[m[K   = declare_parameter<std::string>("pixel_format", "BGR8");
      |     [01;31m[K^~~~~~~~~~~~~[m[K
[01m[K/home/pl/ros2_ws1/src/haik/sdk_topic_cpp/src/se.cpp:69:7:[m[K [01;31m[Kerror: [m[K‘[01m[Kpub_[m[K’ was not declared in this scope
   69 |       [01;31m[Kpub_[m[K = create_publisher<sensor_msgs::msg::Image>(image_topic_, qos);
      |       [01;31m[K^~~~[m[K
[01m[K/home/pl/ros2_ws1/src/haik/sdk_topic_cpp/src/se.cpp:73:5:[m[K [01;31m[Kerror: [m[K‘[01m[Kparam_cb_handle_[m[K’ was not declared in this scope
   73 |     [01;31m[Kparam_cb_handle_[m[K = this->add_on_set_parameters_callback(
      |     [01;31m[K^~~~~~~~~~~~~~~~[m[K
[01m[K/home/pl/ros2_ws1/src/haik/sdk_topic_cpp/src/se.cpp:78:5:[m[K [01;31m[Kerror: [m[K‘[01m[Ktimer_[m[K’ was not declared in this scope; did you mean ‘[01m[Ktimer_t[m[K’?
   78 |     [01;31m[Ktimer_[m[K = create_wall_timer(  // 周期自检/重连
      |     [01;31m[K^~~~~~[m[K
      |     [32m[Ktimer_t[m[K
[01m[K/home/pl/ros2_ws1/src/haik/sdk_topic_cpp/src/se.cpp:[m[K In member function ‘[01m[Kvoid HikUsbBgr8Pub::ensureConnected()[m[K’:
[01m[K/home/pl/ros2_ws1/src/haik/sdk_topic_cpp/src/se.cpp:92:36:[m[K [01;31m[Kerror: [m[K‘[01m[Kmtx_[m[K’ was not declared in this scope
   92 |     std::lock_guard<std::mutex> lk([01;31m[Kmtx_[m[K);
      |                                    [01;31m[K^~~~[m[K
[01m[K/home/pl/ros2_ws1/src/haik/sdk_topic_cpp/src/se.cpp:93:9:[m[K [01;31m[Kerror: [m[K‘[01m[Kconnected_[m[K’ was not declared in this scope
   93 |     if ([01;31m[Kconnected_[m[K) return;
      |         [01;31m[K^~~~~~~~~~[m[K
[01m[K/home/pl/ros2_ws1/src/haik/sdk_topic_cpp/src/se.cpp:96:22:[m[K [01;31m[Kerror: [m[K‘[01m[Kserial_[m[K’ was not declared in this scope
   96 |     if (openBySnOrIp([01;31m[Kserial_[m[K, ip_)) {
      |                      [01;31m[K^~~~~~~[m[K
[01m[K/home/pl/ros2_ws1/src/haik/sdk_topic_cpp/src/se.cpp:96:31:[m[K [01;31m[Kerror: [m[K‘[01m[Kip_[m[K’ was not declared in this scope
   96 |     if (openBySnOrIp(serial_, [01;31m[Kip_[m[K)) {
      |                               [01;31m[K^~~[m[K
[01m[K/home/pl/ros2_ws1/src/haik/sdk_topic_cpp/src/se.cpp:97:7:[m[K [01;31m[Kerror: [m[K‘[01m[Kconnected_[m[K’ was not declared in this scope
   97 |       [01;31m[Kconnected_[m[K = true;
      |       [01;31m[K^~~~~~~~~~[m[K
[01m[K/home/pl/ros2_ws1/src/haik/sdk_topic_cpp/src/se.cpp:[m[K In member function ‘[01m[Kbool HikUsbBgr8Pub::openBySnOrIp(const string&, const string&)[m[K’:
[01m[K/home/pl/ros2_ws1/src/haik/sdk_topic_cpp/src/se.cpp:123:31:[m[K [01;31m[Kerror: [m[K‘[01m[Khandle_[m[K’ was not declared in this scope
  123 |     ret = MV_CC_CreateHandle(&[01;31m[Khandle_[m[K, list.pDeviceInfo[idx]);
      |                               [01;31m[K^~~~~~~[m[K
[01m[K/home/pl/ros2_ws1/src/haik/sdk_topic_cpp/src/se.cpp:142:58:[m[K [01;31m[Kerror: [m[K‘[01m[Kacq_fps_[m[K’ was not declared in this scope
  142 |     MV_CC_SetFloatValue(handle_, "AcquisitionFrameRate", [01;31m[Kacq_fps_[m[K);
      |                                                          [01;31m[K^~~~~~~~[m[K
[01m[K/home/pl/ros2_ws1/src/haik/sdk_topic_cpp/src/se.cpp:145:49:[m[K [01;31m[Kerror: [m[K‘[01m[Kexposure_auto_[m[K’ was not declared in this scope
  145 |     MV_CC_SetEnumValue(handle_, "ExposureAuto", [01;31m[Kexposure_auto_[m[K);
      |                                                 [01;31m[K^~~~~~~~~~~~~~[m[K
[01m[K/home/pl/ros2_ws1/src/haik/sdk_topic_cpp/src/se.cpp:146:75:[m[K [01;31m[Kerror: [m[K‘[01m[Kexposure_time_[m[K’ was not declared in this scope
  146 |     if (exposure_auto_ == 0) MV_CC_SetFloatValue(handle_, "ExposureTime", [01;31m[Kexposure_time_[m[K);
      |                                                                           [01;31m[K^~~~~~~~~~~~~~[m[K
[01m[K/home/pl/ros2_ws1/src/haik/sdk_topic_cpp/src/se.cpp:147:45:[m[K [01;31m[Kerror: [m[K‘[01m[Kgain_auto_[m[K’ was not declared in this scope
  147 |     MV_CC_SetEnumValue(handle_, "GainAuto", [01;31m[Kgain_auto_[m[K);
      |                                             [01;31m[K^~~~~~~~~~[m[K
[01m[K/home/pl/ros2_ws1/src/haik/sdk_topic_cpp/src/se.cpp:148:63:[m[K [01;31m[Kerror: [m[K‘[01m[Kgain_[m[K’ was not declared in this scope
  148 |     if (gain_auto_ == 0) MV_CC_SetFloatValue(handle_, "Gain", [01;31m[Kgain_[m[K);
      |                                                               [01;31m[K^~~~~[m[K
[01m[K/home/pl/ros2_ws1/src/haik/sdk_topic_cpp/src/se.cpp:[m[K In member function ‘[01m[Kvoid HikUsbBgr8Pub::closeDevice()[m[K’:
[01m[K/home/pl/ros2_ws1/src/haik/sdk_topic_cpp/src/se.cpp:165:36:[m[K [01;31m[Kerror: [m[K‘[01m[Kmtx_[m[K’ was not declared in this scope
  165 |     std::lock_guard<std::mutex> lk([01;31m[Kmtx_[m[K);
      |                                    [01;31m[K^~~~[m[K
[01m[K/home/pl/ros2_ws1/src/haik/sdk_topic_cpp/src/se.cpp:[m[K In member function ‘[01m[Kvoid HikUsbBgr8Pub::closeDeviceNoLock()[m[K’:
[01m[K/home/pl/ros2_ws1/src/haik/sdk_topic_cpp/src/se.cpp:169:9:[m[K [01;31m[Kerror: [m[K‘[01m[Khandle_[m[K’ was not declared in this scope
  169 |     if ([01;31m[Khandle_[m[K) {
      |         [01;31m[K^~~~~~~[m[K
[01m[K/home/pl/ros2_ws1/src/haik/sdk_topic_cpp/src/se.cpp:175:5:[m[K [01;31m[Kerror: [m[K‘[01m[Kconnected_[m[K’ was not declared in this scope
  175 |     [01;31m[Kconnected_[m[K = false;
      |     [01;31m[K^~~~~~~~~~[m[K
[01m[K/home/pl/ros2_ws1/src/haik/sdk_topic_cpp/src/se.cpp:[m[K In static member function ‘[01m[Kstatic void HikUsbBgr8Pub::OnException(unsigned int, void*)[m[K’:
[01m[K/home/pl/ros2_ws1/src/haik/sdk_topic_cpp/src/se.cpp:182:11:[m[K [01;31m[Kerror: [m[K‘[01m[Kclass HikUsbBgr8Pub[m[K’ has no member named ‘[01m[Kconnected_[m[K’
  182 |     self->[01;31m[Kconnected_[m[K = false;
      |           [01;31m[K^~~~~~~~~~[m[K
[01m[K/home/pl/ros2_ws1/src/haik/sdk_topic_cpp/src/se.cpp:[m[K In member function ‘[01m[Kvoid HikUsbBgr8Pub::startGrab()[m[K’:
[01m[K/home/pl/ros2_ws1/src/haik/sdk_topic_cpp/src/se.cpp:190:5:[m[K [01;31m[Kerror: [m[K‘[01m[Krunning_[m[K’ was not declared in this scope
  190 |     [01;31m[Krunning_[m[K.store(true);
      |     [01;31m[K^~~~~~~~[m[K
[01m[K/home/pl/ros2_ws1/src/haik/sdk_topic_cpp/src/se.cpp:191:5:[m[K [01;31m[Kerror: [m[K‘[01m[Kth_[m[K’ was not declared in this scope
  191 |     [01;31m[Kth_[m[K = std::thread([this]{ this->grabLoop(); });
      |     [01;31m[K^~~[m[K
[01m[K/home/pl/ros2_ws1/src/haik/sdk_topic_cpp/src/se.cpp:[m[K In member function ‘[01m[Kvoid HikUsbBgr8Pub::stopGrab()[m[K’:
[01m[K/home/pl/ros2_ws1/src/haik/sdk_topic_cpp/src/se.cpp:194:5:[m[K [01;31m[Kerror: [m[K‘[01m[Krunning_[m[K’ was not declared in this scope
  194 |     [01;31m[Krunning_[m[K.store(false);
      |     [01;31m[K^~~~~~~~[m[K
[01m[K/home/pl/ros2_ws1/src/haik/sdk_topic_cpp/src/se.cpp:195:9:[m[K [01;31m[Kerror: [m[K‘[01m[Kth_[m[K’ was not declared in this scope
  195 |     if ([01;31m[Kth_[m[K.joinable()) th_.join();
      |         [01;31m[K^~~[m[K
[01m[K/home/pl/ros2_ws1/src/haik/sdk_topic_cpp/src/se.cpp:[m[K In member function ‘[01m[Kvoid HikUsbBgr8Pub::grabLoop()[m[K’:
[01m[K/home/pl/ros2_ws1/src/haik/sdk_topic_cpp/src/se.cpp:200:28:[m[K [01;31m[Kerror: [m[K‘[01m[Krunning_[m[K’ was not declared in this scope
  200 |     while (rclcpp::ok() && [01;31m[Krunning_[m[K.load()) {
      |                            [01;31m[K^~~~~~~~[m[K
[01m[K/home/pl/ros2_ws1/src/haik/sdk_topic_cpp/src/se.cpp:201:12:[m[K [01;31m[Kerror: [m[K‘[01m[Kconnected_[m[K’ was not declared in this scope
  201 |       if (![01;31m[Kconnected_[m[K || !handle_) { std::this_thread::sleep_for(50ms); continue; }
      |            [01;31m[K^~~~~~~~~~[m[K
[01m[K/home/pl/ros2_ws1/src/haik/sdk_topic_cpp/src/se.cpp:201:27:[m[K [01;31m[Kerror: [m[K‘[01m[Khandle_[m[K’ was not declared in this scope
  201 |       if (!connected_ || ![01;31m[Khandle_[m[K) { std::this_thread::sleep_for(50ms); continue; }
      |                           [01;31m[K^~~~~~~[m[K
[01m[K/home/pl/ros2_ws1/src/haik/sdk_topic_cpp/src/se.cpp:204:38:[m[K [01;31m[Kerror: [m[K‘[01m[Khandle_[m[K’ was not declared in this scope
  204 |       int ret = MV_CC_GetImageBuffer([01;31m[Khandle_[m[K, &frame, 1000); // 1s 超时
      |                                      [01;31m[K^~~~~~~[m[K
[01m[K/home/pl/ros2_ws1/src/haik/sdk_topic_cpp/src/se.cpp:235:29:[m[K [01;31m[Kerror: [m[K‘[01m[Kframe_id_[m[K’ was not declared in this scope
  235 |       msg.header.frame_id = [01;31m[Kframe_id_[m[K;
      |                             [01;31m[K^~~~~~~~~[m[K
[01m[K/home/pl/ros2_ws1/src/haik/sdk_topic_cpp/src/se.cpp:242:7:[m[K [01;31m[Kerror: [m[K‘[01m[Kpub_[m[K’ was not declared in this scope
  242 |       [01;31m[Kpub_[m[K->publish(std::move(msg));
      |       [01;31m[K^~~~[m[K
[01m[K/home/pl/ros2_ws1/src/haik/sdk_topic_cpp/src/se.cpp:[m[K In member function ‘[01m[Krcl_interfaces::msg::SetParametersResult HikUsbBgr8Pub::onParamSet(const std::vector<rclcpp::Parameter>&)[m[K’:
[01m[K/home/pl/ros2_ws1/src/haik/sdk_topic_cpp/src/se.cpp:251:36:[m[K [01;31m[Kerror: [m[K‘[01m[Kmtx_[m[K’ was not declared in this scope
  251 |     std::lock_guard<std::mutex> lk([01;31m[Kmtx_[m[K);
      |                                    [01;31m[K^~~~[m[K
[01m[K/home/pl/ros2_ws1/src/haik/sdk_topic_cpp/src/se.cpp:253:10:[m[K [01;31m[Kerror: [m[K‘[01m[Khandle_[m[K’ was not declared in this scope
  253 |     if (![01;31m[Khandle_[m[K) return res;
      |          [01;31m[K^~~~~~~[m[K
[01m[K/home/pl/ros2_ws1/src/haik/sdk_topic_cpp/src/se.cpp:260:11:[m[K [01;31m[Kerror: [m[K‘[01m[Kexposure_auto_[m[K’ was not declared in this scope
  260 |           [01;31m[Kexposure_auto_[m[K = p.as_int();
      |           [01;31m[K^~~~~~~~~~~~~~[m[K
[01m[K/home/pl/ros2_ws1/src/haik/sdk_topic_cpp/src/se.cpp:261:30:[m[K [01;31m[Kerror: [m[K‘[01m[Khandle_[m[K’ was not declared in this scope
  261 |           MV_CC_SetEnumValue([01;31m[Khandle_[m[K, "ExposureAuto", exposure_auto_);
      |                              [01;31m[K^~~~~~~[m[K
[01m[K/home/pl/ros2_ws1/src/haik/sdk_topic_cpp/src/se.cpp:262:81:[m[K [01;31m[Kerror: [m[K‘[01m[Kexposure_time_[m[K’ was not declared in this scope
  262 |           if (exposure_auto_ == 0) MV_CC_SetFloatValue(handle_, "ExposureTime", [01;31m[Kexposure_time_[m[K);
      |                                                                                 [01;31m[K^~~~~~~~~~~~~~[m[K
[01m[K/home/pl/ros2_ws1/src/haik/sdk_topic_cpp/src/se.cpp:264:11:[m[K [01;31m[Kerror: [m[K‘[01m[Kexposure_time_[m[K’ was not declared in this scope
  264 |           [01;31m[Kexposure_time_[m[K = p.as_double();
      |           [01;31m[K^~~~~~~~~~~~~~[m[K
[01m[K/home/pl/ros2_ws1/src/haik/sdk_topic_cpp/src/se.cpp:265:15:[m[K [01;31m[Kerror: [m[K‘[01m[Kexposure_auto_[m[K’ was not declared in this scope
  265 |           if ([01;31m[Kexposure_auto_[m[K == 0) MV_CC_SetFloatValue(handle_, "ExposureTime", exposure_time_);
      |               [01;31m[K^~~~~~~~~~~~~~[m[K
[01m[K/home/pl/ros2_ws1/src/haik/sdk_topic_cpp/src/se.cpp:265:56:[m[K [01;31m[Kerror: [m[K‘[01m[Khandle_[m[K’ was not declared in this scope
  265 |           if (exposure_auto_ == 0) MV_CC_SetFloatValue([01;31m[Khandle_[m[K, "ExposureTime", exposure_time_);
      |                                                        [01;31m[K^~~~~~~[m[K
[01m[K/home/pl/ros2_ws1/src/haik/sdk_topic_cpp/src/se.cpp:267:11:[m[K [01;31m[Kerror: [m[K‘[01m[Kgain_auto_[m[K’ was not declared in this scope
  267 |           [01;31m[Kgain_auto_[m[K = p.as_int();
      |           [01;31m[K^~~~~~~~~~[m[K
[01m[K/home/pl/ros2_ws1/src/haik/sdk_topic_cpp/src/se.cpp:268:30:[m[K [01;31m[Kerror: [m[K‘[01m[Khandle_[m[K’ was not declared in this scope
  268 |           MV_CC_SetEnumValue([01;31m[Khandle_[m[K, "GainAuto", gain_auto_);
      |                              [01;31m[K^~~~~~~[m[K
[01m[K/home/pl/ros2_ws1/src/haik/sdk_topic_cpp/src/se.cpp:269:69:[m[K [01;31m[Kerror: [m[K‘[01m[Kgain_[m[K’ was not declared in this scope
  269 |           if (gain_auto_ == 0) MV_CC_SetFloatValue(handle_, "Gain", [01;31m[Kgain_[m[K);
      |                                                                     [01;31m[K^~~~~[m[K
[01m[K/home/pl/ros2_ws1/src/haik/sdk_topic_cpp/src/se.cpp:271:11:[m[K [01;31m[Kerror: [m[K‘[01m[Kgain_[m[K’ was not declared in this scope
  271 |           [01;31m[Kgain_[m[K = p.as_double();
      |           [01;31m[K^~~~~[m[K
[01m[K/home/pl/ros2_ws1/src/haik/sdk_topic_cpp/src/se.cpp:272:15:[m[K [01;31m[Kerror: [m[K‘[01m[Kgain_auto_[m[K’ was not declared in this scope
  272 |           if ([01;31m[Kgain_auto_[m[K == 0) MV_CC_SetFloatValue(handle_, "Gain", gain_);
      |               [01;31m[K^~~~~~~~~~[m[K
[01m[K/home/pl/ros2_ws1/src/haik/sdk_topic_cpp/src/se.cpp:272:52:[m[K [01;31m[Kerror: [m[K‘[01m[Khandle_[m[K’ was not declared in this scope
  272 |           if (gain_auto_ == 0) MV_CC_SetFloatValue([01;31m[Khandle_[m[K, "Gain", gain_);
      |                                                    [01;31m[K^~~~~~~[m[K
[01m[K/home/pl/ros2_ws1/src/haik/sdk_topic_cpp/src/se.cpp:274:11:[m[K [01;31m[Kerror: [m[K‘[01m[Kacq_fps_[m[K’ was not declared in this scope
  274 |           [01;31m[Kacq_fps_[m[K = p.as_double();
      |           [01;31m[K^~~~~~~~[m[K
[01m[K/home/pl/ros2_ws1/src/haik/sdk_topic_cpp/src/se.cpp:275:30:[m[K [01;31m[Kerror: [m[K‘[01m[Khandle_[m[K’ was not declared in this scope
  275 |           MV_CC_SetBoolValue([01;31m[Khandle_[m[K, "AcquisitionFrameRateEnable", true);
      |                              [01;31m[K^~~~~~~[m[K
[01m[K/home/pl/ros2_ws1/src/haik/sdk_topic_cpp/src/se.cpp:278:12:[m[K [01;31m[Kerror: [m[K‘[01m[Kpixel_format_[m[K’ was not declared in this scope
  278 |            [01;31m[Kpixel_format_[m[K = p.as_string();
      |            [01;31m[K^~~~~~~~~~~~~[m[K
[01m[K/home/pl/ros2_ws1/src/haik/sdk_topic_cpp/src/se.cpp:301:30:[m[K [01;31m[Kerror: [m[K‘[01m[Khandle_[m[K’ was not declared in this scope
  301 |           MV_CC_StopGrabbing([01;31m[Khandle_[m[K);
      |                              [01;31m[K^~~~~~~[m[K
[01m[K/home/pl/ros2_ws1/src/haik/sdk_topic_cpp/src/se.cpp:313:16:[m[K [01;31m[Kerror: [m[Kexpected ‘[01m[Kcatch[m[K’ before ‘[01m[Kif[m[K’
  313 |         } else [01;31m[Kif[m[K (p.get_name() == "qos_reliable" || p.get_name() == "image_topic") {
      |                [01;31m[K^~[m[K
[01m[K/home/pl/ros2_ws1/src/haik/sdk_topic_cpp/src/se.cpp:313:16:[m[K [01;31m[Kerror: [m[Kexpected ‘[01m[K([m[K’ before ‘[01m[Kif[m[K’
[01m[K/home/pl/ros2_ws1/src/haik/sdk_topic_cpp/src/se.cpp:313:16:[m[K [01;31m[Kerror: [m[Kexpected type-specifier before ‘[01m[Kif[m[K’
[01m[K/home/pl/ros2_ws1/src/haik/sdk_topic_cpp/src/se.cpp:313:16:[m[K [01;31m[Kerror: [m[Kexpected ‘[01m[K)[m[K’ before ‘[01m[Kif[m[K’
[01m[K/home/pl/ros2_ws1/src/haik/sdk_topic_cpp/src/se.cpp:313:16:[m[K [01;36m[Knote: [m[Kto match this ‘[01m[K([m[K’
[01m[K/home/pl/ros2_ws1/src/haik/sdk_topic_cpp/src/se.cpp:313:16:[m[K [01;31m[Kerror: [m[Kexpected ‘[01m[K{[m[K’ before ‘[01m[Kif[m[K’
[01m[K/home/pl/ros2_ws1/src/haik/sdk_topic_cpp/src/se.cpp:317:9:[m[K [01;31m[Kerror: [m[Kexpected primary-expression before ‘[01m[Kcatch[m[K’
  317 |       } [01;31m[Kcatch[m[K (...) {
      |         [01;31m[K^~~~~[m[K
[01m[K/home/pl/ros2_ws1/src/haik/sdk_topic_cpp/src/se.cpp:255:10:[m[K [01;35m[Kwarning: [m[Kunused variable ‘[01m[Kneed_restart[m[K’ [[01;35m[K]8;;https://gcc.gnu.org/onlinedocs/gcc/Warning-Options.html#index-Wunused-variable-Wunused-variable]8;;[m[K]
  255 |     bool [01;35m[Kneed_restart[m[K = false;
      |          [01;35m[K^~~~~~~~~~~~[m[K
[01m[K/home/pl/ros2_ws1/src/haik/sdk_topic_cpp/src/se.cpp:[m[K At global scope:
[01m[K/home/pl/ros2_ws1/src/haik/sdk_topic_cpp/src/se.cpp:330:1:[m[K [01;31m[Kerror: [m[Kexpected unqualified-id before ‘[01m[Kprivate[m[K’
  330 | [01;31m[Kprivate[m[K:
      | [01;31m[K^~~~~~~[m[K
[01m[K/home/pl/ros2_ws1/src/haik/sdk_topic_cpp/src/se.cpp:360:1:[m[K [01;31m[Kerror: [m[Kexpected declaration before ‘[01m[K}[m[K’ token
  360 | [01;31m[K}[m[K;
      | [01;31m[K^[m[K
gmake[2]: *** [CMakeFiles/se.dir/build.make:76：CMakeFiles/se.dir/src/se.cpp.o] 错误 1
gmake[1]: *** [CMakeFiles/Makefile2:137：CMakeFiles/se.dir/all] 错误 2
gmake: *** [Makefile:146：all] 错误 2
