[35m[1mConsolidate compiler generated dependencies of target se[0m
[ 50%] [32mBuilding CXX object CMakeFiles/se.dir/src/se.cpp.o[0m
[01m[K/home/pl/ros2_ws1/src/haik/sdk_topic_cpp/src/se.cpp:[m[K In destructor ‘[01m[Kvirtual HikUsbBgr8Pub::~HikUsbBgr8Pub()[m[K’:
[01m[K/home/pl/ros2_ws1/src/haik/sdk_topic_cpp/src/se.cpp:41:5:[m[K [01;31m[Kerror: [m[K‘[01m[KstopGrab[m[K’ was not declared in this scope
   41 |     [01;31m[KstopGrab[m[K();
      |     [01;31m[K^~~~~~~~[m[K
[01m[K/home/pl/ros2_ws1/src/haik/sdk_topic_cpp/src/se.cpp:[m[K In member function ‘[01m[Kbool HikUsbBgr8Pub::openBySnOrIp(const string&, const string&)[m[K’:
[01m[K/home/pl/ros2_ws1/src/haik/sdk_topic_cpp/src/se.cpp:71:23:[m[K [01;31m[Kerror: [m[K‘[01m[KGetSerial[m[K’ was not declared in this scope; did you mean ‘[01m[Kserial[m[K’?
   71 |       const auto sn = [01;31m[KGetSerial[m[K(info);
      |                       [01;31m[K^~~~~~~~~[m[K
      |                       [32m[Kserial[m[K
[01m[K/home/pl/ros2_ws1/src/haik/sdk_topic_cpp/src/se.cpp:72:26:[m[K [01;31m[Kerror: [m[K‘[01m[KGetGigEIp[m[K’ was not declared in this scope
   72 |       const auto ipstr = [01;31m[KGetGigEIp[m[K(info);
      |                          [01;31m[K^~~~~~~~~[m[K
[01m[K/home/pl/ros2_ws1/src/haik/sdk_topic_cpp/src/se.cpp:[m[K In member function ‘[01m[Kvoid HikUsbBgr8Pub::getCurrentFPS()[m[K’:
[01m[K/home/pl/ros2_ws1/src/haik/sdk_topic_cpp/src/se.cpp:99:68:[m[K [01;31m[Kerror: [m[Kcannot convert ‘[01m[Kfloat*[m[K’ to ‘[01m[KMVCC_FLOATVALUE*[m[K’ {aka ‘[01m[K_MVCC_FLOATVALUE_T*[m[K’}
   99 |     int ret = MV_CC_GetFloatValue(handle_, "AcquisitionFrameRate", [01;31m[K&current_fps[m[K);
      |                                                                    [01;31m[K^~~~~~~~~~~~[m[K
      |                                                                    [01;31m[K|[m[K
      |                                                                    [01;31m[Kfloat*[m[K
In file included from [01m[K/home/pl/ros2_ws1/src/haik/sdk_topic_cpp/src/se.cpp:11[m[K:
[01m[K/opt/MVS/include/MvCameraControl.h:1091:112:[m[K [01;36m[Knote: [m[K  initializing argument 3 of ‘[01m[Kint MV_CC_GetFloatValue(void*, const char*, MVCC_FLOATVALUE*)[m[K’
 1091 | all MV_CC_GetFloatValue(IN void* handle,IN const char* strKey,IN OUT [01;36m[KMVCC_FLOATVALUE *pstFloatValue[m[K);
      |                                                                      [01;36m[K~~~~~~~~~~~~~~~~~^~~~~~~~~~~~~[m[K

gmake[2]: *** [CMakeFiles/se.dir/build.make:76：CMakeFiles/se.dir/src/se.cpp.o] 错误 1
gmake[1]: *** [CMakeFiles/Makefile2:137：CMakeFiles/se.dir/all] 错误 2
gmake: *** [Makefile:146：all] 错误 2
