[0.013s] Invoking command in '/home/pl/ros2_ws1/build/learning_interface': CMAKE_PREFIX_PATH=${CMAKE_PREFIX_PATH}:/home/pl/ros2_ws1/install/sdk_topic:/opt/ros/humble /usr/bin/cmake /home/pl/ros2_ws1/src/haik/learning_interface -DCMAKE_INSTALL_PREFIX=/home/pl/ros2_ws1/install/learning_interface
[0.158s] -- The C compiler identification is GNU 11.4.0
[0.158s] -- The CXX compiler identification is GNU 11.4.0
[0.158s] -- Detecting C compiler ABI info
[0.158s] -- Detecting C compiler ABI info - done
[0.158s] -- Check for working C compiler: /usr/bin/cc - skipped
[0.158s] -- Detecting C compile features
[0.159s] -- Detecting C compile features - done
[0.159s] -- Detecting CXX compiler ABI info
[0.205s] -- Detecting CXX compiler ABI info - done
[0.210s] -- Check for working CXX compiler: /usr/bin/c++ - skipped
[0.210s] -- Detecting CXX compile features
[0.210s] -- Detecting CXX compile features - done
[0.211s] -- Found ament_cmake: 1.3.12 (/opt/ros/humble/share/ament_cmake/cmake)
[0.308s] -- Found Python3: /usr/bin/python3 (found version "3.10.12") found components: Interpreter 
[0.362s] -- Found rosidl_default_generators: 1.2.0 (/opt/ros/humble/share/rosidl_default_generators/cmake)
[0.364s] -- Using all available rosidl_typesupport_c: rosidl_typesupport_fastrtps_c;rosidl_typesupport_introspection_c
[0.366s] -- Found rosidl_adapter: 3.1.7 (/opt/ros/humble/share/rosidl_adapter/cmake)
[0.393s] -- Using all available rosidl_typesupport_cpp: rosidl_typesupport_fastrtps_cpp;rosidl_typesupport_introspection_cpp
[0.635s] -- Found ament_cmake_ros: 0.10.0 (/opt/ros/humble/share/ament_cmake_ros/cmake)
[0.759s] -- Using all available rosidl_typesupport_c: rosidl_typesupport_fastrtps_c;rosidl_typesupport_introspection_c
[0.942s] -- Using all available rosidl_typesupport_cpp: rosidl_typesupport_fastrtps_cpp;rosidl_typesupport_introspection_cpp
[0.956s] -- Found PythonInterp: /usr/bin/python3 (found suitable version "3.10.12", minimum required is "3.6") 
[0.957s] -- Found python_cmake_module: 0.10.0 (/opt/ros/humble/share/python_cmake_module/cmake)
[0.976s] -- Found PythonLibs: /usr/lib/x86_64-linux-gnu/libpython3.10.so (found suitable version "3.10.12", minimum required is "3.5") 
[0.976s] -- Using PYTHON_EXECUTABLE: /usr/bin/python3
[0.976s] -- Using PYTHON_INCLUDE_DIRS: /usr/include/python3.10
[0.976s] -- Using PYTHON_LIBRARIES: /usr/lib/x86_64-linux-gnu/libpython3.10.so
[0.992s] -- Found PythonExtra: .so  
[1.017s] -- Found ament_lint_auto: 0.12.14 (/opt/ros/humble/share/ament_lint_auto/cmake)
[1.025s] -- Added test 'copyright' to check source files copyright and LICENSE
[1.026s] -- Added test 'lint_cmake' to check CMake code style
[1.027s] -- Added test 'xmllint' to check XML markup files
[1.028s] -- Configuring done
[1.049s] -- Generating done
[1.058s] -- Build files have been written to: /home/pl/ros2_ws1/build/learning_interface
[1.062s] Invoked command in '/home/pl/ros2_ws1/build/learning_interface' returned '0': CMAKE_PREFIX_PATH=${CMAKE_PREFIX_PATH}:/home/pl/ros2_ws1/install/sdk_topic:/opt/ros/humble /usr/bin/cmake /home/pl/ros2_ws1/src/haik/learning_interface -DCMAKE_INSTALL_PREFIX=/home/pl/ros2_ws1/install/learning_interface
[1.064s] Invoking command in '/home/pl/ros2_ws1/build/learning_interface': CMAKE_PREFIX_PATH=${CMAKE_PREFIX_PATH}:/home/pl/ros2_ws1/install/sdk_topic:/opt/ros/humble /usr/bin/cmake --build /home/pl/ros2_ws1/build/learning_interface -- -j20 -l20
[1.095s] [  1%] [34m[1mGenerating C code for ROS interfaces[0m
[1.104s] [  3%] [34m[1mGenerating C++ code for ROS interfaces[0m
[1.111s] [  3%] Built target ament_cmake_python_copy_learning_interface
[1.293s] running egg_info
[1.293s] creating learning_interface.egg-info
[1.293s] writing learning_interface.egg-info/PKG-INFO
[1.293s] writing dependency_links to learning_interface.egg-info/dependency_links.txt
[1.294s] writing top-level names to learning_interface.egg-info/top_level.txt
[1.294s] writing manifest file 'learning_interface.egg-info/SOURCES.txt'
[1.295s] reading manifest file 'learning_interface.egg-info/SOURCES.txt'
[1.295s] writing manifest file 'learning_interface.egg-info/SOURCES.txt'
[1.318s] [  3%] Built target ament_cmake_python_build_learning_interface_egg
[1.663s] [  3%] Built target learning_interface__cpp
[1.670s] [  5%] [34m[1mGenerating C++ type support dispatch for ROS interfaces[0m
[1.670s] [  7%] [34m[1mGenerating C++ type support for eProsima Fast-RTPS[0m
[1.670s] [  9%] [34m[1mGenerating C++ introspection for ROS interfaces[0m
[1.677s] [ 10%] [32mBuilding C object CMakeFiles/learning_interface__rosidl_generator_c.dir/rosidl_generator_c/learning_interface/srv/detail/get_object_position__functions.c.o[0m
[1.678s] [ 12%] [32mBuilding C object CMakeFiles/learning_interface__rosidl_generator_c.dir/rosidl_generator_c/learning_interface/msg/detail/object_position__functions.c.o[0m
[1.678s] [ 14%] [32mBuilding C object CMakeFiles/learning_interface__rosidl_generator_c.dir/rosidl_generator_c/learning_interface/srv/detail/add_two_ints__functions.c.o[0m
[1.678s] [ 16%] [32mBuilding C object CMakeFiles/learning_interface__rosidl_generator_c.dir/rosidl_generator_c/learning_interface/action/detail/move_circle__functions.c.o[0m
[1.811s] [ 18%] [32m[1mLinking C shared library liblearning_interface__rosidl_generator_c.so[0m
[1.850s] [ 18%] Built target learning_interface__rosidl_generator_c
[1.859s] [ 20%] [34m[1mGenerating C introspection for ROS interfaces[0m
[1.860s] [ 21%] [34m[1mGenerating C type support for eProsima Fast-RTPS[0m
[1.860s] [ 23%] [34m[1mGenerating C type support dispatch for ROS interfaces[0m
[2.094s] [ 25%] [32mBuilding CXX object CMakeFiles/learning_interface__rosidl_typesupport_introspection_cpp.dir/rosidl_typesupport_introspection_cpp/learning_interface/srv/detail/add_two_ints__type_support.cpp.o[0m
[2.096s] [ 29%] [32mBuilding CXX object CMakeFiles/learning_interface__rosidl_typesupport_introspection_cpp.dir/rosidl_typesupport_introspection_cpp/learning_interface/msg/detail/object_position__type_support.cpp.o[0m
[2.097s] [ 29%] [32mBuilding CXX object CMakeFiles/learning_interface__rosidl_typesupport_introspection_cpp.dir/rosidl_typesupport_introspection_cpp/learning_interface/srv/detail/get_object_position__type_support.cpp.o[0m
[2.097s] [ 30%] [32mBuilding CXX object CMakeFiles/learning_interface__rosidl_typesupport_introspection_cpp.dir/rosidl_typesupport_introspection_cpp/learning_interface/action/detail/move_circle__type_support.cpp.o[0m
[2.149s] [ 32%] [32mBuilding CXX object CMakeFiles/learning_interface__rosidl_typesupport_cpp.dir/rosidl_typesupport_cpp/learning_interface/srv/add_two_ints__type_support.cpp.o[0m
[2.150s] [ 34%] [32mBuilding CXX object CMakeFiles/learning_interface__rosidl_typesupport_cpp.dir/rosidl_typesupport_cpp/learning_interface/srv/get_object_position__type_support.cpp.o[0m
[2.152s] [ 36%] [32mBuilding CXX object CMakeFiles/learning_interface__rosidl_typesupport_cpp.dir/rosidl_typesupport_cpp/learning_interface/msg/object_position__type_support.cpp.o[0m
[2.152s] [ 38%] [32mBuilding CXX object CMakeFiles/learning_interface__rosidl_typesupport_cpp.dir/rosidl_typesupport_cpp/learning_interface/action/move_circle__type_support.cpp.o[0m
[2.213s] [ 41%] [32mBuilding CXX object CMakeFiles/learning_interface__rosidl_typesupport_fastrtps_cpp.dir/rosidl_typesupport_fastrtps_cpp/learning_interface/srv/detail/dds_fastrtps/get_object_position__type_support.cpp.o[0m
[2.213s] [ 41%] [32mBuilding CXX object CMakeFiles/learning_interface__rosidl_typesupport_fastrtps_cpp.dir/rosidl_typesupport_fastrtps_cpp/learning_interface/srv/detail/dds_fastrtps/add_two_ints__type_support.cpp.o[0m
[2.213s] [ 43%] [32mBuilding CXX object CMakeFiles/learning_interface__rosidl_typesupport_fastrtps_cpp.dir/rosidl_typesupport_fastrtps_cpp/learning_interface/action/detail/dds_fastrtps/move_circle__type_support.cpp.o[0m
[2.213s] [ 45%] [32mBuilding CXX object CMakeFiles/learning_interface__rosidl_typesupport_fastrtps_cpp.dir/rosidl_typesupport_fastrtps_cpp/learning_interface/msg/detail/dds_fastrtps/object_position__type_support.cpp.o[0m
[2.357s] [ 47%] [32mBuilding CXX object CMakeFiles/learning_interface__rosidl_typesupport_c.dir/rosidl_typesupport_c/learning_interface/msg/object_position__type_support.cpp.o[0m
[2.357s] [ 49%] [32mBuilding CXX object CMakeFiles/learning_interface__rosidl_typesupport_c.dir/rosidl_typesupport_c/learning_interface/srv/add_two_ints__type_support.cpp.o[0m
[2.357s] [ 50%] [32mBuilding CXX object CMakeFiles/learning_interface__rosidl_typesupport_c.dir/rosidl_typesupport_c/learning_interface/action/move_circle__type_support.cpp.o[0m
[2.362s] [ 52%] [32mBuilding CXX object CMakeFiles/learning_interface__rosidl_typesupport_c.dir/rosidl_typesupport_c/learning_interface/srv/get_object_position__type_support.cpp.o[0m
[2.433s] [ 54%] [32m[1mLinking CXX shared library liblearning_interface__rosidl_typesupport_c.so[0m
[2.511s] [ 54%] Built target learning_interface__rosidl_typesupport_c
[2.595s] [ 56%] [32mBuilding C object CMakeFiles/learning_interface__rosidl_typesupport_introspection_c.dir/rosidl_typesupport_introspection_c/learning_interface/msg/detail/object_position__type_support.c.o[0m
[2.598s] [ 58%] [32mBuilding CXX object CMakeFiles/learning_interface__rosidl_typesupport_fastrtps_c.dir/rosidl_typesupport_fastrtps_c/learning_interface/msg/detail/object_position__type_support_c.cpp.o[0m
[2.599s] [ 60%] [32mBuilding C object CMakeFiles/learning_interface__rosidl_typesupport_introspection_c.dir/rosidl_typesupport_introspection_c/learning_interface/srv/detail/add_two_ints__type_support.c.o[0m
[2.604s] [ 61%] [32mBuilding C object CMakeFiles/learning_interface__rosidl_typesupport_introspection_c.dir/rosidl_typesupport_introspection_c/learning_interface/action/detail/move_circle__type_support.c.o[0m
[2.604s] [ 65%] [32mBuilding C object CMakeFiles/learning_interface__rosidl_typesupport_introspection_c.dir/rosidl_typesupport_introspection_c/learning_interface/srv/detail/get_object_position__type_support.c.o[0m
[2.604s] [ 69%] [32mBuilding CXX object CMakeFiles/learning_interface__rosidl_typesupport_fastrtps_c.dir/rosidl_typesupport_fastrtps_c/learning_interface/srv/detail/add_two_ints__type_support_c.cpp.o[0m
[2.604s] [ 69%] [32mBuilding CXX object CMakeFiles/learning_interface__rosidl_typesupport_fastrtps_c.dir/rosidl_typesupport_fastrtps_c/learning_interface/srv/detail/get_object_position__type_support_c.cpp.o[0m
[2.604s] [ 69%] [32mBuilding CXX object CMakeFiles/learning_interface__rosidl_typesupport_fastrtps_c.dir/rosidl_typesupport_fastrtps_c/learning_interface/action/detail/move_circle__type_support_c.cpp.o[0m
[2.669s] [ 70%] [32m[1mLinking C shared library liblearning_interface__rosidl_typesupport_introspection_c.so[0m
[2.706s] [ 70%] Built target learning_interface__rosidl_typesupport_introspection_c
[2.758s] [ 72%] [32m[1mLinking CXX shared library liblearning_interface__rosidl_typesupport_cpp.so[0m
[2.793s] [ 72%] Built target learning_interface__rosidl_typesupport_cpp
[2.947s] [ 74%] [32m[1mLinking CXX shared library liblearning_interface__rosidl_typesupport_introspection_cpp.so[0m
[2.958s] [ 76%] [32m[1mLinking CXX shared library liblearning_interface__rosidl_typesupport_fastrtps_cpp.so[0m
[3.006s] [ 76%] Built target learning_interface__rosidl_typesupport_introspection_cpp
[3.016s] [ 76%] Built target learning_interface__rosidl_typesupport_fastrtps_cpp
[3.035s] [ 78%] [32m[1mLinking CXX shared library liblearning_interface__rosidl_typesupport_fastrtps_c.so[0m
[3.085s] [ 78%] Built target learning_interface__rosidl_typesupport_fastrtps_c
[3.101s] [ 78%] Built target learning_interface
[3.114s] [ 80%] [34m[1mGenerating Python code for ROS interfaces[0m
[3.941s] [ 80%] Built target learning_interface__py
[3.954s] [ 81%] [32mBuilding C object CMakeFiles/learning_interface__rosidl_generator_py.dir/rosidl_generator_py/learning_interface/msg/_object_position_s.c.o[0m
[3.954s] [ 83%] [32mBuilding C object CMakeFiles/learning_interface__rosidl_generator_py.dir/rosidl_generator_py/learning_interface/srv/_get_object_position_s.c.o[0m
[3.954s] [ 85%] [32mBuilding C object CMakeFiles/learning_interface__rosidl_generator_py.dir/rosidl_generator_py/learning_interface/action/_move_circle_s.c.o[0m
[3.956s] [ 87%] [32mBuilding C object CMakeFiles/learning_interface__rosidl_generator_py.dir/rosidl_generator_py/learning_interface/srv/_add_two_ints_s.c.o[0m
[4.055s] [ 89%] [32m[1mLinking C shared library rosidl_generator_py/learning_interface/liblearning_interface__rosidl_generator_py.so[0m
[4.083s] [ 89%] Built target learning_interface__rosidl_generator_py
[4.097s] [ 90%] [32mBuilding C object CMakeFiles/learning_interface__rosidl_typesupport_c__pyext.dir/rosidl_generator_py/learning_interface/_learning_interface_s.ep.rosidl_typesupport_c.c.o[0m
[4.097s] [ 92%] [32mBuilding C object CMakeFiles/learning_interface__rosidl_typesupport_introspection_c__pyext.dir/rosidl_generator_py/learning_interface/_learning_interface_s.ep.rosidl_typesupport_introspection_c.c.o[0m
[4.097s] [ 94%] [32mBuilding C object CMakeFiles/learning_interface__rosidl_typesupport_fastrtps_c__pyext.dir/rosidl_generator_py/learning_interface/_learning_interface_s.ep.rosidl_typesupport_fastrtps_c.c.o[0m
[4.187s] [ 96%] [32m[1mLinking C shared library rosidl_generator_py/learning_interface/learning_interface_s__rosidl_typesupport_fastrtps_c.cpython-310-x86_64-linux-gnu.so[0m
[4.187s] [ 98%] [32m[1mLinking C shared library rosidl_generator_py/learning_interface/learning_interface_s__rosidl_typesupport_c.cpython-310-x86_64-linux-gnu.so[0m
[4.188s] [100%] [32m[1mLinking C shared library rosidl_generator_py/learning_interface/learning_interface_s__rosidl_typesupport_introspection_c.cpython-310-x86_64-linux-gnu.so[0m
[4.214s] [100%] Built target learning_interface__rosidl_typesupport_fastrtps_c__pyext
[4.214s] [100%] Built target learning_interface__rosidl_typesupport_introspection_c__pyext
[4.215s] [100%] Built target learning_interface__rosidl_typesupport_c__pyext
[4.224s] Invoked command in '/home/pl/ros2_ws1/build/learning_interface' returned '0': CMAKE_PREFIX_PATH=${CMAKE_PREFIX_PATH}:/home/pl/ros2_ws1/install/sdk_topic:/opt/ros/humble /usr/bin/cmake --build /home/pl/ros2_ws1/build/learning_interface -- -j20 -l20
[4.230s] Invoking command in '/home/pl/ros2_ws1/build/learning_interface': CMAKE_PREFIX_PATH=${CMAKE_PREFIX_PATH}:/home/pl/ros2_ws1/install/sdk_topic:/opt/ros/humble /usr/bin/cmake --install /home/pl/ros2_ws1/build/learning_interface
[4.235s] -- Install configuration: ""
[4.235s] -- Installing: /home/pl/ros2_ws1/install/learning_interface/share/ament_index/resource_index/rosidl_interfaces/learning_interface
[4.235s] -- Installing: /home/pl/ros2_ws1/install/learning_interface/include/learning_interface/learning_interface
[4.235s] -- Installing: /home/pl/ros2_ws1/install/learning_interface/include/learning_interface/learning_interface/action
[4.236s] -- Installing: /home/pl/ros2_ws1/install/learning_interface/include/learning_interface/learning_interface/action/detail
[4.236s] -- Installing: /home/pl/ros2_ws1/install/learning_interface/include/learning_interface/learning_interface/action/detail/move_circle__type_support.h
[4.236s] -- Installing: /home/pl/ros2_ws1/install/learning_interface/include/learning_interface/learning_interface/action/detail/move_circle__functions.h
[4.236s] -- Installing: /home/pl/ros2_ws1/install/learning_interface/include/learning_interface/learning_interface/action/detail/move_circle__functions.c
[4.236s] -- Installing: /home/pl/ros2_ws1/install/learning_interface/include/learning_interface/learning_interface/action/detail/move_circle__struct.h
[4.236s] -- Installing: /home/pl/ros2_ws1/install/learning_interface/include/learning_interface/learning_interface/action/move_circle.h
[4.236s] -- Installing: /home/pl/ros2_ws1/install/learning_interface/include/learning_interface/learning_interface/srv
[4.236s] -- Installing: /home/pl/ros2_ws1/install/learning_interface/include/learning_interface/learning_interface/srv/detail
[4.236s] -- Installing: /home/pl/ros2_ws1/install/learning_interface/include/learning_interface/learning_interface/srv/detail/get_object_position__functions.c
[4.236s] -- Installing: /home/pl/ros2_ws1/install/learning_interface/include/learning_interface/learning_interface/srv/detail/get_object_position__functions.h
[4.236s] -- Installing: /home/pl/ros2_ws1/install/learning_interface/include/learning_interface/learning_interface/srv/detail/add_two_ints__type_support.h
[4.236s] -- Installing: /home/pl/ros2_ws1/install/learning_interface/include/learning_interface/learning_interface/srv/detail/get_object_position__struct.h
[4.236s] -- Installing: /home/pl/ros2_ws1/install/learning_interface/include/learning_interface/learning_interface/srv/detail/add_two_ints__struct.h
[4.236s] -- Installing: /home/pl/ros2_ws1/install/learning_interface/include/learning_interface/learning_interface/srv/detail/add_two_ints__functions.h
[4.237s] -- Installing: /home/pl/ros2_ws1/install/learning_interface/include/learning_interface/learning_interface/srv/detail/get_object_position__type_support.h
[4.237s] -- Installing: /home/pl/ros2_ws1/install/learning_interface/include/learning_interface/learning_interface/srv/detail/add_two_ints__functions.c
[4.237s] -- Installing: /home/pl/ros2_ws1/install/learning_interface/include/learning_interface/learning_interface/srv/add_two_ints.h
[4.237s] -- Installing: /home/pl/ros2_ws1/install/learning_interface/include/learning_interface/learning_interface/srv/get_object_position.h
[4.237s] -- Installing: /home/pl/ros2_ws1/install/learning_interface/include/learning_interface/learning_interface/msg
[4.237s] -- Installing: /home/pl/ros2_ws1/install/learning_interface/include/learning_interface/learning_interface/msg/detail
[4.237s] -- Installing: /home/pl/ros2_ws1/install/learning_interface/include/learning_interface/learning_interface/msg/detail/object_position__functions.c
[4.237s] -- Installing: /home/pl/ros2_ws1/install/learning_interface/include/learning_interface/learning_interface/msg/detail/object_position__functions.h
[4.237s] -- Installing: /home/pl/ros2_ws1/install/learning_interface/include/learning_interface/learning_interface/msg/detail/object_position__struct.h
[4.237s] -- Installing: /home/pl/ros2_ws1/install/learning_interface/include/learning_interface/learning_interface/msg/detail/object_position__type_support.h
[4.237s] -- Installing: /home/pl/ros2_ws1/install/learning_interface/include/learning_interface/learning_interface/msg/rosidl_generator_c__visibility_control.h
[4.237s] -- Installing: /home/pl/ros2_ws1/install/learning_interface/include/learning_interface/learning_interface/msg/object_position.h
[4.237s] -- Installing: /home/pl/ros2_ws1/install/learning_interface/share/learning_interface/environment/library_path.sh
[4.237s] -- Installing: /home/pl/ros2_ws1/install/learning_interface/share/learning_interface/environment/library_path.dsv
[4.237s] -- Installing: /home/pl/ros2_ws1/install/learning_interface/lib/liblearning_interface__rosidl_generator_c.so
[4.237s] -- Set runtime path of "/home/pl/ros2_ws1/install/learning_interface/lib/liblearning_interface__rosidl_generator_c.so" to ""
[4.237s] -- Up-to-date: /home/pl/ros2_ws1/install/learning_interface/include/learning_interface/learning_interface
[4.237s] -- Up-to-date: /home/pl/ros2_ws1/install/learning_interface/include/learning_interface/learning_interface/action
[4.237s] -- Up-to-date: /home/pl/ros2_ws1/install/learning_interface/include/learning_interface/learning_interface/action/detail
[4.237s] -- Installing: /home/pl/ros2_ws1/install/learning_interface/include/learning_interface/learning_interface/action/detail/move_circle__rosidl_typesupport_fastrtps_c.h
[4.237s] -- Up-to-date: /home/pl/ros2_ws1/install/learning_interface/include/learning_interface/learning_interface/srv
[4.237s] -- Up-to-date: /home/pl/ros2_ws1/install/learning_interface/include/learning_interface/learning_interface/srv/detail
[4.237s] -- Installing: /home/pl/ros2_ws1/install/learning_interface/include/learning_interface/learning_interface/srv/detail/get_object_position__rosidl_typesupport_fastrtps_c.h
[4.237s] -- Installing: /home/pl/ros2_ws1/install/learning_interface/include/learning_interface/learning_interface/srv/detail/add_two_ints__rosidl_typesupport_fastrtps_c.h
[4.237s] -- Up-to-date: /home/pl/ros2_ws1/install/learning_interface/include/learning_interface/learning_interface/msg
[4.237s] -- Up-to-date: /home/pl/ros2_ws1/install/learning_interface/include/learning_interface/learning_interface/msg/detail
[4.237s] -- Installing: /home/pl/ros2_ws1/install/learning_interface/include/learning_interface/learning_interface/msg/detail/object_position__rosidl_typesupport_fastrtps_c.h
[4.237s] -- Installing: /home/pl/ros2_ws1/install/learning_interface/include/learning_interface/learning_interface/msg/rosidl_typesupport_fastrtps_c__visibility_control.h
[4.237s] -- Installing: /home/pl/ros2_ws1/install/learning_interface/lib/liblearning_interface__rosidl_typesupport_fastrtps_c.so
[4.238s] -- Set runtime path of "/home/pl/ros2_ws1/install/learning_interface/lib/liblearning_interface__rosidl_typesupport_fastrtps_c.so" to ""
[4.238s] -- Up-to-date: /home/pl/ros2_ws1/install/learning_interface/include/learning_interface/learning_interface
[4.238s] -- Up-to-date: /home/pl/ros2_ws1/install/learning_interface/include/learning_interface/learning_interface/action
[4.238s] -- Up-to-date: /home/pl/ros2_ws1/install/learning_interface/include/learning_interface/learning_interface/action/detail
[4.238s] -- Installing: /home/pl/ros2_ws1/install/learning_interface/include/learning_interface/learning_interface/action/detail/move_circle__type_support.c
[4.238s] -- Installing: /home/pl/ros2_ws1/install/learning_interface/include/learning_interface/learning_interface/action/detail/move_circle__rosidl_typesupport_introspection_c.h
[4.238s] -- Up-to-date: /home/pl/ros2_ws1/install/learning_interface/include/learning_interface/learning_interface/srv
[4.238s] -- Up-to-date: /home/pl/ros2_ws1/install/learning_interface/include/learning_interface/learning_interface/srv/detail
[4.238s] -- Installing: /home/pl/ros2_ws1/install/learning_interface/include/learning_interface/learning_interface/srv/detail/get_object_position__rosidl_typesupport_introspection_c.h
[4.238s] -- Installing: /home/pl/ros2_ws1/install/learning_interface/include/learning_interface/learning_interface/srv/detail/add_two_ints__type_support.c
[4.238s] -- Installing: /home/pl/ros2_ws1/install/learning_interface/include/learning_interface/learning_interface/srv/detail/add_two_ints__rosidl_typesupport_introspection_c.h
[4.238s] -- Installing: /home/pl/ros2_ws1/install/learning_interface/include/learning_interface/learning_interface/srv/detail/get_object_position__type_support.c
[4.238s] -- Up-to-date: /home/pl/ros2_ws1/install/learning_interface/include/learning_interface/learning_interface/msg
[4.238s] -- Installing: /home/pl/ros2_ws1/install/learning_interface/include/learning_interface/learning_interface/msg/rosidl_typesupport_introspection_c__visibility_control.h
[4.238s] -- Up-to-date: /home/pl/ros2_ws1/install/learning_interface/include/learning_interface/learning_interface/msg/detail
[4.238s] -- Installing: /home/pl/ros2_ws1/install/learning_interface/include/learning_interface/learning_interface/msg/detail/object_position__type_support.c
[4.238s] -- Installing: /home/pl/ros2_ws1/install/learning_interface/include/learning_interface/learning_interface/msg/detail/object_position__rosidl_typesupport_introspection_c.h
[4.238s] -- Installing: /home/pl/ros2_ws1/install/learning_interface/lib/liblearning_interface__rosidl_typesupport_introspection_c.so
[4.238s] -- Set runtime path of "/home/pl/ros2_ws1/install/learning_interface/lib/liblearning_interface__rosidl_typesupport_introspection_c.so" to ""
[4.238s] -- Installing: /home/pl/ros2_ws1/install/learning_interface/lib/liblearning_interface__rosidl_typesupport_c.so
[4.238s] -- Set runtime path of "/home/pl/ros2_ws1/install/learning_interface/lib/liblearning_interface__rosidl_typesupport_c.so" to ""
[4.238s] -- Up-to-date: /home/pl/ros2_ws1/install/learning_interface/include/learning_interface/learning_interface
[4.238s] -- Up-to-date: /home/pl/ros2_ws1/install/learning_interface/include/learning_interface/learning_interface/action
[4.238s] -- Up-to-date: /home/pl/ros2_ws1/install/learning_interface/include/learning_interface/learning_interface/action/detail
[4.238s] -- Installing: /home/pl/ros2_ws1/install/learning_interface/include/learning_interface/learning_interface/action/detail/move_circle__builder.hpp
[4.238s] -- Installing: /home/pl/ros2_ws1/install/learning_interface/include/learning_interface/learning_interface/action/detail/move_circle__traits.hpp
[4.238s] -- Installing: /home/pl/ros2_ws1/install/learning_interface/include/learning_interface/learning_interface/action/detail/move_circle__type_support.hpp
[4.239s] -- Installing: /home/pl/ros2_ws1/install/learning_interface/include/learning_interface/learning_interface/action/detail/move_circle__struct.hpp
[4.239s] -- Installing: /home/pl/ros2_ws1/install/learning_interface/include/learning_interface/learning_interface/action/move_circle.hpp
[4.239s] -- Up-to-date: /home/pl/ros2_ws1/install/learning_interface/include/learning_interface/learning_interface/srv
[4.239s] -- Installing: /home/pl/ros2_ws1/install/learning_interface/include/learning_interface/learning_interface/srv/get_object_position.hpp
[4.239s] -- Up-to-date: /home/pl/ros2_ws1/install/learning_interface/include/learning_interface/learning_interface/srv/detail
[4.239s] -- Installing: /home/pl/ros2_ws1/install/learning_interface/include/learning_interface/learning_interface/srv/detail/add_two_ints__struct.hpp
[4.239s] -- Installing: /home/pl/ros2_ws1/install/learning_interface/include/learning_interface/learning_interface/srv/detail/add_two_ints__type_support.hpp
[4.239s] -- Installing: /home/pl/ros2_ws1/install/learning_interface/include/learning_interface/learning_interface/srv/detail/get_object_position__traits.hpp
[4.239s] -- Installing: /home/pl/ros2_ws1/install/learning_interface/include/learning_interface/learning_interface/srv/detail/add_two_ints__traits.hpp
[4.239s] -- Installing: /home/pl/ros2_ws1/install/learning_interface/include/learning_interface/learning_interface/srv/detail/get_object_position__builder.hpp
[4.239s] -- Installing: /home/pl/ros2_ws1/install/learning_interface/include/learning_interface/learning_interface/srv/detail/add_two_ints__builder.hpp
[4.239s] -- Installing: /home/pl/ros2_ws1/install/learning_interface/include/learning_interface/learning_interface/srv/detail/get_object_position__struct.hpp
[4.239s] -- Installing: /home/pl/ros2_ws1/install/learning_interface/include/learning_interface/learning_interface/srv/detail/get_object_position__type_support.hpp
[4.239s] -- Installing: /home/pl/ros2_ws1/install/learning_interface/include/learning_interface/learning_interface/srv/add_two_ints.hpp
[4.239s] -- Up-to-date: /home/pl/ros2_ws1/install/learning_interface/include/learning_interface/learning_interface/msg
[4.239s] -- Up-to-date: /home/pl/ros2_ws1/install/learning_interface/include/learning_interface/learning_interface/msg/detail
[4.239s] -- Installing: /home/pl/ros2_ws1/install/learning_interface/include/learning_interface/learning_interface/msg/detail/object_position__type_support.hpp
[4.239s] -- Installing: /home/pl/ros2_ws1/install/learning_interface/include/learning_interface/learning_interface/msg/detail/object_position__struct.hpp
[4.239s] -- Installing: /home/pl/ros2_ws1/install/learning_interface/include/learning_interface/learning_interface/msg/detail/object_position__builder.hpp
[4.239s] -- Installing: /home/pl/ros2_ws1/install/learning_interface/include/learning_interface/learning_interface/msg/detail/object_position__traits.hpp
[4.239s] -- Installing: /home/pl/ros2_ws1/install/learning_interface/include/learning_interface/learning_interface/msg/object_position.hpp
[4.239s] -- Installing: /home/pl/ros2_ws1/install/learning_interface/include/learning_interface/learning_interface/msg/rosidl_generator_cpp__visibility_control.hpp
[4.239s] -- Up-to-date: /home/pl/ros2_ws1/install/learning_interface/include/learning_interface/learning_interface
[4.239s] -- Up-to-date: /home/pl/ros2_ws1/install/learning_interface/include/learning_interface/learning_interface/action
[4.239s] -- Up-to-date: /home/pl/ros2_ws1/install/learning_interface/include/learning_interface/learning_interface/action/detail
[4.239s] -- Installing: /home/pl/ros2_ws1/install/learning_interface/include/learning_interface/learning_interface/action/detail/move_circle__rosidl_typesupport_fastrtps_cpp.hpp
[4.239s] -- Installing: /home/pl/ros2_ws1/install/learning_interface/include/learning_interface/learning_interface/action/detail/dds_fastrtps
[4.240s] -- Up-to-date: /home/pl/ros2_ws1/install/learning_interface/include/learning_interface/learning_interface/srv
[4.240s] -- Up-to-date: /home/pl/ros2_ws1/install/learning_interface/include/learning_interface/learning_interface/srv/detail
[4.240s] -- Installing: /home/pl/ros2_ws1/install/learning_interface/include/learning_interface/learning_interface/srv/detail/dds_fastrtps
[4.240s] -- Installing: /home/pl/ros2_ws1/install/learning_interface/include/learning_interface/learning_interface/srv/detail/get_object_position__rosidl_typesupport_fastrtps_cpp.hpp
[4.240s] -- Installing: /home/pl/ros2_ws1/install/learning_interface/include/learning_interface/learning_interface/srv/detail/add_two_ints__rosidl_typesupport_fastrtps_cpp.hpp
[4.240s] -- Up-to-date: /home/pl/ros2_ws1/install/learning_interface/include/learning_interface/learning_interface/msg
[4.240s] -- Up-to-date: /home/pl/ros2_ws1/install/learning_interface/include/learning_interface/learning_interface/msg/detail
[4.240s] -- Installing: /home/pl/ros2_ws1/install/learning_interface/include/learning_interface/learning_interface/msg/detail/dds_fastrtps
[4.240s] -- Installing: /home/pl/ros2_ws1/install/learning_interface/include/learning_interface/learning_interface/msg/detail/object_position__rosidl_typesupport_fastrtps_cpp.hpp
[4.240s] -- Installing: /home/pl/ros2_ws1/install/learning_interface/include/learning_interface/learning_interface/msg/rosidl_typesupport_fastrtps_cpp__visibility_control.h
[4.240s] -- Installing: /home/pl/ros2_ws1/install/learning_interface/lib/liblearning_interface__rosidl_typesupport_fastrtps_cpp.so
[4.240s] -- Set runtime path of "/home/pl/ros2_ws1/install/learning_interface/lib/liblearning_interface__rosidl_typesupport_fastrtps_cpp.so" to ""
[4.240s] -- Up-to-date: /home/pl/ros2_ws1/install/learning_interface/include/learning_interface/learning_interface
[4.240s] -- Up-to-date: /home/pl/ros2_ws1/install/learning_interface/include/learning_interface/learning_interface/action
[4.240s] -- Up-to-date: /home/pl/ros2_ws1/install/learning_interface/include/learning_interface/learning_interface/action/detail
[4.240s] -- Installing: /home/pl/ros2_ws1/install/learning_interface/include/learning_interface/learning_interface/action/detail/move_circle__rosidl_typesupport_introspection_cpp.hpp
[4.240s] -- Installing: /home/pl/ros2_ws1/install/learning_interface/include/learning_interface/learning_interface/action/detail/move_circle__type_support.cpp
[4.240s] -- Up-to-date: /home/pl/ros2_ws1/install/learning_interface/include/learning_interface/learning_interface/srv
[4.240s] -- Up-to-date: /home/pl/ros2_ws1/install/learning_interface/include/learning_interface/learning_interface/srv/detail
[4.240s] -- Installing: /home/pl/ros2_ws1/install/learning_interface/include/learning_interface/learning_interface/srv/detail/get_object_position__rosidl_typesupport_introspection_cpp.hpp
[4.240s] -- Installing: /home/pl/ros2_ws1/install/learning_interface/include/learning_interface/learning_interface/srv/detail/add_two_ints__rosidl_typesupport_introspection_cpp.hpp
[4.240s] -- Installing: /home/pl/ros2_ws1/install/learning_interface/include/learning_interface/learning_interface/srv/detail/add_two_ints__type_support.cpp
[4.240s] -- Installing: /home/pl/ros2_ws1/install/learning_interface/include/learning_interface/learning_interface/srv/detail/get_object_position__type_support.cpp
[4.240s] -- Up-to-date: /home/pl/ros2_ws1/install/learning_interface/include/learning_interface/learning_interface/msg
[4.240s] -- Up-to-date: /home/pl/ros2_ws1/install/learning_interface/include/learning_interface/learning_interface/msg/detail
[4.240s] -- Installing: /home/pl/ros2_ws1/install/learning_interface/include/learning_interface/learning_interface/msg/detail/object_position__rosidl_typesupport_introspection_cpp.hpp
[4.240s] -- Installing: /home/pl/ros2_ws1/install/learning_interface/include/learning_interface/learning_interface/msg/detail/object_position__type_support.cpp
[4.241s] -- Installing: /home/pl/ros2_ws1/install/learning_interface/lib/liblearning_interface__rosidl_typesupport_introspection_cpp.so
[4.241s] -- Set runtime path of "/home/pl/ros2_ws1/install/learning_interface/lib/liblearning_interface__rosidl_typesupport_introspection_cpp.so" to ""
[4.241s] -- Installing: /home/pl/ros2_ws1/install/learning_interface/lib/liblearning_interface__rosidl_typesupport_cpp.so
[4.241s] -- Set runtime path of "/home/pl/ros2_ws1/install/learning_interface/lib/liblearning_interface__rosidl_typesupport_cpp.so" to ""
[4.241s] -- Installing: /home/pl/ros2_ws1/install/learning_interface/share/learning_interface/environment/pythonpath.sh
[4.241s] -- Installing: /home/pl/ros2_ws1/install/learning_interface/share/learning_interface/environment/pythonpath.dsv
[4.241s] -- Installing: /home/pl/ros2_ws1/install/learning_interface/local/lib/python3.10/dist-packages/learning_interface-0.0.0-py3.10.egg-info
[4.241s] -- Installing: /home/pl/ros2_ws1/install/learning_interface/local/lib/python3.10/dist-packages/learning_interface-0.0.0-py3.10.egg-info/dependency_links.txt
[4.241s] -- Installing: /home/pl/ros2_ws1/install/learning_interface/local/lib/python3.10/dist-packages/learning_interface-0.0.0-py3.10.egg-info/SOURCES.txt
[4.241s] -- Installing: /home/pl/ros2_ws1/install/learning_interface/local/lib/python3.10/dist-packages/learning_interface-0.0.0-py3.10.egg-info/top_level.txt
[4.241s] -- Installing: /home/pl/ros2_ws1/install/learning_interface/local/lib/python3.10/dist-packages/learning_interface-0.0.0-py3.10.egg-info/PKG-INFO
[4.241s] -- Installing: /home/pl/ros2_ws1/install/learning_interface/local/lib/python3.10/dist-packages/learning_interface
[4.241s] -- Installing: /home/pl/ros2_ws1/install/learning_interface/local/lib/python3.10/dist-packages/learning_interface/liblearning_interface__rosidl_generator_py.so
[4.241s] -- Installing: /home/pl/ros2_ws1/install/learning_interface/local/lib/python3.10/dist-packages/learning_interface/_learning_interface_s.ep.rosidl_typesupport_introspection_c.c
[4.241s] -- Installing: /home/pl/ros2_ws1/install/learning_interface/local/lib/python3.10/dist-packages/learning_interface/__init__.py
[4.241s] -- Installing: /home/pl/ros2_ws1/install/learning_interface/local/lib/python3.10/dist-packages/learning_interface/_learning_interface_s.ep.rosidl_typesupport_fastrtps_c.c
[4.241s] -- Installing: /home/pl/ros2_ws1/install/learning_interface/local/lib/python3.10/dist-packages/learning_interface/learning_interface_s__rosidl_typesupport_fastrtps_c.cpython-310-x86_64-linux-gnu.so
[4.241s] -- Installing: /home/pl/ros2_ws1/install/learning_interface/local/lib/python3.10/dist-packages/learning_interface/action
[4.241s] -- Installing: /home/pl/ros2_ws1/install/learning_interface/local/lib/python3.10/dist-packages/learning_interface/action/__init__.py
[4.241s] -- Installing: /home/pl/ros2_ws1/install/learning_interface/local/lib/python3.10/dist-packages/learning_interface/action/_move_circle_s.c
[4.242s] -- Installing: /home/pl/ros2_ws1/install/learning_interface/local/lib/python3.10/dist-packages/learning_interface/action/_move_circle.py
[4.242s] -- Installing: /home/pl/ros2_ws1/install/learning_interface/local/lib/python3.10/dist-packages/learning_interface/learning_interface_s__rosidl_typesupport_c.cpython-310-x86_64-linux-gnu.so
[4.242s] -- Installing: /home/pl/ros2_ws1/install/learning_interface/local/lib/python3.10/dist-packages/learning_interface/_learning_interface_s.ep.rosidl_typesupport_c.c
[4.242s] -- Installing: /home/pl/ros2_ws1/install/learning_interface/local/lib/python3.10/dist-packages/learning_interface/srv
[4.242s] -- Installing: /home/pl/ros2_ws1/install/learning_interface/local/lib/python3.10/dist-packages/learning_interface/srv/_add_two_ints_s.c
[4.242s] -- Installing: /home/pl/ros2_ws1/install/learning_interface/local/lib/python3.10/dist-packages/learning_interface/srv/_add_two_ints.py
[4.242s] -- Installing: /home/pl/ros2_ws1/install/learning_interface/local/lib/python3.10/dist-packages/learning_interface/srv/_get_object_position_s.c
[4.242s] -- Installing: /home/pl/ros2_ws1/install/learning_interface/local/lib/python3.10/dist-packages/learning_interface/srv/__init__.py
[4.242s] -- Installing: /home/pl/ros2_ws1/install/learning_interface/local/lib/python3.10/dist-packages/learning_interface/srv/_get_object_position.py
[4.242s] -- Installing: /home/pl/ros2_ws1/install/learning_interface/local/lib/python3.10/dist-packages/learning_interface/msg
[4.242s] -- Installing: /home/pl/ros2_ws1/install/learning_interface/local/lib/python3.10/dist-packages/learning_interface/msg/_object_position_s.c
[4.242s] -- Installing: /home/pl/ros2_ws1/install/learning_interface/local/lib/python3.10/dist-packages/learning_interface/msg/__init__.py
[4.242s] -- Installing: /home/pl/ros2_ws1/install/learning_interface/local/lib/python3.10/dist-packages/learning_interface/msg/_object_position.py
[4.242s] -- Installing: /home/pl/ros2_ws1/install/learning_interface/local/lib/python3.10/dist-packages/learning_interface/learning_interface_s__rosidl_typesupport_introspection_c.cpython-310-x86_64-linux-gnu.so
[4.276s] Listing '/home/pl/ros2_ws1/install/learning_interface/local/lib/python3.10/dist-packages/learning_interface'...
[4.276s] Compiling '/home/pl/ros2_ws1/install/learning_interface/local/lib/python3.10/dist-packages/learning_interface/__init__.py'...
[4.276s] Listing '/home/pl/ros2_ws1/install/learning_interface/local/lib/python3.10/dist-packages/learning_interface/action'...
[4.276s] Compiling '/home/pl/ros2_ws1/install/learning_interface/local/lib/python3.10/dist-packages/learning_interface/action/__init__.py'...
[4.276s] Compiling '/home/pl/ros2_ws1/install/learning_interface/local/lib/python3.10/dist-packages/learning_interface/action/_move_circle.py'...
[4.276s] Listing '/home/pl/ros2_ws1/install/learning_interface/local/lib/python3.10/dist-packages/learning_interface/msg'...
[4.276s] Compiling '/home/pl/ros2_ws1/install/learning_interface/local/lib/python3.10/dist-packages/learning_interface/msg/__init__.py'...
[4.276s] Compiling '/home/pl/ros2_ws1/install/learning_interface/local/lib/python3.10/dist-packages/learning_interface/msg/_object_position.py'...
[4.276s] Listing '/home/pl/ros2_ws1/install/learning_interface/local/lib/python3.10/dist-packages/learning_interface/srv'...
[4.276s] Compiling '/home/pl/ros2_ws1/install/learning_interface/local/lib/python3.10/dist-packages/learning_interface/srv/__init__.py'...
[4.276s] Compiling '/home/pl/ros2_ws1/install/learning_interface/local/lib/python3.10/dist-packages/learning_interface/srv/_add_two_ints.py'...
[4.276s] Compiling '/home/pl/ros2_ws1/install/learning_interface/local/lib/python3.10/dist-packages/learning_interface/srv/_get_object_position.py'...
[4.280s] -- Installing: /home/pl/ros2_ws1/install/learning_interface/local/lib/python3.10/dist-packages/learning_interface/learning_interface_s__rosidl_typesupport_fastrtps_c.cpython-310-x86_64-linux-gnu.so
[4.280s] -- Set runtime path of "/home/pl/ros2_ws1/install/learning_interface/local/lib/python3.10/dist-packages/learning_interface/learning_interface_s__rosidl_typesupport_fastrtps_c.cpython-310-x86_64-linux-gnu.so" to ""
[4.280s] -- Installing: /home/pl/ros2_ws1/install/learning_interface/local/lib/python3.10/dist-packages/learning_interface/learning_interface_s__rosidl_typesupport_introspection_c.cpython-310-x86_64-linux-gnu.so
[4.280s] -- Set runtime path of "/home/pl/ros2_ws1/install/learning_interface/local/lib/python3.10/dist-packages/learning_interface/learning_interface_s__rosidl_typesupport_introspection_c.cpython-310-x86_64-linux-gnu.so" to ""
[4.280s] -- Installing: /home/pl/ros2_ws1/install/learning_interface/local/lib/python3.10/dist-packages/learning_interface/learning_interface_s__rosidl_typesupport_c.cpython-310-x86_64-linux-gnu.so
[4.281s] -- Set runtime path of "/home/pl/ros2_ws1/install/learning_interface/local/lib/python3.10/dist-packages/learning_interface/learning_interface_s__rosidl_typesupport_c.cpython-310-x86_64-linux-gnu.so" to ""
[4.281s] -- Installing: /home/pl/ros2_ws1/install/learning_interface/lib/liblearning_interface__rosidl_generator_py.so
[4.281s] -- Set runtime path of "/home/pl/ros2_ws1/install/learning_interface/lib/liblearning_interface__rosidl_generator_py.so" to ""
[4.281s] -- Installing: /home/pl/ros2_ws1/install/learning_interface/share/learning_interface/msg/ObjectPosition.idl
[4.281s] -- Installing: /home/pl/ros2_ws1/install/learning_interface/share/learning_interface/srv/AddTwoInts.idl
[4.281s] -- Installing: /home/pl/ros2_ws1/install/learning_interface/share/learning_interface/srv/GetObjectPosition.idl
[4.281s] -- Installing: /home/pl/ros2_ws1/install/learning_interface/share/learning_interface/action/MoveCircle.idl
[4.282s] -- Installing: /home/pl/ros2_ws1/install/learning_interface/share/learning_interface/msg/ObjectPosition.msg
[4.282s] -- Installing: /home/pl/ros2_ws1/install/learning_interface/share/learning_interface/srv/AddTwoInts.srv
[4.282s] -- Installing: /home/pl/ros2_ws1/install/learning_interface/share/learning_interface/srv/AddTwoInts_Request.msg
[4.282s] -- Installing: /home/pl/ros2_ws1/install/learning_interface/share/learning_interface/srv/AddTwoInts_Response.msg
[4.282s] -- Installing: /home/pl/ros2_ws1/install/learning_interface/share/learning_interface/srv/GetObjectPosition.srv
[4.282s] -- Installing: /home/pl/ros2_ws1/install/learning_interface/share/learning_interface/srv/GetObjectPosition_Request.msg
[4.282s] -- Installing: /home/pl/ros2_ws1/install/learning_interface/share/learning_interface/srv/GetObjectPosition_Response.msg
[4.282s] -- Installing: /home/pl/ros2_ws1/install/learning_interface/share/learning_interface/action/MoveCircle.action
[4.283s] -- Installing: /home/pl/ros2_ws1/install/learning_interface/share/ament_index/resource_index/package_run_dependencies/learning_interface
[4.283s] -- Installing: /home/pl/ros2_ws1/install/learning_interface/share/ament_index/resource_index/parent_prefix_path/learning_interface
[4.283s] -- Installing: /home/pl/ros2_ws1/install/learning_interface/share/learning_interface/environment/ament_prefix_path.sh
[4.283s] -- Installing: /home/pl/ros2_ws1/install/learning_interface/share/learning_interface/environment/ament_prefix_path.dsv
[4.283s] -- Installing: /home/pl/ros2_ws1/install/learning_interface/share/learning_interface/environment/path.sh
[4.283s] -- Installing: /home/pl/ros2_ws1/install/learning_interface/share/learning_interface/environment/path.dsv
[4.283s] -- Installing: /home/pl/ros2_ws1/install/learning_interface/share/learning_interface/local_setup.bash
[4.284s] -- Installing: /home/pl/ros2_ws1/install/learning_interface/share/learning_interface/local_setup.sh
[4.284s] -- Installing: /home/pl/ros2_ws1/install/learning_interface/share/learning_interface/local_setup.zsh
[4.284s] -- Installing: /home/pl/ros2_ws1/install/learning_interface/share/learning_interface/local_setup.dsv
[4.284s] -- Installing: /home/pl/ros2_ws1/install/learning_interface/share/learning_interface/package.dsv
[4.284s] -- Installing: /home/pl/ros2_ws1/install/learning_interface/share/ament_index/resource_index/packages/learning_interface
[4.284s] -- Installing: /home/pl/ros2_ws1/install/learning_interface/share/learning_interface/cmake/export_learning_interface__rosidl_generator_cExport.cmake
[4.285s] -- Installing: /home/pl/ros2_ws1/install/learning_interface/share/learning_interface/cmake/export_learning_interface__rosidl_generator_cExport-noconfig.cmake
[4.285s] -- Installing: /home/pl/ros2_ws1/install/learning_interface/share/learning_interface/cmake/export_learning_interface__rosidl_typesupport_fastrtps_cExport.cmake
[4.285s] -- Installing: /home/pl/ros2_ws1/install/learning_interface/share/learning_interface/cmake/export_learning_interface__rosidl_typesupport_fastrtps_cExport-noconfig.cmake
[4.285s] -- Installing: /home/pl/ros2_ws1/install/learning_interface/share/learning_interface/cmake/learning_interface__rosidl_typesupport_introspection_cExport.cmake
[4.285s] -- Installing: /home/pl/ros2_ws1/install/learning_interface/share/learning_interface/cmake/learning_interface__rosidl_typesupport_introspection_cExport-noconfig.cmake
[4.285s] -- Installing: /home/pl/ros2_ws1/install/learning_interface/share/learning_interface/cmake/learning_interface__rosidl_typesupport_cExport.cmake
[4.285s] -- Installing: /home/pl/ros2_ws1/install/learning_interface/share/learning_interface/cmake/learning_interface__rosidl_typesupport_cExport-noconfig.cmake
[4.285s] -- Installing: /home/pl/ros2_ws1/install/learning_interface/share/learning_interface/cmake/export_learning_interface__rosidl_generator_cppExport.cmake
[4.285s] -- Installing: /home/pl/ros2_ws1/install/learning_interface/share/learning_interface/cmake/export_learning_interface__rosidl_typesupport_fastrtps_cppExport.cmake
[4.285s] -- Installing: /home/pl/ros2_ws1/install/learning_interface/share/learning_interface/cmake/export_learning_interface__rosidl_typesupport_fastrtps_cppExport-noconfig.cmake
[4.286s] -- Installing: /home/pl/ros2_ws1/install/learning_interface/share/learning_interface/cmake/learning_interface__rosidl_typesupport_introspection_cppExport.cmake
[4.286s] -- Installing: /home/pl/ros2_ws1/install/learning_interface/share/learning_interface/cmake/learning_interface__rosidl_typesupport_introspection_cppExport-noconfig.cmake
[4.286s] -- Installing: /home/pl/ros2_ws1/install/learning_interface/share/learning_interface/cmake/learning_interface__rosidl_typesupport_cppExport.cmake
[4.286s] -- Installing: /home/pl/ros2_ws1/install/learning_interface/share/learning_interface/cmake/learning_interface__rosidl_typesupport_cppExport-noconfig.cmake
[4.286s] -- Installing: /home/pl/ros2_ws1/install/learning_interface/share/learning_interface/cmake/export_learning_interface__rosidl_generator_pyExport.cmake
[4.286s] -- Installing: /home/pl/ros2_ws1/install/learning_interface/share/learning_interface/cmake/export_learning_interface__rosidl_generator_pyExport-noconfig.cmake
[4.286s] -- Installing: /home/pl/ros2_ws1/install/learning_interface/share/learning_interface/cmake/rosidl_cmake-extras.cmake
[4.286s] -- Installing: /home/pl/ros2_ws1/install/learning_interface/share/learning_interface/cmake/ament_cmake_export_dependencies-extras.cmake
[4.286s] -- Installing: /home/pl/ros2_ws1/install/learning_interface/share/learning_interface/cmake/ament_cmake_export_include_directories-extras.cmake
[4.286s] -- Installing: /home/pl/ros2_ws1/install/learning_interface/share/learning_interface/cmake/ament_cmake_export_libraries-extras.cmake
[4.287s] -- Installing: /home/pl/ros2_ws1/install/learning_interface/share/learning_interface/cmake/ament_cmake_export_targets-extras.cmake
[4.287s] -- Installing: /home/pl/ros2_ws1/install/learning_interface/share/learning_interface/cmake/rosidl_cmake_export_typesupport_targets-extras.cmake
[4.287s] -- Installing: /home/pl/ros2_ws1/install/learning_interface/share/learning_interface/cmake/rosidl_cmake_export_typesupport_libraries-extras.cmake
[4.287s] -- Installing: /home/pl/ros2_ws1/install/learning_interface/share/learning_interface/cmake/learning_interfaceConfig.cmake
[4.287s] -- Installing: /home/pl/ros2_ws1/install/learning_interface/share/learning_interface/cmake/learning_interfaceConfig-version.cmake
[4.287s] -- Installing: /home/pl/ros2_ws1/install/learning_interface/share/learning_interface/package.xml
[4.288s] Invoked command in '/home/pl/ros2_ws1/build/learning_interface' returned '0': CMAKE_PREFIX_PATH=${CMAKE_PREFIX_PATH}:/home/pl/ros2_ws1/install/sdk_topic:/opt/ros/humble /usr/bin/cmake --install /home/pl/ros2_ws1/build/learning_interface
