[0.477s] Invoking command in '/home/pl/ros2_ws1/src/haik/sdk_topic': DEBUGINFOD_URLS=https://debuginfod.ubuntu.com PYTHONPATH=/home/pl/ros2_ws1/build/sdk_topic/prefix_override:/usr/lib/python3/dist-packages/colcon_core/task/python/colcon_distutils_commands:/home/pl/ros2_ws1/install/sdk_topic/lib/python3.10/site-packages:${PYTHONPATH} /usr/bin/python3 -W ignore:setup.py install is deprecated -W ignore:easy_install command is deprecated setup.py egg_info --egg-base ../../../build/sdk_topic build --build-base /home/pl/ros2_ws1/build/sdk_topic/build install --record /home/pl/ros2_ws1/build/sdk_topic/install.log --single-version-externally-managed install_data
[0.612s] running egg_info
[0.613s] writing ../../../build/sdk_topic/sdk_topic.egg-info/PKG-INFO
[0.613s] writing dependency_links to ../../../build/sdk_topic/sdk_topic.egg-info/dependency_links.txt
[0.613s] writing entry points to ../../../build/sdk_topic/sdk_topic.egg-info/entry_points.txt
[0.613s] writing requirements to ../../../build/sdk_topic/sdk_topic.egg-info/requires.txt
[0.613s] writing top-level names to ../../../build/sdk_topic/sdk_topic.egg-info/top_level.txt
[0.614s] reading manifest file '../../../build/sdk_topic/sdk_topic.egg-info/SOURCES.txt'
[0.614s] writing manifest file '../../../build/sdk_topic/sdk_topic.egg-info/SOURCES.txt'
[0.614s] running build
[0.614s] running build_py
[0.614s] copying sdk_topic/camera_calibrator.py -> /home/pl/ros2_ws1/build/sdk_topic/build/lib/sdk_topic
[0.615s] copying sdk_topic/camera_checker.py -> /home/pl/ros2_ws1/build/sdk_topic/build/lib/sdk_topic
[0.615s] copying sdk_topic/calibrator.py -> /home/pl/ros2_ws1/build/sdk_topic/build/lib/sdk_topic
[0.615s] running install
[0.615s] running install_lib
[0.615s] copying /home/pl/ros2_ws1/build/sdk_topic/build/lib/sdk_topic/camera_calibrator.py -> /home/pl/ros2_ws1/install/sdk_topic/lib/python3.10/site-packages/sdk_topic
[0.616s] copying /home/pl/ros2_ws1/build/sdk_topic/build/lib/sdk_topic/camera_checker.py -> /home/pl/ros2_ws1/install/sdk_topic/lib/python3.10/site-packages/sdk_topic
[0.616s] copying /home/pl/ros2_ws1/build/sdk_topic/build/lib/sdk_topic/calibrator.py -> /home/pl/ros2_ws1/install/sdk_topic/lib/python3.10/site-packages/sdk_topic
[0.616s] byte-compiling /home/pl/ros2_ws1/install/sdk_topic/lib/python3.10/site-packages/sdk_topic/camera_calibrator.py to camera_calibrator.cpython-310.pyc
[0.618s] byte-compiling /home/pl/ros2_ws1/install/sdk_topic/lib/python3.10/site-packages/sdk_topic/camera_checker.py to camera_checker.cpython-310.pyc
[0.619s] byte-compiling /home/pl/ros2_ws1/install/sdk_topic/lib/python3.10/site-packages/sdk_topic/calibrator.py to calibrator.cpython-310.pyc
[0.627s] running install_data
[0.627s] running install_egg_info
[0.628s] removing '/home/pl/ros2_ws1/install/sdk_topic/lib/python3.10/site-packages/sdk_topic-0.0.0-py3.10.egg-info' (and everything under it)
[0.628s] Copying ../../../build/sdk_topic/sdk_topic.egg-info to /home/pl/ros2_ws1/install/sdk_topic/lib/python3.10/site-packages/sdk_topic-0.0.0-py3.10.egg-info
[0.628s] running install_scripts
[0.641s] Installing bd script to /home/pl/ros2_ws1/install/sdk_topic/lib/sdk_topic
[0.641s] Installing cameracalibrator script to /home/pl/ros2_ws1/install/sdk_topic/lib/sdk_topic
[0.641s] Installing cameracheck script to /home/pl/ros2_ws1/install/sdk_topic/lib/sdk_topic
[0.642s] writing list of installed files to '/home/pl/ros2_ws1/build/sdk_topic/install.log'
[0.654s] Invoked command in '/home/pl/ros2_ws1/src/haik/sdk_topic' returned '0': DEBUGINFOD_URLS=https://debuginfod.ubuntu.com PYTHONPATH=/home/pl/ros2_ws1/build/sdk_topic/prefix_override:/usr/lib/python3/dist-packages/colcon_core/task/python/colcon_distutils_commands:/home/pl/ros2_ws1/install/sdk_topic/lib/python3.10/site-packages:${PYTHONPATH} /usr/bin/python3 -W ignore:setup.py install is deprecated -W ignore:easy_install command is deprecated setup.py egg_info --egg-base ../../../build/sdk_topic build --build-base /home/pl/ros2_ws1/build/sdk_topic/build install --record /home/pl/ros2_ws1/build/sdk_topic/install.log --single-version-externally-managed install_data
