[0.530s] Invoking command in '/home/pl/ros2_ws1/src/haik/sdk_topic': PYTHONPATH=/home/pl/ros2_ws1/build/sdk_topic/prefix_override:/usr/lib/python3/dist-packages/colcon_core/task/python/colcon_distutils_commands:/home/pl/ros2_ws1/install/sdk_topic/lib/python3.10/site-packages:${PYTHONPATH} /usr/bin/python3 -W ignore:setup.py install is deprecated -W ignore:easy_install command is deprecated setup.py egg_info --egg-base ../../../build/sdk_topic build --build-base /home/pl/ros2_ws1/build/sdk_topic/build install --record /home/pl/ros2_ws1/build/sdk_topic/install.log --single-version-externally-managed install_data
[0.703s] running egg_info
[0.704s] writing ../../../build/sdk_topic/sdk_topic.egg-info/PKG-INFO
[0.704s] writing dependency_links to ../../../build/sdk_topic/sdk_topic.egg-info/dependency_links.txt
[0.704s] writing entry points to ../../../build/sdk_topic/sdk_topic.egg-info/entry_points.txt
[0.704s] writing requirements to ../../../build/sdk_topic/sdk_topic.egg-info/requires.txt
[0.705s] writing top-level names to ../../../build/sdk_topic/sdk_topic.egg-info/top_level.txt
[0.706s] reading manifest file '../../../build/sdk_topic/sdk_topic.egg-info/SOURCES.txt'
[0.706s] writing manifest file '../../../build/sdk_topic/sdk_topic.egg-info/SOURCES.txt'
[0.706s] running build
[0.706s] running build_py
[0.707s] running install
[0.707s] running install_lib
[0.709s] running install_data
[0.709s] running install_egg_info
[0.710s] removing '/home/pl/ros2_ws1/install/sdk_topic/lib/python3.10/site-packages/sdk_topic-0.0.0-py3.10.egg-info' (and everything under it)
[0.710s] Copying ../../../build/sdk_topic/sdk_topic.egg-info to /home/pl/ros2_ws1/install/sdk_topic/lib/python3.10/site-packages/sdk_topic-0.0.0-py3.10.egg-info
[0.710s] running install_scripts
[0.727s] Installing print_fps script to /home/pl/ros2_ws1/install/sdk_topic/lib/sdk_topic
[0.727s] Installing sdk_pub script to /home/pl/ros2_ws1/install/sdk_topic/lib/sdk_topic
[0.727s] Installing sdk_sub script to /home/pl/ros2_ws1/install/sdk_topic/lib/sdk_topic
[0.727s] writing list of installed files to '/home/pl/ros2_ws1/build/sdk_topic/install.log'
[0.746s] Invoked command in '/home/pl/ros2_ws1/src/haik/sdk_topic' returned '0': PYTHONPATH=/home/pl/ros2_ws1/build/sdk_topic/prefix_override:/usr/lib/python3/dist-packages/colcon_core/task/python/colcon_distutils_commands:/home/pl/ros2_ws1/install/sdk_topic/lib/python3.10/site-packages:${PYTHONPATH} /usr/bin/python3 -W ignore:setup.py install is deprecated -W ignore:easy_install command is deprecated setup.py egg_info --egg-base ../../../build/sdk_topic build --build-base /home/pl/ros2_ws1/build/sdk_topic/build install --record /home/pl/ros2_ws1/build/sdk_topic/install.log --single-version-externally-managed install_data
