/usr/bin/ld: /lib/libgdal.so.30: undefined reference to `curl_easy_getinfo@CURL_OPENSSL_4'
/usr/bin/ld: /lib/libgdal.so.30: undefined reference to `curl_multi_perform@CURL_OPENSSL_4'
/usr/bin/ld: /lib/libgdal.so.30: undefined reference to `curl_multi_cleanup@CURL_OPENSSL_4'
/usr/bin/ld: /lib/x86_64-linux-gnu/libnetcdf.so.19: undefined reference to `curl_global_init@CURL_OPENSSL_4'
/usr/bin/ld: /lib/libgdal.so.30: undefined reference to `curl_mime_init@CURL_OPENSSL_4'
/usr/bin/ld: /lib/libgdal.so.30: undefined reference to `TIFFReadFromUserBuffer@LIBTIFF_4.0'
/usr/bin/ld: /lib/libgdal.so.30: undefined reference to `TIFFGetStrileOffsetWithErr@LIBTIFF_4.0'
/usr/bin/ld: /lib/libgdal.so.30: undefined reference to `curl_multi_remove_handle@CURL_OPENSSL_4'
/usr/bin/ld: /lib/libgdal.so.30: undefined reference to `curl_easy_getinfo@CURL_OPENSSL_4'
/usr/bin/ld: /lib/libgdal.so.30: undefined reference to `curl_mime_addpart@CURL_OPENSSL_4'
/usr/bin/ld: /lib/libgdal.so.30: undefined reference to `curl_multi_perform@CURL_OPENSSL_4'
/usr/bin/ld: /lib/libgdal.so.30: undefined reference to `curl_version_info@CURL_OPENSSL_4'
/usr/bin/ld: /lib/libgdal.so.30: undefined reference to `curl_multi_cleanup@CURL_OPENSSL_4'
/usr/bin/ld: /lib/libgdal.so.30: undefined reference to `curl_mime_name@CURL_OPENSSL_4'
/usr/bin/ld: /lib/x86_64-linux-gnu/libnetcdf.so.19: undefined reference to `curl_global_init@CURL_OPENSSL_4'
/usr/bin/ld: /lib/libgdal.so.30: undefined reference to `curl_mime_filename@CURL_OPENSSL_4'
/usr/bin/ld: /lib/libgdal.so.30: undefined reference to `curl_mime_init@CURL_OPENSSL_4'
/usr/bin/ld: /lib/libgdal.so.30: undefined reference to `curl_multi_info_read@CURL_OPENSSL_4'
/usr/bin/ld: /lib/libgdal.so.30: undefined reference to `TIFFReadFromUserBuffer@LIBTIFF_4.0'
/usr/bin/ld: /lib/libgdal.so.30: undefined reference to `curl_easy_setopt@CURL_OPENSSL_4'
/usr/bin/ld: /lib/libgdal.so.30: undefined reference to `TIFFDeferStrileArrayWriting@LIBTIFF_4.0'
/usr/bin/ld: /lib/libgdal.so.30: undefined reference to `TIFFGetStrileOffsetWithErr@LIBTIFF_4.0'
/usr/bin/ld: /lib/libgdal.so.30: undefined reference to `TIFFForceStrileArrayWriting@LIBTIFF_4.0'
/usr/bin/ld: /lib/libgdal.so.30: undefined reference to `curl_multi_remove_handle@CURL_OPENSSL_4'
/usr/bin/ld: /lib/libgdal.so.30: undefined reference to `TIFFReadRGBATileExt@LIBTIFF_4.0'
/usr/bin/ld: /lib/libgdal.so.30: undefined reference to `curl_mime_addpart@CURL_OPENSSL_4'
/usr/bin/ld: /lib/libgdal.so.30: undefined reference to `curl_mime_free@CURL_OPENSSL_4'
/usr/bin/ld: /lib/libgdal.so.30: undefined reference to `curl_version_info@CURL_OPENSSL_4'
/usr/bin/ld: /lib/libgdal.so.30: undefined reference to `curl_easy_cleanup@CURL_OPENSSL_4'
/usr/bin/ld: /lib/libgdal.so.30: undefined reference to `curl_mime_name@CURL_OPENSSL_4'
/usr/bin/ld: /lib/libgdal.so.30: undefined reference to `curl_mime_data_cb@CURL_OPENSSL_4'
/usr/bin/ld: /lib/libgdal.so.30: undefined reference to `curl_mime_filename@CURL_OPENSSL_4'
/usr/bin/ld: /lib/libgdal.so.30: undefined reference to `curl_multi_info_read@CURL_OPENSSL_4'
/usr/bin/ld: /lib/libgdal.so.30: undefined reference to `TIFFReadRGBAStripExt@LIBTIFF_4.0'
/usr/bin/ld: /lib/libgdal.so.30: undefined reference to `curl_easy_perform@CURL_OPENSSL_4'
/usr/bin/ld: /lib/libgdal.so.30: undefined reference to `curl_easy_setopt@CURL_OPENSSL_4'
/usr/bin/ld: /lib/libgdal.so.30: undefined reference to `curl_easy_init@CURL_OPENSSL_4'
/usr/bin/ld: /lib/libgdal.so.30: undefined reference to `TIFFDeferStrileArrayWriting@LIBTIFF_4.0'
/usr/bin/ld: /lib/libgdal.so.30: undefined reference to `TIFFForceStrileArrayWriting@LIBTIFF_4.0'
/usr/bin/ld: /lib/libgdal.so.30: undefined reference to `curl_multi_add_handle@CURL_OPENSSL_4'
/usr/bin/ld: /lib/libgdal.so.30: undefined reference to `TIFFReadRGBATileExt@LIBTIFF_4.0'
/usr/bin/ld: /lib/libgdal.so.30: undefined reference to `TIFFGetStrileOffset@LIBTIFF_4.0'
/usr/bin/ld: /lib/libgdal.so.30: undefined reference to `curl_mime_free@CURL_OPENSSL_4'
/usr/bin/ld: /lib/libgdal.so.30: undefined reference to `curl_easy_cleanup@CURL_OPENSSL_4'
/usr/bin/ld: /lib/libgdal.so.30: undefined reference to `TIFFGetStrileByteCount@LIBTIFF_4.0'
/usr/bin/ld: /lib/libgdal.so.30: undefined reference to `curl_mime_data_cb@CURL_OPENSSL_4'
/usr/bin/ld: /lib/libgdal.so.30: undefined reference to `curl_slist_free_all@CURL_OPENSSL_4'
/usr/bin/ld: /lib/x86_64-linux-gnu/libnetcdf.so.19: undefined reference to `curl_easy_strerror@CURL_OPENSSL_4'
/usr/bin/ld: /lib/libgdal.so.30: undefined reference to `TIFFReadRGBAStripExt@LIBTIFF_4.0'
/usr/bin/ld: /lib/libgdal.so.30: undefined reference to `TIFFGetStrileByteCountWithErr@LIBTIFF_4.0'
/usr/bin/ld: /lib/libgdal.so.30: undefined reference to `curl_easy_perform@CURL_OPENSSL_4'
/usr/bin/ld: /lib/libgdal.so.30: undefined reference to `curl_slist_append@CURL_OPENSSL_4'
/usr/bin/ld: /lib/libgdal.so.30: undefined reference to `curl_easy_init@CURL_OPENSSL_4'
/usr/bin/ld: /lib/libgdal.so.30: undefined reference to `curl_multi_poll@CURL_OPENSSL_4'
/usr/bin/ld: /lib/libgdal.so.30: undefined reference to `curl_version@CURL_OPENSSL_4'
/usr/bin/ld: /lib/libgdal.so.30: undefined reference to `curl_multi_add_handle@CURL_OPENSSL_4'
/usr/bin/ld: /lib/libgdal.so.30: undefined reference to `curl_multi_setopt@CURL_OPENSSL_4'
/usr/bin/ld: /lib/libgdal.so.30: undefined reference to `curl_mime_data@CURL_OPENSSL_4'
/usr/bin/ld: /lib/libgdal.so.30: undefined reference to `TIFFGetStrileOffset@LIBTIFF_4.0'
/usr/bin/ld: /lib/libgdal.so.30: undefined reference to `curl_multi_init@CURL_OPENSSL_4'
/usr/bin/ld: /lib/libgdal.so.30: undefined reference to `TIFFGetStrileByteCount@LIBTIFF_4.0'
/usr/bin/ld: /lib/libgdal.so.30: undefined reference to `curl_multi_wait@CURL_OPENSSL_4'
/usr/bin/ld: /lib/libgdal.so.30: undefined reference to `curl_slist_free_all@CURL_OPENSSL_4'
/usr/bin/ld: /lib/x86_64-linux-gnu/libnetcdf.so.19: undefined reference to `curl_global_cleanup@CURL_OPENSSL_4'
/usr/bin/ld: /lib/x86_64-linux-gnu/libnetcdf.so.19: undefined reference to `curl_easy_strerror@CURL_OPENSSL_4'
/usr/bin/ld: /lib/libgdal.so.30: undefined reference to `TIFFGetStrileByteCountWithErr@LIBTIFF_4.0'
/usr/bin/ld: /lib/libgdal.so.30: undefined reference to `curl_slist_append@CURL_OPENSSL_4'
/usr/bin/ld: /lib/libgdal.so.30: undefined reference to `curl_multi_poll@CURL_OPENSSL_4'
/usr/bin/ld: /lib/libgdal.so.30: undefined reference to `curl_version@CURL_OPENSSL_4'
/usr/bin/ld: /lib/libgdal.so.30: undefined reference to `curl_multi_setopt@CURL_OPENSSL_4'
/usr/bin/ld: /lib/libgdal.so.30: undefined reference to `curl_mime_data@CURL_OPENSSL_4'
/usr/bin/ld: /lib/libgdal.so.30: undefined reference to `curl_multi_init@CURL_OPENSSL_4'
/usr/bin/ld: /lib/libgdal.so.30: undefined reference to `curl_multi_wait@CURL_OPENSSL_4'
/usr/bin/ld: /lib/libgdal.so.30: undefined reference to `curl_easy_getinfo@CURL_OPENSSL_4'
/usr/bin/ld: /lib/x86_64-linux-gnu/libnetcdf.so.19: undefined reference to `curl_global_cleanup@CURL_OPENSSL_4'
/usr/bin/ld: /lib/libgdal.so.30: undefined reference to `curl_multi_perform@CURL_OPENSSL_4'
/usr/bin/ld: /lib/libgdal.so.30: undefined reference to `curl_multi_cleanup@CURL_OPENSSL_4'
/usr/bin/ld: /lib/x86_64-linux-gnu/libnetcdf.so.19: undefined reference to `curl_global_init@CURL_OPENSSL_4'
collect2: error: ld returned 1 exit status
/usr/bin/ld: /lib/libgdal.so.30: undefined reference to `curl_mime_init@CURL_OPENSSL_4'
gmake[2]: *** [CMakeFiles/image_view.dir/build.make:261：image_view] 错误 1
/usr/bin/ld: /lib/libgdal.so.30: undefined reference to `TIFFReadFromUserBuffer@LIBTIFF_4.0'
gmake[1]: *** [CMakeFiles/Makefile2:201：CMakeFiles/image_view.dir/all] 错误 2
gmake[1]: *** 正在等待未完成的任务....
/usr/bin/ld: /lib/libgdal.so.30: undefined reference to `TIFFGetStrileOffsetWithErr@LIBTIFF_4.0'
/usr/bin/ld: /lib/libgdal.so.30: undefined reference to `curl_multi_remove_handle@CURL_OPENSSL_4'
/usr/bin/ld: /lib/libgdal.so.30: undefined reference to `curl_mime_addpart@CURL_OPENSSL_4'
/usr/bin/ld: /lib/libgdal.so.30: undefined reference to `curl_version_info@CURL_OPENSSL_4'
/usr/bin/ld: /lib/libgdal.so.30: undefined reference to `curl_mime_name@CURL_OPENSSL_4'
collect2: error: ld returned 1 exit status
/usr/bin/ld: /lib/libgdal.so.30: undefined reference to `curl_mime_filename@CURL_OPENSSL_4'
gmake[2]: *** [CMakeFiles/image_saver.dir/build.make:261：image_saver] 错误 1
/usr/bin/ld: /lib/libgdal.so.30: undefined reference to `curl_multi_info_read@CURL_OPENSSL_4'
gmake[1]: *** [CMakeFiles/Makefile2:279：CMakeFiles/image_saver.dir/all] 错误 2
/usr/bin/ld: /lib/libgdal.so.30: undefined reference to `curl_easy_setopt@CURL_OPENSSL_4'
/usr/bin/ld: /lib/libgdal.so.30: undefined reference to `TIFFDeferStrileArrayWriting@LIBTIFF_4.0'
/usr/bin/ld: /lib/libgdal.so.30: undefined reference to `TIFFForceStrileArrayWriting@LIBTIFF_4.0'
/usr/bin/ld: /lib/libgdal.so.30: undefined reference to `TIFFReadRGBATileExt@LIBTIFF_4.0'
/usr/bin/ld: /lib/libgdal.so.30: undefined reference to `curl_mime_free@CURL_OPENSSL_4'
/usr/bin/ld: /lib/libgdal.so.30: undefined reference to `curl_easy_cleanup@CURL_OPENSSL_4'
/usr/bin/ld: /lib/libgdal.so.30: undefined reference to `curl_mime_data_cb@CURL_OPENSSL_4'
/usr/bin/ld: /lib/libgdal.so.30: undefined reference to `TIFFReadRGBAStripExt@LIBTIFF_4.0'
/usr/bin/ld: /lib/libgdal.so.30: undefined reference to `curl_easy_perform@CURL_OPENSSL_4'
/usr/bin/ld: /lib/libgdal.so.30: undefined reference to `curl_easy_init@CURL_OPENSSL_4'
/usr/bin/ld: /lib/libgdal.so.30: undefined reference to `curl_multi_add_handle@CURL_OPENSSL_4'
/usr/bin/ld: /lib/libgdal.so.30: undefined reference to `TIFFGetStrileOffset@LIBTIFF_4.0'
/usr/bin/ld: /lib/libgdal.so.30: undefined reference to `TIFFGetStrileByteCount@LIBTIFF_4.0'
/usr/bin/ld: /lib/libgdal.so.30: undefined reference to `curl_slist_free_all@CURL_OPENSSL_4'
/usr/bin/ld: /lib/x86_64-linux-gnu/libnetcdf.so.19: undefined reference to `curl_easy_strerror@CURL_OPENSSL_4'
/usr/bin/ld: /lib/libgdal.so.30: undefined reference to `TIFFGetStrileByteCountWithErr@LIBTIFF_4.0'
/usr/bin/ld: /lib/libgdal.so.30: undefined reference to `curl_slist_append@CURL_OPENSSL_4'
/usr/bin/ld: /lib/libgdal.so.30: undefined reference to `curl_multi_poll@CURL_OPENSSL_4'
/usr/bin/ld: /lib/libgdal.so.30: undefined reference to `curl_version@CURL_OPENSSL_4'
/usr/bin/ld: /lib/libgdal.so.30: undefined reference to `curl_multi_setopt@CURL_OPENSSL_4'
/usr/bin/ld: /lib/libgdal.so.30: undefined reference to `curl_mime_data@CURL_OPENSSL_4'
/usr/bin/ld: /lib/libgdal.so.30: undefined reference to `curl_multi_init@CURL_OPENSSL_4'
/usr/bin/ld: /lib/libgdal.so.30: undefined reference to `/usr/bin/ldcurl_easy_getinfo@CURL_OPENSSL_4: '
/lib/libgdal.so.30: undefined reference to `curl_multi_wait@CURL_OPENSSL_4'
/usr/bin/ld: /lib/libgdal.so.30: undefined reference to `curl_easy_getinfo@CURL_OPENSSL_4'
/usr/bin/ld: /lib/libgdal.so.30: undefined reference to `curl_multi_perform@CURL_OPENSSL_4'
/usr/bin/ld: /lib/libgdal.so.30: undefined reference to `curl_multi_cleanup@CURL_OPENSSL_4'
/usr/bin/ld: /lib/libgdal.so.30: undefined reference to `curl_multi_perform@CURL_OPENSSL_4'
/usr/bin/ld: /lib/x86_64-linux-gnu/libnetcdf.so.19: undefined reference to `curl_global_init@CURL_OPENSSL_4'
/usr/bin/ld: /lib/libgdal.so.30: undefined reference to `curl_multi_cleanup@CURL_OPENSSL_4'
/usr/bin/ld: /lib/x86_64-linux-gnu/libnetcdf.so.19: undefined reference to `curl_global_cleanup@CURL_OPENSSL_4'
/usr/bin/ld: /lib/x86_64-linux-gnu/libnetcdf.so.19: undefined reference to `curl_global_init@CURL_OPENSSL_4'
/usr/bin/ld: /lib/libgdal.so.30: undefined reference to `curl_mime_init@CURL_OPENSSL_4'
/usr/bin/ld: /lib/libgdal.so.30: undefined reference to `curl_mime_init@CURL_OPENSSL_4'
/usr/bin/ld: /lib/libgdal.so.30: undefined reference to `TIFFReadFromUserBuffer@LIBTIFF_4.0'
/usr/bin/ld: /lib/libgdal.so.30: undefined reference to `TIFFReadFromUserBuffer@LIBTIFF_4.0'
/usr/bin/ld: /lib/libgdal.so.30: undefined reference to `TIFFGetStrileOffsetWithErr@LIBTIFF_4.0'
/usr/bin/ld: /lib/libgdal.so.30: undefined reference to `curl_multi_remove_handle@CURL_OPENSSL_4'
/usr/bin/ld: /lib/libgdal.so.30: undefined reference to `TIFFGetStrileOffsetWithErr@LIBTIFF_4.0'
/usr/bin/ld: /lib/libgdal.so.30: undefined reference to `curl_multi_remove_handle@CURL_OPENSSL_4'
/usr/bin/ld: /lib/libgdal.so.30: undefined reference to `curl_mime_addpart@CURL_OPENSSL_4'
/usr/bin/ld: /lib/libgdal.so.30: undefined reference to `curl_mime_addpart@CURL_OPENSSL_4'
/usr/bin/ld: /lib/libgdal.so.30: undefined reference to `curl_version_info@CURL_OPENSSL_4'
/usr/bin/ld: /lib/libgdal.so.30: undefined reference to `curl_version_info@CURL_OPENSSL_4'
/usr/bin/ld: /lib/libgdal.so.30: undefined reference to `curl_mime_name@CURL_OPENSSL_4'
/usr/bin/ld: /lib/libgdal.so.30: undefined reference to `curl_mime_name@CURL_OPENSSL_4'
/usr/bin/ld: /lib/libgdal.so.30: undefined reference to `curl_mime_filename@CURL_OPENSSL_4'
/usr/bin/ld: /lib/libgdal.so.30: undefined reference to `curl_mime_filename@CURL_OPENSSL_4'
/usr/bin/ld: /lib/libgdal.so.30: undefined reference to `curl_multi_info_read@CURL_OPENSSL_4'
/usr/bin/ld: /lib/libgdal.so.30: undefined reference to `curl_multi_info_read@CURL_OPENSSL_4'
/usr/bin/ld: /lib/libgdal.so.30: undefined reference to `curl_easy_setopt@CURL_OPENSSL_4'
/usr/bin/ld: /lib/libgdal.so.30: undefined reference to `curl_easy_setopt@CURL_OPENSSL_4'
/usr/bin/ld: /lib/libgdal.so.30: undefined reference to `TIFFDeferStrileArrayWriting@LIBTIFF_4.0'
collect2: error: ld returned 1 exit status
/usr/bin/ld: /lib/libgdal.so.30: undefined reference to `TIFFDeferStrileArrayWriting@LIBTIFF_4.0'
/usr/bin/ld: /lib/libgdal.so.30: undefined reference to `TIFFForceStrileArrayWriting@LIBTIFF_4.0'
/usr/bin/ld: /lib/libgdal.so.30: undefined reference to `TIFFForceStrileArrayWriting@LIBTIFF_4.0'
/usr/bin/ld: /lib/libgdal.so.30: undefined reference to `TIFFReadRGBATileExt@LIBTIFF_4.0'
gmake[2]: *** [CMakeFiles/disparity_view.dir/build.make:261：disparity_view] 错误 1
/usr/bin/ld: /lib/libgdal.so.30: undefined reference to `TIFFReadRGBATileExt@LIBTIFF_4.0'
gmake[1]: *** [CMakeFiles/Makefile2:175：CMakeFiles/disparity_view.dir/all] 错误 2
/usr/bin/ld: /lib/libgdal.so.30: undefined reference to `curl_mime_free@CURL_OPENSSL_4'
/usr/bin/ld: /lib/libgdal.so.30: undefined reference to `curl_mime_free@CURL_OPENSSL_4'
/usr/bin/ld: /lib/libgdal.so.30: undefined reference to `curl_easy_cleanup@CURL_OPENSSL_4'
/usr/bin/ld: /lib/libgdal.so.30: undefined reference to `curl_easy_cleanup@CURL_OPENSSL_4'
/usr/bin/ld: /lib/libgdal.so.30: undefined reference to `curl_mime_data_cb@CURL_OPENSSL_4'
/usr/bin/ld: /lib/libgdal.so.30: undefined reference to `curl_easy_getinfo@CURL_OPENSSL_4'
/usr/bin/ld: /lib/libgdal.so.30: undefined reference to `curl_mime_data_cb@CURL_OPENSSL_4'
/usr/bin/ld: /lib/libgdal.so.30: undefined reference to `curl_multi_perform@CURL_OPENSSL_4'
/usr/bin/ld: /lib/libgdal.so.30: undefined reference to `TIFFReadRGBAStripExt@LIBTIFF_4.0'
/usr/bin/ld: /lib/libgdal.so.30: undefined reference to `TIFFReadRGBAStripExt@LIBTIFF_4.0'
/usr/bin/ld: /lib/libgdal.so.30: undefined reference to `curl_multi_cleanup@CURL_OPENSSL_4'
/usr/bin/ld: /lib/libgdal.so.30: undefined reference to `curl_easy_perform@CURL_OPENSSL_4'
/usr/bin/ld: /lib/libgdal.so.30: undefined reference to `curl_easy_perform@CURL_OPENSSL_4'
/usr/bin/ld: /lib/x86_64-linux-gnu/libnetcdf.so.19: undefined reference to `curl_global_init@CURL_OPENSSL_4'
/usr/bin/ld: /lib/libgdal.so.30: undefined reference to `curl_easy_init@CURL_OPENSSL_4'
/usr/bin/ld: /lib/libgdal.so.30: undefined reference to `curl_easy_init@CURL_OPENSSL_4'
/usr/bin/ld: /lib/libgdal.so.30: undefined reference to `curl_mime_init@CURL_OPENSSL_4'
/usr/bin/ld: /lib/libgdal.so.30: undefined reference to `TIFFReadFromUserBuffer@LIBTIFF_4.0'
/usr/bin/ld: /lib/libgdal.so.30: undefined reference to `curl_multi_add_handle@CURL_OPENSSL_4'
/usr/bin/ld: /lib/libgdal.so.30: undefined reference to `curl_multi_add_handle@CURL_OPENSSL_4'
/usr/bin/ld: /lib/libgdal.so.30: undefined reference to `TIFFGetStrileOffsetWithErr@LIBTIFF_4.0'
/usr/bin/ld: /lib/libgdal.so.30: undefined reference to `TIFFGetStrileOffset@LIBTIFF_4.0'
/usr/bin/ld: /lib/libgdal.so.30: undefined reference to `TIFFGetStrileOffset@LIBTIFF_4.0'
/usr/bin/ld: /lib/libgdal.so.30: undefined reference to `curl_multi_remove_handle@CURL_OPENSSL_4'
/usr/bin/ld: /lib/libgdal.so.30: undefined reference to `TIFFGetStrileByteCount@LIBTIFF_4.0'
/usr/bin/ld: /lib/libgdal.so.30: undefined reference to `TIFFGetStrileByteCount@LIBTIFF_4.0'
/usr/bin/ld: /lib/libgdal.so.30: undefined reference to `curl_mime_addpart@CURL_OPENSSL_4'
/usr/bin/ld: /lib/libgdal.so.30: undefined reference to `curl_slist_free_all@CURL_OPENSSL_4'
/usr/bin/ld: /lib/libgdal.so.30: undefined reference to `curl_slist_free_all@CURL_OPENSSL_4'
/usr/bin/ld: /lib/libgdal.so.30: undefined reference to `curl_version_info@CURL_OPENSSL_4'
/usr/bin/ld: /lib/x86_64-linux-gnu/libnetcdf.so.19: undefined reference to `curl_easy_strerror@CURL_OPENSSL_4'
/usr/bin/ld: /lib/x86_64-linux-gnu/libnetcdf.so.19: undefined reference to `curl_easy_strerror@CURL_OPENSSL_4'
/usr/bin/ld: /lib/libgdal.so.30: undefined reference to `curl_mime_name@CURL_OPENSSL_4'
/usr/bin/ld: /lib/libgdal.so.30: undefined reference to `TIFFGetStrileByteCountWithErr@LIBTIFF_4.0'
/usr/bin/ld: /lib/libgdal.so.30: undefined reference to `TIFFGetStrileByteCountWithErr@LIBTIFF_4.0'
/usr/bin/ld: /lib/libgdal.so.30: undefined reference to `curl_slist_append@CURL_OPENSSL_4'
/usr/bin/ld: /lib/libgdal.so.30: undefined reference to `curl_mime_filename@CURL_OPENSSL_4'
/usr/bin/ld: /lib/libgdal.so.30: undefined reference to `curl_slist_append@CURL_OPENSSL_4'
/usr/bin/ld: /lib/libgdal.so.30: undefined reference to `curl_multi_info_read@CURL_OPENSSL_4'
/usr/bin/ld: /lib/libgdal.so.30: undefined reference to `curl_multi_poll@CURL_OPENSSL_4'
/usr/bin/ld: /lib/libgdal.so.30: undefined reference to `curl_multi_poll@CURL_OPENSSL_4'
/usr/bin/ld: /lib/libgdal.so.30: undefined reference to `curl_easy_setopt@CURL_OPENSSL_4'
/usr/bin/ld: /lib/libgdal.so.30: undefined reference to `curl_version@CURL_OPENSSL_4'
/usr/bin/ld: /lib/libgdal.so.30: undefined reference to `curl_version@CURL_OPENSSL_4'
/usr/bin/ld: /lib/libgdal.so.30: undefined reference to `TIFFDeferStrileArrayWriting@LIBTIFF_4.0'
/usr/bin/ld: /lib/libgdal.so.30: undefined reference to `curl_multi_setopt@CURL_OPENSSL_4'
/usr/bin/ld: /lib/libgdal.so.30: undefined reference to `curl_multi_setopt@CURL_OPENSSL_4'
/usr/bin/ld: /lib/libgdal.so.30: undefined reference to `TIFFForceStrileArrayWriting@LIBTIFF_4.0'
/usr/bin/ld: /lib/libgdal.so.30: undefined reference to `curl_mime_data@CURL_OPENSSL_4'
/usr/bin/ld: /lib/libgdal.so.30: undefined reference to `curl_mime_data@CURL_OPENSSL_4'
/usr/bin/ld: /lib/libgdal.so.30: undefined reference to `TIFFReadRGBATileExt@LIBTIFF_4.0'
/usr/bin/ld: /lib/libgdal.so.30: undefined reference to `curl_multi_init@CURL_OPENSSL_4'
/usr/bin/ld: /lib/libgdal.so.30: undefined reference to `curl_multi_init@CURL_OPENSSL_4'
/usr/bin/ld: /lib/libgdal.so.30: undefined reference to `curl_multi_wait@CURL_OPENSSL_4'
/usr/bin/ld: /lib/libgdal.so.30: undefined reference to `curl_multi_wait@CURL_OPENSSL_4'
/usr/bin/ld: /lib/libgdal.so.30: undefined reference to `curl_mime_free@CURL_OPENSSL_4'
/usr/bin/ld: /lib/x86_64-linux-gnu/libnetcdf.so.19: undefined reference to `curl_global_cleanup@CURL_OPENSSL_4'
/usr/bin/ld: /lib/libgdal.so.30: undefined reference to `curl_easy_cleanup@CURL_OPENSSL_4'
/usr/bin/ld: /lib/x86_64-linux-gnu/libnetcdf.so.19: undefined reference to `curl_global_cleanup@CURL_OPENSSL_4'
/usr/bin/ld: /lib/libgdal.so.30: undefined reference to `curl_mime_data_cb@CURL_OPENSSL_4'
/usr/bin/ld: /lib/libgdal.so.30: undefined reference to `TIFFReadRGBAStripExt@LIBTIFF_4.0'
/usr/bin/ld: /lib/libgdal.so.30: undefined reference to `curl_easy_perform@CURL_OPENSSL_4'
/usr/bin/ld: /lib/libgdal.so.30: undefined reference to `curl_easy_init@CURL_OPENSSL_4'
/usr/bin/ld: /lib/libgdal.so.30: undefined reference to `curl_multi_add_handle@CURL_OPENSSL_4'
/usr/bin/ld: /lib/libgdal.so.30: undefined reference to `TIFFGetStrileOffset@LIBTIFF_4.0'
/usr/bin/ld: /lib/libgdal.so.30: undefined reference to `TIFFGetStrileByteCount@LIBTIFF_4.0'
/usr/bin/ld: /lib/libgdal.so.30: undefined reference to `curl_slist_free_all@CURL_OPENSSL_4'
/usr/bin/ld: /lib/x86_64-linux-gnu/libnetcdf.so.19: undefined reference to `curl_easy_strerror@CURL_OPENSSL_4'
collect2: error: ld returned 1 exit status
collect2: error: ld returned 1 exit status
/usr/bin/ld: /lib/libgdal.so.30: undefined reference to `TIFFGetStrileByteCountWithErr@LIBTIFF_4.0'
/usr/bin/ld: /lib/libgdal.so.30: undefined reference to `curl_slist_append@CURL_OPENSSL_4'
gmake[2]: *** [CMakeFiles/extract_images.dir/build.make:261：extract_images] 错误 1
gmake[2]: *** [CMakeFiles/stereo_view.dir/build.make:261：stereo_view] 错误 1
/usr/bin/ld: /lib/libgdal.so.30: undefined reference to `curl_multi_poll@CURL_OPENSSL_4'
gmake[1]: *** [CMakeFiles/Makefile2:253：CMakeFiles/extract_images.dir/all] 错误 2
gmake[1]: *** [CMakeFiles/Makefile2:227：CMakeFiles/stereo_view.dir/all] 错误 2
/usr/bin/ld: /lib/libgdal.so.30: undefined reference to `curl_version@CURL_OPENSSL_4'
/usr/bin/ld: /lib/libgdal.so.30: undefined reference to `curl_multi_setopt@CURL_OPENSSL_4'
/usr/bin/ld: /lib/libgdal.so.30: undefined reference to `curl_mime_data@CURL_OPENSSL_4'
/usr/bin/ld: /lib/libgdal.so.30: undefined reference to `curl_multi_init@CURL_OPENSSL_4'
/usr/bin/ld: /lib/libgdal.so.30: undefined reference to `curl_multi_wait@CURL_OPENSSL_4'
/usr/bin/ld: /lib/x86_64-linux-gnu/libnetcdf.so.19: undefined reference to `curl_global_cleanup@CURL_OPENSSL_4'
collect2: error: ld returned 1 exit status
gmake[2]: *** [CMakeFiles/video_recorder.dir/build.make:261：video_recorder] 错误 1
gmake[1]: *** [CMakeFiles/Makefile2:305：CMakeFiles/video_recorder.dir/all] 错误 2
gmake: *** [Makefile:146：all] 错误 2
