[0.160s] Invoking command in '/home/pl/ros2_ws1/build/sdk_topic_cpp': CMAKE_PREFIX_PATH=${CMAKE_PREFIX_PATH}:/home/pl/ros2_ws1/install/sdk_topic:/home/pl/ros2_ws1/install/sdk_launch:/opt/ros/humble /usr/bin/cmake --build /home/pl/ros2_ws1/build/sdk_topic_cpp -- -j20 -l20
[0.193s] [35m[1mConsolidate compiler generated dependencies of target se[0m
[0.203s] [ 50%] [32mBuilding CXX object CMakeFiles/se.dir/src/se.cpp.o[0m
[1.736s] [01m[K/home/pl/ros2_ws1/src/haik/sdk_topic_cpp/src/se.cpp:[m[K In constructor ‘[01m[KHikUsbBgr8Pub::HikUsbBgr8Pub()[m[K’:
[1.736s] [01m[K/home/pl/ros2_ws1/src/haik/sdk_topic_cpp/src/se.cpp:33:5:[m[K [01;31m[Kerror: [m[K‘[01m[KMV_CC_Initialize[m[K’ was not declared in this scope
[1.736s]    33 |     [01;31m[KMV_CC_Initialize[m[K();          // SDK 初始化
[1.736s]       |     [01;31m[K^~~~~~~~~~~~~~~~[m[K
[1.743s] [01m[K/home/pl/ros2_ws1/src/haik/sdk_topic_cpp/src/se.cpp:[m[K In destructor ‘[01m[Kvirtual HikUsbBgr8Pub::~HikUsbBgr8Pub()[m[K’:
[1.743s] [01m[K/home/pl/ros2_ws1/src/haik/sdk_topic_cpp/src/se.cpp:43:5:[m[K [01;31m[Kerror: [m[K‘[01m[KMV_CC_Finalize[m[K’ was not declared in this scope
[1.743s]    43 |     [01;31m[KMV_CC_Finalize[m[K();
[1.743s]       |     [01;31m[K^~~~~~~~~~~~~~[m[K
[1.752s] [01m[K/home/pl/ros2_ws1/src/haik/sdk_topic_cpp/src/se.cpp:[m[K In member function ‘[01m[Kbool HikUsbBgr8Pub::openBySnOrIp(const string&, const string&)[m[K’:
[1.752s] [01m[K/home/pl/ros2_ws1/src/haik/sdk_topic_cpp/src/se.cpp:62:5:[m[K [01;31m[Kerror: [m[K‘[01m[KMV_CC_DEVICE_INFO_LIST[m[K’ was not declared in this scope
[1.752s]    62 |     [01;31m[KMV_CC_DEVICE_INFO_LIST[m[K list{};
[1.752s]       |     [01;31m[K^~~~~~~~~~~~~~~~~~~~~~[m[K
[1.758s] [01m[K/home/pl/ros2_ws1/src/haik/sdk_topic_cpp/src/se.cpp:63:33:[m[K [01;31m[Kerror: [m[K‘[01m[KMV_GIGE_DEVICE[m[K’ was not declared in this scope
[1.758s]    63 |     int ret = MV_CC_EnumDevices([01;31m[KMV_GIGE_DEVICE[m[K | MV_USB_DEVICE, &list);
[1.758s]       |                                 [01;31m[K^~~~~~~~~~~~~~[m[K
[1.763s] [01m[K/home/pl/ros2_ws1/src/haik/sdk_topic_cpp/src/se.cpp:63:50:[m[K [01;31m[Kerror: [m[K‘[01m[KMV_USB_DEVICE[m[K’ was not declared in this scope
[1.763s]    63 |     int ret = MV_CC_EnumDevices(MV_GIGE_DEVICE | [01;31m[KMV_USB_DEVICE[m[K, &list);
[1.763s]       |                                                  [01;31m[K^~~~~~~~~~~~~[m[K
[1.763s] [01m[K/home/pl/ros2_ws1/src/haik/sdk_topic_cpp/src/se.cpp:63:66:[m[K [01;31m[Kerror: [m[K‘[01m[Klist[m[K’ was not declared in this scope
[1.763s]    63 |     int ret = MV_CC_EnumDevices(MV_GIGE_DEVICE | MV_USB_DEVICE, &[01;31m[Klist[m[K);
[1.763s]       |                                                                  [01;31m[K^~~~[m[K
[1.770s] [01m[K/home/pl/ros2_ws1/src/haik/sdk_topic_cpp/src/se.cpp:63:66:[m[K [01;36m[Knote: [m[Ksuggested alternatives:
[1.770s] In file included from [01m[K/usr/include/c++/11/list:63[m[K,
[1.770s]                  from [01m[K/opt/ros/humble/include/rclcpp/rclcpp/executor.hpp:23[m[K,
[1.771s]                  from [01m[K/opt/ros/humble/include/rclcpp/rclcpp/executors/multi_threaded_executor.hpp:25[m[K,
[1.771s]                  from [01m[K/opt/ros/humble/include/rclcpp/rclcpp/executors.hpp:21[m[K,
[1.771s]                  from [01m[K/opt/ros/humble/include/rclcpp/rclcpp/rclcpp.hpp:155[m[K,
[1.771s]                  from [01m[K/home/pl/ros2_ws1/src/haik/sdk_topic_cpp/src/se.cpp:6[m[K:
[1.771s] [01m[K/usr/include/c++/11/bits/stl_list.h:557:11:[m[K [01;36m[Knote: [m[K  ‘[01m[Kstd::__cxx11::list[m[K’
[1.771s]   557 |     class [01;36m[Klist[m[K : protected _List_base<_Tp, _Alloc>
[1.771s]       |           [01;36m[K^~~~[m[K
[1.771s] In file included from [01m[K/opt/ros/humble/include/rclcpp/rclcpp/executor.hpp:23[m[K,
[1.771s]                  from [01m[K/opt/ros/humble/include/rclcpp/rclcpp/executors/multi_threaded_executor.hpp:25[m[K,
[1.771s]                  from [01m[K/opt/ros/humble/include/rclcpp/rclcpp/executors.hpp:21[m[K,
[1.771s]                  from [01m[K/opt/ros/humble/include/rclcpp/rclcpp/rclcpp.hpp:155[m[K,
[1.771s]                  from [01m[K/home/pl/ros2_ws1/src/haik/sdk_topic_cpp/src/se.cpp:6[m[K:
[1.771s] [01m[K/usr/include/c++/11/list:78:13:[m[K [01;36m[Knote: [m[K  ‘[01m[Kstd::pmr::list[m[K’
[1.771s]    78 |       using [01;36m[Klist[m[K = std::list<_Tp, polymorphic_allocator<_Tp>>;
[1.771s]       |             [01;36m[K^~~~[m[K
[1.777s] [01m[K/home/pl/ros2_ws1/src/haik/sdk_topic_cpp/src/se.cpp:63:15:[m[K [01;31m[Kerror: [m[K‘[01m[KMV_CC_EnumDevices[m[K’ was not declared in this scope
[1.777s]    63 |     int ret = [01;31m[KMV_CC_EnumDevices[m[K(MV_GIGE_DEVICE | MV_USB_DEVICE, &list);
[1.777s]       |               [01;31m[K^~~~~~~~~~~~~~~~~[m[K
[1.781s] [01m[K/home/pl/ros2_ws1/src/haik/sdk_topic_cpp/src/se.cpp:64:16:[m[K [01;31m[Kerror: [m[K‘[01m[KMV_OK[m[K’ was not declared in this scope
[1.781s]    64 |     if (ret != [01;31m[KMV_OK[m[K || list.nDeviceNum == 0) {
[1.781s]       |                [01;31m[K^~~~~[m[K
[1.785s] [01m[K/home/pl/ros2_ws1/src/haik/sdk_topic_cpp/src/se.cpp:72:23:[m[K [01;31m[Kerror: [m[K‘[01m[KGetSerial[m[K’ was not declared in this scope; did you mean ‘[01m[Kserial[m[K’?
[1.785s]    72 |       const auto sn = [01;31m[KGetSerial[m[K(info);
[1.785s]       |                       [01;31m[K^~~~~~~~~[m[K
[1.785s]       |                       [32m[Kserial[m[K
[1.790s] [01m[K/home/pl/ros2_ws1/src/haik/sdk_topic_cpp/src/se.cpp:73:26:[m[K [01;31m[Kerror: [m[K‘[01m[KGetGigEIp[m[K’ was not declared in this scope
[1.790s]    73 |       const auto ipstr = [01;31m[KGetGigEIp[m[K(info);
[1.790s]       |                          [01;31m[K^~~~~~~~~[m[K
[1.797s] [01m[K/home/pl/ros2_ws1/src/haik/sdk_topic_cpp/src/se.cpp:80:11:[m[K [01;31m[Kerror: [m[K‘[01m[KMV_CC_CreateHandle[m[K’ was not declared in this scope
[1.797s]    80 |     ret = [01;31m[KMV_CC_CreateHandle[m[K(&handle_, list.pDeviceInfo[idx]);
[1.797s]       |           [01;31m[K^~~~~~~~~~~~~~~~~~[m[K
[1.800s] [01m[K/home/pl/ros2_ws1/src/haik/sdk_topic_cpp/src/se.cpp:81:16:[m[K [01;31m[Kerror: [m[K‘[01m[KMV_OK[m[K’ was not declared in this scope
[1.800s]    81 |     if (ret != [01;31m[KMV_OK[m[K || !handle_) {
[1.801s]       |                [01;31m[K^~~~~[m[K
[1.807s] [01m[K/home/pl/ros2_ws1/src/haik/sdk_topic_cpp/src/se.cpp:86:11:[m[K [01;31m[Kerror: [m[K‘[01m[KMV_CC_OpenDevice[m[K’ was not declared in this scope
[1.807s]    86 |     ret = [01;31m[KMV_CC_OpenDevice[m[K(handle_);
[1.808s]       |           [01;31m[K^~~~~~~~~~~~~~~~[m[K
[1.811s] [01m[K/home/pl/ros2_ws1/src/haik/sdk_topic_cpp/src/se.cpp:87:16:[m[K [01;31m[Kerror: [m[K‘[01m[KMV_OK[m[K’ was not declared in this scope
[1.811s]    87 |     if (ret != [01;31m[KMV_OK[m[K) {
[1.812s]       |                [01;31m[K^~~~~[m[K
[1.819s] [01m[K/home/pl/ros2_ws1/src/haik/sdk_topic_cpp/src/se.cpp:89:7:[m[K [01;31m[Kerror: [m[K‘[01m[KMV_CC_DestroyHandle[m[K’ was not declared in this scope
[1.819s]    89 |       [01;31m[KMV_CC_DestroyHandle[m[K(handle_); handle_ = nullptr; return false;
[1.819s]       |       [01;31m[K^~~~~~~~~~~~~~~~~~~[m[K
[1.826s] [01m[K/home/pl/ros2_ws1/src/haik/sdk_topic_cpp/src/se.cpp:92:11:[m[K [01;31m[Kerror: [m[K‘[01m[KMV_CC_StartGrabbing[m[K’ was not declared in this scope
[1.826s]    92 |     ret = [01;31m[KMV_CC_StartGrabbing[m[K(handle_);
[1.826s]       |           [01;31m[K^~~~~~~~~~~~~~~~~~~[m[K
[1.830s] [01m[K/home/pl/ros2_ws1/src/haik/sdk_topic_cpp/src/se.cpp:93:16:[m[K [01;31m[Kerror: [m[K‘[01m[KMV_OK[m[K’ was not declared in this scope
[1.830s]    93 |     if (ret != [01;31m[KMV_OK[m[K) {
[1.830s]       |                [01;31m[K^~~~~[m[K
[1.837s] [01m[K/home/pl/ros2_ws1/src/haik/sdk_topic_cpp/src/se.cpp:95:7:[m[K [01;31m[Kerror: [m[K‘[01m[KMV_CC_CloseDevice[m[K’ was not declared in this scope
[1.837s]    95 |       [01;31m[KMV_CC_CloseDevice[m[K(handle_);
[1.837s]       |       [01;31m[K^~~~~~~~~~~~~~~~~[m[K
[1.844s] [01m[K/home/pl/ros2_ws1/src/haik/sdk_topic_cpp/src/se.cpp:96:7:[m[K [01;31m[Kerror: [m[K‘[01m[KMV_CC_DestroyHandle[m[K’ was not declared in this scope
[1.845s]    96 |       [01;31m[KMV_CC_DestroyHandle[m[K(handle_);
[1.845s]       |       [01;31m[K^~~~~~~~~~~~~~~~~~~[m[K
[1.850s] [01m[K/home/pl/ros2_ws1/src/haik/sdk_topic_cpp/src/se.cpp:[m[K In member function ‘[01m[Kvoid HikUsbBgr8Pub::grabLoop()[m[K’:
[1.850s] [01m[K/home/pl/ros2_ws1/src/haik/sdk_topic_cpp/src/se.cpp:119:7:[m[K [01;31m[Kerror: [m[K‘[01m[KMV_FRAME_OUT[m[K’ was not declared in this scope
[1.851s]   119 |       [01;31m[KMV_FRAME_OUT[m[K frame{}; // 清零
[1.851s]       |       [01;31m[K^~~~~~~~~~~~[m[K
[1.854s] [01m[K/home/pl/ros2_ws1/src/haik/sdk_topic_cpp/src/se.cpp:120:48:[m[K [01;31m[Kerror: [m[K‘[01m[Kframe[m[K’ was not declared in this scope
[1.854s]   120 |       int ret = MV_CC_GetImageBuffer(handle_, &[01;31m[Kframe[m[K, 1000); // 1s 超时
[1.854s]       |                                                [01;31m[K^~~~~[m[K
[1.861s] [01m[K/home/pl/ros2_ws1/src/haik/sdk_topic_cpp/src/se.cpp:120:17:[m[K [01;31m[Kerror: [m[K‘[01m[KMV_CC_GetImageBuffer[m[K’ was not declared in this scope
[1.861s]   120 |       int ret = [01;31m[KMV_CC_GetImageBuffer[m[K(handle_, &frame, 1000); // 1s 超时
[1.861s]       |                 [01;31m[K^~~~~~~~~~~~~~~~~~~~[m[K
[1.865s] [01m[K/home/pl/ros2_ws1/src/haik/sdk_topic_cpp/src/se.cpp:121:18:[m[K [01;31m[Kerror: [m[K‘[01m[KMV_OK[m[K’ was not declared in this scope
[1.865s]   121 |       if (ret != [01;31m[KMV_OK[m[K) continue;
[1.865s]       |                  [01;31m[K^~~~~[m[K
[1.866s] [01m[K/home/pl/ros2_ws1/src/haik/sdk_topic_cpp/src/se.cpp:135:29:[m[K [01;31m[Kerror: [m[Kno match for call to ‘[01m[K(std::chrono::time_point<std::chrono::_V2::steady_clock, std::chrono::duration<long int, std::ratio<1, 1000000000> > >) ()[m[K’
[1.866s]   135 |       msg.header.stamp = [01;31m[Know()[m[K;
[1.866s]       |                          [01;31m[K~~~^~[m[K
[1.874s] [01m[K/home/pl/ros2_ws1/src/haik/sdk_topic_cpp/src/se.cpp:144:7:[m[K [01;31m[Kerror: [m[K‘[01m[KMV_CC_FreeImageBuffer[m[K’ was not declared in this scope
[1.874s]   144 |       [01;31m[KMV_CC_FreeImageBuffer[m[K(handle_, &frame);
[1.874s]       |       [01;31m[K^~~~~~~~~~~~~~~~~~~~~[m[K
[1.882s] [01m[K/home/pl/ros2_ws1/src/haik/sdk_topic_cpp/src/se.cpp:[m[K In member function ‘[01m[Kvoid HikUsbBgr8Pub::closeDeviceNoLock()[m[K’:
[1.882s] [01m[K/home/pl/ros2_ws1/src/haik/sdk_topic_cpp/src/se.cpp:160:7:[m[K [01;31m[Kerror: [m[K‘[01m[KMV_CC_StopGrabbing[m[K’ was not declared in this scope
[1.882s]   160 |       [01;31m[KMV_CC_StopGrabbing[m[K(handle_);
[1.882s]       |       [01;31m[K^~~~~~~~~~~~~~~~~~[m[K
[1.889s] [01m[K/home/pl/ros2_ws1/src/haik/sdk_topic_cpp/src/se.cpp:161:7:[m[K [01;31m[Kerror: [m[K‘[01m[KMV_CC_CloseDevice[m[K’ was not declared in this scope
[1.889s]   161 |       [01;31m[KMV_CC_CloseDevice[m[K(handle_);
[1.889s]       |       [01;31m[K^~~~~~~~~~~~~~~~~[m[K
[1.896s] [01m[K/home/pl/ros2_ws1/src/haik/sdk_topic_cpp/src/se.cpp:162:7:[m[K [01;31m[Kerror: [m[K‘[01m[KMV_CC_DestroyHandle[m[K’ was not declared in this scope
[1.896s]   162 |       [01;31m[KMV_CC_DestroyHandle[m[K(handle_);
[1.896s]       |       [01;31m[K^~~~~~~~~~~~~~~~~~~[m[K
[2.491s] gmake[2]: *** [CMakeFiles/se.dir/build.make:76：CMakeFiles/se.dir/src/se.cpp.o] 错误 1
[2.491s] gmake[1]: *** [CMakeFiles/Makefile2:137：CMakeFiles/se.dir/all] 错误 2
[2.492s] gmake: *** [Makefile:146：all] 错误 2
[2.494s] Invoked command in '/home/pl/ros2_ws1/build/sdk_topic_cpp' returned '2': CMAKE_PREFIX_PATH=${CMAKE_PREFIX_PATH}:/home/pl/ros2_ws1/install/sdk_topic:/home/pl/ros2_ws1/install/sdk_launch:/opt/ros/humble /usr/bin/cmake --build /home/pl/ros2_ws1/build/sdk_topic_cpp -- -j20 -l20
