[35m[1mConsolidate compiler generated dependencies of target se[0m
[ 50%] [32mBuilding CXX object CMakeFiles/se.dir/src/se.cpp.o[0m
[01m[K/home/pl/ros2_ws1/src/haik/sdk_topic_cpp/src/se.cpp:[m[K In member function ‘[01m[Kvoid HikUsbBgr8Pub::grabLoop()[m[K’:
[01m[K/home/pl/ros2_ws1/src/haik/sdk_topic_cpp/src/se.cpp:307:29:[m[K [01;35m[Kwarning: [m[K‘[01m[Kdst_pix[m[K’ may be used uninitialized [[01;35m[K]8;;https://gcc.gnu.org/onlinedocs/gcc/Warning-Options.html#index-Wmaybe-uninitialized-Wmaybe-uninitialized]8;;[m[K]
  307 |         [01;35m[Kconv.enDstPixelType = dst_pix[m[K;               // 类型已匹配
      |         [01;35m[K~~~~~~~~~~~~~~~~~~~~^~~~~~~~~[m[K
[100%] [32m[1mLinking CXX executable se[0m
[100%] Built target se
-- Install configuration: ""
-- Installing: /home/pl/ros2_ws1/install/sdk_topic_cpp/lib/sdk_topic_cpp/se
-- Set runtime path of "/home/pl/ros2_ws1/install/sdk_topic_cpp/lib/sdk_topic_cpp/se" to ""
-- Up-to-date: /home/pl/ros2_ws1/install/sdk_topic_cpp/share/ament_index/resource_index/package_run_dependencies/sdk_topic_cpp
-- Up-to-date: /home/pl/ros2_ws1/install/sdk_topic_cpp/share/ament_index/resource_index/parent_prefix_path/sdk_topic_cpp
-- Up-to-date: /home/pl/ros2_ws1/install/sdk_topic_cpp/share/sdk_topic_cpp/environment/ament_prefix_path.sh
-- Up-to-date: /home/pl/ros2_ws1/install/sdk_topic_cpp/share/sdk_topic_cpp/environment/ament_prefix_path.dsv
-- Up-to-date: /home/pl/ros2_ws1/install/sdk_topic_cpp/share/sdk_topic_cpp/environment/path.sh
-- Up-to-date: /home/pl/ros2_ws1/install/sdk_topic_cpp/share/sdk_topic_cpp/environment/path.dsv
-- Up-to-date: /home/pl/ros2_ws1/install/sdk_topic_cpp/share/sdk_topic_cpp/local_setup.bash
-- Up-to-date: /home/pl/ros2_ws1/install/sdk_topic_cpp/share/sdk_topic_cpp/local_setup.sh
-- Up-to-date: /home/pl/ros2_ws1/install/sdk_topic_cpp/share/sdk_topic_cpp/local_setup.zsh
-- Up-to-date: /home/pl/ros2_ws1/install/sdk_topic_cpp/share/sdk_topic_cpp/local_setup.dsv
-- Installing: /home/pl/ros2_ws1/install/sdk_topic_cpp/share/sdk_topic_cpp/package.dsv
-- Up-to-date: /home/pl/ros2_ws1/install/sdk_topic_cpp/share/ament_index/resource_index/packages/sdk_topic_cpp
-- Up-to-date: /home/pl/ros2_ws1/install/sdk_topic_cpp/share/sdk_topic_cpp/cmake/sdk_topic_cppConfig.cmake
-- Up-to-date: /home/pl/ros2_ws1/install/sdk_topic_cpp/share/sdk_topic_cpp/cmake/sdk_topic_cppConfig-version.cmake
-- Up-to-date: /home/pl/ros2_ws1/install/sdk_topic_cpp/share/sdk_topic_cpp/package.xml
