[0.172s] Invoking command in '/home/pl/ros2_ws1/build/sdk_topic_cpp': CMAKE_PREFIX_PATH=${CMAKE_PREFIX_PATH}:/home/pl/ros2_ws1/install/sdk_topic:/home/pl/ros2_ws1/install/sdk_launch:/opt/ros/humble /usr/bin/cmake --build /home/pl/ros2_ws1/build/sdk_topic_cpp -- -j20 -l20
[0.207s] [35m[1mConsolidate compiler generated dependencies of target se[0m
[0.221s] [ 50%] [32mBuilding CXX object CMakeFiles/se.dir/src/se.cpp.o[0m
[1.674s] [01m[K/home/pl/ros2_ws1/src/haik/sdk_topic_cpp/src/se.cpp:[m[K In constructor ‘[01m[KHikUsbBgr8Pub::HikUsbBgr8Pub()[m[K’:
[1.674s] [01m[K/home/pl/ros2_ws1/src/haik/sdk_topic_cpp/src/se.cpp:33:5:[m[K [01;31m[Kerror: [m[K‘[01m[KMV_CC_Initialize[m[K’ was not declared in this scope
[1.674s]    33 |     [01;31m[KMV_CC_Initialize[m[K();          // SDK 初始化
[1.674s]       |     [01;31m[K^~~~~~~~~~~~~~~~[m[K
[1.680s] [01m[K/home/pl/ros2_ws1/src/haik/sdk_topic_cpp/src/se.cpp:[m[K In destructor ‘[01m[Kvirtual HikUsbBgr8Pub::~HikUsbBgr8Pub()[m[K’:
[1.680s] [01m[K/home/pl/ros2_ws1/src/haik/sdk_topic_cpp/src/se.cpp:43:5:[m[K [01;31m[Kerror: [m[K‘[01m[KMV_CC_Finalize[m[K’ was not declared in this scope
[1.680s]    43 |     [01;31m[KMV_CC_Finalize[m[K();
[1.681s]       |     [01;31m[K^~~~~~~~~~~~~~[m[K
[1.689s] [01m[K/home/pl/ros2_ws1/src/haik/sdk_topic_cpp/src/se.cpp:[m[K In member function ‘[01m[Kbool HikUsbBgr8Pub::openBySnOrIp(const string&, const string&)[m[K’:
[1.689s] [01m[K/home/pl/ros2_ws1/src/haik/sdk_topic_cpp/src/se.cpp:62:5:[m[K [01;31m[Kerror: [m[K‘[01m[KMV_CC_DEVICE_INFO_LIST[m[K’ was not declared in this scope
[1.689s]    62 |     [01;31m[KMV_CC_DEVICE_INFO_LIST[m[K list{};
[1.689s]       |     [01;31m[K^~~~~~~~~~~~~~~~~~~~~~[m[K
[1.695s] [01m[K/home/pl/ros2_ws1/src/haik/sdk_topic_cpp/src/se.cpp:63:33:[m[K [01;31m[Kerror: [m[K‘[01m[KMV_GIGE_DEVICE[m[K’ was not declared in this scope
[1.695s]    63 |     int ret = MV_CC_EnumDevices([01;31m[KMV_GIGE_DEVICE[m[K | MV_USB_DEVICE, &list);
[1.695s]       |                                 [01;31m[K^~~~~~~~~~~~~~[m[K
[1.700s] [01m[K/home/pl/ros2_ws1/src/haik/sdk_topic_cpp/src/se.cpp:63:50:[m[K [01;31m[Kerror: [m[K‘[01m[KMV_USB_DEVICE[m[K’ was not declared in this scope
[1.700s]    63 |     int ret = MV_CC_EnumDevices(MV_GIGE_DEVICE | [01;31m[KMV_USB_DEVICE[m[K, &list);
[1.700s]       |                                                  [01;31m[K^~~~~~~~~~~~~[m[K
[1.700s] [01m[K/home/pl/ros2_ws1/src/haik/sdk_topic_cpp/src/se.cpp:63:66:[m[K [01;31m[Kerror: [m[K‘[01m[Klist[m[K’ was not declared in this scope
[1.700s]    63 |     int ret = MV_CC_EnumDevices(MV_GIGE_DEVICE | MV_USB_DEVICE, &[01;31m[Klist[m[K);
[1.700s]       |                                                                  [01;31m[K^~~~[m[K
[1.700s] [01m[K/home/pl/ros2_ws1/src/haik/sdk_topic_cpp/src/se.cpp:63:66:[m[K [01;36m[Knote: [m[Ksuggested alternatives:
[1.700s] In file included from [01m[K/usr/include/c++/11/list:63[m[K,
[1.700s]                  from [01m[K/opt/ros/humble/include/rclcpp/rclcpp/executor.hpp:23[m[K,
[1.700s]                  from [01m[K/opt/ros/humble/include/rclcpp/rclcpp/executors/multi_threaded_executor.hpp:25[m[K,
[1.700s]                  from [01m[K/opt/ros/humble/include/rclcpp/rclcpp/executors.hpp:21[m[K,
[1.700s]                  from [01m[K/opt/ros/humble/include/rclcpp/rclcpp/rclcpp.hpp:155[m[K,
[1.700s]                  from [01m[K/home/pl/ros2_ws1/src/haik/sdk_topic_cpp/src/se.cpp:6[m[K:
[1.700s] [01m[K/usr/include/c++/11/bits/stl_list.h:557:11:[m[K [01;36m[Knote: [m[K  ‘[01m[Kstd::__cxx11::list[m[K’
[1.700s]   557 |     class [01;36m[Klist[m[K : protected _List_base<_Tp, _Alloc>
[1.700s]       |           [01;36m[K^~~~[m[K
[1.700s] In file included from [01m[K/opt/ros/humble/include/rclcpp/rclcpp/executor.hpp:23[m[K,
[1.700s]                  from [01m[K/opt/ros/humble/include/rclcpp/rclcpp/executors/multi_threaded_executor.hpp:25[m[K,
[1.700s]                  from [01m[K/opt/ros/humble/include/rclcpp/rclcpp/executors.hpp:21[m[K,
[1.700s]                  from [01m[K/opt/ros/humble/include/rclcpp/rclcpp/rclcpp.hpp:155[m[K,
[1.700s]                  from [01m[K/home/pl/ros2_ws1/src/haik/sdk_topic_cpp/src/se.cpp:6[m[K:
[1.700s] [01m[K/usr/include/c++/11/list:78:13:[m[K [01;36m[Knote: [m[K  ‘[01m[Kstd::pmr::list[m[K’
[1.700s]    78 |       using [01;36m[Klist[m[K = std::list<_Tp, polymorphic_allocator<_Tp>>;
[1.700s]       |             [01;36m[K^~~~[m[K
[1.707s] [01m[K/home/pl/ros2_ws1/src/haik/sdk_topic_cpp/src/se.cpp:63:15:[m[K [01;31m[Kerror: [m[K‘[01m[KMV_CC_EnumDevices[m[K’ was not declared in this scope
[1.707s]    63 |     int ret = [01;31m[KMV_CC_EnumDevices[m[K(MV_GIGE_DEVICE | MV_USB_DEVICE, &list);
[1.707s]       |               [01;31m[K^~~~~~~~~~~~~~~~~[m[K
[1.710s] [01m[K/home/pl/ros2_ws1/src/haik/sdk_topic_cpp/src/se.cpp:64:16:[m[K [01;31m[Kerror: [m[K‘[01m[KMV_OK[m[K’ was not declared in this scope
[1.710s]    64 |     if (ret != [01;31m[KMV_OK[m[K || list.nDeviceNum == 0) {
[1.710s]       |                [01;31m[K^~~~~[m[K
[1.715s] [01m[K/home/pl/ros2_ws1/src/haik/sdk_topic_cpp/src/se.cpp:72:23:[m[K [01;31m[Kerror: [m[K‘[01m[KGetSerial[m[K’ was not declared in this scope; did you mean ‘[01m[Kserial[m[K’?
[1.715s]    72 |       const auto sn = [01;31m[KGetSerial[m[K(info);
[1.715s]       |                       [01;31m[K^~~~~~~~~[m[K
[1.715s]       |                       [32m[Kserial[m[K
[1.719s] [01m[K/home/pl/ros2_ws1/src/haik/sdk_topic_cpp/src/se.cpp:73:26:[m[K [01;31m[Kerror: [m[K‘[01m[KGetGigEIp[m[K’ was not declared in this scope
[1.719s]    73 |       const auto ipstr = [01;31m[KGetGigEIp[m[K(info);
[1.719s]       |                          [01;31m[K^~~~~~~~~[m[K
[1.725s] [01m[K/home/pl/ros2_ws1/src/haik/sdk_topic_cpp/src/se.cpp:80:11:[m[K [01;31m[Kerror: [m[K‘[01m[KMV_CC_CreateHandle[m[K’ was not declared in this scope
[1.725s]    80 |     ret = [01;31m[KMV_CC_CreateHandle[m[K(&handle_, list.pDeviceInfo[idx]);
[1.726s]       |           [01;31m[K^~~~~~~~~~~~~~~~~~[m[K
[1.729s] [01m[K/home/pl/ros2_ws1/src/haik/sdk_topic_cpp/src/se.cpp:81:16:[m[K [01;31m[Kerror: [m[K‘[01m[KMV_OK[m[K’ was not declared in this scope
[1.729s]    81 |     if (ret != [01;31m[KMV_OK[m[K || !handle_) {
[1.729s]       |                [01;31m[K^~~~~[m[K
[1.735s] [01m[K/home/pl/ros2_ws1/src/haik/sdk_topic_cpp/src/se.cpp:86:11:[m[K [01;31m[Kerror: [m[K‘[01m[KMV_CC_OpenDevice[m[K’ was not declared in this scope
[1.735s]    86 |     ret = [01;31m[KMV_CC_OpenDevice[m[K(handle_);
[1.735s]       |           [01;31m[K^~~~~~~~~~~~~~~~[m[K
[1.739s] [01m[K/home/pl/ros2_ws1/src/haik/sdk_topic_cpp/src/se.cpp:87:16:[m[K [01;31m[Kerror: [m[K‘[01m[KMV_OK[m[K’ was not declared in this scope
[1.739s]    87 |     if (ret != [01;31m[KMV_OK[m[K) {
[1.739s]       |                [01;31m[K^~~~~[m[K
[1.745s] [01m[K/home/pl/ros2_ws1/src/haik/sdk_topic_cpp/src/se.cpp:89:7:[m[K [01;31m[Kerror: [m[K‘[01m[KMV_CC_DestroyHandle[m[K’ was not declared in this scope
[1.745s]    89 |       [01;31m[KMV_CC_DestroyHandle[m[K(handle_); handle_ = nullptr; return false;
[1.746s]       |       [01;31m[K^~~~~~~~~~~~~~~~~~~[m[K
[1.753s] [01m[K/home/pl/ros2_ws1/src/haik/sdk_topic_cpp/src/se.cpp:92:11:[m[K [01;31m[Kerror: [m[K‘[01m[KMV_CC_StartGrabbing[m[K’ was not declared in this scope
[1.753s]    92 |     ret = [01;31m[KMV_CC_StartGrabbing[m[K(handle_);
[1.753s]       |           [01;31m[K^~~~~~~~~~~~~~~~~~~[m[K
[1.756s] [01m[K/home/pl/ros2_ws1/src/haik/sdk_topic_cpp/src/se.cpp:93:16:[m[K [01;31m[Kerror: [m[K‘[01m[KMV_OK[m[K’ was not declared in this scope
[1.756s]    93 |     if (ret != [01;31m[KMV_OK[m[K) {
[1.757s]       |                [01;31m[K^~~~~[m[K
[1.763s] [01m[K/home/pl/ros2_ws1/src/haik/sdk_topic_cpp/src/se.cpp:95:7:[m[K [01;31m[Kerror: [m[K‘[01m[KMV_CC_CloseDevice[m[K’ was not declared in this scope
[1.763s]    95 |       [01;31m[KMV_CC_CloseDevice[m[K(handle_);
[1.763s]       |       [01;31m[K^~~~~~~~~~~~~~~~~[m[K
[1.770s] [01m[K/home/pl/ros2_ws1/src/haik/sdk_topic_cpp/src/se.cpp:96:7:[m[K [01;31m[Kerror: [m[K‘[01m[KMV_CC_DestroyHandle[m[K’ was not declared in this scope
[1.770s]    96 |       [01;31m[KMV_CC_DestroyHandle[m[K(handle_);
[1.770s]       |       [01;31m[K^~~~~~~~~~~~~~~~~~~[m[K
[1.777s] [01m[K/home/pl/ros2_ws1/src/haik/sdk_topic_cpp/src/se.cpp:[m[K In member function ‘[01m[Kvoid HikUsbBgr8Pub::getCurrentFPS()[m[K’:
[1.777s] [01m[K/home/pl/ros2_ws1/src/haik/sdk_topic_cpp/src/se.cpp:108:15:[m[K [01;31m[Kerror: [m[K‘[01m[KMV_CC_GetFloatValue[m[K’ was not declared in this scope
[1.777s]   108 |     int ret = [01;31m[KMV_CC_GetFloatValue[m[K(handle_, "AcquisitionFrameRate", &current_fps);
[1.777s]       |               [01;31m[K^~~~~~~~~~~~~~~~~~~[m[K
[1.780s] [01m[K/home/pl/ros2_ws1/src/haik/sdk_topic_cpp/src/se.cpp:109:16:[m[K [01;31m[Kerror: [m[K‘[01m[KMV_OK[m[K’ was not declared in this scope
[1.780s]   109 |     if (ret == [01;31m[KMV_OK[m[K) {
[1.781s]       |                [01;31m[K^~~~~[m[K
[1.787s] [01m[K/home/pl/ros2_ws1/src/haik/sdk_topic_cpp/src/se.cpp:[m[K In member function ‘[01m[Kvoid HikUsbBgr8Pub::grabLoop()[m[K’:
[1.787s] [01m[K/home/pl/ros2_ws1/src/haik/sdk_topic_cpp/src/se.cpp:132:7:[m[K [01;31m[Kerror: [m[K‘[01m[KMV_FRAME_OUT[m[K’ was not declared in this scope
[1.787s]   132 |       [01;31m[KMV_FRAME_OUT[m[K frame{}; // 清零
[1.787s]       |       [01;31m[K^~~~~~~~~~~~[m[K
[1.790s] [01m[K/home/pl/ros2_ws1/src/haik/sdk_topic_cpp/src/se.cpp:133:48:[m[K [01;31m[Kerror: [m[K‘[01m[Kframe[m[K’ was not declared in this scope
[1.790s]   133 |       int ret = MV_CC_GetImageBuffer(handle_, &[01;31m[Kframe[m[K, 1000); // 1s 超时
[1.790s]       |                                                [01;31m[K^~~~~[m[K
[1.797s] [01m[K/home/pl/ros2_ws1/src/haik/sdk_topic_cpp/src/se.cpp:133:17:[m[K [01;31m[Kerror: [m[K‘[01m[KMV_CC_GetImageBuffer[m[K’ was not declared in this scope
[1.797s]   133 |       int ret = [01;31m[KMV_CC_GetImageBuffer[m[K(handle_, &frame, 1000); // 1s 超时
[1.797s]       |                 [01;31m[K^~~~~~~~~~~~~~~~~~~~[m[K
[1.801s] [01m[K/home/pl/ros2_ws1/src/haik/sdk_topic_cpp/src/se.cpp:134:18:[m[K [01;31m[Kerror: [m[K‘[01m[KMV_OK[m[K’ was not declared in this scope
[1.801s]   134 |       if (ret != [01;31m[KMV_OK[m[K) continue;
[1.801s]       |                  [01;31m[K^~~~~[m[K
[1.809s] [01m[K/home/pl/ros2_ws1/src/haik/sdk_topic_cpp/src/se.cpp:150:7:[m[K [01;31m[Kerror: [m[K‘[01m[KMV_CC_FreeImageBuffer[m[K’ was not declared in this scope
[1.809s]   150 |       [01;31m[KMV_CC_FreeImageBuffer[m[K(handle_, &frame);
[1.809s]       |       [01;31m[K^~~~~~~~~~~~~~~~~~~~~[m[K
[1.816s] [01m[K/home/pl/ros2_ws1/src/haik/sdk_topic_cpp/src/se.cpp:[m[K In member function ‘[01m[Kvoid HikUsbBgr8Pub::closeDeviceNoLock()[m[K’:
[1.816s] [01m[K/home/pl/ros2_ws1/src/haik/sdk_topic_cpp/src/se.cpp:166:7:[m[K [01;31m[Kerror: [m[K‘[01m[KMV_CC_StopGrabbing[m[K’ was not declared in this scope
[1.816s]   166 |       [01;31m[KMV_CC_StopGrabbing[m[K(handle_);
[1.816s]       |       [01;31m[K^~~~~~~~~~~~~~~~~~[m[K
[1.823s] [01m[K/home/pl/ros2_ws1/src/haik/sdk_topic_cpp/src/se.cpp:167:7:[m[K [01;31m[Kerror: [m[K‘[01m[KMV_CC_CloseDevice[m[K’ was not declared in this scope
[1.823s]   167 |       [01;31m[KMV_CC_CloseDevice[m[K(handle_);
[1.823s]       |       [01;31m[K^~~~~~~~~~~~~~~~~[m[K
[1.830s] [01m[K/home/pl/ros2_ws1/src/haik/sdk_topic_cpp/src/se.cpp:168:7:[m[K [01;31m[Kerror: [m[K‘[01m[KMV_CC_DestroyHandle[m[K’ was not declared in this scope
[1.830s]   168 |       [01;31m[KMV_CC_DestroyHandle[m[K(handle_);
[1.831s]       |       [01;31m[K^~~~~~~~~~~~~~~~~~~[m[K
[2.361s] gmake[2]: *** [CMakeFiles/se.dir/build.make:76：CMakeFiles/se.dir/src/se.cpp.o] 错误 1
[2.361s] gmake[1]: *** [CMakeFiles/Makefile2:137：CMakeFiles/se.dir/all] 错误 2
[2.361s] gmake: *** [Makefile:146：all] 错误 2
[2.363s] Invoked command in '/home/pl/ros2_ws1/build/sdk_topic_cpp' returned '2': CMAKE_PREFIX_PATH=${CMAKE_PREFIX_PATH}:/home/pl/ros2_ws1/install/sdk_topic:/home/pl/ros2_ws1/install/sdk_launch:/opt/ros/humble /usr/bin/cmake --build /home/pl/ros2_ws1/build/sdk_topic_cpp -- -j20 -l20
