running egg_info
creating ../../../build/sdk_topic/sdk_topic.egg-info
writing ../../../build/sdk_topic/sdk_topic.egg-info/PKG-INFO
writing dependency_links to ../../../build/sdk_topic/sdk_topic.egg-info/dependency_links.txt
writing entry points to ../../../build/sdk_topic/sdk_topic.egg-info/entry_points.txt
writing requirements to ../../../build/sdk_topic/sdk_topic.egg-info/requires.txt
writing top-level names to ../../../build/sdk_topic/sdk_topic.egg-info/top_level.txt
writing manifest file '../../../build/sdk_topic/sdk_topic.egg-info/SOURCES.txt'
reading manifest file '../../../build/sdk_topic/sdk_topic.egg-info/SOURCES.txt'
writing manifest file '../../../build/sdk_topic/sdk_topic.egg-info/SOURCES.txt'
running build
running build_py
creating /home/pl/ros2_ws1/build/sdk_topic/build
creating /home/pl/ros2_ws1/build/sdk_topic/build/lib
creating /home/pl/ros2_ws1/build/sdk_topic/build/lib/sdk_topic
copying sdk_topic/__init__.py -> /home/pl/ros2_ws1/build/sdk_topic/build/lib/sdk_topic
copying sdk_topic/bd.py -> /home/pl/ros2_ws1/build/sdk_topic/build/lib/sdk_topic
running install
running install_lib
creating /home/pl/ros2_ws1/install/sdk_topic/lib/python3.10/site-packages/sdk_topic
copying /home/pl/ros2_ws1/build/sdk_topic/build/lib/sdk_topic/__init__.py -> /home/pl/ros2_ws1/install/sdk_topic/lib/python3.10/site-packages/sdk_topic
copying /home/pl/ros2_ws1/build/sdk_topic/build/lib/sdk_topic/bd.py -> /home/pl/ros2_ws1/install/sdk_topic/lib/python3.10/site-packages/sdk_topic
byte-compiling /home/pl/ros2_ws1/install/sdk_topic/lib/python3.10/site-packages/sdk_topic/__init__.py to __init__.cpython-310.pyc
byte-compiling /home/pl/ros2_ws1/install/sdk_topic/lib/python3.10/site-packages/sdk_topic/bd.py to bd.cpython-310.pyc
running install_data
creating /home/pl/ros2_ws1/install/sdk_topic/share/ament_index
creating /home/pl/ros2_ws1/install/sdk_topic/share/ament_index/resource_index
creating /home/pl/ros2_ws1/install/sdk_topic/share/ament_index/resource_index/packages
copying resource/sdk_topic -> /home/pl/ros2_ws1/install/sdk_topic/share/ament_index/resource_index/packages
copying package.xml -> /home/pl/ros2_ws1/install/sdk_topic/share/sdk_topic
running install_egg_info
Copying ../../../build/sdk_topic/sdk_topic.egg-info to /home/pl/ros2_ws1/install/sdk_topic/lib/python3.10/site-packages/sdk_topic-0.0.0-py3.10.egg-info
running install_scripts
Installing bd script to /home/pl/ros2_ws1/install/sdk_topic/lib/sdk_topic
writing list of installed files to '/home/pl/ros2_ws1/build/sdk_topic/install.log'
