[0.472s] Invoking command in '/home/pl/ros2_ws1/src/haik/sdk_topic': CONDA_PROMPT_MODIFIER=(base) DEBUGINFOD_URLS=https://debuginfod.ubuntu.com PYTHONPATH=/home/pl/ros2_ws1/build/sdk_topic/prefix_override:/usr/lib/python3/dist-packages/colcon_core/task/python/colcon_distutils_commands:/home/pl/ros2_ws1/install/sdk_topic/lib/python3.10/site-packages:${PYTHONPATH} /usr/bin/python3 -W ignore:setup.py install is deprecated -W ignore:easy_install command is deprecated setup.py egg_info --egg-base ../../../build/sdk_topic build --build-base /home/pl/ros2_ws1/build/sdk_topic/build install --record /home/pl/ros2_ws1/build/sdk_topic/install.log --single-version-externally-managed install_data
[0.620s] running egg_info
[0.621s] creating ../../../build/sdk_topic/sdk_topic.egg-info
[0.621s] writing ../../../build/sdk_topic/sdk_topic.egg-info/PKG-INFO
[0.621s] writing dependency_links to ../../../build/sdk_topic/sdk_topic.egg-info/dependency_links.txt
[0.621s] writing entry points to ../../../build/sdk_topic/sdk_topic.egg-info/entry_points.txt
[0.621s] writing requirements to ../../../build/sdk_topic/sdk_topic.egg-info/requires.txt
[0.622s] writing top-level names to ../../../build/sdk_topic/sdk_topic.egg-info/top_level.txt
[0.622s] writing manifest file '../../../build/sdk_topic/sdk_topic.egg-info/SOURCES.txt'
[0.622s] reading manifest file '../../../build/sdk_topic/sdk_topic.egg-info/SOURCES.txt'
[0.623s] writing manifest file '../../../build/sdk_topic/sdk_topic.egg-info/SOURCES.txt'
[0.623s] running build
[0.623s] running build_py
[0.623s] creating /home/pl/ros2_ws1/build/sdk_topic/build
[0.623s] creating /home/pl/ros2_ws1/build/sdk_topic/build/lib
[0.623s] creating /home/pl/ros2_ws1/build/sdk_topic/build/lib/sdk_topic
[0.623s] copying sdk_topic/__init__.py -> /home/pl/ros2_ws1/build/sdk_topic/build/lib/sdk_topic
[0.623s] copying sdk_topic/bd.py -> /home/pl/ros2_ws1/build/sdk_topic/build/lib/sdk_topic
[0.623s] running install
[0.623s] running install_lib
[0.624s] creating /home/pl/ros2_ws1/install/sdk_topic/lib/python3.10/site-packages/sdk_topic
[0.624s] copying /home/pl/ros2_ws1/build/sdk_topic/build/lib/sdk_topic/__init__.py -> /home/pl/ros2_ws1/install/sdk_topic/lib/python3.10/site-packages/sdk_topic
[0.624s] copying /home/pl/ros2_ws1/build/sdk_topic/build/lib/sdk_topic/bd.py -> /home/pl/ros2_ws1/install/sdk_topic/lib/python3.10/site-packages/sdk_topic
[0.624s] byte-compiling /home/pl/ros2_ws1/install/sdk_topic/lib/python3.10/site-packages/sdk_topic/__init__.py to __init__.cpython-310.pyc
[0.624s] byte-compiling /home/pl/ros2_ws1/install/sdk_topic/lib/python3.10/site-packages/sdk_topic/bd.py to bd.cpython-310.pyc
[0.625s] running install_data
[0.625s] creating /home/pl/ros2_ws1/install/sdk_topic/share/ament_index
[0.625s] creating /home/pl/ros2_ws1/install/sdk_topic/share/ament_index/resource_index
[0.626s] creating /home/pl/ros2_ws1/install/sdk_topic/share/ament_index/resource_index/packages
[0.626s] copying resource/sdk_topic -> /home/pl/ros2_ws1/install/sdk_topic/share/ament_index/resource_index/packages
[0.626s] copying package.xml -> /home/pl/ros2_ws1/install/sdk_topic/share/sdk_topic
[0.626s] running install_egg_info
[0.627s] Copying ../../../build/sdk_topic/sdk_topic.egg-info to /home/pl/ros2_ws1/install/sdk_topic/lib/python3.10/site-packages/sdk_topic-0.0.0-py3.10.egg-info
[0.628s] running install_scripts
[0.642s] Installing bd script to /home/pl/ros2_ws1/install/sdk_topic/lib/sdk_topic
[0.643s] writing list of installed files to '/home/pl/ros2_ws1/build/sdk_topic/install.log'
[0.662s] Invoked command in '/home/pl/ros2_ws1/src/haik/sdk_topic' returned '0': CONDA_PROMPT_MODIFIER=(base) DEBUGINFOD_URLS=https://debuginfod.ubuntu.com PYTHONPATH=/home/pl/ros2_ws1/build/sdk_topic/prefix_override:/usr/lib/python3/dist-packages/colcon_core/task/python/colcon_distutils_commands:/home/pl/ros2_ws1/install/sdk_topic/lib/python3.10/site-packages:${PYTHONPATH} /usr/bin/python3 -W ignore:setup.py install is deprecated -W ignore:easy_install command is deprecated setup.py egg_info --egg-base ../../../build/sdk_topic build --build-base /home/pl/ros2_ws1/build/sdk_topic/build install --record /home/pl/ros2_ws1/build/sdk_topic/install.log --single-version-externally-managed install_data
