-- Found ament_cmake: 1.3.12 (/opt/ros/humble/share/ament_cmake/cmake)
-- Found rclcpp: 16.0.15 (/opt/ros/humble/share/rclcpp/cmake)
-- Found rosidl_generator_c: 3.1.7 (/opt/ros/humble/share/rosidl_generator_c/cmake)
-- Found rosidl_adapter: 3.1.7 (/opt/ros/humble/share/rosidl_adapter/cmake)
-- Found rosidl_generator_cpp: 3.1.7 (/opt/ros/humble/share/rosidl_generator_cpp/cmake)
-- Using all available rosidl_typesupport_c: rosidl_typesupport_fastrtps_c;rosidl_typesupport_introspection_c
-- Using all available rosidl_typesupport_cpp: rosidl_typesupport_fastrtps_cpp;rosidl_typesupport_introspection_cpp
-- Found rmw_implementation_cmake: 6.1.2 (/opt/ros/humble/share/rmw_implementation_cmake/cmake)
-- Found rmw_fastrtps_cpp: 6.2.8 (/opt/ros/humble/share/rmw_fastrtps_cpp/cmake)
-- Using RMW implementation 'rmw_fastrtps_cpp' as default
-- Found sensor_msgs: 4.9.0 (/opt/ros/humble/share/sensor_msgs/cmake)
-- Hik SDK include: /opt/MVS/include
-- Hik SDK lib:     /opt/MVS/lib/64/libMvCameraControl.so
-- Found ament_lint_auto: 0.12.14 (/opt/ros/humble/share/ament_lint_auto/cmake)
-- Added test 'cppcheck' to perform static code analysis on C / C++ code
-- Configured cppcheck include dirs: 
-- Configured cppcheck exclude dirs and/or files: 
-- Added test 'lint_cmake' to check CMake code style
-- Added test 'uncrustify' to check C / C++ code style
-- Configured uncrustify additional arguments: 
-- Added test 'xmllint' to check XML markup files
-- Configuring done
-- Generating done
-- Build files have been written to: /home/pl/ros2_ws1/build/sdk_topic_cpp
[35m[1mConsolidate compiler generated dependencies of target se[0m
[100%] Built target se
-- Install configuration: ""
-- Up-to-date: /home/pl/ros2_ws1/install/sdk_topic_cpp/lib/sdk_topic_cpp/se
-- Up-to-date: /home/pl/ros2_ws1/install/sdk_topic_cpp/share/ament_index/resource_index/package_run_dependencies/sdk_topic_cpp
-- Installing: /home/pl/ros2_ws1/install/sdk_topic_cpp/share/ament_index/resource_index/parent_prefix_path/sdk_topic_cpp
-- Up-to-date: /home/pl/ros2_ws1/install/sdk_topic_cpp/share/sdk_topic_cpp/environment/ament_prefix_path.sh
-- Installing: /home/pl/ros2_ws1/install/sdk_topic_cpp/share/sdk_topic_cpp/environment/ament_prefix_path.dsv
-- Up-to-date: /home/pl/ros2_ws1/install/sdk_topic_cpp/share/sdk_topic_cpp/environment/path.sh
-- Installing: /home/pl/ros2_ws1/install/sdk_topic_cpp/share/sdk_topic_cpp/environment/path.dsv
-- Up-to-date: /home/pl/ros2_ws1/install/sdk_topic_cpp/share/sdk_topic_cpp/local_setup.bash
-- Up-to-date: /home/pl/ros2_ws1/install/sdk_topic_cpp/share/sdk_topic_cpp/local_setup.sh
-- Up-to-date: /home/pl/ros2_ws1/install/sdk_topic_cpp/share/sdk_topic_cpp/local_setup.zsh
-- Installing: /home/pl/ros2_ws1/install/sdk_topic_cpp/share/sdk_topic_cpp/local_setup.dsv
-- Installing: /home/pl/ros2_ws1/install/sdk_topic_cpp/share/sdk_topic_cpp/package.dsv
-- Up-to-date: /home/pl/ros2_ws1/install/sdk_topic_cpp/share/ament_index/resource_index/packages/sdk_topic_cpp
-- Up-to-date: /home/pl/ros2_ws1/install/sdk_topic_cpp/share/sdk_topic_cpp/cmake/sdk_topic_cppConfig.cmake
-- Up-to-date: /home/pl/ros2_ws1/install/sdk_topic_cpp/share/sdk_topic_cpp/cmake/sdk_topic_cppConfig-version.cmake
-- Up-to-date: /home/pl/ros2_ws1/install/sdk_topic_cpp/share/sdk_topic_cpp/package.xml
