[0.845s] Invoking command in '/home/pl/ros2_ws1/src/haik/sdk_topic': DEBUGINFOD_URLS=https://debuginfod.ubuntu.com PYTHONPATH=/home/pl/ros2_ws1/build/sdk_topic/prefix_override:/usr/lib/python3/dist-packages/colcon_core/task/python/colcon_distutils_commands:/home/pl/ros2_ws1/install/sdk_topic/lib/python3.10/site-packages:${PYTHONPATH} /usr/bin/python3 -W ignore:setup.py install is deprecated -W ignore:easy_install command is deprecated setup.py egg_info --egg-base ../../../build/sdk_topic build --build-base /home/pl/ros2_ws1/build/sdk_topic/build install --record /home/pl/ros2_ws1/build/sdk_topic/install.log --single-version-externally-managed install_data
[1.035s] running egg_info
[1.035s] writing ../../../build/sdk_topic/sdk_topic.egg-info/PKG-INFO
[1.035s] writing dependency_links to ../../../build/sdk_topic/sdk_topic.egg-info/dependency_links.txt
[1.035s] writing entry points to ../../../build/sdk_topic/sdk_topic.egg-info/entry_points.txt
[1.035s] writing requirements to ../../../build/sdk_topic/sdk_topic.egg-info/requires.txt
[1.035s] writing top-level names to ../../../build/sdk_topic/sdk_topic.egg-info/top_level.txt
[1.036s] reading manifest file '../../../build/sdk_topic/sdk_topic.egg-info/SOURCES.txt'
[1.038s] writing manifest file '../../../build/sdk_topic/sdk_topic.egg-info/SOURCES.txt'
[1.038s] running build
[1.038s] running build_py
[1.038s] running install
[1.038s] running install_lib
[1.039s] running install_data
[1.039s] running install_egg_info
[1.041s] removing '/home/pl/ros2_ws1/install/sdk_topic/lib/python3.10/site-packages/sdk_topic-0.0.0-py3.10.egg-info' (and everything under it)
[1.042s] Copying ../../../build/sdk_topic/sdk_topic.egg-info to /home/pl/ros2_ws1/install/sdk_topic/lib/python3.10/site-packages/sdk_topic-0.0.0-py3.10.egg-info
[1.042s] running install_scripts
[1.062s] Installing bd script to /home/pl/ros2_ws1/install/sdk_topic/lib/sdk_topic
[1.062s] Installing cameracalibrator script to /home/pl/ros2_ws1/install/sdk_topic/lib/sdk_topic
[1.064s] Installing cameracheck script to /home/pl/ros2_ws1/install/sdk_topic/lib/sdk_topic
[1.064s] writing list of installed files to '/home/pl/ros2_ws1/build/sdk_topic/install.log'
[1.083s] Invoked command in '/home/pl/ros2_ws1/src/haik/sdk_topic' returned '0': DEBUGINFOD_URLS=https://debuginfod.ubuntu.com PYTHONPATH=/home/pl/ros2_ws1/build/sdk_topic/prefix_override:/usr/lib/python3/dist-packages/colcon_core/task/python/colcon_distutils_commands:/home/pl/ros2_ws1/install/sdk_topic/lib/python3.10/site-packages:${PYTHONPATH} /usr/bin/python3 -W ignore:setup.py install is deprecated -W ignore:easy_install command is deprecated setup.py egg_info --egg-base ../../../build/sdk_topic build --build-base /home/pl/ros2_ws1/build/sdk_topic/build install --record /home/pl/ros2_ws1/build/sdk_topic/install.log --single-version-externally-managed install_data
