[0.304s] Invoking command in '/home/pl/ros2_ws1/build/sdk_topic_cpp': CMAKE_PREFIX_PATH=${CMAKE_PREFIX_PATH}:/home/pl/ros2_ws1/install/sdk_topic:/home/pl/ros2_ws1/install/sdk_launch:/opt/ros/humble /usr/bin/cmake --build /home/pl/ros2_ws1/build/sdk_topic_cpp -- -j20 -l20
[0.346s] [100%] Built target se
[0.357s] Invoked command in '/home/pl/ros2_ws1/build/sdk_topic_cpp' returned '0': CMAKE_PREFIX_PATH=${CMAKE_PREFIX_PATH}:/home/pl/ros2_ws1/install/sdk_topic:/home/pl/ros2_ws1/install/sdk_launch:/opt/ros/humble /usr/bin/cmake --build /home/pl/ros2_ws1/build/sdk_topic_cpp -- -j20 -l20
[0.365s] Invoking command in '/home/pl/ros2_ws1/build/sdk_topic_cpp': CMAKE_PREFIX_PATH=${CMAKE_PREFIX_PATH}:/home/pl/ros2_ws1/install/sdk_topic:/home/pl/ros2_ws1/install/sdk_launch:/opt/ros/humble /usr/bin/cmake --install /home/pl/ros2_ws1/build/sdk_topic_cpp
[0.370s] -- Install configuration: ""
[0.370s] -- Up-to-date: /home/pl/ros2_ws1/install/sdk_topic_cpp/lib/sdk_topic_cpp/se
[0.370s] -- Up-to-date: /home/pl/ros2_ws1/install/sdk_topic_cpp/share/ament_index/resource_index/package_run_dependencies/sdk_topic_cpp
[0.370s] -- Up-to-date: /home/pl/ros2_ws1/install/sdk_topic_cpp/share/ament_index/resource_index/parent_prefix_path/sdk_topic_cpp
[0.370s] -- Up-to-date: /home/pl/ros2_ws1/install/sdk_topic_cpp/share/sdk_topic_cpp/environment/ament_prefix_path.sh
[0.370s] -- Up-to-date: /home/pl/ros2_ws1/install/sdk_topic_cpp/share/sdk_topic_cpp/environment/ament_prefix_path.dsv
[0.370s] -- Up-to-date: /home/pl/ros2_ws1/install/sdk_topic_cpp/share/sdk_topic_cpp/environment/path.sh
[0.370s] -- Up-to-date: /home/pl/ros2_ws1/install/sdk_topic_cpp/share/sdk_topic_cpp/environment/path.dsv
[0.370s] -- Up-to-date: /home/pl/ros2_ws1/install/sdk_topic_cpp/share/sdk_topic_cpp/local_setup.bash
[0.370s] -- Up-to-date: /home/pl/ros2_ws1/install/sdk_topic_cpp/share/sdk_topic_cpp/local_setup.sh
[0.370s] -- Up-to-date: /home/pl/ros2_ws1/install/sdk_topic_cpp/share/sdk_topic_cpp/local_setup.zsh
[0.371s] -- Up-to-date: /home/pl/ros2_ws1/install/sdk_topic_cpp/share/sdk_topic_cpp/local_setup.dsv
[0.371s] -- Up-to-date: /home/pl/ros2_ws1/install/sdk_topic_cpp/share/sdk_topic_cpp/package.dsv
[0.371s] -- Up-to-date: /home/pl/ros2_ws1/install/sdk_topic_cpp/share/ament_index/resource_index/packages/sdk_topic_cpp
[0.371s] -- Up-to-date: /home/pl/ros2_ws1/install/sdk_topic_cpp/share/sdk_topic_cpp/cmake/sdk_topic_cppConfig.cmake
[0.371s] -- Up-to-date: /home/pl/ros2_ws1/install/sdk_topic_cpp/share/sdk_topic_cpp/cmake/sdk_topic_cppConfig-version.cmake
[0.371s] -- Up-to-date: /home/pl/ros2_ws1/install/sdk_topic_cpp/share/sdk_topic_cpp/package.xml
[0.372s] Invoked command in '/home/pl/ros2_ws1/build/sdk_topic_cpp' returned '0': CMAKE_PREFIX_PATH=${CMAKE_PREFIX_PATH}:/home/pl/ros2_ws1/install/sdk_topic:/home/pl/ros2_ws1/install/sdk_launch:/opt/ros/humble /usr/bin/cmake --install /home/pl/ros2_ws1/build/sdk_topic_cpp
