[01m[K/home/pl/ros2_ws1/src/haik/sdk_topic_cpp/src/se.cpp:[m[K In constructor ‘[01m[KHikUsbBgr8Pub::HikUsbBgr8Pub()[m[K’:
[01m[K/home/pl/ros2_ws1/src/haik/sdk_topic_cpp/src/se.cpp:25:5:[m[K [01;31m[Kerror: [m[K‘[01m[KMV_CC_Initialize[m[K’ was not declared in this scope
   25 |     [01;31m[KMV_CC_Initialize[m[K();          // SDK 初始化
      |     [01;31m[K^~~~~~~~~~~~~~~~[m[K
[01m[K/home/pl/ros2_ws1/src/haik/sdk_topic_cpp/src/se.cpp:[m[K In destructor ‘[01m[Kvirtual HikUsbBgr8Pub::~HikUsbBgr8Pub()[m[K’:
[01m[K/home/pl/ros2_ws1/src/haik/sdk_topic_cpp/src/se.cpp:33:5:[m[K [01;31m[Kerror: [m[K‘[01m[KstopGrab[m[K’ was not declared in this scope
   33 |     [01;31m[KstopGrab[m[K();
      |     [01;31m[K^~~~~~~~[m[K
[01m[K/home/pl/ros2_ws1/src/haik/sdk_topic_cpp/src/se.cpp:35:5:[m[K [01;31m[Kerror: [m[K‘[01m[KMV_CC_Finalize[m[K’ was not declared in this scope
   35 |     [01;31m[KMV_CC_Finalize[m[K();
      |     [01;31m[K^~~~~~~~~~~~~~[m[K
[01m[K/home/pl/ros2_ws1/src/haik/sdk_topic_cpp/src/se.cpp:[m[K In member function ‘[01m[Kbool HikUsbBgr8Pub::openBySnOrIp(const string&, const string&)[m[K’:
[01m[K/home/pl/ros2_ws1/src/haik/sdk_topic_cpp/src/se.cpp:53:5:[m[K [01;31m[Kerror: [m[K‘[01m[KMV_CC_DEVICE_INFO_LIST[m[K’ was not declared in this scope
   53 |     [01;31m[KMV_CC_DEVICE_INFO_LIST[m[K list{};
      |     [01;31m[K^~~~~~~~~~~~~~~~~~~~~~[m[K
[01m[K/home/pl/ros2_ws1/src/haik/sdk_topic_cpp/src/se.cpp:54:33:[m[K [01;31m[Kerror: [m[K‘[01m[KMV_GIGE_DEVICE[m[K’ was not declared in this scope
   54 |     int ret = MV_CC_EnumDevices([01;31m[KMV_GIGE_DEVICE[m[K | MV_USB_DEVICE, &list);
      |                                 [01;31m[K^~~~~~~~~~~~~~[m[K
[01m[K/home/pl/ros2_ws1/src/haik/sdk_topic_cpp/src/se.cpp:54:50:[m[K [01;31m[Kerror: [m[K‘[01m[KMV_USB_DEVICE[m[K’ was not declared in this scope
   54 |     int ret = MV_CC_EnumDevices(MV_GIGE_DEVICE | [01;31m[KMV_USB_DEVICE[m[K, &list);
      |                                                  [01;31m[K^~~~~~~~~~~~~[m[K
[01m[K/home/pl/ros2_ws1/src/haik/sdk_topic_cpp/src/se.cpp:54:66:[m[K [01;31m[Kerror: [m[K‘[01m[Klist[m[K’ was not declared in this scope
   54 |     int ret = MV_CC_EnumDevices(MV_GIGE_DEVICE | MV_USB_DEVICE, &[01;31m[Klist[m[K);
      |                                                                  [01;31m[K^~~~[m[K
[01m[K/home/pl/ros2_ws1/src/haik/sdk_topic_cpp/src/se.cpp:54:66:[m[K [01;36m[Knote: [m[Ksuggested alternatives:
In file included from [01m[K/usr/include/c++/11/list:63[m[K,
                 from [01m[K/opt/ros/humble/include/rclcpp/rclcpp/executor.hpp:23[m[K,
                 from [01m[K/opt/ros/humble/include/rclcpp/rclcpp/executors/multi_threaded_executor.hpp:25[m[K,
                 from [01m[K/opt/ros/humble/include/rclcpp/rclcpp/executors.hpp:21[m[K,
                 from [01m[K/opt/ros/humble/include/rclcpp/rclcpp/rclcpp.hpp:155[m[K,
                 from [01m[K/home/pl/ros2_ws1/src/haik/sdk_topic_cpp/src/se.cpp:6[m[K:
[01m[K/usr/include/c++/11/bits/stl_list.h:557:11:[m[K [01;36m[Knote: [m[K  ‘[01m[Kstd::__cxx11::list[m[K’
  557 |     class [01;36m[Klist[m[K : protected _List_base<_Tp, _Alloc>
      |           [01;36m[K^~~~[m[K
In file included from [01m[K/opt/ros/humble/include/rclcpp/rclcpp/executor.hpp:23[m[K,
                 from [01m[K/opt/ros/humble/include/rclcpp/rclcpp/executors/multi_threaded_executor.hpp:25[m[K,
                 from [01m[K/opt/ros/humble/include/rclcpp/rclcpp/executors.hpp:21[m[K,
                 from [01m[K/opt/ros/humble/include/rclcpp/rclcpp/rclcpp.hpp:155[m[K,
                 from [01m[K/home/pl/ros2_ws1/src/haik/sdk_topic_cpp/src/se.cpp:6[m[K:
[01m[K/usr/include/c++/11/list:78:13:[m[K [01;36m[Knote: [m[K  ‘[01m[Kstd::pmr::list[m[K’
   78 |       using [01;36m[Klist[m[K = std::list<_Tp, polymorphic_allocator<_Tp>>;
      |             [01;36m[K^~~~[m[K
[01m[K/home/pl/ros2_ws1/src/haik/sdk_topic_cpp/src/se.cpp:54:15:[m[K [01;31m[Kerror: [m[K‘[01m[KMV_CC_EnumDevices[m[K’ was not declared in this scope
   54 |     int ret = [01;31m[KMV_CC_EnumDevices[m[K(MV_GIGE_DEVICE | MV_USB_DEVICE, &list);
      |               [01;31m[K^~~~~~~~~~~~~~~~~[m[K
[01m[K/home/pl/ros2_ws1/src/haik/sdk_topic_cpp/src/se.cpp:55:16:[m[K [01;31m[Kerror: [m[K‘[01m[KMV_OK[m[K’ was not declared in this scope
   55 |     if (ret != [01;31m[KMV_OK[m[K || list.nDeviceNum == 0) {
      |                [01;31m[K^~~~~[m[K
[01m[K/home/pl/ros2_ws1/src/haik/sdk_topic_cpp/src/se.cpp:63:23:[m[K [01;31m[Kerror: [m[K‘[01m[KGetSerial[m[K’ was not declared in this scope; did you mean ‘[01m[Kserial[m[K’?
   63 |       const auto sn = [01;31m[KGetSerial[m[K(info);
      |                       [01;31m[K^~~~~~~~~[m[K
      |                       [32m[Kserial[m[K
[01m[K/home/pl/ros2_ws1/src/haik/sdk_topic_cpp/src/se.cpp:64:26:[m[K [01;31m[Kerror: [m[K‘[01m[KGetGigEIp[m[K’ was not declared in this scope
   64 |       const auto ipstr = [01;31m[KGetGigEIp[m[K(info);
      |                          [01;31m[K^~~~~~~~~[m[K
[01m[K/home/pl/ros2_ws1/src/haik/sdk_topic_cpp/src/se.cpp:71:11:[m[K [01;31m[Kerror: [m[K‘[01m[KMV_CC_CreateHandle[m[K’ was not declared in this scope
   71 |     ret = [01;31m[KMV_CC_CreateHandle[m[K(&handle_, list.pDeviceInfo[idx]);
      |           [01;31m[K^~~~~~~~~~~~~~~~~~[m[K
[01m[K/home/pl/ros2_ws1/src/haik/sdk_topic_cpp/src/se.cpp:72:16:[m[K [01;31m[Kerror: [m[K‘[01m[KMV_OK[m[K’ was not declared in this scope
   72 |     if (ret != [01;31m[KMV_OK[m[K || !handle_) {
      |                [01;31m[K^~~~~[m[K
[01m[K/home/pl/ros2_ws1/src/haik/sdk_topic_cpp/src/se.cpp:77:11:[m[K [01;31m[Kerror: [m[K‘[01m[KMV_CC_OpenDevice[m[K’ was not declared in this scope
   77 |     ret = [01;31m[KMV_CC_OpenDevice[m[K(handle_);
      |           [01;31m[K^~~~~~~~~~~~~~~~[m[K
[01m[K/home/pl/ros2_ws1/src/haik/sdk_topic_cpp/src/se.cpp:78:16:[m[K [01;31m[Kerror: [m[K‘[01m[KMV_OK[m[K’ was not declared in this scope
   78 |     if (ret != [01;31m[KMV_OK[m[K) {
      |                [01;31m[K^~~~~[m[K
[01m[K/home/pl/ros2_ws1/src/haik/sdk_topic_cpp/src/se.cpp:80:7:[m[K [01;31m[Kerror: [m[K‘[01m[KMV_CC_DestroyHandle[m[K’ was not declared in this scope
   80 |       [01;31m[KMV_CC_DestroyHandle[m[K(handle_); handle_ = nullptr; return false;
      |       [01;31m[K^~~~~~~~~~~~~~~~~~~[m[K
[01m[K/home/pl/ros2_ws1/src/haik/sdk_topic_cpp/src/se.cpp:[m[K In member function ‘[01m[Kvoid HikUsbBgr8Pub::getCurrentFPS()[m[K’:
[01m[K/home/pl/ros2_ws1/src/haik/sdk_topic_cpp/src/se.cpp:91:15:[m[K [01;31m[Kerror: [m[K‘[01m[KMV_CC_GetFloatValue[m[K’ was not declared in this scope
   91 |     int ret = [01;31m[KMV_CC_GetFloatValue[m[K(handle_, "AcquisitionFrameRate", &current_fps);
      |               [01;31m[K^~~~~~~~~~~~~~~~~~~[m[K
[01m[K/home/pl/ros2_ws1/src/haik/sdk_topic_cpp/src/se.cpp:92:16:[m[K [01;31m[Kerror: [m[K‘[01m[KMV_OK[m[K’ was not declared in this scope
   92 |     if (ret == [01;31m[KMV_OK[m[K) {
      |                [01;31m[K^~~~~[m[K
[01m[K/home/pl/ros2_ws1/src/haik/sdk_topic_cpp/src/se.cpp:[m[K In member function ‘[01m[Kvoid HikUsbBgr8Pub::closeDeviceNoLock()[m[K’:
[01m[K/home/pl/ros2_ws1/src/haik/sdk_topic_cpp/src/se.cpp:107:7:[m[K [01;31m[Kerror: [m[K‘[01m[KMV_CC_CloseDevice[m[K’ was not declared in this scope
  107 |       [01;31m[KMV_CC_CloseDevice[m[K(handle_);
      |       [01;31m[K^~~~~~~~~~~~~~~~~[m[K
[01m[K/home/pl/ros2_ws1/src/haik/sdk_topic_cpp/src/se.cpp:108:7:[m[K [01;31m[Kerror: [m[K‘[01m[KMV_CC_DestroyHandle[m[K’ was not declared in this scope
  108 |       [01;31m[KMV_CC_DestroyHandle[m[K(handle_);
      |       [01;31m[K^~~~~~~~~~~~~~~~~~~[m[K
gmake[2]: *** [CMakeFiles/se.dir/build.make:76：CMakeFiles/se.dir/src/se.cpp.o] 错误 1
gmake[1]: *** [CMakeFiles/Makefile2:137：CMakeFiles/se.dir/all] 错误 2
gmake: *** [Makefile:146：all] 错误 2
