[0.161s] Invoking command in '/home/pl/ros2_ws1/build/sdk_topic_cpp': CMAKE_PREFIX_PATH=${CMAKE_PREFIX_PATH}:/home/pl/ros2_ws1/install/sdk_topic:/home/pl/ros2_ws1/install/sdk_launch:/opt/ros/humble /usr/bin/cmake --build /home/pl/ros2_ws1/build/sdk_topic_cpp -- -j20 -l20
[0.198s] [35m[1mConsolidate compiler generated dependencies of target se[0m
[0.211s] [ 50%] [32mBuilding CXX object CMakeFiles/se.dir/src/se.cpp.o[0m
[1.745s] [01m[K/home/pl/ros2_ws1/src/haik/sdk_topic_cpp/src/se.cpp:[m[K In constructor ‘[01m[KHikUsbBgr8Pub::HikUsbBgr8Pub()[m[K’:
[1.745s] [01m[K/home/pl/ros2_ws1/src/haik/sdk_topic_cpp/src/se.cpp:25:5:[m[K [01;31m[Kerror: [m[K‘[01m[KMV_CC_Initialize[m[K’ was not declared in this scope
[1.745s]    25 |     [01;31m[KMV_CC_Initialize[m[K();          // SDK 初始化
[1.745s]       |     [01;31m[K^~~~~~~~~~~~~~~~[m[K
[1.750s] [01m[K/home/pl/ros2_ws1/src/haik/sdk_topic_cpp/src/se.cpp:[m[K In destructor ‘[01m[Kvirtual HikUsbBgr8Pub::~HikUsbBgr8Pub()[m[K’:
[1.750s] [01m[K/home/pl/ros2_ws1/src/haik/sdk_topic_cpp/src/se.cpp:33:5:[m[K [01;31m[Kerror: [m[K‘[01m[KstopGrab[m[K’ was not declared in this scope
[1.750s]    33 |     [01;31m[KstopGrab[m[K();
[1.750s]       |     [01;31m[K^~~~~~~~[m[K
[1.755s] [01m[K/home/pl/ros2_ws1/src/haik/sdk_topic_cpp/src/se.cpp:35:5:[m[K [01;31m[Kerror: [m[K‘[01m[KMV_CC_Finalize[m[K’ was not declared in this scope
[1.755s]    35 |     [01;31m[KMV_CC_Finalize[m[K();
[1.755s]       |     [01;31m[K^~~~~~~~~~~~~~[m[K
[1.764s] [01m[K/home/pl/ros2_ws1/src/haik/sdk_topic_cpp/src/se.cpp:[m[K In member function ‘[01m[Kbool HikUsbBgr8Pub::openBySnOrIp(const string&, const string&)[m[K’:
[1.764s] [01m[K/home/pl/ros2_ws1/src/haik/sdk_topic_cpp/src/se.cpp:53:5:[m[K [01;31m[Kerror: [m[K‘[01m[KMV_CC_DEVICE_INFO_LIST[m[K’ was not declared in this scope
[1.764s]    53 |     [01;31m[KMV_CC_DEVICE_INFO_LIST[m[K list{};
[1.764s]       |     [01;31m[K^~~~~~~~~~~~~~~~~~~~~~[m[K
[1.770s] [01m[K/home/pl/ros2_ws1/src/haik/sdk_topic_cpp/src/se.cpp:54:33:[m[K [01;31m[Kerror: [m[K‘[01m[KMV_GIGE_DEVICE[m[K’ was not declared in this scope
[1.770s]    54 |     int ret = MV_CC_EnumDevices([01;31m[KMV_GIGE_DEVICE[m[K | MV_USB_DEVICE, &list);
[1.770s]       |                                 [01;31m[K^~~~~~~~~~~~~~[m[K
[1.775s] [01m[K/home/pl/ros2_ws1/src/haik/sdk_topic_cpp/src/se.cpp:54:50:[m[K [01;31m[Kerror: [m[K‘[01m[KMV_USB_DEVICE[m[K’ was not declared in this scope
[1.775s]    54 |     int ret = MV_CC_EnumDevices(MV_GIGE_DEVICE | [01;31m[KMV_USB_DEVICE[m[K, &list);
[1.776s]       |                                                  [01;31m[K^~~~~~~~~~~~~[m[K
[1.776s] [01m[K/home/pl/ros2_ws1/src/haik/sdk_topic_cpp/src/se.cpp:54:66:[m[K [01;31m[Kerror: [m[K‘[01m[Klist[m[K’ was not declared in this scope
[1.776s]    54 |     int ret = MV_CC_EnumDevices(MV_GIGE_DEVICE | MV_USB_DEVICE, &[01;31m[Klist[m[K);
[1.776s]       |                                                                  [01;31m[K^~~~[m[K
[1.776s] [01m[K/home/pl/ros2_ws1/src/haik/sdk_topic_cpp/src/se.cpp:54:66:[m[K [01;36m[Knote: [m[Ksuggested alternatives:
[1.776s] In file included from [01m[K/usr/include/c++/11/list:63[m[K,
[1.776s]                  from [01m[K/opt/ros/humble/include/rclcpp/rclcpp/executor.hpp:23[m[K,
[1.776s]                  from [01m[K/opt/ros/humble/include/rclcpp/rclcpp/executors/multi_threaded_executor.hpp:25[m[K,
[1.776s]                  from [01m[K/opt/ros/humble/include/rclcpp/rclcpp/executors.hpp:21[m[K,
[1.776s]                  from [01m[K/opt/ros/humble/include/rclcpp/rclcpp/rclcpp.hpp:155[m[K,
[1.776s]                  from [01m[K/home/pl/ros2_ws1/src/haik/sdk_topic_cpp/src/se.cpp:6[m[K:
[1.776s] [01m[K/usr/include/c++/11/bits/stl_list.h:557:11:[m[K [01;36m[Knote: [m[K  ‘[01m[Kstd::__cxx11::list[m[K’
[1.776s]   557 |     class [01;36m[Klist[m[K : protected _List_base<_Tp, _Alloc>
[1.776s]       |           [01;36m[K^~~~[m[K
[1.776s] In file included from [01m[K/opt/ros/humble/include/rclcpp/rclcpp/executor.hpp:23[m[K,
[1.776s]                  from [01m[K/opt/ros/humble/include/rclcpp/rclcpp/executors/multi_threaded_executor.hpp:25[m[K,
[1.776s]                  from [01m[K/opt/ros/humble/include/rclcpp/rclcpp/executors.hpp:21[m[K,
[1.776s]                  from [01m[K/opt/ros/humble/include/rclcpp/rclcpp/rclcpp.hpp:155[m[K,
[1.776s]                  from [01m[K/home/pl/ros2_ws1/src/haik/sdk_topic_cpp/src/se.cpp:6[m[K:
[1.776s] [01m[K/usr/include/c++/11/list:78:13:[m[K [01;36m[Knote: [m[K  ‘[01m[Kstd::pmr::list[m[K’
[1.776s]    78 |       using [01;36m[Klist[m[K = std::list<_Tp, polymorphic_allocator<_Tp>>;
[1.776s]       |             [01;36m[K^~~~[m[K
[1.782s] [01m[K/home/pl/ros2_ws1/src/haik/sdk_topic_cpp/src/se.cpp:54:15:[m[K [01;31m[Kerror: [m[K‘[01m[KMV_CC_EnumDevices[m[K’ was not declared in this scope
[1.782s]    54 |     int ret = [01;31m[KMV_CC_EnumDevices[m[K(MV_GIGE_DEVICE | MV_USB_DEVICE, &list);
[1.782s]       |               [01;31m[K^~~~~~~~~~~~~~~~~[m[K
[1.785s] [01m[K/home/pl/ros2_ws1/src/haik/sdk_topic_cpp/src/se.cpp:55:16:[m[K [01;31m[Kerror: [m[K‘[01m[KMV_OK[m[K’ was not declared in this scope
[1.785s]    55 |     if (ret != [01;31m[KMV_OK[m[K || list.nDeviceNum == 0) {
[1.785s]       |                [01;31m[K^~~~~[m[K
[1.789s] [01m[K/home/pl/ros2_ws1/src/haik/sdk_topic_cpp/src/se.cpp:63:23:[m[K [01;31m[Kerror: [m[K‘[01m[KGetSerial[m[K’ was not declared in this scope; did you mean ‘[01m[Kserial[m[K’?
[1.789s]    63 |       const auto sn = [01;31m[KGetSerial[m[K(info);
[1.789s]       |                       [01;31m[K^~~~~~~~~[m[K
[1.789s]       |                       [32m[Kserial[m[K
[1.793s] [01m[K/home/pl/ros2_ws1/src/haik/sdk_topic_cpp/src/se.cpp:64:26:[m[K [01;31m[Kerror: [m[K‘[01m[KGetGigEIp[m[K’ was not declared in this scope
[1.793s]    64 |       const auto ipstr = [01;31m[KGetGigEIp[m[K(info);
[1.794s]       |                          [01;31m[K^~~~~~~~~[m[K
[1.800s] [01m[K/home/pl/ros2_ws1/src/haik/sdk_topic_cpp/src/se.cpp:71:11:[m[K [01;31m[Kerror: [m[K‘[01m[KMV_CC_CreateHandle[m[K’ was not declared in this scope
[1.800s]    71 |     ret = [01;31m[KMV_CC_CreateHandle[m[K(&handle_, list.pDeviceInfo[idx]);
[1.800s]       |           [01;31m[K^~~~~~~~~~~~~~~~~~[m[K
[1.803s] [01m[K/home/pl/ros2_ws1/src/haik/sdk_topic_cpp/src/se.cpp:72:16:[m[K [01;31m[Kerror: [m[K‘[01m[KMV_OK[m[K’ was not declared in this scope
[1.804s]    72 |     if (ret != [01;31m[KMV_OK[m[K || !handle_) {
[1.804s]       |                [01;31m[K^~~~~[m[K
[1.810s] [01m[K/home/pl/ros2_ws1/src/haik/sdk_topic_cpp/src/se.cpp:77:11:[m[K [01;31m[Kerror: [m[K‘[01m[KMV_CC_OpenDevice[m[K’ was not declared in this scope
[1.810s]    77 |     ret = [01;31m[KMV_CC_OpenDevice[m[K(handle_);
[1.810s]       |           [01;31m[K^~~~~~~~~~~~~~~~[m[K
[1.814s] [01m[K/home/pl/ros2_ws1/src/haik/sdk_topic_cpp/src/se.cpp:78:16:[m[K [01;31m[Kerror: [m[K‘[01m[KMV_OK[m[K’ was not declared in this scope
[1.814s]    78 |     if (ret != [01;31m[KMV_OK[m[K) {
[1.814s]       |                [01;31m[K^~~~~[m[K
[1.821s] [01m[K/home/pl/ros2_ws1/src/haik/sdk_topic_cpp/src/se.cpp:80:7:[m[K [01;31m[Kerror: [m[K‘[01m[KMV_CC_DestroyHandle[m[K’ was not declared in this scope
[1.821s]    80 |       [01;31m[KMV_CC_DestroyHandle[m[K(handle_); handle_ = nullptr; return false;
[1.821s]       |       [01;31m[K^~~~~~~~~~~~~~~~~~~[m[K
[1.829s] [01m[K/home/pl/ros2_ws1/src/haik/sdk_topic_cpp/src/se.cpp:[m[K In member function ‘[01m[Kvoid HikUsbBgr8Pub::getCurrentFPS()[m[K’:
[1.829s] [01m[K/home/pl/ros2_ws1/src/haik/sdk_topic_cpp/src/se.cpp:91:15:[m[K [01;31m[Kerror: [m[K‘[01m[KMV_CC_GetFloatValue[m[K’ was not declared in this scope
[1.829s]    91 |     int ret = [01;31m[KMV_CC_GetFloatValue[m[K(handle_, "AcquisitionFrameRate", &current_fps);
[1.829s]       |               [01;31m[K^~~~~~~~~~~~~~~~~~~[m[K
[1.832s] [01m[K/home/pl/ros2_ws1/src/haik/sdk_topic_cpp/src/se.cpp:92:16:[m[K [01;31m[Kerror: [m[K‘[01m[KMV_OK[m[K’ was not declared in this scope
[1.832s]    92 |     if (ret == [01;31m[KMV_OK[m[K) {
[1.832s]       |                [01;31m[K^~~~~[m[K
[1.839s] [01m[K/home/pl/ros2_ws1/src/haik/sdk_topic_cpp/src/se.cpp:[m[K In member function ‘[01m[Kvoid HikUsbBgr8Pub::closeDeviceNoLock()[m[K’:
[1.839s] [01m[K/home/pl/ros2_ws1/src/haik/sdk_topic_cpp/src/se.cpp:107:7:[m[K [01;31m[Kerror: [m[K‘[01m[KMV_CC_CloseDevice[m[K’ was not declared in this scope
[1.839s]   107 |       [01;31m[KMV_CC_CloseDevice[m[K(handle_);
[1.839s]       |       [01;31m[K^~~~~~~~~~~~~~~~~[m[K
[1.846s] [01m[K/home/pl/ros2_ws1/src/haik/sdk_topic_cpp/src/se.cpp:108:7:[m[K [01;31m[Kerror: [m[K‘[01m[KMV_CC_DestroyHandle[m[K’ was not declared in this scope
[1.846s]   108 |       [01;31m[KMV_CC_DestroyHandle[m[K(handle_);
[1.846s]       |       [01;31m[K^~~~~~~~~~~~~~~~~~~[m[K
[2.186s] gmake[2]: *** [CMakeFiles/se.dir/build.make:76：CMakeFiles/se.dir/src/se.cpp.o] 错误 1
[2.186s] gmake[1]: *** [CMakeFiles/Makefile2:137：CMakeFiles/se.dir/all] 错误 2
[2.186s] gmake: *** [Makefile:146：all] 错误 2
[2.188s] Invoked command in '/home/pl/ros2_ws1/build/sdk_topic_cpp' returned '2': CMAKE_PREFIX_PATH=${CMAKE_PREFIX_PATH}:/home/pl/ros2_ws1/install/sdk_topic:/home/pl/ros2_ws1/install/sdk_launch:/opt/ros/humble /usr/bin/cmake --build /home/pl/ros2_ws1/build/sdk_topic_cpp -- -j20 -l20
