[0.059s] DEBUG:colcon:Command line arguments: ['/usr/bin/colcon', 'build']
[0.059s] DEBUG:colcon:Parsed command line arguments: Namespace(log_base=None, log_level=None, verb_name='build', build_base='build', install_base='install', merge_install=False, symlink_install=False, test_result_base=None, continue_on_error=False, executor='parallel', parallel_workers=20, event_handlers=None, ignore_user_meta=False, metas=['./colcon.meta'], base_paths=['.'], packages_ignore=None, packages_ignore_regex=None, paths=None, packages_up_to=None, packages_up_to_regex=None, packages_above=None, packages_above_and_dependencies=None, packages_above_depth=None, packages_select_by_dep=None, packages_skip_by_dep=None, packages_skip_up_to=None, packages_select_build_failed=False, packages_skip_build_finished=False, packages_select_test_failures=False, packages_skip_test_passed=False, packages_select=None, packages_skip=None, packages_select_regex=None, packages_skip_regex=None, packages_start=None, packages_end=None, allow_overriding=[], cmake_args=None, cmake_target=None, cmake_target_skip_unavailable=False, cmake_clean_cache=False, cmake_clean_first=False, cmake_force_configure=False, ament_cmake_args=None, catkin_cmake_args=None, catkin_skip_building_tests=False, verb_parser=<colcon_defaults.argument_parser.defaults.DefaultArgumentsDecorator object at 0x790483254c10>, verb_extension=<colcon_core.verb.build.BuildVerb object at 0x790483351f90>, main=<bound method BuildVerb.main of <colcon_core.verb.build.BuildVerb object at 0x790483351f90>>)
[0.149s] Level 1:colcon.colcon_core.package_discovery:discover_packages(colcon_meta) check parameters
[0.149s] Level 1:colcon.colcon_core.package_discovery:discover_packages(recursive) check parameters
[0.149s] Level 1:colcon.colcon_core.package_discovery:discover_packages(ignore) check parameters
[0.149s] Level 1:colcon.colcon_core.package_discovery:discover_packages(path) check parameters
[0.150s] Level 1:colcon.colcon_core.package_discovery:discover_packages(colcon_meta) discover
[0.150s] Level 1:colcon.colcon_core.package_discovery:discover_packages(recursive) discover
[0.150s] INFO:colcon.colcon_core.package_discovery:Crawling recursively for packages in '/home/pl/ros2_ws1'
[0.150s] Level 1:colcon.colcon_core.package_identification:_identify(.) by extensions ['ignore', 'ignore_ament_install']
[0.150s] Level 1:colcon.colcon_core.package_identification:_identify(.) by extension 'ignore'
[0.150s] Level 1:colcon.colcon_core.package_identification:_identify(.) by extension 'ignore_ament_install'
[0.150s] Level 1:colcon.colcon_core.package_identification:_identify(.) by extensions ['colcon_pkg']
[0.150s] Level 1:colcon.colcon_core.package_identification:_identify(.) by extension 'colcon_pkg'
[0.150s] Level 1:colcon.colcon_core.package_identification:_identify(.) by extensions ['colcon_meta']
[0.150s] Level 1:colcon.colcon_core.package_identification:_identify(.) by extension 'colcon_meta'
[0.150s] Level 1:colcon.colcon_core.package_identification:_identify(.) by extensions ['ros']
[0.150s] Level 1:colcon.colcon_core.package_identification:_identify(.) by extension 'ros'
[0.157s] Level 1:colcon.colcon_core.package_identification:_identify(.) by extensions ['cmake', 'python']
[0.157s] Level 1:colcon.colcon_core.package_identification:_identify(.) by extension 'cmake'
[0.157s] Level 1:colcon.colcon_core.package_identification:_identify(.) by extension 'python'
[0.157s] Level 1:colcon.colcon_core.package_identification:_identify(.) by extensions ['python_setup_py']
[0.157s] Level 1:colcon.colcon_core.package_identification:_identify(.) by extension 'python_setup_py'
[0.157s] Level 1:colcon.colcon_core.package_identification:_identify(build) by extensions ['ignore', 'ignore_ament_install']
[0.157s] Level 1:colcon.colcon_core.package_identification:_identify(build) by extension 'ignore'
[0.157s] Level 1:colcon.colcon_core.package_identification:_identify(build) ignored
[0.157s] Level 1:colcon.colcon_core.package_identification:_identify(install) by extensions ['ignore', 'ignore_ament_install']
[0.157s] Level 1:colcon.colcon_core.package_identification:_identify(install) by extension 'ignore'
[0.157s] Level 1:colcon.colcon_core.package_identification:_identify(install) ignored
[0.157s] Level 1:colcon.colcon_core.package_identification:_identify(log) by extensions ['ignore', 'ignore_ament_install']
[0.157s] Level 1:colcon.colcon_core.package_identification:_identify(log) by extension 'ignore'
[0.157s] Level 1:colcon.colcon_core.package_identification:_identify(log) ignored
[0.157s] Level 1:colcon.colcon_core.package_identification:_identify(src) by extensions ['ignore', 'ignore_ament_install']
[0.157s] Level 1:colcon.colcon_core.package_identification:_identify(src) by extension 'ignore'
[0.157s] Level 1:colcon.colcon_core.package_identification:_identify(src) by extension 'ignore_ament_install'
[0.157s] Level 1:colcon.colcon_core.package_identification:_identify(src) by extensions ['colcon_pkg']
[0.157s] Level 1:colcon.colcon_core.package_identification:_identify(src) by extension 'colcon_pkg'
[0.157s] Level 1:colcon.colcon_core.package_identification:_identify(src) by extensions ['colcon_meta']
[0.157s] Level 1:colcon.colcon_core.package_identification:_identify(src) by extension 'colcon_meta'
[0.158s] Level 1:colcon.colcon_core.package_identification:_identify(src) by extensions ['ros']
[0.158s] Level 1:colcon.colcon_core.package_identification:_identify(src) by extension 'ros'
[0.158s] Level 1:colcon.colcon_core.package_identification:_identify(src) by extensions ['cmake', 'python']
[0.158s] Level 1:colcon.colcon_core.package_identification:_identify(src) by extension 'cmake'
[0.158s] Level 1:colcon.colcon_core.package_identification:_identify(src) by extension 'python'
[0.158s] Level 1:colcon.colcon_core.package_identification:_identify(src) by extensions ['python_setup_py']
[0.158s] Level 1:colcon.colcon_core.package_identification:_identify(src) by extension 'python_setup_py'
[0.158s] Level 1:colcon.colcon_core.package_identification:_identify(src/haik) by extensions ['ignore', 'ignore_ament_install']
[0.158s] Level 1:colcon.colcon_core.package_identification:_identify(src/haik) by extension 'ignore'
[0.158s] Level 1:colcon.colcon_core.package_identification:_identify(src/haik) by extension 'ignore_ament_install'
[0.158s] Level 1:colcon.colcon_core.package_identification:_identify(src/haik) by extensions ['colcon_pkg']
[0.158s] Level 1:colcon.colcon_core.package_identification:_identify(src/haik) by extension 'colcon_pkg'
[0.158s] Level 1:colcon.colcon_core.package_identification:_identify(src/haik) by extensions ['colcon_meta']
[0.158s] Level 1:colcon.colcon_core.package_identification:_identify(src/haik) by extension 'colcon_meta'
[0.158s] Level 1:colcon.colcon_core.package_identification:_identify(src/haik) by extensions ['ros']
[0.158s] Level 1:colcon.colcon_core.package_identification:_identify(src/haik) by extension 'ros'
[0.158s] Level 1:colcon.colcon_core.package_identification:_identify(src/haik) by extensions ['cmake', 'python']
[0.158s] Level 1:colcon.colcon_core.package_identification:_identify(src/haik) by extension 'cmake'
[0.158s] Level 1:colcon.colcon_core.package_identification:_identify(src/haik) by extension 'python'
[0.158s] Level 1:colcon.colcon_core.package_identification:_identify(src/haik) by extensions ['python_setup_py']
[0.158s] Level 1:colcon.colcon_core.package_identification:_identify(src/haik) by extension 'python_setup_py'
[0.158s] Level 1:colcon.colcon_core.package_identification:_identify(src/haik/learning_interface) by extensions ['ignore', 'ignore_ament_install']
[0.158s] Level 1:colcon.colcon_core.package_identification:_identify(src/haik/learning_interface) by extension 'ignore'
[0.158s] Level 1:colcon.colcon_core.package_identification:_identify(src/haik/learning_interface) by extension 'ignore_ament_install'
[0.158s] Level 1:colcon.colcon_core.package_identification:_identify(src/haik/learning_interface) by extensions ['colcon_pkg']
[0.158s] Level 1:colcon.colcon_core.package_identification:_identify(src/haik/learning_interface) by extension 'colcon_pkg'
[0.158s] Level 1:colcon.colcon_core.package_identification:_identify(src/haik/learning_interface) by extensions ['colcon_meta']
[0.158s] Level 1:colcon.colcon_core.package_identification:_identify(src/haik/learning_interface) by extension 'colcon_meta'
[0.158s] Level 1:colcon.colcon_core.package_identification:_identify(src/haik/learning_interface) by extensions ['ros']
[0.158s] Level 1:colcon.colcon_core.package_identification:_identify(src/haik/learning_interface) by extension 'ros'
[0.160s] DEBUG:colcon.colcon_core.package_identification:Package 'src/haik/learning_interface' with type 'ros.ament_cmake' and name 'learning_interface'
[0.160s] Level 1:colcon.colcon_core.package_identification:_identify(src/haik/sdk_launch) by extensions ['ignore', 'ignore_ament_install']
[0.160s] Level 1:colcon.colcon_core.package_identification:_identify(src/haik/sdk_launch) by extension 'ignore'
[0.160s] Level 1:colcon.colcon_core.package_identification:_identify(src/haik/sdk_launch) by extension 'ignore_ament_install'
[0.160s] Level 1:colcon.colcon_core.package_identification:_identify(src/haik/sdk_launch) by extensions ['colcon_pkg']
[0.160s] Level 1:colcon.colcon_core.package_identification:_identify(src/haik/sdk_launch) by extension 'colcon_pkg'
[0.160s] Level 1:colcon.colcon_core.package_identification:_identify(src/haik/sdk_launch) by extensions ['colcon_meta']
[0.160s] Level 1:colcon.colcon_core.package_identification:_identify(src/haik/sdk_launch) by extension 'colcon_meta'
[0.160s] Level 1:colcon.colcon_core.package_identification:_identify(src/haik/sdk_launch) by extensions ['ros']
[0.160s] Level 1:colcon.colcon_core.package_identification:_identify(src/haik/sdk_launch) by extension 'ros'
[0.160s] DEBUG:colcon.colcon_core.package_identification:Package 'src/haik/sdk_launch' with type 'ros.ament_python' and name 'sdk_launch'
[0.160s] Level 1:colcon.colcon_core.package_identification:_identify(src/haik/sdk_topic) by extensions ['ignore', 'ignore_ament_install']
[0.160s] Level 1:colcon.colcon_core.package_identification:_identify(src/haik/sdk_topic) by extension 'ignore'
[0.160s] Level 1:colcon.colcon_core.package_identification:_identify(src/haik/sdk_topic) by extension 'ignore_ament_install'
[0.160s] Level 1:colcon.colcon_core.package_identification:_identify(src/haik/sdk_topic) by extensions ['colcon_pkg']
[0.160s] Level 1:colcon.colcon_core.package_identification:_identify(src/haik/sdk_topic) by extension 'colcon_pkg'
[0.160s] Level 1:colcon.colcon_core.package_identification:_identify(src/haik/sdk_topic) by extensions ['colcon_meta']
[0.160s] Level 1:colcon.colcon_core.package_identification:_identify(src/haik/sdk_topic) by extension 'colcon_meta'
[0.160s] Level 1:colcon.colcon_core.package_identification:_identify(src/haik/sdk_topic) by extensions ['ros']
[0.161s] Level 1:colcon.colcon_core.package_identification:_identify(src/haik/sdk_topic) by extension 'ros'
[0.161s] DEBUG:colcon.colcon_core.package_identification:Package 'src/haik/sdk_topic' with type 'ros.ament_python' and name 'sdk_topic'
[0.161s] Level 1:colcon.colcon_core.package_identification:_identify(src/haik/sdk_topic_cpp) by extensions ['ignore', 'ignore_ament_install']
[0.161s] Level 1:colcon.colcon_core.package_identification:_identify(src/haik/sdk_topic_cpp) by extension 'ignore'
[0.161s] Level 1:colcon.colcon_core.package_identification:_identify(src/haik/sdk_topic_cpp) by extension 'ignore_ament_install'
[0.161s] Level 1:colcon.colcon_core.package_identification:_identify(src/haik/sdk_topic_cpp) by extensions ['colcon_pkg']
[0.161s] Level 1:colcon.colcon_core.package_identification:_identify(src/haik/sdk_topic_cpp) by extension 'colcon_pkg'
[0.161s] Level 1:colcon.colcon_core.package_identification:_identify(src/haik/sdk_topic_cpp) by extensions ['colcon_meta']
[0.161s] Level 1:colcon.colcon_core.package_identification:_identify(src/haik/sdk_topic_cpp) by extension 'colcon_meta'
[0.161s] Level 1:colcon.colcon_core.package_identification:_identify(src/haik/sdk_topic_cpp) by extensions ['ros']
[0.161s] Level 1:colcon.colcon_core.package_identification:_identify(src/haik/sdk_topic_cpp) by extension 'ros'
[0.162s] DEBUG:colcon.colcon_core.package_identification:Package 'src/haik/sdk_topic_cpp' with type 'ros.ament_cmake' and name 'sdk_topic_cpp'
[0.162s] Level 1:colcon.colcon_core.package_identification:_identify(src/haik/std_msg) by extensions ['ignore', 'ignore_ament_install']
[0.162s] Level 1:colcon.colcon_core.package_identification:_identify(src/haik/std_msg) by extension 'ignore'
[0.162s] Level 1:colcon.colcon_core.package_identification:_identify(src/haik/std_msg) by extension 'ignore_ament_install'
[0.162s] Level 1:colcon.colcon_core.package_identification:_identify(src/haik/std_msg) by extensions ['colcon_pkg']
[0.162s] Level 1:colcon.colcon_core.package_identification:_identify(src/haik/std_msg) by extension 'colcon_pkg'
[0.162s] Level 1:colcon.colcon_core.package_identification:_identify(src/haik/std_msg) by extensions ['colcon_meta']
[0.162s] Level 1:colcon.colcon_core.package_identification:_identify(src/haik/std_msg) by extension 'colcon_meta'
[0.162s] Level 1:colcon.colcon_core.package_identification:_identify(src/haik/std_msg) by extensions ['ros']
[0.162s] Level 1:colcon.colcon_core.package_identification:_identify(src/haik/std_msg) by extension 'ros'
[0.162s] Level 1:colcon.colcon_core.package_identification:_identify(src/haik/std_msg) by extensions ['cmake', 'python']
[0.162s] Level 1:colcon.colcon_core.package_identification:_identify(src/haik/std_msg) by extension 'cmake'
[0.162s] Level 1:colcon.colcon_core.package_identification:_identify(src/haik/std_msg) by extension 'python'
[0.162s] Level 1:colcon.colcon_core.package_identification:_identify(src/haik/std_msg) by extensions ['python_setup_py']
[0.162s] Level 1:colcon.colcon_core.package_identification:_identify(src/haik/std_msg) by extension 'python_setup_py'
[0.162s] Level 1:colcon.colcon_core.package_discovery:discover_packages(recursive) using defaults
[0.162s] Level 1:colcon.colcon_core.package_discovery:discover_packages(ignore) discover
[0.162s] Level 1:colcon.colcon_core.package_discovery:discover_packages(ignore) using defaults
[0.162s] Level 1:colcon.colcon_core.package_discovery:discover_packages(path) discover
[0.162s] Level 1:colcon.colcon_core.package_discovery:discover_packages(path) using defaults
[0.180s] Level 1:colcon.colcon_core.package_discovery:discover_packages(prefix_path) check parameters
[0.180s] Level 1:colcon.colcon_core.package_discovery:discover_packages(prefix_path) discover
[0.181s] DEBUG:colcon.colcon_installed_package_information.package_discovery:Found 4 installed packages in /home/pl/ros2_ws1/install
[0.182s] DEBUG:colcon.colcon_installed_package_information.package_discovery:Found 284 installed packages in /opt/ros/humble
[0.182s] Level 1:colcon.colcon_core.package_discovery:discover_packages(prefix_path) using defaults
[0.203s] Level 5:colcon.colcon_core.verb:set package 'learning_interface' build argument 'cmake_args' from command line to 'None'
[0.203s] Level 5:colcon.colcon_core.verb:set package 'learning_interface' build argument 'cmake_target' from command line to 'None'
[0.203s] Level 5:colcon.colcon_core.verb:set package 'learning_interface' build argument 'cmake_target_skip_unavailable' from command line to 'False'
[0.203s] Level 5:colcon.colcon_core.verb:set package 'learning_interface' build argument 'cmake_clean_cache' from command line to 'False'
[0.203s] Level 5:colcon.colcon_core.verb:set package 'learning_interface' build argument 'cmake_clean_first' from command line to 'False'
[0.203s] Level 5:colcon.colcon_core.verb:set package 'learning_interface' build argument 'cmake_force_configure' from command line to 'False'
[0.203s] Level 5:colcon.colcon_core.verb:set package 'learning_interface' build argument 'ament_cmake_args' from command line to 'None'
[0.203s] Level 5:colcon.colcon_core.verb:set package 'learning_interface' build argument 'catkin_cmake_args' from command line to 'None'
[0.203s] Level 5:colcon.colcon_core.verb:set package 'learning_interface' build argument 'catkin_skip_building_tests' from command line to 'False'
[0.203s] DEBUG:colcon.colcon_core.verb:Building package 'learning_interface' with the following arguments: {'ament_cmake_args': None, 'build_base': '/home/pl/ros2_ws1/build/learning_interface', 'catkin_cmake_args': None, 'catkin_skip_building_tests': False, 'cmake_args': None, 'cmake_clean_cache': False, 'cmake_clean_first': False, 'cmake_force_configure': False, 'cmake_target': None, 'cmake_target_skip_unavailable': False, 'install_base': '/home/pl/ros2_ws1/install/learning_interface', 'merge_install': False, 'path': '/home/pl/ros2_ws1/src/haik/learning_interface', 'symlink_install': False, 'test_result_base': None}
[0.204s] Level 5:colcon.colcon_core.verb:set package 'sdk_launch' build argument 'cmake_args' from command line to 'None'
[0.204s] Level 5:colcon.colcon_core.verb:set package 'sdk_launch' build argument 'cmake_target' from command line to 'None'
[0.204s] Level 5:colcon.colcon_core.verb:set package 'sdk_launch' build argument 'cmake_target_skip_unavailable' from command line to 'False'
[0.204s] Level 5:colcon.colcon_core.verb:set package 'sdk_launch' build argument 'cmake_clean_cache' from command line to 'False'
[0.204s] Level 5:colcon.colcon_core.verb:set package 'sdk_launch' build argument 'cmake_clean_first' from command line to 'False'
[0.204s] Level 5:colcon.colcon_core.verb:set package 'sdk_launch' build argument 'cmake_force_configure' from command line to 'False'
[0.204s] Level 5:colcon.colcon_core.verb:set package 'sdk_launch' build argument 'ament_cmake_args' from command line to 'None'
[0.204s] Level 5:colcon.colcon_core.verb:set package 'sdk_launch' build argument 'catkin_cmake_args' from command line to 'None'
[0.204s] Level 5:colcon.colcon_core.verb:set package 'sdk_launch' build argument 'catkin_skip_building_tests' from command line to 'False'
[0.204s] DEBUG:colcon.colcon_core.verb:Building package 'sdk_launch' with the following arguments: {'ament_cmake_args': None, 'build_base': '/home/pl/ros2_ws1/build/sdk_launch', 'catkin_cmake_args': None, 'catkin_skip_building_tests': False, 'cmake_args': None, 'cmake_clean_cache': False, 'cmake_clean_first': False, 'cmake_force_configure': False, 'cmake_target': None, 'cmake_target_skip_unavailable': False, 'install_base': '/home/pl/ros2_ws1/install/sdk_launch', 'merge_install': False, 'path': '/home/pl/ros2_ws1/src/haik/sdk_launch', 'symlink_install': False, 'test_result_base': None}
[0.204s] Level 5:colcon.colcon_core.verb:set package 'sdk_topic_cpp' build argument 'cmake_args' from command line to 'None'
[0.204s] Level 5:colcon.colcon_core.verb:set package 'sdk_topic_cpp' build argument 'cmake_target' from command line to 'None'
[0.204s] Level 5:colcon.colcon_core.verb:set package 'sdk_topic_cpp' build argument 'cmake_target_skip_unavailable' from command line to 'False'
[0.204s] Level 5:colcon.colcon_core.verb:set package 'sdk_topic_cpp' build argument 'cmake_clean_cache' from command line to 'False'
[0.204s] Level 5:colcon.colcon_core.verb:set package 'sdk_topic_cpp' build argument 'cmake_clean_first' from command line to 'False'
[0.204s] Level 5:colcon.colcon_core.verb:set package 'sdk_topic_cpp' build argument 'cmake_force_configure' from command line to 'False'
[0.204s] Level 5:colcon.colcon_core.verb:set package 'sdk_topic_cpp' build argument 'ament_cmake_args' from command line to 'None'
[0.204s] Level 5:colcon.colcon_core.verb:set package 'sdk_topic_cpp' build argument 'catkin_cmake_args' from command line to 'None'
[0.204s] Level 5:colcon.colcon_core.verb:set package 'sdk_topic_cpp' build argument 'catkin_skip_building_tests' from command line to 'False'
[0.204s] DEBUG:colcon.colcon_core.verb:Building package 'sdk_topic_cpp' with the following arguments: {'ament_cmake_args': None, 'build_base': '/home/pl/ros2_ws1/build/sdk_topic_cpp', 'catkin_cmake_args': None, 'catkin_skip_building_tests': False, 'cmake_args': None, 'cmake_clean_cache': False, 'cmake_clean_first': False, 'cmake_force_configure': False, 'cmake_target': None, 'cmake_target_skip_unavailable': False, 'install_base': '/home/pl/ros2_ws1/install/sdk_topic_cpp', 'merge_install': False, 'path': '/home/pl/ros2_ws1/src/haik/sdk_topic_cpp', 'symlink_install': False, 'test_result_base': None}
[0.204s] Level 5:colcon.colcon_core.verb:set package 'sdk_topic' build argument 'cmake_args' from command line to 'None'
[0.204s] Level 5:colcon.colcon_core.verb:set package 'sdk_topic' build argument 'cmake_target' from command line to 'None'
[0.204s] Level 5:colcon.colcon_core.verb:set package 'sdk_topic' build argument 'cmake_target_skip_unavailable' from command line to 'False'
[0.204s] Level 5:colcon.colcon_core.verb:set package 'sdk_topic' build argument 'cmake_clean_cache' from command line to 'False'
[0.204s] Level 5:colcon.colcon_core.verb:set package 'sdk_topic' build argument 'cmake_clean_first' from command line to 'False'
[0.204s] Level 5:colcon.colcon_core.verb:set package 'sdk_topic' build argument 'cmake_force_configure' from command line to 'False'
[0.204s] Level 5:colcon.colcon_core.verb:set package 'sdk_topic' build argument 'ament_cmake_args' from command line to 'None'
[0.204s] Level 5:colcon.colcon_core.verb:set package 'sdk_topic' build argument 'catkin_cmake_args' from command line to 'None'
[0.204s] Level 5:colcon.colcon_core.verb:set package 'sdk_topic' build argument 'catkin_skip_building_tests' from command line to 'False'
[0.204s] DEBUG:colcon.colcon_core.verb:Building package 'sdk_topic' with the following arguments: {'ament_cmake_args': None, 'build_base': '/home/pl/ros2_ws1/build/sdk_topic', 'catkin_cmake_args': None, 'catkin_skip_building_tests': False, 'cmake_args': None, 'cmake_clean_cache': False, 'cmake_clean_first': False, 'cmake_force_configure': False, 'cmake_target': None, 'cmake_target_skip_unavailable': False, 'install_base': '/home/pl/ros2_ws1/install/sdk_topic', 'merge_install': False, 'path': '/home/pl/ros2_ws1/src/haik/sdk_topic', 'symlink_install': False, 'test_result_base': None}
[0.205s] INFO:colcon.colcon_core.executor:Executing jobs using 'parallel' executor
[0.205s] DEBUG:colcon.colcon_parallel_executor.executor.parallel:run_until_complete
[0.206s] INFO:colcon.colcon_ros.task.ament_cmake.build:Building ROS package in '/home/pl/ros2_ws1/src/haik/learning_interface' with build type 'ament_cmake'
[0.206s] INFO:colcon.colcon_cmake.task.cmake.build:Building CMake package in '/home/pl/ros2_ws1/src/haik/learning_interface'
[0.207s] INFO:colcon.colcon_core.plugin_system:Skipping extension 'colcon_core.shell.bat': Not used on non-Windows systems
[0.207s] INFO:colcon.colcon_core.shell:Skip shell extension 'powershell' for command environment: Not usable outside of PowerShell
[0.207s] DEBUG:colcon.colcon_core.shell:Skip shell extension 'dsv' for command environment
[0.209s] INFO:colcon.colcon_ros.task.ament_python.build:Building ROS package in '/home/pl/ros2_ws1/src/haik/sdk_launch' with build type 'ament_python'
[0.209s] Level 1:colcon.colcon_core.shell:create_environment_hook('sdk_launch', 'ament_prefix_path')
[0.209s] INFO:colcon.colcon_core.shell:Creating environment hook '/home/pl/ros2_ws1/install/sdk_launch/share/sdk_launch/hook/ament_prefix_path.ps1'
[0.210s] INFO:colcon.colcon_core.shell:Creating environment descriptor '/home/pl/ros2_ws1/install/sdk_launch/share/sdk_launch/hook/ament_prefix_path.dsv'
[0.210s] INFO:colcon.colcon_core.shell:Creating environment hook '/home/pl/ros2_ws1/install/sdk_launch/share/sdk_launch/hook/ament_prefix_path.sh'
[0.210s] INFO:colcon.colcon_core.shell:Skip shell extension 'powershell' for command environment: Not usable outside of PowerShell
[0.210s] DEBUG:colcon.colcon_core.shell:Skip shell extension 'dsv' for command environment
[0.212s] INFO:colcon.colcon_ros.task.ament_cmake.build:Building ROS package in '/home/pl/ros2_ws1/src/haik/sdk_topic_cpp' with build type 'ament_cmake'
[0.212s] INFO:colcon.colcon_cmake.task.cmake.build:Building CMake package in '/home/pl/ros2_ws1/src/haik/sdk_topic_cpp'
[0.212s] INFO:colcon.colcon_core.shell:Skip shell extension 'powershell' for command environment: Not usable outside of PowerShell
[0.212s] DEBUG:colcon.colcon_core.shell:Skip shell extension 'dsv' for command environment
[0.217s] DEBUG:colcon.colcon_core.event_handler.log_command:Invoking command in '/home/pl/ros2_ws1/build/learning_interface': CMAKE_PREFIX_PATH=${CMAKE_PREFIX_PATH}:/home/pl/ros2_ws1/install/sdk_topic:/home/pl/ros2_ws1/install/sdk_launch:/opt/ros/humble /usr/bin/cmake --build /home/pl/ros2_ws1/build/learning_interface -- -j20 -l20
[0.369s] INFO:colcon.colcon_core.task.python.build:Building Python package in '/home/pl/ros2_ws1/src/haik/sdk_launch'
[0.369s] INFO:colcon.colcon_core.shell:Skip shell extension 'powershell' for command environment: Not usable outside of PowerShell
[0.370s] DEBUG:colcon.colcon_core.shell:Skip shell extension 'dsv' for command environment
[0.378s] DEBUG:colcon.colcon_core.event_handler.log_command:Invoking command in '/home/pl/ros2_ws1/build/sdk_topic_cpp': CMAKE_PREFIX_PATH=${CMAKE_PREFIX_PATH}:/home/pl/ros2_ws1/install/sdk_topic:/home/pl/ros2_ws1/install/sdk_launch:/opt/ros/humble /usr/bin/cmake --build /home/pl/ros2_ws1/build/sdk_topic_cpp -- -j20 -l20
[0.442s] DEBUG:colcon.colcon_core.event_handler.log_command:Invoked command in '/home/pl/ros2_ws1/build/learning_interface' returned '0': CMAKE_PREFIX_PATH=${CMAKE_PREFIX_PATH}:/home/pl/ros2_ws1/install/sdk_topic:/home/pl/ros2_ws1/install/sdk_launch:/opt/ros/humble /usr/bin/cmake --build /home/pl/ros2_ws1/build/learning_interface -- -j20 -l20
[0.450s] DEBUG:colcon.colcon_core.event_handler.log_command:Invoking command in '/home/pl/ros2_ws1/build/learning_interface': CMAKE_PREFIX_PATH=${CMAKE_PREFIX_PATH}:/home/pl/ros2_ws1/install/sdk_topic:/home/pl/ros2_ws1/install/sdk_launch:/opt/ros/humble /usr/bin/cmake --install /home/pl/ros2_ws1/build/learning_interface
[0.488s] Level 1:colcon.colcon_core.environment:create_environment_scripts_only(learning_interface)
[0.491s] DEBUG:colcon.colcon_core.event_handler.log_command:Invoked command in '/home/pl/ros2_ws1/build/learning_interface' returned '0': CMAKE_PREFIX_PATH=${CMAKE_PREFIX_PATH}:/home/pl/ros2_ws1/install/sdk_topic:/home/pl/ros2_ws1/install/sdk_launch:/opt/ros/humble /usr/bin/cmake --install /home/pl/ros2_ws1/build/learning_interface
[0.493s] Level 1:colcon.colcon_core.environment:checking '/home/pl/ros2_ws1/install/learning_interface' for CMake module files
[0.494s] Level 1:colcon.colcon_core.environment:checking '/home/pl/ros2_ws1/install/learning_interface' for CMake config files
[0.494s] Level 1:colcon.colcon_core.shell:create_environment_hook('learning_interface', 'cmake_prefix_path')
[0.494s] INFO:colcon.colcon_core.shell:Creating environment hook '/home/pl/ros2_ws1/install/learning_interface/share/learning_interface/hook/cmake_prefix_path.ps1'
[0.495s] INFO:colcon.colcon_core.shell:Creating environment descriptor '/home/pl/ros2_ws1/install/learning_interface/share/learning_interface/hook/cmake_prefix_path.dsv'
[0.495s] INFO:colcon.colcon_core.shell:Creating environment hook '/home/pl/ros2_ws1/install/learning_interface/share/learning_interface/hook/cmake_prefix_path.sh'
[0.496s] Level 1:colcon.colcon_core.environment:checking '/home/pl/ros2_ws1/install/learning_interface/lib'
[0.496s] Level 1:colcon.colcon_core.shell:create_environment_hook('learning_interface', 'ld_library_path_lib')
[0.497s] INFO:colcon.colcon_core.shell:Creating environment hook '/home/pl/ros2_ws1/install/learning_interface/share/learning_interface/hook/ld_library_path_lib.ps1'
[0.497s] INFO:colcon.colcon_core.shell:Creating environment descriptor '/home/pl/ros2_ws1/install/learning_interface/share/learning_interface/hook/ld_library_path_lib.dsv'
[0.497s] INFO:colcon.colcon_core.shell:Creating environment hook '/home/pl/ros2_ws1/install/learning_interface/share/learning_interface/hook/ld_library_path_lib.sh'
[0.498s] Level 1:colcon.colcon_core.environment:checking '/home/pl/ros2_ws1/install/learning_interface/bin'
[0.498s] Level 1:colcon.colcon_core.environment:checking '/home/pl/ros2_ws1/install/learning_interface/lib/pkgconfig/learning_interface.pc'
[0.498s] Level 1:colcon.colcon_core.environment:checking '/home/pl/ros2_ws1/install/learning_interface/lib/python3.10/site-packages'
[0.499s] Level 1:colcon.colcon_core.environment:checking '/home/pl/ros2_ws1/install/learning_interface/bin'
[0.499s] INFO:colcon.colcon_core.shell:Creating package script '/home/pl/ros2_ws1/install/learning_interface/share/learning_interface/package.ps1'
[0.500s] INFO:colcon.colcon_core.shell:Creating package descriptor '/home/pl/ros2_ws1/install/learning_interface/share/learning_interface/package.dsv'
[0.501s] INFO:colcon.colcon_core.shell:Creating package script '/home/pl/ros2_ws1/install/learning_interface/share/learning_interface/package.sh'
[0.502s] INFO:colcon.colcon_core.shell:Creating package script '/home/pl/ros2_ws1/install/learning_interface/share/learning_interface/package.bash'
[0.503s] INFO:colcon.colcon_core.shell:Creating package script '/home/pl/ros2_ws1/install/learning_interface/share/learning_interface/package.zsh'
[0.503s] Level 1:colcon.colcon_core.environment:create_file_with_runtime_dependencies(/home/pl/ros2_ws1/install/learning_interface/share/colcon-core/packages/learning_interface)
[0.504s] Level 1:colcon.colcon_core.environment:create_environment_scripts_only(learning_interface)
[0.505s] Level 1:colcon.colcon_core.environment:checking '/home/pl/ros2_ws1/install/learning_interface' for CMake module files
[0.505s] Level 1:colcon.colcon_core.environment:checking '/home/pl/ros2_ws1/install/learning_interface' for CMake config files
[0.506s] Level 1:colcon.colcon_core.shell:create_environment_hook('learning_interface', 'cmake_prefix_path')
[0.506s] INFO:colcon.colcon_core.shell:Creating environment hook '/home/pl/ros2_ws1/install/learning_interface/share/learning_interface/hook/cmake_prefix_path.ps1'
[0.507s] INFO:colcon.colcon_core.shell:Creating environment descriptor '/home/pl/ros2_ws1/install/learning_interface/share/learning_interface/hook/cmake_prefix_path.dsv'
[0.507s] INFO:colcon.colcon_core.shell:Creating environment hook '/home/pl/ros2_ws1/install/learning_interface/share/learning_interface/hook/cmake_prefix_path.sh'
[0.508s] Level 1:colcon.colcon_core.environment:checking '/home/pl/ros2_ws1/install/learning_interface/lib'
[0.508s] Level 1:colcon.colcon_core.shell:create_environment_hook('learning_interface', 'ld_library_path_lib')
[0.508s] INFO:colcon.colcon_core.shell:Creating environment hook '/home/pl/ros2_ws1/install/learning_interface/share/learning_interface/hook/ld_library_path_lib.ps1'
[0.508s] INFO:colcon.colcon_core.shell:Creating environment descriptor '/home/pl/ros2_ws1/install/learning_interface/share/learning_interface/hook/ld_library_path_lib.dsv'
[0.509s] INFO:colcon.colcon_core.shell:Creating environment hook '/home/pl/ros2_ws1/install/learning_interface/share/learning_interface/hook/ld_library_path_lib.sh'
[0.509s] Level 1:colcon.colcon_core.environment:checking '/home/pl/ros2_ws1/install/learning_interface/bin'
[0.509s] Level 1:colcon.colcon_core.environment:checking '/home/pl/ros2_ws1/install/learning_interface/lib/pkgconfig/learning_interface.pc'
[0.510s] Level 1:colcon.colcon_core.environment:checking '/home/pl/ros2_ws1/install/learning_interface/lib/python3.10/site-packages'
[0.510s] Level 1:colcon.colcon_core.environment:checking '/home/pl/ros2_ws1/install/learning_interface/bin'
[0.510s] INFO:colcon.colcon_core.shell:Creating package script '/home/pl/ros2_ws1/install/learning_interface/share/learning_interface/package.ps1'
[0.511s] INFO:colcon.colcon_core.shell:Creating package descriptor '/home/pl/ros2_ws1/install/learning_interface/share/learning_interface/package.dsv'
[0.512s] INFO:colcon.colcon_core.shell:Creating package script '/home/pl/ros2_ws1/install/learning_interface/share/learning_interface/package.sh'
[0.512s] INFO:colcon.colcon_core.shell:Creating package script '/home/pl/ros2_ws1/install/learning_interface/share/learning_interface/package.bash'
[0.513s] INFO:colcon.colcon_core.shell:Creating package script '/home/pl/ros2_ws1/install/learning_interface/share/learning_interface/package.zsh'
[0.513s] Level 1:colcon.colcon_core.environment:create_file_with_runtime_dependencies(/home/pl/ros2_ws1/install/learning_interface/share/colcon-core/packages/learning_interface)
[0.513s] INFO:colcon.colcon_ros.task.ament_python.build:Building ROS package in '/home/pl/ros2_ws1/src/haik/sdk_topic' with build type 'ament_python'
[0.514s] Level 1:colcon.colcon_core.shell:create_environment_hook('sdk_topic', 'ament_prefix_path')
[0.514s] INFO:colcon.colcon_core.shell:Creating environment hook '/home/pl/ros2_ws1/install/sdk_topic/share/sdk_topic/hook/ament_prefix_path.ps1'
[0.515s] INFO:colcon.colcon_core.shell:Creating environment descriptor '/home/pl/ros2_ws1/install/sdk_topic/share/sdk_topic/hook/ament_prefix_path.dsv'
[0.515s] INFO:colcon.colcon_core.shell:Creating environment hook '/home/pl/ros2_ws1/install/sdk_topic/share/sdk_topic/hook/ament_prefix_path.sh'
[0.516s] INFO:colcon.colcon_core.shell:Skip shell extension 'powershell' for command environment: Not usable outside of PowerShell
[0.516s] DEBUG:colcon.colcon_core.shell:Skip shell extension 'dsv' for command environment
[0.685s] INFO:colcon.colcon_core.task.python.build:Building Python package in '/home/pl/ros2_ws1/src/haik/sdk_topic'
[0.685s] INFO:colcon.colcon_core.shell:Skip shell extension 'powershell' for command environment: Not usable outside of PowerShell
[0.685s] DEBUG:colcon.colcon_core.shell:Skip shell extension 'dsv' for command environment
[0.690s] DEBUG:colcon.colcon_core.event_handler.log_command:Invoking command in '/home/pl/ros2_ws1/src/haik/sdk_launch': PYTHONPATH=/home/pl/ros2_ws1/build/sdk_launch/prefix_override:/usr/lib/python3/dist-packages/colcon_core/task/python/colcon_distutils_commands:/home/pl/ros2_ws1/install/sdk_launch/lib/python3.10/site-packages:${PYTHONPATH} /usr/bin/python3 -W ignore:setup.py install is deprecated -W ignore:easy_install command is deprecated setup.py egg_info --egg-base ../../../build/sdk_launch build --build-base /home/pl/ros2_ws1/build/sdk_launch/build install --record /home/pl/ros2_ws1/build/sdk_launch/install.log --single-version-externally-managed install_data
[0.922s] Level 1:colcon.colcon_core.environment:checking '/home/pl/ros2_ws1/install/sdk_launch' for CMake module files
[0.923s] DEBUG:colcon.colcon_core.event_handler.log_command:Invoked command in '/home/pl/ros2_ws1/src/haik/sdk_launch' returned '0': PYTHONPATH=/home/pl/ros2_ws1/build/sdk_launch/prefix_override:/usr/lib/python3/dist-packages/colcon_core/task/python/colcon_distutils_commands:/home/pl/ros2_ws1/install/sdk_launch/lib/python3.10/site-packages:${PYTHONPATH} /usr/bin/python3 -W ignore:setup.py install is deprecated -W ignore:easy_install command is deprecated setup.py egg_info --egg-base ../../../build/sdk_launch build --build-base /home/pl/ros2_ws1/build/sdk_launch/build install --record /home/pl/ros2_ws1/build/sdk_launch/install.log --single-version-externally-managed install_data
[0.924s] Level 1:colcon.colcon_core.environment:checking '/home/pl/ros2_ws1/install/sdk_launch' for CMake config files
[0.924s] Level 1:colcon.colcon_core.environment:checking '/home/pl/ros2_ws1/install/sdk_launch/lib'
[0.924s] Level 1:colcon.colcon_core.environment:checking '/home/pl/ros2_ws1/install/sdk_launch/bin'
[0.924s] Level 1:colcon.colcon_core.environment:checking '/home/pl/ros2_ws1/install/sdk_launch/lib/pkgconfig/sdk_launch.pc'
[0.925s] Level 1:colcon.colcon_core.environment:checking '/home/pl/ros2_ws1/install/sdk_launch/lib/python3.10/site-packages'
[0.925s] Level 1:colcon.colcon_core.shell:create_environment_hook('sdk_launch', 'pythonpath')
[0.925s] INFO:colcon.colcon_core.shell:Creating environment hook '/home/pl/ros2_ws1/install/sdk_launch/share/sdk_launch/hook/pythonpath.ps1'
[0.926s] INFO:colcon.colcon_core.shell:Creating environment descriptor '/home/pl/ros2_ws1/install/sdk_launch/share/sdk_launch/hook/pythonpath.dsv'
[0.926s] INFO:colcon.colcon_core.shell:Creating environment hook '/home/pl/ros2_ws1/install/sdk_launch/share/sdk_launch/hook/pythonpath.sh'
[0.927s] Level 1:colcon.colcon_core.environment:checking '/home/pl/ros2_ws1/install/sdk_launch/bin'
[0.927s] Level 1:colcon.colcon_core.environment:create_environment_scripts_only(sdk_launch)
[0.927s] INFO:colcon.colcon_core.shell:Creating package script '/home/pl/ros2_ws1/install/sdk_launch/share/sdk_launch/package.ps1'
[0.928s] INFO:colcon.colcon_core.shell:Creating package descriptor '/home/pl/ros2_ws1/install/sdk_launch/share/sdk_launch/package.dsv'
[0.928s] INFO:colcon.colcon_core.shell:Creating package script '/home/pl/ros2_ws1/install/sdk_launch/share/sdk_launch/package.sh'
[0.928s] INFO:colcon.colcon_core.shell:Creating package script '/home/pl/ros2_ws1/install/sdk_launch/share/sdk_launch/package.bash'
[0.929s] INFO:colcon.colcon_core.shell:Creating package script '/home/pl/ros2_ws1/install/sdk_launch/share/sdk_launch/package.zsh'
[0.929s] Level 1:colcon.colcon_core.environment:create_file_with_runtime_dependencies(/home/pl/ros2_ws1/install/sdk_launch/share/colcon-core/packages/sdk_launch)
[0.957s] DEBUG:colcon.colcon_core.event_handler.log_command:Invoking command in '/home/pl/ros2_ws1/src/haik/sdk_topic': CMAKE_PREFIX_PATH=/home/pl/ros2_ws1/install/learning_interface:/home/pl/ros2_ws1/install/sdk_topic_cpp:/opt/ros/humble/share LD_LIBRARY_PATH=/home/pl/ros2_ws1/install/learning_interface/lib:/opt/MVS/lib/64:/opt/MVS/lib/32:/opt/ros/humble/opt/rviz_ogre_vendor/lib:/opt/ros/humble/lib/x86_64-linux-gnu:/opt/ros/humble/lib:/opt/MVS/lib/64:/opt/MVS/lib/32 PYTHONPATH=/home/pl/ros2_ws1/build/sdk_topic/prefix_override:/usr/lib/python3/dist-packages/colcon_core/task/python/colcon_distutils_commands:/home/pl/ros2_ws1/install/sdk_topic/lib/python3.10/site-packages:${PYTHONPATH} /usr/bin/python3 -W ignore:setup.py install is deprecated -W ignore:easy_install command is deprecated setup.py egg_info --egg-base ../../../build/sdk_topic build --build-base /home/pl/ros2_ws1/build/sdk_topic/build install --record /home/pl/ros2_ws1/build/sdk_topic/install.log --single-version-externally-managed install_data
[1.187s] Level 1:colcon.colcon_core.environment:checking '/home/pl/ros2_ws1/install/sdk_topic' for CMake module files
[1.188s] DEBUG:colcon.colcon_core.event_handler.log_command:Invoked command in '/home/pl/ros2_ws1/src/haik/sdk_topic' returned '0': CMAKE_PREFIX_PATH=/home/pl/ros2_ws1/install/learning_interface:/home/pl/ros2_ws1/install/sdk_topic_cpp:/opt/ros/humble/share LD_LIBRARY_PATH=/home/pl/ros2_ws1/install/learning_interface/lib:/opt/MVS/lib/64:/opt/MVS/lib/32:/opt/ros/humble/opt/rviz_ogre_vendor/lib:/opt/ros/humble/lib/x86_64-linux-gnu:/opt/ros/humble/lib:/opt/MVS/lib/64:/opt/MVS/lib/32 PYTHONPATH=/home/pl/ros2_ws1/build/sdk_topic/prefix_override:/usr/lib/python3/dist-packages/colcon_core/task/python/colcon_distutils_commands:/home/pl/ros2_ws1/install/sdk_topic/lib/python3.10/site-packages:${PYTHONPATH} /usr/bin/python3 -W ignore:setup.py install is deprecated -W ignore:easy_install command is deprecated setup.py egg_info --egg-base ../../../build/sdk_topic build --build-base /home/pl/ros2_ws1/build/sdk_topic/build install --record /home/pl/ros2_ws1/build/sdk_topic/install.log --single-version-externally-managed install_data
[1.188s] Level 1:colcon.colcon_core.environment:checking '/home/pl/ros2_ws1/install/sdk_topic' for CMake config files
[1.189s] Level 1:colcon.colcon_core.environment:checking '/home/pl/ros2_ws1/install/sdk_topic/lib'
[1.189s] Level 1:colcon.colcon_core.environment:checking '/home/pl/ros2_ws1/install/sdk_topic/bin'
[1.189s] Level 1:colcon.colcon_core.environment:checking '/home/pl/ros2_ws1/install/sdk_topic/lib/pkgconfig/sdk_topic.pc'
[1.189s] Level 1:colcon.colcon_core.environment:checking '/home/pl/ros2_ws1/install/sdk_topic/lib/python3.10/site-packages'
[1.189s] Level 1:colcon.colcon_core.shell:create_environment_hook('sdk_topic', 'pythonpath')
[1.190s] INFO:colcon.colcon_core.shell:Creating environment hook '/home/pl/ros2_ws1/install/sdk_topic/share/sdk_topic/hook/pythonpath.ps1'
[1.190s] INFO:colcon.colcon_core.shell:Creating environment descriptor '/home/pl/ros2_ws1/install/sdk_topic/share/sdk_topic/hook/pythonpath.dsv'
[1.191s] INFO:colcon.colcon_core.shell:Creating environment hook '/home/pl/ros2_ws1/install/sdk_topic/share/sdk_topic/hook/pythonpath.sh'
[1.191s] Level 1:colcon.colcon_core.environment:checking '/home/pl/ros2_ws1/install/sdk_topic/bin'
[1.192s] Level 1:colcon.colcon_core.environment:create_environment_scripts_only(sdk_topic)
[1.192s] INFO:colcon.colcon_core.shell:Creating package script '/home/pl/ros2_ws1/install/sdk_topic/share/sdk_topic/package.ps1'
[1.193s] INFO:colcon.colcon_core.shell:Creating package descriptor '/home/pl/ros2_ws1/install/sdk_topic/share/sdk_topic/package.dsv'
[1.193s] INFO:colcon.colcon_core.shell:Creating package script '/home/pl/ros2_ws1/install/sdk_topic/share/sdk_topic/package.sh'
[1.194s] INFO:colcon.colcon_core.shell:Creating package script '/home/pl/ros2_ws1/install/sdk_topic/share/sdk_topic/package.bash'
[1.194s] INFO:colcon.colcon_core.shell:Creating package script '/home/pl/ros2_ws1/install/sdk_topic/share/sdk_topic/package.zsh'
[1.195s] Level 1:colcon.colcon_core.environment:create_file_with_runtime_dependencies(/home/pl/ros2_ws1/install/sdk_topic/share/colcon-core/packages/sdk_topic)
[3.682s] DEBUG:colcon.colcon_core.event_handler.log_command:Invoked command in '/home/pl/ros2_ws1/build/sdk_topic_cpp' returned '0': CMAKE_PREFIX_PATH=${CMAKE_PREFIX_PATH}:/home/pl/ros2_ws1/install/sdk_topic:/home/pl/ros2_ws1/install/sdk_launch:/opt/ros/humble /usr/bin/cmake --build /home/pl/ros2_ws1/build/sdk_topic_cpp -- -j20 -l20
[3.682s] DEBUG:colcon.colcon_core.event_handler.log_command:Invoking command in '/home/pl/ros2_ws1/build/sdk_topic_cpp': CMAKE_PREFIX_PATH=${CMAKE_PREFIX_PATH}:/home/pl/ros2_ws1/install/sdk_topic:/home/pl/ros2_ws1/install/sdk_launch:/opt/ros/humble /usr/bin/cmake --install /home/pl/ros2_ws1/build/sdk_topic_cpp
[3.691s] Level 1:colcon.colcon_core.environment:create_environment_scripts_only(sdk_topic_cpp)
[3.691s] Level 1:colcon.colcon_core.environment:checking '/home/pl/ros2_ws1/install/sdk_topic_cpp' for CMake module files
[3.691s] DEBUG:colcon.colcon_core.event_handler.log_command:Invoked command in '/home/pl/ros2_ws1/build/sdk_topic_cpp' returned '0': CMAKE_PREFIX_PATH=${CMAKE_PREFIX_PATH}:/home/pl/ros2_ws1/install/sdk_topic:/home/pl/ros2_ws1/install/sdk_launch:/opt/ros/humble /usr/bin/cmake --install /home/pl/ros2_ws1/build/sdk_topic_cpp
[3.692s] Level 1:colcon.colcon_core.environment:checking '/home/pl/ros2_ws1/install/sdk_topic_cpp' for CMake config files
[3.692s] Level 1:colcon.colcon_core.shell:create_environment_hook('sdk_topic_cpp', 'cmake_prefix_path')
[3.692s] INFO:colcon.colcon_core.shell:Creating environment hook '/home/pl/ros2_ws1/install/sdk_topic_cpp/share/sdk_topic_cpp/hook/cmake_prefix_path.ps1'
[3.692s] INFO:colcon.colcon_core.shell:Creating environment descriptor '/home/pl/ros2_ws1/install/sdk_topic_cpp/share/sdk_topic_cpp/hook/cmake_prefix_path.dsv'
[3.692s] INFO:colcon.colcon_core.shell:Creating environment hook '/home/pl/ros2_ws1/install/sdk_topic_cpp/share/sdk_topic_cpp/hook/cmake_prefix_path.sh'
[3.693s] Level 1:colcon.colcon_core.environment:checking '/home/pl/ros2_ws1/install/sdk_topic_cpp/lib'
[3.693s] Level 1:colcon.colcon_core.environment:checking '/home/pl/ros2_ws1/install/sdk_topic_cpp/bin'
[3.693s] Level 1:colcon.colcon_core.environment:checking '/home/pl/ros2_ws1/install/sdk_topic_cpp/lib/pkgconfig/sdk_topic_cpp.pc'
[3.693s] Level 1:colcon.colcon_core.environment:checking '/home/pl/ros2_ws1/install/sdk_topic_cpp/lib/python3.10/site-packages'
[3.693s] Level 1:colcon.colcon_core.environment:checking '/home/pl/ros2_ws1/install/sdk_topic_cpp/bin'
[3.693s] INFO:colcon.colcon_core.shell:Creating package script '/home/pl/ros2_ws1/install/sdk_topic_cpp/share/sdk_topic_cpp/package.ps1'
[3.693s] INFO:colcon.colcon_core.shell:Creating package descriptor '/home/pl/ros2_ws1/install/sdk_topic_cpp/share/sdk_topic_cpp/package.dsv'
[3.694s] INFO:colcon.colcon_core.shell:Creating package script '/home/pl/ros2_ws1/install/sdk_topic_cpp/share/sdk_topic_cpp/package.sh'
[3.694s] INFO:colcon.colcon_core.shell:Creating package script '/home/pl/ros2_ws1/install/sdk_topic_cpp/share/sdk_topic_cpp/package.bash'
[3.694s] INFO:colcon.colcon_core.shell:Creating package script '/home/pl/ros2_ws1/install/sdk_topic_cpp/share/sdk_topic_cpp/package.zsh'
[3.694s] Level 1:colcon.colcon_core.environment:create_file_with_runtime_dependencies(/home/pl/ros2_ws1/install/sdk_topic_cpp/share/colcon-core/packages/sdk_topic_cpp)
[3.694s] Level 1:colcon.colcon_core.environment:create_environment_scripts_only(sdk_topic_cpp)
[3.695s] Level 1:colcon.colcon_core.environment:checking '/home/pl/ros2_ws1/install/sdk_topic_cpp' for CMake module files
[3.695s] Level 1:colcon.colcon_core.environment:checking '/home/pl/ros2_ws1/install/sdk_topic_cpp' for CMake config files
[3.695s] Level 1:colcon.colcon_core.shell:create_environment_hook('sdk_topic_cpp', 'cmake_prefix_path')
[3.695s] INFO:colcon.colcon_core.shell:Creating environment hook '/home/pl/ros2_ws1/install/sdk_topic_cpp/share/sdk_topic_cpp/hook/cmake_prefix_path.ps1'
[3.695s] INFO:colcon.colcon_core.shell:Creating environment descriptor '/home/pl/ros2_ws1/install/sdk_topic_cpp/share/sdk_topic_cpp/hook/cmake_prefix_path.dsv'
[3.695s] INFO:colcon.colcon_core.shell:Creating environment hook '/home/pl/ros2_ws1/install/sdk_topic_cpp/share/sdk_topic_cpp/hook/cmake_prefix_path.sh'
[3.696s] Level 1:colcon.colcon_core.environment:checking '/home/pl/ros2_ws1/install/sdk_topic_cpp/lib'
[3.696s] Level 1:colcon.colcon_core.environment:checking '/home/pl/ros2_ws1/install/sdk_topic_cpp/bin'
[3.696s] Level 1:colcon.colcon_core.environment:checking '/home/pl/ros2_ws1/install/sdk_topic_cpp/lib/pkgconfig/sdk_topic_cpp.pc'
[3.696s] Level 1:colcon.colcon_core.environment:checking '/home/pl/ros2_ws1/install/sdk_topic_cpp/lib/python3.10/site-packages'
[3.696s] Level 1:colcon.colcon_core.environment:checking '/home/pl/ros2_ws1/install/sdk_topic_cpp/bin'
[3.696s] INFO:colcon.colcon_core.shell:Creating package script '/home/pl/ros2_ws1/install/sdk_topic_cpp/share/sdk_topic_cpp/package.ps1'
[3.696s] INFO:colcon.colcon_core.shell:Creating package descriptor '/home/pl/ros2_ws1/install/sdk_topic_cpp/share/sdk_topic_cpp/package.dsv'
[3.697s] INFO:colcon.colcon_core.shell:Creating package script '/home/pl/ros2_ws1/install/sdk_topic_cpp/share/sdk_topic_cpp/package.sh'
[3.697s] INFO:colcon.colcon_core.shell:Creating package script '/home/pl/ros2_ws1/install/sdk_topic_cpp/share/sdk_topic_cpp/package.bash'
[3.697s] INFO:colcon.colcon_core.shell:Creating package script '/home/pl/ros2_ws1/install/sdk_topic_cpp/share/sdk_topic_cpp/package.zsh'
[3.697s] Level 1:colcon.colcon_core.environment:create_file_with_runtime_dependencies(/home/pl/ros2_ws1/install/sdk_topic_cpp/share/colcon-core/packages/sdk_topic_cpp)
[3.697s] DEBUG:colcon.colcon_parallel_executor.executor.parallel:closing loop
[3.697s] DEBUG:colcon.colcon_parallel_executor.executor.parallel:loop closed
[3.697s] DEBUG:colcon.colcon_parallel_executor.executor.parallel:run_until_complete finished with '0'
[3.697s] DEBUG:colcon.colcon_core.event_reactor:joining thread
[3.702s] INFO:colcon.colcon_core.plugin_system:Skipping extension 'colcon_notification.desktop_notification.terminal_notifier': Not used on non-Darwin systems
[3.702s] INFO:colcon.colcon_core.plugin_system:Skipping extension 'colcon_notification.desktop_notification.win32': Not used on non-Windows systems
[3.702s] INFO:colcon.colcon_notification.desktop_notification:Sending desktop notification using 'notify2'
[3.708s] DEBUG:colcon.colcon_core.event_reactor:joined thread
[3.709s] INFO:colcon.colcon_core.shell:Creating prefix script '/home/pl/ros2_ws1/install/local_setup.ps1'
[3.709s] INFO:colcon.colcon_core.shell:Creating prefix util module '/home/pl/ros2_ws1/install/_local_setup_util_ps1.py'
[3.710s] INFO:colcon.colcon_core.shell:Creating prefix chain script '/home/pl/ros2_ws1/install/setup.ps1'
[3.711s] INFO:colcon.colcon_core.shell:Creating prefix script '/home/pl/ros2_ws1/install/local_setup.sh'
[3.711s] INFO:colcon.colcon_core.shell:Creating prefix util module '/home/pl/ros2_ws1/install/_local_setup_util_sh.py'
[3.711s] INFO:colcon.colcon_core.shell:Creating prefix chain script '/home/pl/ros2_ws1/install/setup.sh'
[3.712s] INFO:colcon.colcon_core.shell:Creating prefix script '/home/pl/ros2_ws1/install/local_setup.bash'
[3.712s] INFO:colcon.colcon_core.shell:Creating prefix chain script '/home/pl/ros2_ws1/install/setup.bash'
[3.713s] INFO:colcon.colcon_core.shell:Creating prefix script '/home/pl/ros2_ws1/install/local_setup.zsh'
[3.713s] INFO:colcon.colcon_core.shell:Creating prefix chain script '/home/pl/ros2_ws1/install/setup.zsh'
