[0.025s] Invoking command in '/home/pl/ros2_ws1/build/tracetools_image_pipeline': CMAKE_PREFIX_PATH=${CMAKE_PREFIX_PATH}:/home/pl/ros2_ws1/install/sdk_topic:/home/pl/ros2_ws1/install/sdk_launch:/opt/ros/humble DEBUGINFOD_URLS=https://debuginfod.ubuntu.com /usr/bin/cmake --build /home/pl/ros2_ws1/build/tracetools_image_pipeline -- -j20 -l20
[0.688s] [35m[1mConsolidate compiler generated dependencies of target tracetools_image_pipeline[0m
[0.690s] [ 60%] Built target tracetools_image_pipeline
[0.691s] [35m[1mConsolidate compiler generated dependencies of target status[0m
[0.692s] [100%] Built target status
[0.706s] Invoked command in '/home/pl/ros2_ws1/build/tracetools_image_pipeline' returned '0': CMAKE_PREFIX_PATH=${CMAKE_PREFIX_PATH}:/home/pl/ros2_ws1/install/sdk_topic:/home/pl/ros2_ws1/install/sdk_launch:/opt/ros/humble DEBUGINFOD_URLS=https://debuginfod.ubuntu.com /usr/bin/cmake --build /home/pl/ros2_ws1/build/tracetools_image_pipeline -- -j20 -l20
[0.715s] Invoking command in '/home/pl/ros2_ws1/build/tracetools_image_pipeline': CMAKE_PREFIX_PATH=${CMAKE_PREFIX_PATH}:/home/pl/ros2_ws1/install/sdk_topic:/home/pl/ros2_ws1/install/sdk_launch:/opt/ros/humble DEBUGINFOD_URLS=https://debuginfod.ubuntu.com /usr/bin/cmake --install /home/pl/ros2_ws1/build/tracetools_image_pipeline
[0.724s] -- Install configuration: ""
[0.725s] -- Up-to-date: /home/pl/ros2_ws1/install/tracetools_image_pipeline/share/tracetools_image_pipeline/environment/library_path.sh
[0.726s] -- Up-to-date: /home/pl/ros2_ws1/install/tracetools_image_pipeline/share/tracetools_image_pipeline/environment/library_path.dsv
[0.727s] -- Up-to-date: /home/pl/ros2_ws1/install/tracetools_image_pipeline/lib/tracetools_image_pipeline/status
[0.727s] -- Up-to-date: /home/pl/ros2_ws1/install/tracetools_image_pipeline/include
[0.727s] -- Up-to-date: /home/pl/ros2_ws1/install/tracetools_image_pipeline/include/tracetools_image_pipeline
[0.727s] -- Up-to-date: /home/pl/ros2_ws1/install/tracetools_image_pipeline/include/tracetools_image_pipeline/visibility_control.hpp
[0.728s] -- Up-to-date: /home/pl/ros2_ws1/install/tracetools_image_pipeline/include/tracetools_image_pipeline/tracetools.h
[0.728s] -- Up-to-date: /home/pl/ros2_ws1/install/tracetools_image_pipeline/include/tracetools_image_pipeline/utils.hpp
[0.728s] -- Up-to-date: /home/pl/ros2_ws1/install/tracetools_image_pipeline/include/tracetools_image_pipeline/config.h
[0.728s] -- Up-to-date: /home/pl/ros2_ws1/install/tracetools_image_pipeline/lib/libtracetools_image_pipeline.so
[0.729s] -- Up-to-date: /home/pl/ros2_ws1/install/tracetools_image_pipeline/share/ament_index/resource_index/package_run_dependencies/tracetools_image_pipeline
[0.729s] -- Up-to-date: /home/pl/ros2_ws1/install/tracetools_image_pipeline/share/ament_index/resource_index/parent_prefix_path/tracetools_image_pipeline
[0.729s] -- Up-to-date: /home/pl/ros2_ws1/install/tracetools_image_pipeline/share/tracetools_image_pipeline/environment/ament_prefix_path.sh
[0.729s] -- Up-to-date: /home/pl/ros2_ws1/install/tracetools_image_pipeline/share/tracetools_image_pipeline/environment/ament_prefix_path.dsv
[0.729s] -- Up-to-date: /home/pl/ros2_ws1/install/tracetools_image_pipeline/share/tracetools_image_pipeline/environment/path.sh
[0.729s] -- Up-to-date: /home/pl/ros2_ws1/install/tracetools_image_pipeline/share/tracetools_image_pipeline/environment/path.dsv
[0.729s] -- Up-to-date: /home/pl/ros2_ws1/install/tracetools_image_pipeline/share/tracetools_image_pipeline/local_setup.bash
[0.729s] -- Up-to-date: /home/pl/ros2_ws1/install/tracetools_image_pipeline/share/tracetools_image_pipeline/local_setup.sh
[0.729s] -- Up-to-date: /home/pl/ros2_ws1/install/tracetools_image_pipeline/share/tracetools_image_pipeline/local_setup.zsh
[0.729s] -- Up-to-date: /home/pl/ros2_ws1/install/tracetools_image_pipeline/share/tracetools_image_pipeline/local_setup.dsv
[0.729s] -- Up-to-date: /home/pl/ros2_ws1/install/tracetools_image_pipeline/share/tracetools_image_pipeline/package.dsv
[0.729s] -- Up-to-date: /home/pl/ros2_ws1/install/tracetools_image_pipeline/share/ament_index/resource_index/packages/tracetools_image_pipeline
[0.730s] -- Up-to-date: /home/pl/ros2_ws1/install/tracetools_image_pipeline/share/tracetools_image_pipeline/cmake/tracetools_image_pipeline_exportExport.cmake
[0.730s] -- Up-to-date: /home/pl/ros2_ws1/install/tracetools_image_pipeline/share/tracetools_image_pipeline/cmake/tracetools_image_pipeline_exportExport-noconfig.cmake
[0.730s] -- Up-to-date: /home/pl/ros2_ws1/install/tracetools_image_pipeline/share/tracetools_image_pipeline/cmake/ament_cmake_export_targets-extras.cmake
[0.730s] -- Up-to-date: /home/pl/ros2_ws1/install/tracetools_image_pipeline/share/tracetools_image_pipeline/cmake/ament_cmake_export_include_directories-extras.cmake
[0.730s] -- Up-to-date: /home/pl/ros2_ws1/install/tracetools_image_pipeline/share/tracetools_image_pipeline/cmake/ament_cmake_export_libraries-extras.cmake
[0.730s] -- Up-to-date: /home/pl/ros2_ws1/install/tracetools_image_pipeline/share/tracetools_image_pipeline/cmake/tracetools_image_pipelineConfig.cmake
[0.730s] -- Up-to-date: /home/pl/ros2_ws1/install/tracetools_image_pipeline/share/tracetools_image_pipeline/cmake/tracetools_image_pipelineConfig-version.cmake
[0.730s] -- Up-to-date: /home/pl/ros2_ws1/install/tracetools_image_pipeline/share/tracetools_image_pipeline/package.xml
