/usr/bin/cmake -S/home/pl/ros2_ws1/src/haik/sdk_topic_cpp -B/home/pl/ros2_ws1/build/sdk_topic_cpp --check-build-system CMakeFiles/Makefile.cmake 0
/usr/bin/cmake -E cmake_progress_start /home/pl/ros2_ws1/build/sdk_topic_cpp/CMakeFiles /home/pl/ros2_ws1/build/sdk_topic_cpp//CMakeFiles/progress.marks
/usr/bin/gmake  -f CMakeFiles/Makefile2 all
gmake[1]: 进入目录“/home/pl/ros2_ws1/build/sdk_topic_cpp”
/usr/bin/gmake  -f CMakeFiles/se.dir/build.make CMakeFiles/se.dir/depend
/usr/bin/gmake  -f CMakeFiles/chu.dir/build.make CMakeFiles/chu.dir/depend
/usr/bin/gmake  -f CMakeFiles/shiping.dir/build.make CMakeFiles/shiping.dir/depend
/usr/bin/gmake  -f CMakeFiles/t1.dir/build.make CMakeFiles/t1.dir/depend
/usr/bin/gmake  -f CMakeFiles/biaoding.dir/build.make CMakeFiles/biaoding.dir/depend
/usr/bin/gmake  -f CMakeFiles/grab.dir/build.make CMakeFiles/grab.dir/depend
/usr/bin/gmake  -f CMakeFiles/camera_publisher.dir/build.make CMakeFiles/camera_publisher.dir/depend
gmake[2]: 进入目录“/home/pl/ros2_ws1/build/sdk_topic_cpp”
cd /home/pl/ros2_ws1/build/sdk_topic_cpp && /usr/bin/cmake -E cmake_depends "Unix Makefiles" /home/pl/ros2_ws1/src/haik/sdk_topic_cpp /home/pl/ros2_ws1/src/haik/sdk_topic_cpp /home/pl/ros2_ws1/build/sdk_topic_cpp /home/pl/ros2_ws1/build/sdk_topic_cpp /home/pl/ros2_ws1/build/sdk_topic_cpp/CMakeFiles/shiping.dir/DependInfo.cmake --color=
gmake[2]: 进入目录“/home/pl/ros2_ws1/build/sdk_topic_cpp”
cd /home/pl/ros2_ws1/build/sdk_topic_cpp && /usr/bin/cmake -E cmake_depends "Unix Makefiles" /home/pl/ros2_ws1/src/haik/sdk_topic_cpp /home/pl/ros2_ws1/src/haik/sdk_topic_cpp /home/pl/ros2_ws1/build/sdk_topic_cpp /home/pl/ros2_ws1/build/sdk_topic_cpp /home/pl/ros2_ws1/build/sdk_topic_cpp/CMakeFiles/se.dir/DependInfo.cmake --color=
gmake[2]: 进入目录“/home/pl/ros2_ws1/build/sdk_topic_cpp”
cd /home/pl/ros2_ws1/build/sdk_topic_cpp && /usr/bin/cmake -E cmake_depends "Unix Makefiles" /home/pl/ros2_ws1/src/haik/sdk_topic_cpp /home/pl/ros2_ws1/src/haik/sdk_topic_cpp /home/pl/ros2_ws1/build/sdk_topic_cpp /home/pl/ros2_ws1/build/sdk_topic_cpp /home/pl/ros2_ws1/build/sdk_topic_cpp/CMakeFiles/chu.dir/DependInfo.cmake --color=
gmake[2]: 进入目录“/home/pl/ros2_ws1/build/sdk_topic_cpp”
cd /home/pl/ros2_ws1/build/sdk_topic_cpp && /usr/bin/cmake -E cmake_depends "Unix Makefiles" /home/pl/ros2_ws1/src/haik/sdk_topic_cpp /home/pl/ros2_ws1/src/haik/sdk_topic_cpp /home/pl/ros2_ws1/build/sdk_topic_cpp /home/pl/ros2_ws1/build/sdk_topic_cpp /home/pl/ros2_ws1/build/sdk_topic_cpp/CMakeFiles/biaoding.dir/DependInfo.cmake --color=
gmake[2]: 进入目录“/home/pl/ros2_ws1/build/sdk_topic_cpp”
cd /home/pl/ros2_ws1/build/sdk_topic_cpp && /usr/bin/cmake -E cmake_depends "Unix Makefiles" /home/pl/ros2_ws1/src/haik/sdk_topic_cpp /home/pl/ros2_ws1/src/haik/sdk_topic_cpp /home/pl/ros2_ws1/build/sdk_topic_cpp /home/pl/ros2_ws1/build/sdk_topic_cpp /home/pl/ros2_ws1/build/sdk_topic_cpp/CMakeFiles/camera_publisher.dir/DependInfo.cmake --color=
gmake[2]: 进入目录“/home/pl/ros2_ws1/build/sdk_topic_cpp”
cd /home/pl/ros2_ws1/build/sdk_topic_cpp && /usr/bin/cmake -E cmake_depends "Unix Makefiles" /home/pl/ros2_ws1/src/haik/sdk_topic_cpp /home/pl/ros2_ws1/src/haik/sdk_topic_cpp /home/pl/ros2_ws1/build/sdk_topic_cpp /home/pl/ros2_ws1/build/sdk_topic_cpp /home/pl/ros2_ws1/build/sdk_topic_cpp/CMakeFiles/grab.dir/DependInfo.cmake --color=
gmake[2]: 进入目录“/home/pl/ros2_ws1/build/sdk_topic_cpp”
cd /home/pl/ros2_ws1/build/sdk_topic_cpp && /usr/bin/cmake -E cmake_depends "Unix Makefiles" /home/pl/ros2_ws1/src/haik/sdk_topic_cpp /home/pl/ros2_ws1/src/haik/sdk_topic_cpp /home/pl/ros2_ws1/build/sdk_topic_cpp /home/pl/ros2_ws1/build/sdk_topic_cpp /home/pl/ros2_ws1/build/sdk_topic_cpp/CMakeFiles/t1.dir/DependInfo.cmake --color=
gmake[2]: 离开目录“/home/pl/ros2_ws1/build/sdk_topic_cpp”
/usr/bin/gmake  -f CMakeFiles/shiping.dir/build.make CMakeFiles/shiping.dir/build
gmake[2]: 离开目录“/home/pl/ros2_ws1/build/sdk_topic_cpp”
/usr/bin/gmake  -f CMakeFiles/chu.dir/build.make CMakeFiles/chu.dir/build
gmake[2]: 离开目录“/home/pl/ros2_ws1/build/sdk_topic_cpp”
/usr/bin/gmake  -f CMakeFiles/camera_publisher.dir/build.make CMakeFiles/camera_publisher.dir/build
gmake[2]: 离开目录“/home/pl/ros2_ws1/build/sdk_topic_cpp”
/usr/bin/gmake  -f CMakeFiles/biaoding.dir/build.make CMakeFiles/biaoding.dir/build
gmake[2]: 离开目录“/home/pl/ros2_ws1/build/sdk_topic_cpp”
gmake[2]: 离开目录“/home/pl/ros2_ws1/build/sdk_topic_cpp”
/usr/bin/gmake  -f CMakeFiles/grab.dir/build.make CMakeFiles/grab.dir/build
/usr/bin/gmake  -f CMakeFiles/se.dir/build.make CMakeFiles/se.dir/build
gmake[2]: 离开目录“/home/pl/ros2_ws1/build/sdk_topic_cpp”
gmake[2]: 进入目录“/home/pl/ros2_ws1/build/sdk_topic_cpp”
gmake[2]: 对“CMakeFiles/shiping.dir/build”无需做任何事。
gmake[2]: 离开目录“/home/pl/ros2_ws1/build/sdk_topic_cpp”
/usr/bin/gmake  -f CMakeFiles/t1.dir/build.make CMakeFiles/t1.dir/build
gmake[2]: 进入目录“/home/pl/ros2_ws1/build/sdk_topic_cpp”
gmake[2]: 对“CMakeFiles/chu.dir/build”无需做任何事。
gmake[2]: 离开目录“/home/pl/ros2_ws1/build/sdk_topic_cpp”
gmake[2]: 进入目录“/home/pl/ros2_ws1/build/sdk_topic_cpp”
gmake[2]: 对“CMakeFiles/t1.dir/build”无需做任何事。
gmake[2]: 离开目录“/home/pl/ros2_ws1/build/sdk_topic_cpp”
gmake[2]: 进入目录“/home/pl/ros2_ws1/build/sdk_topic_cpp”
gmake[2]: 对“CMakeFiles/biaoding.dir/build”无需做任何事。
gmake[2]: 离开目录“/home/pl/ros2_ws1/build/sdk_topic_cpp”
gmake[2]: 进入目录“/home/pl/ros2_ws1/build/sdk_topic_cpp”
gmake[2]: 对“CMakeFiles/se.dir/build”无需做任何事。
gmake[2]: 离开目录“/home/pl/ros2_ws1/build/sdk_topic_cpp”
gmake[2]: 进入目录“/home/pl/ros2_ws1/build/sdk_topic_cpp”
gmake[2]: 对“CMakeFiles/camera_publisher.dir/build”无需做任何事。
gmake[2]: 离开目录“/home/pl/ros2_ws1/build/sdk_topic_cpp”
gmake[2]: 进入目录“/home/pl/ros2_ws1/build/sdk_topic_cpp”
gmake[2]: 对“CMakeFiles/grab.dir/build”无需做任何事。
gmake[2]: 离开目录“/home/pl/ros2_ws1/build/sdk_topic_cpp”
[ 14%] Built target shiping
[ 28%] Built target chu
[ 42%] Built target grab
[ 57%] Built target biaoding
[ 71%] Built target camera_publisher
[ 85%] Built target se
[100%] Built target t1
gmake[1]: 离开目录“/home/pl/ros2_ws1/build/sdk_topic_cpp”
/usr/bin/cmake -E cmake_progress_start /home/pl/ros2_ws1/build/sdk_topic_cpp/CMakeFiles 0
