[0.684s] Invoking command in '/home/pl/ros2_ws1/build/sdk_topic_cpp': CMAKE_PREFIX_PATH=${CMAKE_PREFIX_PATH}:/home/pl/ros2_ws1/install/sdk_topic:/home/pl/ros2_ws1/install/sdk_launch:/opt/ros/humble DEBUGINFOD_URLS=https://debuginfod.ubuntu.com /usr/bin/cmake --build /home/pl/ros2_ws1/build/sdk_topic_cpp -- -j20 -l20
[0.701s] /usr/bin/cmake -S/home/pl/ros2_ws1/src/haik/sdk_topic_cpp -B/home/pl/ros2_ws1/build/sdk_topic_cpp --check-build-system CMakeFiles/Makefile.cmake 0
[0.715s] /usr/bin/cmake -E cmake_progress_start /home/pl/ros2_ws1/build/sdk_topic_cpp/CMakeFiles /home/pl/ros2_ws1/build/sdk_topic_cpp//CMakeFiles/progress.marks
[0.741s] /usr/bin/gmake  -f CMakeFiles/Makefile2 all
[0.741s] gmake[1]: 进入目录“/home/pl/ros2_ws1/build/sdk_topic_cpp”
[0.741s] /usr/bin/gmake  -f CMakeFiles/se.dir/build.make CMakeFiles/se.dir/depend
[0.741s] /usr/bin/gmake  -f CMakeFiles/chu.dir/build.make CMakeFiles/chu.dir/depend
[0.741s] /usr/bin/gmake  -f CMakeFiles/shiping.dir/build.make CMakeFiles/shiping.dir/depend
[0.741s] /usr/bin/gmake  -f CMakeFiles/t1.dir/build.make CMakeFiles/t1.dir/depend
[0.741s] /usr/bin/gmake  -f CMakeFiles/biaoding.dir/build.make CMakeFiles/biaoding.dir/depend
[0.742s] /usr/bin/gmake  -f CMakeFiles/grab.dir/build.make CMakeFiles/grab.dir/depend
[0.742s] /usr/bin/gmake  -f CMakeFiles/camera_publisher.dir/build.make CMakeFiles/camera_publisher.dir/depend
[0.743s] gmake[2]: 进入目录“/home/pl/ros2_ws1/build/sdk_topic_cpp”
[0.743s] cd /home/pl/ros2_ws1/build/sdk_topic_cpp && /usr/bin/cmake -E cmake_depends "Unix Makefiles" /home/pl/ros2_ws1/src/haik/sdk_topic_cpp /home/pl/ros2_ws1/src/haik/sdk_topic_cpp /home/pl/ros2_ws1/build/sdk_topic_cpp /home/pl/ros2_ws1/build/sdk_topic_cpp /home/pl/ros2_ws1/build/sdk_topic_cpp/CMakeFiles/shiping.dir/DependInfo.cmake --color=
[0.743s] gmake[2]: 进入目录“/home/pl/ros2_ws1/build/sdk_topic_cpp”
[0.743s] cd /home/pl/ros2_ws1/build/sdk_topic_cpp && /usr/bin/cmake -E cmake_depends "Unix Makefiles" /home/pl/ros2_ws1/src/haik/sdk_topic_cpp /home/pl/ros2_ws1/src/haik/sdk_topic_cpp /home/pl/ros2_ws1/build/sdk_topic_cpp /home/pl/ros2_ws1/build/sdk_topic_cpp /home/pl/ros2_ws1/build/sdk_topic_cpp/CMakeFiles/se.dir/DependInfo.cmake --color=
[0.743s] gmake[2]: 进入目录“/home/pl/ros2_ws1/build/sdk_topic_cpp”
[0.744s] cd /home/pl/ros2_ws1/build/sdk_topic_cpp && /usr/bin/cmake -E cmake_depends "Unix Makefiles" /home/pl/ros2_ws1/src/haik/sdk_topic_cpp /home/pl/ros2_ws1/src/haik/sdk_topic_cpp /home/pl/ros2_ws1/build/sdk_topic_cpp /home/pl/ros2_ws1/build/sdk_topic_cpp /home/pl/ros2_ws1/build/sdk_topic_cpp/CMakeFiles/chu.dir/DependInfo.cmake --color=
[0.744s] gmake[2]: 进入目录“/home/pl/ros2_ws1/build/sdk_topic_cpp”
[0.744s] cd /home/pl/ros2_ws1/build/sdk_topic_cpp && /usr/bin/cmake -E cmake_depends "Unix Makefiles" /home/pl/ros2_ws1/src/haik/sdk_topic_cpp /home/pl/ros2_ws1/src/haik/sdk_topic_cpp /home/pl/ros2_ws1/build/sdk_topic_cpp /home/pl/ros2_ws1/build/sdk_topic_cpp /home/pl/ros2_ws1/build/sdk_topic_cpp/CMakeFiles/biaoding.dir/DependInfo.cmake --color=
[0.744s] gmake[2]: 进入目录“/home/pl/ros2_ws1/build/sdk_topic_cpp”
[0.744s] cd /home/pl/ros2_ws1/build/sdk_topic_cpp && /usr/bin/cmake -E cmake_depends "Unix Makefiles" /home/pl/ros2_ws1/src/haik/sdk_topic_cpp /home/pl/ros2_ws1/src/haik/sdk_topic_cpp /home/pl/ros2_ws1/build/sdk_topic_cpp /home/pl/ros2_ws1/build/sdk_topic_cpp /home/pl/ros2_ws1/build/sdk_topic_cpp/CMakeFiles/camera_publisher.dir/DependInfo.cmake --color=
[0.744s] gmake[2]: 进入目录“/home/pl/ros2_ws1/build/sdk_topic_cpp”
[0.744s] cd /home/pl/ros2_ws1/build/sdk_topic_cpp && /usr/bin/cmake -E cmake_depends "Unix Makefiles" /home/pl/ros2_ws1/src/haik/sdk_topic_cpp /home/pl/ros2_ws1/src/haik/sdk_topic_cpp /home/pl/ros2_ws1/build/sdk_topic_cpp /home/pl/ros2_ws1/build/sdk_topic_cpp /home/pl/ros2_ws1/build/sdk_topic_cpp/CMakeFiles/grab.dir/DependInfo.cmake --color=
[0.744s] gmake[2]: 进入目录“/home/pl/ros2_ws1/build/sdk_topic_cpp”
[0.745s] cd /home/pl/ros2_ws1/build/sdk_topic_cpp && /usr/bin/cmake -E cmake_depends "Unix Makefiles" /home/pl/ros2_ws1/src/haik/sdk_topic_cpp /home/pl/ros2_ws1/src/haik/sdk_topic_cpp /home/pl/ros2_ws1/build/sdk_topic_cpp /home/pl/ros2_ws1/build/sdk_topic_cpp /home/pl/ros2_ws1/build/sdk_topic_cpp/CMakeFiles/t1.dir/DependInfo.cmake --color=
[0.747s] gmake[2]: 离开目录“/home/pl/ros2_ws1/build/sdk_topic_cpp”
[0.747s] /usr/bin/gmake  -f CMakeFiles/shiping.dir/build.make CMakeFiles/shiping.dir/build
[0.747s] gmake[2]: 离开目录“/home/pl/ros2_ws1/build/sdk_topic_cpp”
[0.747s] /usr/bin/gmake  -f CMakeFiles/chu.dir/build.make CMakeFiles/chu.dir/build
[0.747s] gmake[2]: 离开目录“/home/pl/ros2_ws1/build/sdk_topic_cpp”
[0.747s] /usr/bin/gmake  -f CMakeFiles/camera_publisher.dir/build.make CMakeFiles/camera_publisher.dir/build
[0.748s] gmake[2]: 离开目录“/home/pl/ros2_ws1/build/sdk_topic_cpp”
[0.748s] /usr/bin/gmake  -f CMakeFiles/biaoding.dir/build.make CMakeFiles/biaoding.dir/build
[0.748s] gmake[2]: 离开目录“/home/pl/ros2_ws1/build/sdk_topic_cpp”
[0.748s] gmake[2]: 离开目录“/home/pl/ros2_ws1/build/sdk_topic_cpp”
[0.748s] /usr/bin/gmake  -f CMakeFiles/grab.dir/build.make CMakeFiles/grab.dir/build
[0.748s] /usr/bin/gmake  -f CMakeFiles/se.dir/build.make CMakeFiles/se.dir/build
[0.748s] gmake[2]: 离开目录“/home/pl/ros2_ws1/build/sdk_topic_cpp”
[0.748s] gmake[2]: 进入目录“/home/pl/ros2_ws1/build/sdk_topic_cpp”
[0.748s] gmake[2]: 对“CMakeFiles/shiping.dir/build”无需做任何事。
[0.748s] gmake[2]: 离开目录“/home/pl/ros2_ws1/build/sdk_topic_cpp”
[0.748s] /usr/bin/gmake  -f CMakeFiles/t1.dir/build.make CMakeFiles/t1.dir/build
[0.749s] gmake[2]: 进入目录“/home/pl/ros2_ws1/build/sdk_topic_cpp”
[0.749s] gmake[2]: 对“CMakeFiles/chu.dir/build”无需做任何事。
[0.749s] gmake[2]: 离开目录“/home/pl/ros2_ws1/build/sdk_topic_cpp”
[0.751s] gmake[2]: 进入目录“/home/pl/ros2_ws1/build/sdk_topic_cpp”
[0.751s] gmake[2]: 对“CMakeFiles/t1.dir/build”无需做任何事。
[0.752s] gmake[2]: 离开目录“/home/pl/ros2_ws1/build/sdk_topic_cpp”
[0.753s] gmake[2]: 进入目录“/home/pl/ros2_ws1/build/sdk_topic_cpp”
[0.753s] gmake[2]: 对“CMakeFiles/biaoding.dir/build”无需做任何事。
[0.753s] gmake[2]: 离开目录“/home/pl/ros2_ws1/build/sdk_topic_cpp”
[0.753s] gmake[2]: 进入目录“/home/pl/ros2_ws1/build/sdk_topic_cpp”
[0.753s] gmake[2]: 对“CMakeFiles/se.dir/build”无需做任何事。
[0.753s] gmake[2]: 离开目录“/home/pl/ros2_ws1/build/sdk_topic_cpp”
[0.753s] gmake[2]: 进入目录“/home/pl/ros2_ws1/build/sdk_topic_cpp”
[0.753s] gmake[2]: 对“CMakeFiles/camera_publisher.dir/build”无需做任何事。
[0.753s] gmake[2]: 离开目录“/home/pl/ros2_ws1/build/sdk_topic_cpp”
[0.753s] gmake[2]: 进入目录“/home/pl/ros2_ws1/build/sdk_topic_cpp”
[0.753s] gmake[2]: 对“CMakeFiles/grab.dir/build”无需做任何事。
[0.753s] gmake[2]: 离开目录“/home/pl/ros2_ws1/build/sdk_topic_cpp”
[0.758s] [ 14%] Built target shiping
[0.759s] [ 28%] Built target chu
[0.761s] [ 42%] Built target grab
[0.761s] [ 57%] Built target biaoding
[0.761s] [ 71%] Built target camera_publisher
[0.762s] [ 85%] Built target se
[0.765s] [100%] Built target t1
[0.766s] gmake[1]: 离开目录“/home/pl/ros2_ws1/build/sdk_topic_cpp”
[0.766s] /usr/bin/cmake -E cmake_progress_start /home/pl/ros2_ws1/build/sdk_topic_cpp/CMakeFiles 0
