[0.326s] Invoking command in '/home/pl/ros2_ws1/build/sdk_launch': DEBUGINFOD_URLS=https://debuginfod.ubuntu.com PYTHONPATH=/home/pl/ros2_ws1/build/sdk_launch/prefix_override:/usr/lib/python3/dist-packages/colcon_core/task/python/colcon_distutils_commands:/home/pl/ros2_ws1/install/sdk_launch/lib/python3.10/site-packages:${PYTHONPATH} /usr/bin/python3 -W ignore:setup.py install is deprecated -W ignore:easy_install command is deprecated setup.py develop --editable --build-directory /home/pl/ros2_ws1/build/sdk_launch/build --no-deps symlink_data --force
[0.478s] running develop
[0.568s] running egg_info
[0.568s] writing sdk_launch.egg-info/PKG-INFO
[0.568s] writing dependency_links to sdk_launch.egg-info/dependency_links.txt
[0.568s] writing entry points to sdk_launch.egg-info/entry_points.txt
[0.569s] writing requirements to sdk_launch.egg-info/requires.txt
[0.569s] writing top-level names to sdk_launch.egg-info/top_level.txt
[0.571s] reading manifest file 'sdk_launch.egg-info/SOURCES.txt'
[0.571s] writing manifest file 'sdk_launch.egg-info/SOURCES.txt'
[0.572s] running build_ext
[0.572s] Creating /home/pl/ros2_ws1/install/sdk_launch/lib/python3.10/site-packages/sdk-launch.egg-link (link to .)
[0.573s] 
[0.573s] Installed /home/pl/ros2_ws1/build/sdk_launch
[0.573s] running symlink_data
[0.573s] symbolically linking /home/pl/ros2_ws1/build/sdk_launch/resource/sdk_launch -> /home/pl/ros2_ws1/install/sdk_launch/share/ament_index/resource_index/packages
[0.573s] symbolically linking /home/pl/ros2_ws1/build/sdk_launch/package.xml -> /home/pl/ros2_ws1/install/sdk_launch/share/sdk_launch
[0.573s] symbolically linking /home/pl/ros2_ws1/build/sdk_launch/launch/camera.launch.py -> /home/pl/ros2_ws1/install/sdk_launch/share/sdk_launch/launch
[0.573s] symbolically linking /home/pl/ros2_ws1/build/sdk_launch/config/camera.yaml -> /home/pl/ros2_ws1/install/sdk_launch/share/sdk_launch/config
[0.593s] Invoked command in '/home/pl/ros2_ws1/build/sdk_launch' returned '0': DEBUGINFOD_URLS=https://debuginfod.ubuntu.com PYTHONPATH=/home/pl/ros2_ws1/build/sdk_launch/prefix_override:/usr/lib/python3/dist-packages/colcon_core/task/python/colcon_distutils_commands:/home/pl/ros2_ws1/install/sdk_launch/lib/python3.10/site-packages:${PYTHONPATH} /usr/bin/python3 -W ignore:setup.py install is deprecated -W ignore:easy_install command is deprecated setup.py develop --editable --build-directory /home/pl/ros2_ws1/build/sdk_launch/build --no-deps symlink_data --force
