[0.544s] Invoking command in '/home/pl/ros2_ws1/src/haik/sdk_launch': PYTHONPATH=/home/pl/ros2_ws1/build/sdk_launch/prefix_override:/usr/lib/python3/dist-packages/colcon_core/task/python/colcon_distutils_commands:/home/pl/ros2_ws1/install/sdk_launch/lib/python3.10/site-packages:${PYTHONPATH} /usr/bin/python3 -W ignore:setup.py install is deprecated -W ignore:easy_install command is deprecated setup.py egg_info --egg-base ../../../build/sdk_launch build --build-base /home/pl/ros2_ws1/build/sdk_launch/build install --record /home/pl/ros2_ws1/build/sdk_launch/install.log --single-version-externally-managed install_data
[0.712s] running egg_info
[0.712s] writing ../../../build/sdk_launch/sdk_launch.egg-info/PKG-INFO
[0.713s] writing dependency_links to ../../../build/sdk_launch/sdk_launch.egg-info/dependency_links.txt
[0.713s] writing entry points to ../../../build/sdk_launch/sdk_launch.egg-info/entry_points.txt
[0.713s] writing requirements to ../../../build/sdk_launch/sdk_launch.egg-info/requires.txt
[0.713s] writing top-level names to ../../../build/sdk_launch/sdk_launch.egg-info/top_level.txt
[0.714s] reading manifest file '../../../build/sdk_launch/sdk_launch.egg-info/SOURCES.txt'
[0.715s] writing manifest file '../../../build/sdk_launch/sdk_launch.egg-info/SOURCES.txt'
[0.715s] running build
[0.715s] running build_py
[0.715s] running install
[0.715s] running install_lib
[0.717s] running install_data
[0.717s] running install_egg_info
[0.718s] removing '/home/pl/ros2_ws1/install/sdk_launch/lib/python3.10/site-packages/sdk_launch-0.0.0-py3.10.egg-info' (and everything under it)
[0.719s] Copying ../../../build/sdk_launch/sdk_launch.egg-info to /home/pl/ros2_ws1/install/sdk_launch/lib/python3.10/site-packages/sdk_launch-0.0.0-py3.10.egg-info
[0.719s] running install_scripts
[0.735s] writing list of installed files to '/home/pl/ros2_ws1/build/sdk_launch/install.log'
[0.755s] Invoked command in '/home/pl/ros2_ws1/src/haik/sdk_launch' returned '0': PYTHONPATH=/home/pl/ros2_ws1/build/sdk_launch/prefix_override:/usr/lib/python3/dist-packages/colcon_core/task/python/colcon_distutils_commands:/home/pl/ros2_ws1/install/sdk_launch/lib/python3.10/site-packages:${PYTHONPATH} /usr/bin/python3 -W ignore:setup.py install is deprecated -W ignore:easy_install command is deprecated setup.py egg_info --egg-base ../../../build/sdk_launch build --build-base /home/pl/ros2_ws1/build/sdk_launch/build install --record /home/pl/ros2_ws1/build/sdk_launch/install.log --single-version-externally-managed install_data
