[0.010s] Invoking command in '/home/pl/ros2_ws1/build/learning_interface': CMAKE_PREFIX_PATH=${CMAKE_PREFIX_PATH}:/home/pl/ros2_ws1/install/sdk_topic:/home/pl/ros2_ws1/install/sdk_launch:/opt/ros/humble /usr/bin/cmake --build /home/pl/ros2_ws1/build/learning_interface -- -j20 -l20
[0.188s] [  1%] Built target learning_interface__cpp
[0.188s] [ 12%] Built target learning_interface__rosidl_generator_c
[0.188s] [ 12%] Built target ament_cmake_python_copy_learning_interface
[0.188s] [ 23%] Built target learning_interface__rosidl_typesupport_introspection_cpp
[0.188s] [ 34%] Built target learning_interface__rosidl_typesupport_fastrtps_cpp
[0.189s] [ 54%] Built target learning_interface__rosidl_typesupport_c
[0.189s] [ 56%] Built target learning_interface__rosidl_typesupport_cpp
[0.189s] [ 67%] Built target learning_interface__rosidl_typesupport_fastrtps_c
[0.189s] [ 78%] Built target learning_interface__rosidl_typesupport_introspection_c
[0.189s] [ 78%] Built target learning_interface
[0.189s] [ 80%] Built target learning_interface__py
[0.189s] [ 89%] Built target learning_interface__rosidl_generator_py
[0.189s] [ 96%] Built target learning_interface__rosidl_typesupport_c__pyext
[0.189s] [ 96%] Built target learning_interface__rosidl_typesupport_fastrtps_c__pyext
[0.189s] [100%] Built target learning_interface__rosidl_typesupport_introspection_c__pyext
[0.189s] running egg_info
[0.189s] writing learning_interface.egg-info/PKG-INFO
[0.189s] writing dependency_links to learning_interface.egg-info/dependency_links.txt
[0.189s] writing top-level names to learning_interface.egg-info/top_level.txt
[0.189s] reading manifest file 'learning_interface.egg-info/SOURCES.txt'
[0.189s] writing manifest file 'learning_interface.egg-info/SOURCES.txt'
[0.205s] [100%] Built target ament_cmake_python_build_learning_interface_egg
[0.215s] Invoked command in '/home/pl/ros2_ws1/build/learning_interface' returned '0': CMAKE_PREFIX_PATH=${CMAKE_PREFIX_PATH}:/home/pl/ros2_ws1/install/sdk_topic:/home/pl/ros2_ws1/install/sdk_launch:/opt/ros/humble /usr/bin/cmake --build /home/pl/ros2_ws1/build/learning_interface -- -j20 -l20
[0.221s] Invoking command in '/home/pl/ros2_ws1/build/learning_interface': CMAKE_PREFIX_PATH=${CMAKE_PREFIX_PATH}:/home/pl/ros2_ws1/install/sdk_topic:/home/pl/ros2_ws1/install/sdk_launch:/opt/ros/humble /usr/bin/cmake --install /home/pl/ros2_ws1/build/learning_interface
[0.225s] -- Install configuration: ""
[0.225s] -- Up-to-date: /home/pl/ros2_ws1/install/learning_interface/share/ament_index/resource_index/rosidl_interfaces/learning_interface
[0.225s] -- Up-to-date: /home/pl/ros2_ws1/install/learning_interface/include/learning_interface/learning_interface
[0.226s] -- Up-to-date: /home/pl/ros2_ws1/install/learning_interface/include/learning_interface/learning_interface/action
[0.226s] -- Up-to-date: /home/pl/ros2_ws1/install/learning_interface/include/learning_interface/learning_interface/action/detail
[0.226s] -- Up-to-date: /home/pl/ros2_ws1/install/learning_interface/include/learning_interface/learning_interface/action/detail/move_circle__type_support.h
[0.226s] -- Up-to-date: /home/pl/ros2_ws1/install/learning_interface/include/learning_interface/learning_interface/action/detail/move_circle__functions.h
[0.226s] -- Up-to-date: /home/pl/ros2_ws1/install/learning_interface/include/learning_interface/learning_interface/action/detail/move_circle__functions.c
[0.226s] -- Up-to-date: /home/pl/ros2_ws1/install/learning_interface/include/learning_interface/learning_interface/action/detail/move_circle__struct.h
[0.226s] -- Up-to-date: /home/pl/ros2_ws1/install/learning_interface/include/learning_interface/learning_interface/action/move_circle.h
[0.226s] -- Up-to-date: /home/pl/ros2_ws1/install/learning_interface/include/learning_interface/learning_interface/srv
[0.226s] -- Up-to-date: /home/pl/ros2_ws1/install/learning_interface/include/learning_interface/learning_interface/srv/detail
[0.226s] -- Up-to-date: /home/pl/ros2_ws1/install/learning_interface/include/learning_interface/learning_interface/srv/detail/get_object_position__functions.c
[0.227s] -- Up-to-date: /home/pl/ros2_ws1/install/learning_interface/include/learning_interface/learning_interface/srv/detail/get_object_position__functions.h
[0.227s] -- Up-to-date: /home/pl/ros2_ws1/install/learning_interface/include/learning_interface/learning_interface/srv/detail/add_two_ints__type_support.h
[0.227s] -- Up-to-date: /home/pl/ros2_ws1/install/learning_interface/include/learning_interface/learning_interface/srv/detail/get_object_position__struct.h
[0.227s] -- Up-to-date: /home/pl/ros2_ws1/install/learning_interface/include/learning_interface/learning_interface/srv/detail/add_two_ints__struct.h
[0.227s] -- Up-to-date: /home/pl/ros2_ws1/install/learning_interface/include/learning_interface/learning_interface/srv/detail/add_two_ints__functions.h
[0.227s] -- Up-to-date: /home/pl/ros2_ws1/install/learning_interface/include/learning_interface/learning_interface/srv/detail/get_object_position__type_support.h
[0.227s] -- Up-to-date: /home/pl/ros2_ws1/install/learning_interface/include/learning_interface/learning_interface/srv/detail/add_two_ints__functions.c
[0.227s] -- Up-to-date: /home/pl/ros2_ws1/install/learning_interface/include/learning_interface/learning_interface/srv/add_two_ints.h
[0.227s] -- Up-to-date: /home/pl/ros2_ws1/install/learning_interface/include/learning_interface/learning_interface/srv/get_object_position.h
[0.227s] -- Up-to-date: /home/pl/ros2_ws1/install/learning_interface/include/learning_interface/learning_interface/msg
[0.227s] -- Up-to-date: /home/pl/ros2_ws1/install/learning_interface/include/learning_interface/learning_interface/msg/detail
[0.227s] -- Up-to-date: /home/pl/ros2_ws1/install/learning_interface/include/learning_interface/learning_interface/msg/detail/object_position__functions.c
[0.227s] -- Up-to-date: /home/pl/ros2_ws1/install/learning_interface/include/learning_interface/learning_interface/msg/detail/object_position__functions.h
[0.228s] -- Up-to-date: /home/pl/ros2_ws1/install/learning_interface/include/learning_interface/learning_interface/msg/detail/object_position__struct.h
[0.228s] -- Up-to-date: /home/pl/ros2_ws1/install/learning_interface/include/learning_interface/learning_interface/msg/detail/object_position__type_support.h
[0.228s] -- Up-to-date: /home/pl/ros2_ws1/install/learning_interface/include/learning_interface/learning_interface/msg/rosidl_generator_c__visibility_control.h
[0.228s] -- Up-to-date: /home/pl/ros2_ws1/install/learning_interface/include/learning_interface/learning_interface/msg/object_position.h
[0.228s] -- Up-to-date: /home/pl/ros2_ws1/install/learning_interface/share/learning_interface/environment/library_path.sh
[0.228s] -- Up-to-date: /home/pl/ros2_ws1/install/learning_interface/share/learning_interface/environment/library_path.dsv
[0.228s] -- Up-to-date: /home/pl/ros2_ws1/install/learning_interface/lib/liblearning_interface__rosidl_generator_c.so
[0.228s] -- Up-to-date: /home/pl/ros2_ws1/install/learning_interface/include/learning_interface/learning_interface
[0.228s] -- Up-to-date: /home/pl/ros2_ws1/install/learning_interface/include/learning_interface/learning_interface/action
[0.228s] -- Up-to-date: /home/pl/ros2_ws1/install/learning_interface/include/learning_interface/learning_interface/action/detail
[0.228s] -- Up-to-date: /home/pl/ros2_ws1/install/learning_interface/include/learning_interface/learning_interface/action/detail/move_circle__rosidl_typesupport_fastrtps_c.h
[0.228s] -- Up-to-date: /home/pl/ros2_ws1/install/learning_interface/include/learning_interface/learning_interface/srv
[0.228s] -- Up-to-date: /home/pl/ros2_ws1/install/learning_interface/include/learning_interface/learning_interface/srv/detail
[0.228s] -- Up-to-date: /home/pl/ros2_ws1/install/learning_interface/include/learning_interface/learning_interface/srv/detail/get_object_position__rosidl_typesupport_fastrtps_c.h
[0.228s] -- Up-to-date: /home/pl/ros2_ws1/install/learning_interface/include/learning_interface/learning_interface/srv/detail/add_two_ints__rosidl_typesupport_fastrtps_c.h
[0.229s] -- Up-to-date: /home/pl/ros2_ws1/install/learning_interface/include/learning_interface/learning_interface/msg
[0.229s] -- Up-to-date: /home/pl/ros2_ws1/install/learning_interface/include/learning_interface/learning_interface/msg/detail
[0.229s] -- Up-to-date: /home/pl/ros2_ws1/install/learning_interface/include/learning_interface/learning_interface/msg/detail/object_position__rosidl_typesupport_fastrtps_c.h
[0.229s] -- Up-to-date: /home/pl/ros2_ws1/install/learning_interface/include/learning_interface/learning_interface/msg/rosidl_typesupport_fastrtps_c__visibility_control.h
[0.229s] -- Up-to-date: /home/pl/ros2_ws1/install/learning_interface/lib/liblearning_interface__rosidl_typesupport_fastrtps_c.so
[0.229s] -- Up-to-date: /home/pl/ros2_ws1/install/learning_interface/include/learning_interface/learning_interface
[0.229s] -- Up-to-date: /home/pl/ros2_ws1/install/learning_interface/include/learning_interface/learning_interface/action
[0.229s] -- Up-to-date: /home/pl/ros2_ws1/install/learning_interface/include/learning_interface/learning_interface/action/detail
[0.229s] -- Up-to-date: /home/pl/ros2_ws1/install/learning_interface/include/learning_interface/learning_interface/action/detail/move_circle__type_support.c
[0.229s] -- Up-to-date: /home/pl/ros2_ws1/install/learning_interface/include/learning_interface/learning_interface/action/detail/move_circle__rosidl_typesupport_introspection_c.h
[0.229s] -- Up-to-date: /home/pl/ros2_ws1/install/learning_interface/include/learning_interface/learning_interface/srv
[0.229s] -- Up-to-date: /home/pl/ros2_ws1/install/learning_interface/include/learning_interface/learning_interface/srv/detail
[0.229s] -- Up-to-date: /home/pl/ros2_ws1/install/learning_interface/include/learning_interface/learning_interface/srv/detail/get_object_position__rosidl_typesupport_introspection_c.h
[0.229s] -- Up-to-date: /home/pl/ros2_ws1/install/learning_interface/include/learning_interface/learning_interface/srv/detail/add_two_ints__type_support.c
[0.229s] -- Up-to-date: /home/pl/ros2_ws1/install/learning_interface/include/learning_interface/learning_interface/srv/detail/add_two_ints__rosidl_typesupport_introspection_c.h
[0.229s] -- Up-to-date: /home/pl/ros2_ws1/install/learning_interface/include/learning_interface/learning_interface/srv/detail/get_object_position__type_support.c
[0.230s] -- Up-to-date: /home/pl/ros2_ws1/install/learning_interface/include/learning_interface/learning_interface/msg
[0.230s] -- Up-to-date: /home/pl/ros2_ws1/install/learning_interface/include/learning_interface/learning_interface/msg/rosidl_typesupport_introspection_c__visibility_control.h
[0.230s] -- Up-to-date: /home/pl/ros2_ws1/install/learning_interface/include/learning_interface/learning_interface/msg/detail
[0.230s] -- Up-to-date: /home/pl/ros2_ws1/install/learning_interface/include/learning_interface/learning_interface/msg/detail/object_position__type_support.c
[0.230s] -- Up-to-date: /home/pl/ros2_ws1/install/learning_interface/include/learning_interface/learning_interface/msg/detail/object_position__rosidl_typesupport_introspection_c.h
[0.230s] -- Up-to-date: /home/pl/ros2_ws1/install/learning_interface/lib/liblearning_interface__rosidl_typesupport_introspection_c.so
[0.230s] -- Up-to-date: /home/pl/ros2_ws1/install/learning_interface/lib/liblearning_interface__rosidl_typesupport_c.so
[0.230s] -- Up-to-date: /home/pl/ros2_ws1/install/learning_interface/include/learning_interface/learning_interface
[0.230s] -- Up-to-date: /home/pl/ros2_ws1/install/learning_interface/include/learning_interface/learning_interface/action
[0.230s] -- Up-to-date: /home/pl/ros2_ws1/install/learning_interface/include/learning_interface/learning_interface/action/detail
[0.230s] -- Up-to-date: /home/pl/ros2_ws1/install/learning_interface/include/learning_interface/learning_interface/action/detail/move_circle__builder.hpp
[0.230s] -- Up-to-date: /home/pl/ros2_ws1/install/learning_interface/include/learning_interface/learning_interface/action/detail/move_circle__traits.hpp
[0.230s] -- Up-to-date: /home/pl/ros2_ws1/install/learning_interface/include/learning_interface/learning_interface/action/detail/move_circle__type_support.hpp
[0.230s] -- Up-to-date: /home/pl/ros2_ws1/install/learning_interface/include/learning_interface/learning_interface/action/detail/move_circle__struct.hpp
[0.230s] -- Up-to-date: /home/pl/ros2_ws1/install/learning_interface/include/learning_interface/learning_interface/action/move_circle.hpp
[0.230s] -- Up-to-date: /home/pl/ros2_ws1/install/learning_interface/include/learning_interface/learning_interface/srv
[0.231s] -- Up-to-date: /home/pl/ros2_ws1/install/learning_interface/include/learning_interface/learning_interface/srv/get_object_position.hpp
[0.231s] -- Up-to-date: /home/pl/ros2_ws1/install/learning_interface/include/learning_interface/learning_interface/srv/detail
[0.231s] -- Up-to-date: /home/pl/ros2_ws1/install/learning_interface/include/learning_interface/learning_interface/srv/detail/add_two_ints__struct.hpp
[0.231s] -- Up-to-date: /home/pl/ros2_ws1/install/learning_interface/include/learning_interface/learning_interface/srv/detail/add_two_ints__type_support.hpp
[0.231s] -- Up-to-date: /home/pl/ros2_ws1/install/learning_interface/include/learning_interface/learning_interface/srv/detail/get_object_position__traits.hpp
[0.231s] -- Up-to-date: /home/pl/ros2_ws1/install/learning_interface/include/learning_interface/learning_interface/srv/detail/add_two_ints__traits.hpp
[0.231s] -- Up-to-date: /home/pl/ros2_ws1/install/learning_interface/include/learning_interface/learning_interface/srv/detail/get_object_position__builder.hpp
[0.231s] -- Up-to-date: /home/pl/ros2_ws1/install/learning_interface/include/learning_interface/learning_interface/srv/detail/add_two_ints__builder.hpp
[0.231s] -- Up-to-date: /home/pl/ros2_ws1/install/learning_interface/include/learning_interface/learning_interface/srv/detail/get_object_position__struct.hpp
[0.231s] -- Up-to-date: /home/pl/ros2_ws1/install/learning_interface/include/learning_interface/learning_interface/srv/detail/get_object_position__type_support.hpp
[0.231s] -- Up-to-date: /home/pl/ros2_ws1/install/learning_interface/include/learning_interface/learning_interface/srv/add_two_ints.hpp
[0.231s] -- Up-to-date: /home/pl/ros2_ws1/install/learning_interface/include/learning_interface/learning_interface/msg
[0.231s] -- Up-to-date: /home/pl/ros2_ws1/install/learning_interface/include/learning_interface/learning_interface/msg/detail
[0.231s] -- Up-to-date: /home/pl/ros2_ws1/install/learning_interface/include/learning_interface/learning_interface/msg/detail/object_position__type_support.hpp
[0.231s] -- Up-to-date: /home/pl/ros2_ws1/install/learning_interface/include/learning_interface/learning_interface/msg/detail/object_position__struct.hpp
[0.232s] -- Up-to-date: /home/pl/ros2_ws1/install/learning_interface/include/learning_interface/learning_interface/msg/detail/object_position__builder.hpp
[0.232s] -- Up-to-date: /home/pl/ros2_ws1/install/learning_interface/include/learning_interface/learning_interface/msg/detail/object_position__traits.hpp
[0.232s] -- Up-to-date: /home/pl/ros2_ws1/install/learning_interface/include/learning_interface/learning_interface/msg/object_position.hpp
[0.232s] -- Up-to-date: /home/pl/ros2_ws1/install/learning_interface/include/learning_interface/learning_interface/msg/rosidl_generator_cpp__visibility_control.hpp
[0.232s] -- Up-to-date: /home/pl/ros2_ws1/install/learning_interface/include/learning_interface/learning_interface
[0.232s] -- Up-to-date: /home/pl/ros2_ws1/install/learning_interface/include/learning_interface/learning_interface/action
[0.232s] -- Up-to-date: /home/pl/ros2_ws1/install/learning_interface/include/learning_interface/learning_interface/action/detail
[0.232s] -- Up-to-date: /home/pl/ros2_ws1/install/learning_interface/include/learning_interface/learning_interface/action/detail/move_circle__rosidl_typesupport_fastrtps_cpp.hpp
[0.232s] -- Up-to-date: /home/pl/ros2_ws1/install/learning_interface/include/learning_interface/learning_interface/action/detail/dds_fastrtps
[0.232s] -- Up-to-date: /home/pl/ros2_ws1/install/learning_interface/include/learning_interface/learning_interface/srv
[0.232s] -- Up-to-date: /home/pl/ros2_ws1/install/learning_interface/include/learning_interface/learning_interface/srv/detail
[0.232s] -- Up-to-date: /home/pl/ros2_ws1/install/learning_interface/include/learning_interface/learning_interface/srv/detail/dds_fastrtps
[0.232s] -- Up-to-date: /home/pl/ros2_ws1/install/learning_interface/include/learning_interface/learning_interface/srv/detail/get_object_position__rosidl_typesupport_fastrtps_cpp.hpp
[0.232s] -- Up-to-date: /home/pl/ros2_ws1/install/learning_interface/include/learning_interface/learning_interface/srv/detail/add_two_ints__rosidl_typesupport_fastrtps_cpp.hpp
[0.232s] -- Up-to-date: /home/pl/ros2_ws1/install/learning_interface/include/learning_interface/learning_interface/msg
[0.232s] -- Up-to-date: /home/pl/ros2_ws1/install/learning_interface/include/learning_interface/learning_interface/msg/detail
[0.233s] -- Up-to-date: /home/pl/ros2_ws1/install/learning_interface/include/learning_interface/learning_interface/msg/detail/dds_fastrtps
[0.233s] -- Up-to-date: /home/pl/ros2_ws1/install/learning_interface/include/learning_interface/learning_interface/msg/detail/object_position__rosidl_typesupport_fastrtps_cpp.hpp
[0.233s] -- Up-to-date: /home/pl/ros2_ws1/install/learning_interface/include/learning_interface/learning_interface/msg/rosidl_typesupport_fastrtps_cpp__visibility_control.h
[0.233s] -- Up-to-date: /home/pl/ros2_ws1/install/learning_interface/lib/liblearning_interface__rosidl_typesupport_fastrtps_cpp.so
[0.233s] -- Up-to-date: /home/pl/ros2_ws1/install/learning_interface/include/learning_interface/learning_interface
[0.233s] -- Up-to-date: /home/pl/ros2_ws1/install/learning_interface/include/learning_interface/learning_interface/action
[0.233s] -- Up-to-date: /home/pl/ros2_ws1/install/learning_interface/include/learning_interface/learning_interface/action/detail
[0.233s] -- Up-to-date: /home/pl/ros2_ws1/install/learning_interface/include/learning_interface/learning_interface/action/detail/move_circle__rosidl_typesupport_introspection_cpp.hpp
[0.233s] -- Up-to-date: /home/pl/ros2_ws1/install/learning_interface/include/learning_interface/learning_interface/action/detail/move_circle__type_support.cpp
[0.233s] -- Up-to-date: /home/pl/ros2_ws1/install/learning_interface/include/learning_interface/learning_interface/srv
[0.233s] -- Up-to-date: /home/pl/ros2_ws1/install/learning_interface/include/learning_interface/learning_interface/srv/detail
[0.233s] -- Up-to-date: /home/pl/ros2_ws1/install/learning_interface/include/learning_interface/learning_interface/srv/detail/get_object_position__rosidl_typesupport_introspection_cpp.hpp
[0.233s] -- Up-to-date: /home/pl/ros2_ws1/install/learning_interface/include/learning_interface/learning_interface/srv/detail/add_two_ints__rosidl_typesupport_introspection_cpp.hpp
[0.233s] -- Up-to-date: /home/pl/ros2_ws1/install/learning_interface/include/learning_interface/learning_interface/srv/detail/add_two_ints__type_support.cpp
[0.233s] -- Up-to-date: /home/pl/ros2_ws1/install/learning_interface/include/learning_interface/learning_interface/srv/detail/get_object_position__type_support.cpp
[0.233s] -- Up-to-date: /home/pl/ros2_ws1/install/learning_interface/include/learning_interface/learning_interface/msg
[0.233s] -- Up-to-date: /home/pl/ros2_ws1/install/learning_interface/include/learning_interface/learning_interface/msg/detail
[0.234s] -- Up-to-date: /home/pl/ros2_ws1/install/learning_interface/include/learning_interface/learning_interface/msg/detail/object_position__rosidl_typesupport_introspection_cpp.hpp
[0.234s] -- Up-to-date: /home/pl/ros2_ws1/install/learning_interface/include/learning_interface/learning_interface/msg/detail/object_position__type_support.cpp
[0.234s] -- Up-to-date: /home/pl/ros2_ws1/install/learning_interface/lib/liblearning_interface__rosidl_typesupport_introspection_cpp.so
[0.234s] -- Up-to-date: /home/pl/ros2_ws1/install/learning_interface/lib/liblearning_interface__rosidl_typesupport_cpp.so
[0.234s] -- Up-to-date: /home/pl/ros2_ws1/install/learning_interface/share/learning_interface/environment/pythonpath.sh
[0.234s] -- Up-to-date: /home/pl/ros2_ws1/install/learning_interface/share/learning_interface/environment/pythonpath.dsv
[0.234s] -- Up-to-date: /home/pl/ros2_ws1/install/learning_interface/local/lib/python3.10/dist-packages/learning_interface-0.0.0-py3.10.egg-info
[0.234s] -- Installing: /home/pl/ros2_ws1/install/learning_interface/local/lib/python3.10/dist-packages/learning_interface-0.0.0-py3.10.egg-info/dependency_links.txt
[0.234s] -- Installing: /home/pl/ros2_ws1/install/learning_interface/local/lib/python3.10/dist-packages/learning_interface-0.0.0-py3.10.egg-info/SOURCES.txt
[0.234s] -- Installing: /home/pl/ros2_ws1/install/learning_interface/local/lib/python3.10/dist-packages/learning_interface-0.0.0-py3.10.egg-info/top_level.txt
[0.234s] -- Installing: /home/pl/ros2_ws1/install/learning_interface/local/lib/python3.10/dist-packages/learning_interface-0.0.0-py3.10.egg-info/PKG-INFO
[0.234s] -- Up-to-date: /home/pl/ros2_ws1/install/learning_interface/local/lib/python3.10/dist-packages/learning_interface
[0.234s] -- Up-to-date: /home/pl/ros2_ws1/install/learning_interface/local/lib/python3.10/dist-packages/learning_interface/liblearning_interface__rosidl_generator_py.so
[0.234s] -- Up-to-date: /home/pl/ros2_ws1/install/learning_interface/local/lib/python3.10/dist-packages/learning_interface/_learning_interface_s.ep.rosidl_typesupport_introspection_c.c
[0.235s] -- Up-to-date: /home/pl/ros2_ws1/install/learning_interface/local/lib/python3.10/dist-packages/learning_interface/__init__.py
[0.235s] -- Up-to-date: /home/pl/ros2_ws1/install/learning_interface/local/lib/python3.10/dist-packages/learning_interface/_learning_interface_s.ep.rosidl_typesupport_fastrtps_c.c
[0.235s] -- Up-to-date: /home/pl/ros2_ws1/install/learning_interface/local/lib/python3.10/dist-packages/learning_interface/learning_interface_s__rosidl_typesupport_fastrtps_c.cpython-310-x86_64-linux-gnu.so
[0.235s] -- Up-to-date: /home/pl/ros2_ws1/install/learning_interface/local/lib/python3.10/dist-packages/learning_interface/action
[0.235s] -- Up-to-date: /home/pl/ros2_ws1/install/learning_interface/local/lib/python3.10/dist-packages/learning_interface/action/__init__.py
[0.235s] -- Up-to-date: /home/pl/ros2_ws1/install/learning_interface/local/lib/python3.10/dist-packages/learning_interface/action/_move_circle_s.c
[0.235s] -- Up-to-date: /home/pl/ros2_ws1/install/learning_interface/local/lib/python3.10/dist-packages/learning_interface/action/_move_circle.py
[0.235s] -- Up-to-date: /home/pl/ros2_ws1/install/learning_interface/local/lib/python3.10/dist-packages/learning_interface/learning_interface_s__rosidl_typesupport_c.cpython-310-x86_64-linux-gnu.so
[0.235s] -- Up-to-date: /home/pl/ros2_ws1/install/learning_interface/local/lib/python3.10/dist-packages/learning_interface/_learning_interface_s.ep.rosidl_typesupport_c.c
[0.235s] -- Up-to-date: /home/pl/ros2_ws1/install/learning_interface/local/lib/python3.10/dist-packages/learning_interface/srv
[0.235s] -- Up-to-date: /home/pl/ros2_ws1/install/learning_interface/local/lib/python3.10/dist-packages/learning_interface/srv/_add_two_ints_s.c
[0.236s] -- Up-to-date: /home/pl/ros2_ws1/install/learning_interface/local/lib/python3.10/dist-packages/learning_interface/srv/_add_two_ints.py
[0.236s] -- Up-to-date: /home/pl/ros2_ws1/install/learning_interface/local/lib/python3.10/dist-packages/learning_interface/srv/_get_object_position_s.c
[0.236s] -- Up-to-date: /home/pl/ros2_ws1/install/learning_interface/local/lib/python3.10/dist-packages/learning_interface/srv/__init__.py
[0.236s] -- Up-to-date: /home/pl/ros2_ws1/install/learning_interface/local/lib/python3.10/dist-packages/learning_interface/srv/_get_object_position.py
[0.236s] -- Up-to-date: /home/pl/ros2_ws1/install/learning_interface/local/lib/python3.10/dist-packages/learning_interface/msg
[0.236s] -- Up-to-date: /home/pl/ros2_ws1/install/learning_interface/local/lib/python3.10/dist-packages/learning_interface/msg/_object_position_s.c
[0.236s] -- Up-to-date: /home/pl/ros2_ws1/install/learning_interface/local/lib/python3.10/dist-packages/learning_interface/msg/__init__.py
[0.237s] -- Up-to-date: /home/pl/ros2_ws1/install/learning_interface/local/lib/python3.10/dist-packages/learning_interface/msg/_object_position.py
[0.237s] -- Up-to-date: /home/pl/ros2_ws1/install/learning_interface/local/lib/python3.10/dist-packages/learning_interface/learning_interface_s__rosidl_typesupport_introspection_c.cpython-310-x86_64-linux-gnu.so
[0.251s] Listing '/home/pl/ros2_ws1/install/learning_interface/local/lib/python3.10/dist-packages/learning_interface'...
[0.251s] Listing '/home/pl/ros2_ws1/install/learning_interface/local/lib/python3.10/dist-packages/learning_interface/action'...
[0.251s] Listing '/home/pl/ros2_ws1/install/learning_interface/local/lib/python3.10/dist-packages/learning_interface/msg'...
[0.251s] Listing '/home/pl/ros2_ws1/install/learning_interface/local/lib/python3.10/dist-packages/learning_interface/srv'...
[0.255s] -- Up-to-date: /home/pl/ros2_ws1/install/learning_interface/local/lib/python3.10/dist-packages/learning_interface/learning_interface_s__rosidl_typesupport_fastrtps_c.cpython-310-x86_64-linux-gnu.so
[0.255s] -- Up-to-date: /home/pl/ros2_ws1/install/learning_interface/local/lib/python3.10/dist-packages/learning_interface/learning_interface_s__rosidl_typesupport_introspection_c.cpython-310-x86_64-linux-gnu.so
[0.255s] -- Up-to-date: /home/pl/ros2_ws1/install/learning_interface/local/lib/python3.10/dist-packages/learning_interface/learning_interface_s__rosidl_typesupport_c.cpython-310-x86_64-linux-gnu.so
[0.255s] -- Up-to-date: /home/pl/ros2_ws1/install/learning_interface/lib/liblearning_interface__rosidl_generator_py.so
[0.256s] -- Up-to-date: /home/pl/ros2_ws1/install/learning_interface/share/learning_interface/msg/ObjectPosition.idl
[0.256s] -- Up-to-date: /home/pl/ros2_ws1/install/learning_interface/share/learning_interface/srv/AddTwoInts.idl
[0.256s] -- Up-to-date: /home/pl/ros2_ws1/install/learning_interface/share/learning_interface/srv/GetObjectPosition.idl
[0.256s] -- Up-to-date: /home/pl/ros2_ws1/install/learning_interface/share/learning_interface/action/MoveCircle.idl
[0.256s] -- Up-to-date: /home/pl/ros2_ws1/install/learning_interface/share/learning_interface/msg/ObjectPosition.msg
[0.256s] -- Up-to-date: /home/pl/ros2_ws1/install/learning_interface/share/learning_interface/srv/AddTwoInts.srv
[0.256s] -- Up-to-date: /home/pl/ros2_ws1/install/learning_interface/share/learning_interface/srv/AddTwoInts_Request.msg
[0.256s] -- Up-to-date: /home/pl/ros2_ws1/install/learning_interface/share/learning_interface/srv/AddTwoInts_Response.msg
[0.257s] -- Up-to-date: /home/pl/ros2_ws1/install/learning_interface/share/learning_interface/srv/GetObjectPosition.srv
[0.257s] -- Up-to-date: /home/pl/ros2_ws1/install/learning_interface/share/learning_interface/srv/GetObjectPosition_Request.msg
[0.257s] -- Up-to-date: /home/pl/ros2_ws1/install/learning_interface/share/learning_interface/srv/GetObjectPosition_Response.msg
[0.257s] -- Up-to-date: /home/pl/ros2_ws1/install/learning_interface/share/learning_interface/action/MoveCircle.action
[0.258s] -- Up-to-date: /home/pl/ros2_ws1/install/learning_interface/share/ament_index/resource_index/package_run_dependencies/learning_interface
[0.258s] -- Up-to-date: /home/pl/ros2_ws1/install/learning_interface/share/ament_index/resource_index/parent_prefix_path/learning_interface
[0.258s] -- Up-to-date: /home/pl/ros2_ws1/install/learning_interface/share/learning_interface/environment/ament_prefix_path.sh
[0.258s] -- Up-to-date: /home/pl/ros2_ws1/install/learning_interface/share/learning_interface/environment/ament_prefix_path.dsv
[0.259s] -- Up-to-date: /home/pl/ros2_ws1/install/learning_interface/share/learning_interface/environment/path.sh
[0.259s] -- Up-to-date: /home/pl/ros2_ws1/install/learning_interface/share/learning_interface/environment/path.dsv
[0.259s] -- Up-to-date: /home/pl/ros2_ws1/install/learning_interface/share/learning_interface/local_setup.bash
[0.259s] -- Up-to-date: /home/pl/ros2_ws1/install/learning_interface/share/learning_interface/local_setup.sh
[0.259s] -- Up-to-date: /home/pl/ros2_ws1/install/learning_interface/share/learning_interface/local_setup.zsh
[0.259s] -- Up-to-date: /home/pl/ros2_ws1/install/learning_interface/share/learning_interface/local_setup.dsv
[0.259s] -- Installing: /home/pl/ros2_ws1/install/learning_interface/share/learning_interface/package.dsv
[0.259s] -- Up-to-date: /home/pl/ros2_ws1/install/learning_interface/share/ament_index/resource_index/packages/learning_interface
[0.259s] -- Up-to-date: /home/pl/ros2_ws1/install/learning_interface/share/learning_interface/cmake/export_learning_interface__rosidl_generator_cExport.cmake
[0.260s] -- Up-to-date: /home/pl/ros2_ws1/install/learning_interface/share/learning_interface/cmake/export_learning_interface__rosidl_generator_cExport-noconfig.cmake
[0.260s] -- Up-to-date: /home/pl/ros2_ws1/install/learning_interface/share/learning_interface/cmake/export_learning_interface__rosidl_typesupport_fastrtps_cExport.cmake
[0.260s] -- Up-to-date: /home/pl/ros2_ws1/install/learning_interface/share/learning_interface/cmake/export_learning_interface__rosidl_typesupport_fastrtps_cExport-noconfig.cmake
[0.260s] -- Up-to-date: /home/pl/ros2_ws1/install/learning_interface/share/learning_interface/cmake/learning_interface__rosidl_typesupport_introspection_cExport.cmake
[0.261s] -- Up-to-date: /home/pl/ros2_ws1/install/learning_interface/share/learning_interface/cmake/learning_interface__rosidl_typesupport_introspection_cExport-noconfig.cmake
[0.261s] -- Up-to-date: /home/pl/ros2_ws1/install/learning_interface/share/learning_interface/cmake/learning_interface__rosidl_typesupport_cExport.cmake
[0.261s] -- Up-to-date: /home/pl/ros2_ws1/install/learning_interface/share/learning_interface/cmake/learning_interface__rosidl_typesupport_cExport-noconfig.cmake
[0.261s] -- Up-to-date: /home/pl/ros2_ws1/install/learning_interface/share/learning_interface/cmake/export_learning_interface__rosidl_generator_cppExport.cmake
[0.261s] -- Up-to-date: /home/pl/ros2_ws1/install/learning_interface/share/learning_interface/cmake/export_learning_interface__rosidl_typesupport_fastrtps_cppExport.cmake
[0.261s] -- Up-to-date: /home/pl/ros2_ws1/install/learning_interface/share/learning_interface/cmake/export_learning_interface__rosidl_typesupport_fastrtps_cppExport-noconfig.cmake
[0.261s] -- Up-to-date: /home/pl/ros2_ws1/install/learning_interface/share/learning_interface/cmake/learning_interface__rosidl_typesupport_introspection_cppExport.cmake
[0.261s] -- Up-to-date: /home/pl/ros2_ws1/install/learning_interface/share/learning_interface/cmake/learning_interface__rosidl_typesupport_introspection_cppExport-noconfig.cmake
[0.261s] -- Up-to-date: /home/pl/ros2_ws1/install/learning_interface/share/learning_interface/cmake/learning_interface__rosidl_typesupport_cppExport.cmake
[0.262s] -- Up-to-date: /home/pl/ros2_ws1/install/learning_interface/share/learning_interface/cmake/learning_interface__rosidl_typesupport_cppExport-noconfig.cmake
[0.262s] -- Up-to-date: /home/pl/ros2_ws1/install/learning_interface/share/learning_interface/cmake/export_learning_interface__rosidl_generator_pyExport.cmake
[0.262s] -- Up-to-date: /home/pl/ros2_ws1/install/learning_interface/share/learning_interface/cmake/export_learning_interface__rosidl_generator_pyExport-noconfig.cmake
[0.263s] -- Up-to-date: /home/pl/ros2_ws1/install/learning_interface/share/learning_interface/cmake/rosidl_cmake-extras.cmake
[0.263s] -- Up-to-date: /home/pl/ros2_ws1/install/learning_interface/share/learning_interface/cmake/ament_cmake_export_dependencies-extras.cmake
[0.263s] -- Up-to-date: /home/pl/ros2_ws1/install/learning_interface/share/learning_interface/cmake/ament_cmake_export_include_directories-extras.cmake
[0.264s] -- Up-to-date: /home/pl/ros2_ws1/install/learning_interface/share/learning_interface/cmake/ament_cmake_export_libraries-extras.cmake
[0.264s] -- Up-to-date: /home/pl/ros2_ws1/install/learning_interface/share/learning_interface/cmake/ament_cmake_export_targets-extras.cmake
[0.264s] -- Up-to-date: /home/pl/ros2_ws1/install/learning_interface/share/learning_interface/cmake/rosidl_cmake_export_typesupport_targets-extras.cmake
[0.264s] -- Up-to-date: /home/pl/ros2_ws1/install/learning_interface/share/learning_interface/cmake/rosidl_cmake_export_typesupport_libraries-extras.cmake
[0.264s] -- Up-to-date: /home/pl/ros2_ws1/install/learning_interface/share/learning_interface/cmake/learning_interfaceConfig.cmake
[0.264s] -- Up-to-date: /home/pl/ros2_ws1/install/learning_interface/share/learning_interface/cmake/learning_interfaceConfig-version.cmake
[0.264s] -- Up-to-date: /home/pl/ros2_ws1/install/learning_interface/share/learning_interface/package.xml
[0.271s] Invoked command in '/home/pl/ros2_ws1/build/learning_interface' returned '0': CMAKE_PREFIX_PATH=${CMAKE_PREFIX_PATH}:/home/pl/ros2_ws1/install/sdk_topic:/home/pl/ros2_ws1/install/sdk_launch:/opt/ros/humble /usr/bin/cmake --install /home/pl/ros2_ws1/build/learning_interface
