[01m[K/home/pl/ros2_ws1/src/haik/sdk_topic_cpp/src/biaoding.cpp:[m[K In constructor ‘[01m[KHikUsbBgr8Pub::HikUsbBgr8Pub()[m[K’:
[01m[K/home/pl/ros2_ws1/src/haik/sdk_topic_cpp/src/biaoding.cpp:116:33:[m[K [01;31m[Kerror: [m[K‘[01m[KonParamSet[m[K’ is not a member of ‘[01m[KHikUsbBgr8Pub[m[K’
  116 |       std::bind(&HikUsbBgr8Pub::[01;31m[KonParamSet[m[K, this, std::placeholders::_1));
      |                                 [01;31m[K^~~~~~~~~~[m[K
[01m[K/home/pl/ros2_ws1/src/haik/sdk_topic_cpp/src/biaoding.cpp:123:58:[m[K [01;31m[Kerror: [m[K‘[01m[KprintFrameRate[m[K’ is not a member of ‘[01m[KHikUsbBgr8Pub[m[K’
  123 |       std::chrono::seconds(1), std::bind(&HikUsbBgr8Pub::[01;31m[KprintFrameRate[m[K, this));
      |                                                          [01;31m[K^~~~~~~~~~~~~~[m[K
In file included from [01m[K/opt/ros/humble/include/rclcpp/rclcpp/logging.hpp:24[m[K,
                 from [01m[K/opt/ros/humble/include/rclcpp/rclcpp/client.hpp:40[m[K,
                 from [01m[K/opt/ros/humble/include/rclcpp/rclcpp/callback_group.hpp:24[m[K,
                 from [01m[K/opt/ros/humble/include/rclcpp/rclcpp/any_executable.hpp:20[m[K,
                 from [01m[K/opt/ros/humble/include/rclcpp/rclcpp/memory_strategy.hpp:25[m[K,
                 from [01m[K/opt/ros/humble/include/rclcpp/rclcpp/memory_strategies.hpp:18[m[K,
                 from [01m[K/opt/ros/humble/include/rclcpp/rclcpp/executor_options.hpp:20[m[K,
                 from [01m[K/opt/ros/humble/include/rclcpp/rclcpp/executor.hpp:37[m[K,
                 from [01m[K/opt/ros/humble/include/rclcpp/rclcpp/executors/multi_threaded_executor.hpp:25[m[K,
                 from [01m[K/opt/ros/humble/include/rclcpp/rclcpp/executors.hpp:21[m[K,
                 from [01m[K/opt/ros/humble/include/rclcpp/rclcpp/rclcpp.hpp:155[m[K,
                 from [01m[K/home/pl/ros2_ws1/src/haik/sdk_topic_cpp/src/biaoding.cpp:1[m[K:
[01m[K/home/pl/ros2_ws1/src/haik/sdk_topic_cpp/src/biaoding.cpp:[m[K In member function ‘[01m[Kvoid HikUsbBgr8Pub::processFrame(const MV_FRAME_OUT&)[m[K’:
[01m[K/home/pl/ros2_ws1/src/haik/sdk_topic_cpp/src/biaoding.cpp:324:35:[m[K [01;35m[Kwarning: [m[Kformat ‘[01m[K%s[m[K’ expects argument of type ‘[01m[Kchar*[m[K’, but argument 5 has type ‘[01m[Kcv::Mat[m[K’ [[01;35m[K]8;;https://gcc.gnu.org/onlinedocs/gcc/Warning-Options.html#index-Wformat=-Wformat=]8;;[m[K]
  324 |         RCLCPP_INFO(get_logger(), [01;35m[K"Camera matrix: %s"[m[K, camera_matrix);
      |                                   [01;35m[K^~~~~~~~~~~~~~~~~~~[m[K
[01m[K/home/pl/ros2_ws1/src/haik/sdk_topic_cpp/src/biaoding.cpp:324:52:[m[K [01;36m[Knote: [m[Kformat string is defined here
  324 |         RCLCPP_INFO(get_logger(), "Camera matrix: [01;36m[K%s[m[K", camera_matrix);
      |                                                   [01;36m[K~^[m[K
      |                                                    [01;36m[K|[m[K
      |                                                    [01;36m[Kchar*[m[K
In file included from [01m[K/opt/ros/humble/include/rclcpp/rclcpp/logging.hpp:24[m[K,
                 from [01m[K/opt/ros/humble/include/rclcpp/rclcpp/client.hpp:40[m[K,
                 from [01m[K/opt/ros/humble/include/rclcpp/rclcpp/callback_group.hpp:24[m[K,
                 from [01m[K/opt/ros/humble/include/rclcpp/rclcpp/any_executable.hpp:20[m[K,
                 from [01m[K/opt/ros/humble/include/rclcpp/rclcpp/memory_strategy.hpp:25[m[K,
                 from [01m[K/opt/ros/humble/include/rclcpp/rclcpp/memory_strategies.hpp:18[m[K,
                 from [01m[K/opt/ros/humble/include/rclcpp/rclcpp/executor_options.hpp:20[m[K,
                 from [01m[K/opt/ros/humble/include/rclcpp/rclcpp/executor.hpp:37[m[K,
                 from [01m[K/opt/ros/humble/include/rclcpp/rclcpp/executors/multi_threaded_executor.hpp:25[m[K,
                 from [01m[K/opt/ros/humble/include/rclcpp/rclcpp/executors.hpp:21[m[K,
                 from [01m[K/opt/ros/humble/include/rclcpp/rclcpp/rclcpp.hpp:155[m[K,
                 from [01m[K/home/pl/ros2_ws1/src/haik/sdk_topic_cpp/src/biaoding.cpp:1[m[K:
[01m[K/home/pl/ros2_ws1/src/haik/sdk_topic_cpp/src/biaoding.cpp:325:35:[m[K [01;35m[Kwarning: [m[Kformat ‘[01m[K%s[m[K’ expects argument of type ‘[01m[Kchar*[m[K’, but argument 5 has type ‘[01m[Kcv::Mat[m[K’ [[01;35m[K]8;;https://gcc.gnu.org/onlinedocs/gcc/Warning-Options.html#index-Wformat=-Wformat=]8;;[m[K]
  325 |         RCLCPP_INFO(get_logger(), [01;35m[K"Distortion coefficients: %s"[m[K, dist_coeffs);
      |                                   [01;35m[K^~~~~~~~~~~~~~~~~~~~~~~~~~~~~[m[K
[01m[K/home/pl/ros2_ws1/src/haik/sdk_topic_cpp/src/biaoding.cpp:325:62:[m[K [01;36m[Knote: [m[Kformat string is defined here
  325 |         RCLCPP_INFO(get_logger(), "Distortion coefficients: [01;36m[K%s[m[K", dist_coeffs);
      |                                                             [01;36m[K~^[m[K
      |                                                              [01;36m[K|[m[K
      |                                                              [01;36m[Kchar*[m[K
gmake[2]: *** [CMakeFiles/biaoding.dir/build.make:79：CMakeFiles/biaoding.dir/src/biaoding.cpp.o] 错误 1
gmake[1]: *** [CMakeFiles/Makefile2:256：CMakeFiles/biaoding.dir/all] 错误 2
gmake: *** [Makefile:149：all] 错误 2
