/usr/bin/cmake -S/home/pl/ros2_ws1/src/haik/sdk_topic_cpp -B/home/pl/ros2_ws1/build/sdk_topic_cpp --check-build-system CMakeFiles/Makefile.cmake 0
/usr/bin/cmake -E cmake_progress_start /home/pl/ros2_ws1/build/sdk_topic_cpp/CMakeFiles /home/pl/ros2_ws1/build/sdk_topic_cpp//CMakeFiles/progress.marks
/usr/bin/gmake  -f CMakeFiles/Makefile2 all
gmake[1]: 进入目录“/home/pl/ros2_ws1/build/sdk_topic_cpp”
/usr/bin/gmake  -f CMakeFiles/se.dir/build.make CMakeFiles/se.dir/depend
/usr/bin/gmake  -f CMakeFiles/chu.dir/build.make CMakeFiles/chu.dir/depend
/usr/bin/gmake  -f CMakeFiles/shiping.dir/build.make CMakeFiles/shiping.dir/depend
/usr/bin/gmake  -f CMakeFiles/t1.dir/build.make CMakeFiles/t1.dir/depend
/usr/bin/gmake  -f CMakeFiles/biaoding.dir/build.make CMakeFiles/biaoding.dir/depend
/usr/bin/gmake  -f CMakeFiles/grab.dir/build.make CMakeFiles/grab.dir/depend
/usr/bin/gmake  -f CMakeFiles/camera_publisher.dir/build.make CMakeFiles/camera_publisher.dir/depend
gmake[2]: 进入目录“/home/pl/ros2_ws1/build/sdk_topic_cpp”
cd /home/pl/ros2_ws1/build/sdk_topic_cpp && /usr/bin/cmake -E cmake_depends "Unix Makefiles" /home/pl/ros2_ws1/src/haik/sdk_topic_cpp /home/pl/ros2_ws1/src/haik/sdk_topic_cpp /home/pl/ros2_ws1/build/sdk_topic_cpp /home/pl/ros2_ws1/build/sdk_topic_cpp /home/pl/ros2_ws1/build/sdk_topic_cpp/CMakeFiles/shiping.dir/DependInfo.cmake --color=
gmake[2]: 进入目录“/home/pl/ros2_ws1/build/sdk_topic_cpp”
cd /home/pl/ros2_ws1/build/sdk_topic_cpp && /usr/bin/cmake -E cmake_depends "Unix Makefiles" /home/pl/ros2_ws1/src/haik/sdk_topic_cpp /home/pl/ros2_ws1/src/haik/sdk_topic_cpp /home/pl/ros2_ws1/build/sdk_topic_cpp /home/pl/ros2_ws1/build/sdk_topic_cpp /home/pl/ros2_ws1/build/sdk_topic_cpp/CMakeFiles/se.dir/DependInfo.cmake --color=
gmake[2]: 进入目录“/home/pl/ros2_ws1/build/sdk_topic_cpp”
cd /home/pl/ros2_ws1/build/sdk_topic_cpp && /usr/bin/cmake -E cmake_depends "Unix Makefiles" /home/pl/ros2_ws1/src/haik/sdk_topic_cpp /home/pl/ros2_ws1/src/haik/sdk_topic_cpp /home/pl/ros2_ws1/build/sdk_topic_cpp /home/pl/ros2_ws1/build/sdk_topic_cpp /home/pl/ros2_ws1/build/sdk_topic_cpp/CMakeFiles/t1.dir/DependInfo.cmake --color=
gmake[2]: 进入目录“/home/pl/ros2_ws1/build/sdk_topic_cpp”
cd /home/pl/ros2_ws1/build/sdk_topic_cpp && /usr/bin/cmake -E cmake_depends "Unix Makefiles" /home/pl/ros2_ws1/src/haik/sdk_topic_cpp /home/pl/ros2_ws1/src/haik/sdk_topic_cpp /home/pl/ros2_ws1/build/sdk_topic_cpp /home/pl/ros2_ws1/build/sdk_topic_cpp /home/pl/ros2_ws1/build/sdk_topic_cpp/CMakeFiles/camera_publisher.dir/DependInfo.cmake --color=
gmake[2]: 进入目录“/home/pl/ros2_ws1/build/sdk_topic_cpp”
cd /home/pl/ros2_ws1/build/sdk_topic_cpp && /usr/bin/cmake -E cmake_depends "Unix Makefiles" /home/pl/ros2_ws1/src/haik/sdk_topic_cpp /home/pl/ros2_ws1/src/haik/sdk_topic_cpp /home/pl/ros2_ws1/build/sdk_topic_cpp /home/pl/ros2_ws1/build/sdk_topic_cpp /home/pl/ros2_ws1/build/sdk_topic_cpp/CMakeFiles/grab.dir/DependInfo.cmake --color=
gmake[2]: 进入目录“/home/pl/ros2_ws1/build/sdk_topic_cpp”
cd /home/pl/ros2_ws1/build/sdk_topic_cpp && /usr/bin/cmake -E cmake_depends "Unix Makefiles" /home/pl/ros2_ws1/src/haik/sdk_topic_cpp /home/pl/ros2_ws1/src/haik/sdk_topic_cpp /home/pl/ros2_ws1/build/sdk_topic_cpp /home/pl/ros2_ws1/build/sdk_topic_cpp /home/pl/ros2_ws1/build/sdk_topic_cpp/CMakeFiles/chu.dir/DependInfo.cmake --color=
gmake[2]: 进入目录“/home/pl/ros2_ws1/build/sdk_topic_cpp”
cd /home/pl/ros2_ws1/build/sdk_topic_cpp && /usr/bin/cmake -E cmake_depends "Unix Makefiles" /home/pl/ros2_ws1/src/haik/sdk_topic_cpp /home/pl/ros2_ws1/src/haik/sdk_topic_cpp /home/pl/ros2_ws1/build/sdk_topic_cpp /home/pl/ros2_ws1/build/sdk_topic_cpp /home/pl/ros2_ws1/build/sdk_topic_cpp/CMakeFiles/biaoding.dir/DependInfo.cmake --color=
gmake[2]: 离开目录“/home/pl/ros2_ws1/build/sdk_topic_cpp”
/usr/bin/gmake  -f CMakeFiles/shiping.dir/build.make CMakeFiles/shiping.dir/build
gmake[2]: 离开目录“/home/pl/ros2_ws1/build/sdk_topic_cpp”
gmake[2]: 离开目录“/home/pl/ros2_ws1/build/sdk_topic_cpp”
/usr/bin/gmake  -f CMakeFiles/grab.dir/build.make CMakeFiles/grab.dir/build
gmake[2]: 离开目录“/home/pl/ros2_ws1/build/sdk_topic_cpp”
/usr/bin/gmake  -f CMakeFiles/camera_publisher.dir/build.make CMakeFiles/camera_publisher.dir/build
gmake[2]: 离开目录“/home/pl/ros2_ws1/build/sdk_topic_cpp”
/usr/bin/gmake  -f CMakeFiles/t1.dir/build.make CMakeFiles/t1.dir/build
/usr/bin/gmake  -f CMakeFiles/chu.dir/build.make CMakeFiles/chu.dir/build
gmake[2]: 进入目录“/home/pl/ros2_ws1/build/sdk_topic_cpp”
gmake[2]: 对“CMakeFiles/shiping.dir/build”无需做任何事。
gmake[2]: 离开目录“/home/pl/ros2_ws1/build/sdk_topic_cpp”
gmake[2]: 离开目录“/home/pl/ros2_ws1/build/sdk_topic_cpp”
/usr/bin/gmake  -f CMakeFiles/se.dir/build.make CMakeFiles/se.dir/build
gmake[2]: 离开目录“/home/pl/ros2_ws1/build/sdk_topic_cpp”
/usr/bin/gmake  -f CMakeFiles/biaoding.dir/build.make CMakeFiles/biaoding.dir/build
gmake[2]: 进入目录“/home/pl/ros2_ws1/build/sdk_topic_cpp”
gmake[2]: 对“CMakeFiles/grab.dir/build”无需做任何事。
gmake[2]: 离开目录“/home/pl/ros2_ws1/build/sdk_topic_cpp”
gmake[2]: 进入目录“/home/pl/ros2_ws1/build/sdk_topic_cpp”
gmake[2]: 对“CMakeFiles/camera_publisher.dir/build”无需做任何事。
gmake[2]: 离开目录“/home/pl/ros2_ws1/build/sdk_topic_cpp”
gmake[2]: 进入目录“/home/pl/ros2_ws1/build/sdk_topic_cpp”
gmake[2]: 对“CMakeFiles/chu.dir/build”无需做任何事。
gmake[2]: 离开目录“/home/pl/ros2_ws1/build/sdk_topic_cpp”
gmake[2]: 进入目录“/home/pl/ros2_ws1/build/sdk_topic_cpp”
gmake[2]: 对“CMakeFiles/t1.dir/build”无需做任何事。
gmake[2]: 离开目录“/home/pl/ros2_ws1/build/sdk_topic_cpp”
gmake[2]: 进入目录“/home/pl/ros2_ws1/build/sdk_topic_cpp”
gmake[2]: 对“CMakeFiles/se.dir/build”无需做任何事。
gmake[2]: 离开目录“/home/pl/ros2_ws1/build/sdk_topic_cpp”
gmake[2]: 进入目录“/home/pl/ros2_ws1/build/sdk_topic_cpp”
gmake[2]: 对“CMakeFiles/biaoding.dir/build”无需做任何事。
gmake[2]: 离开目录“/home/pl/ros2_ws1/build/sdk_topic_cpp”
[ 42%] Built target chu
[ 42%] Built target grab
[ 42%] Built target camera_publisher
[ 57%] Built target shiping
[ 71%] Built target t1
[ 85%] Built target biaoding
[100%] Built target se
gmake[1]: 离开目录“/home/pl/ros2_ws1/build/sdk_topic_cpp”
/usr/bin/cmake -E cmake_progress_start /home/pl/ros2_ws1/build/sdk_topic_cpp/CMakeFiles 0
-- Install configuration: ""
-- Execute custom install script
-- Up-to-date symlink: /home/pl/ros2_ws1/install/sdk_topic_cpp/lib/sdk_topic_cpp/se
-- Up-to-date symlink: /home/pl/ros2_ws1/install/sdk_topic_cpp/lib/sdk_topic_cpp/chu
-- Up-to-date symlink: /home/pl/ros2_ws1/install/sdk_topic_cpp/lib/sdk_topic_cpp/shiping
-- Up-to-date symlink: /home/pl/ros2_ws1/install/sdk_topic_cpp/lib/sdk_topic_cpp/t1
-- Up-to-date symlink: /home/pl/ros2_ws1/install/sdk_topic_cpp/lib/sdk_topic_cpp/camera_publisher
-- Up-to-date symlink: /home/pl/ros2_ws1/install/sdk_topic_cpp/lib/sdk_topic_cpp/grab
-- Up-to-date symlink: /home/pl/ros2_ws1/install/sdk_topic_cpp/lib/sdk_topic_cpp/biaoding
-- Up-to-date symlink: /home/pl/ros2_ws1/install/sdk_topic_cpp/share/ament_index/resource_index/package_run_dependencies/sdk_topic_cpp
-- Up-to-date symlink: /home/pl/ros2_ws1/install/sdk_topic_cpp/share/ament_index/resource_index/parent_prefix_path/sdk_topic_cpp
-- Up-to-date symlink: /home/pl/ros2_ws1/install/sdk_topic_cpp/share/sdk_topic_cpp/environment/ament_prefix_path.sh
-- Up-to-date symlink: /home/pl/ros2_ws1/install/sdk_topic_cpp/share/sdk_topic_cpp/environment/ament_prefix_path.dsv
-- Up-to-date symlink: /home/pl/ros2_ws1/install/sdk_topic_cpp/share/sdk_topic_cpp/environment/path.sh
-- Up-to-date symlink: /home/pl/ros2_ws1/install/sdk_topic_cpp/share/sdk_topic_cpp/environment/path.dsv
-- Up-to-date symlink: /home/pl/ros2_ws1/install/sdk_topic_cpp/share/sdk_topic_cpp/local_setup.bash
-- Up-to-date symlink: /home/pl/ros2_ws1/install/sdk_topic_cpp/share/sdk_topic_cpp/local_setup.sh
-- Up-to-date symlink: /home/pl/ros2_ws1/install/sdk_topic_cpp/share/sdk_topic_cpp/local_setup.zsh
-- Up-to-date symlink: /home/pl/ros2_ws1/install/sdk_topic_cpp/share/sdk_topic_cpp/local_setup.dsv
-- Symlinking: /home/pl/ros2_ws1/install/sdk_topic_cpp/share/sdk_topic_cpp/package.dsv
-- Up-to-date symlink: /home/pl/ros2_ws1/install/sdk_topic_cpp/share/ament_index/resource_index/packages/sdk_topic_cpp
-- Up-to-date symlink: /home/pl/ros2_ws1/install/sdk_topic_cpp/share/sdk_topic_cpp/cmake/sdk_topic_cppConfig.cmake
-- Up-to-date symlink: /home/pl/ros2_ws1/install/sdk_topic_cpp/share/sdk_topic_cpp/cmake/sdk_topic_cppConfig-version.cmake
-- Up-to-date symlink: /home/pl/ros2_ws1/install/sdk_topic_cpp/share/sdk_topic_cpp/package.xml
