[0.398s] Invoking command in '/home/pl/ros2_ws1/build/sdk_launch': CONDA_PROMPT_MODIFIER=(base) DEBUGINFOD_URLS=https://debuginfod.ubuntu.com PYTHONPATH=/home/pl/ros2_ws1/build/sdk_launch/prefix_override:/usr/lib/python3/dist-packages/colcon_core/task/python/colcon_distutils_commands:/home/pl/ros2_ws1/install/sdk_launch/lib/python3.10/site-packages:${PYTHONPATH} /usr/bin/python3 -W ignore:setup.py install is deprecated -W ignore:easy_install command is deprecated setup.py develop --uninstall --editable --build-directory /home/pl/ros2_ws1/build/sdk_launch/build
[0.574s] running develop
[0.666s] Removing /home/pl/ros2_ws1/install/sdk_launch/lib/python3.10/site-packages/sdk-launch.egg-link (link to .)
[0.684s] Invoked command in '/home/pl/ros2_ws1/build/sdk_launch' returned '0': CONDA_PROMPT_MODIFIER=(base) DEBUGINFOD_URLS=https://debuginfod.ubuntu.com PYTHONPATH=/home/pl/ros2_ws1/build/sdk_launch/prefix_override:/usr/lib/python3/dist-packages/colcon_core/task/python/colcon_distutils_commands:/home/pl/ros2_ws1/install/sdk_launch/lib/python3.10/site-packages:${PYTHONPATH} /usr/bin/python3 -W ignore:setup.py install is deprecated -W ignore:easy_install command is deprecated setup.py develop --uninstall --editable --build-directory /home/pl/ros2_ws1/build/sdk_launch/build
[0.684s] Invoking command in '/home/pl/ros2_ws1/src/haik/sdk_launch': CONDA_PROMPT_MODIFIER=(base) DEBUGINFOD_URLS=https://debuginfod.ubuntu.com PYTHONPATH=/home/pl/ros2_ws1/build/sdk_launch/prefix_override:/usr/lib/python3/dist-packages/colcon_core/task/python/colcon_distutils_commands:/home/pl/ros2_ws1/install/sdk_launch/lib/python3.10/site-packages:${PYTHONPATH} /usr/bin/python3 -W ignore:setup.py install is deprecated -W ignore:easy_install command is deprecated setup.py egg_info --egg-base ../../../build/sdk_launch build --build-base /home/pl/ros2_ws1/build/sdk_launch/build install --record /home/pl/ros2_ws1/build/sdk_launch/install.log --single-version-externally-managed install_data --force
[0.853s] running egg_info
[0.854s] writing ../../../build/sdk_launch/sdk_launch.egg-info/PKG-INFO
[0.854s] writing dependency_links to ../../../build/sdk_launch/sdk_launch.egg-info/dependency_links.txt
[0.854s] writing entry points to ../../../build/sdk_launch/sdk_launch.egg-info/entry_points.txt
[0.854s] writing requirements to ../../../build/sdk_launch/sdk_launch.egg-info/requires.txt
[0.854s] writing top-level names to ../../../build/sdk_launch/sdk_launch.egg-info/top_level.txt
[0.855s] reading manifest file '../../../build/sdk_launch/sdk_launch.egg-info/SOURCES.txt'
[0.856s] writing manifest file '../../../build/sdk_launch/sdk_launch.egg-info/SOURCES.txt'
[0.856s] running build
[0.856s] running build_py
[0.856s] running install
[0.857s] running install_lib
[0.857s] creating /home/pl/ros2_ws1/install/sdk_launch/lib/python3.10/site-packages/sdk_launch
[0.857s] copying /home/pl/ros2_ws1/build/sdk_launch/build/lib/sdk_launch/__init__.py -> /home/pl/ros2_ws1/install/sdk_launch/lib/python3.10/site-packages/sdk_launch
[0.857s] byte-compiling /home/pl/ros2_ws1/install/sdk_launch/lib/python3.10/site-packages/sdk_launch/__init__.py to __init__.cpython-310.pyc
[0.858s] running install_data
[0.858s] copying resource/sdk_launch -> /home/pl/ros2_ws1/install/sdk_launch/share/ament_index/resource_index/packages
[0.858s] copying package.xml -> /home/pl/ros2_ws1/install/sdk_launch/share/sdk_launch
[0.858s] copying launch/camera.launch.py -> /home/pl/ros2_ws1/install/sdk_launch/share/sdk_launch/launch
[0.858s] copying config/camera.yaml -> /home/pl/ros2_ws1/install/sdk_launch/share/sdk_launch/config
[0.858s] running install_egg_info
[0.859s] Copying ../../../build/sdk_launch/sdk_launch.egg-info to /home/pl/ros2_ws1/install/sdk_launch/lib/python3.10/site-packages/sdk_launch-0.0.0-py3.10.egg-info
[0.860s] running install_scripts
[0.878s] writing list of installed files to '/home/pl/ros2_ws1/build/sdk_launch/install.log'
[0.898s] Invoked command in '/home/pl/ros2_ws1/src/haik/sdk_launch' returned '0': CONDA_PROMPT_MODIFIER=(base) DEBUGINFOD_URLS=https://debuginfod.ubuntu.com PYTHONPATH=/home/pl/ros2_ws1/build/sdk_launch/prefix_override:/usr/lib/python3/dist-packages/colcon_core/task/python/colcon_distutils_commands:/home/pl/ros2_ws1/install/sdk_launch/lib/python3.10/site-packages:${PYTHONPATH} /usr/bin/python3 -W ignore:setup.py install is deprecated -W ignore:easy_install command is deprecated setup.py egg_info --egg-base ../../../build/sdk_launch build --build-base /home/pl/ros2_ws1/build/sdk_launch/build install --record /home/pl/ros2_ws1/build/sdk_launch/install.log --single-version-externally-managed install_data --force
