running egg_info
creating ../../../build/sdk_launch/sdk_launch.egg-info
writing ../../../build/sdk_launch/sdk_launch.egg-info/PKG-INFO
writing dependency_links to ../../../build/sdk_launch/sdk_launch.egg-info/dependency_links.txt
writing entry points to ../../../build/sdk_launch/sdk_launch.egg-info/entry_points.txt
writing requirements to ../../../build/sdk_launch/sdk_launch.egg-info/requires.txt
writing top-level names to ../../../build/sdk_launch/sdk_launch.egg-info/top_level.txt
writing manifest file '../../../build/sdk_launch/sdk_launch.egg-info/SOURCES.txt'
reading manifest file '../../../build/sdk_launch/sdk_launch.egg-info/SOURCES.txt'
writing manifest file '../../../build/sdk_launch/sdk_launch.egg-info/SOURCES.txt'
running build
running build_py
creating /home/pl/ros2_ws1/build/sdk_launch/build
creating /home/pl/ros2_ws1/build/sdk_launch/build/lib
creating /home/pl/ros2_ws1/build/sdk_launch/build/lib/sdk_launch
copying sdk_launch/__init__.py -> /home/pl/ros2_ws1/build/sdk_launch/build/lib/sdk_launch
running install
running install_lib
creating /home/pl/ros2_ws1/install/sdk_launch/lib/python3.10/site-packages/sdk_launch
copying /home/pl/ros2_ws1/build/sdk_launch/build/lib/sdk_launch/__init__.py -> /home/pl/ros2_ws1/install/sdk_launch/lib/python3.10/site-packages/sdk_launch
byte-compiling /home/pl/ros2_ws1/install/sdk_launch/lib/python3.10/site-packages/sdk_launch/__init__.py to __init__.cpython-310.pyc
running install_data
creating /home/pl/ros2_ws1/install/sdk_launch/share/ament_index
creating /home/pl/ros2_ws1/install/sdk_launch/share/ament_index/resource_index
creating /home/pl/ros2_ws1/install/sdk_launch/share/ament_index/resource_index/packages
copying resource/sdk_launch -> /home/pl/ros2_ws1/install/sdk_launch/share/ament_index/resource_index/packages
copying package.xml -> /home/pl/ros2_ws1/install/sdk_launch/share/sdk_launch
creating /home/pl/ros2_ws1/install/sdk_launch/share/sdk_launch/launch
copying launch/hk_camera_split.launch.py -> /home/pl/ros2_ws1/install/sdk_launch/share/sdk_launch/launch
copying launch/sdk_yaml.launch.py -> /home/pl/ros2_ws1/install/sdk_launch/share/sdk_launch/launch
copying launch/camera.launch.py -> /home/pl/ros2_ws1/install/sdk_launch/share/sdk_launch/launch
creating /home/pl/ros2_ws1/install/sdk_launch/share/sdk_launch/config
copying config/capture.yaml -> /home/pl/ros2_ws1/install/sdk_launch/share/sdk_launch/config
copying config/camera.yaml -> /home/pl/ros2_ws1/install/sdk_launch/share/sdk_launch/config
copying config/sdk.yaml -> /home/pl/ros2_ws1/install/sdk_launch/share/sdk_launch/config
copying config/viewer.yaml -> /home/pl/ros2_ws1/install/sdk_launch/share/sdk_launch/config
running install_egg_info
Copying ../../../build/sdk_launch/sdk_launch.egg-info to /home/pl/ros2_ws1/install/sdk_launch/lib/python3.10/site-packages/sdk_launch-0.0.0-py3.10.egg-info
running install_scripts
writing list of installed files to '/home/pl/ros2_ws1/build/sdk_launch/install.log'
