[0.347s] Invoking command in '/home/pl/ros2_ws1/src/haik/sdk_launch': PYTHONPATH=/home/pl/ros2_ws1/build/sdk_launch/prefix_override:/usr/lib/python3/dist-packages/colcon_core/task/python/colcon_distutils_commands:/home/pl/ros2_ws1/install/sdk_launch/lib/python3.10/site-packages:${PYTHONPATH} /usr/bin/python3 -W ignore:setup.py install is deprecated -W ignore:easy_install command is deprecated setup.py egg_info --egg-base ../../../build/sdk_launch build --build-base /home/pl/ros2_ws1/build/sdk_launch/build install --record /home/pl/ros2_ws1/build/sdk_launch/install.log --single-version-externally-managed install_data
[0.493s] running egg_info
[0.494s] creating ../../../build/sdk_launch/sdk_launch.egg-info
[0.494s] writing ../../../build/sdk_launch/sdk_launch.egg-info/PKG-INFO
[0.494s] writing dependency_links to ../../../build/sdk_launch/sdk_launch.egg-info/dependency_links.txt
[0.494s] writing entry points to ../../../build/sdk_launch/sdk_launch.egg-info/entry_points.txt
[0.494s] writing requirements to ../../../build/sdk_launch/sdk_launch.egg-info/requires.txt
[0.495s] writing top-level names to ../../../build/sdk_launch/sdk_launch.egg-info/top_level.txt
[0.495s] writing manifest file '../../../build/sdk_launch/sdk_launch.egg-info/SOURCES.txt'
[0.495s] reading manifest file '../../../build/sdk_launch/sdk_launch.egg-info/SOURCES.txt'
[0.496s] writing manifest file '../../../build/sdk_launch/sdk_launch.egg-info/SOURCES.txt'
[0.496s] running build
[0.496s] running build_py
[0.496s] creating /home/pl/ros2_ws1/build/sdk_launch/build
[0.496s] creating /home/pl/ros2_ws1/build/sdk_launch/build/lib
[0.496s] creating /home/pl/ros2_ws1/build/sdk_launch/build/lib/sdk_launch
[0.496s] copying sdk_launch/__init__.py -> /home/pl/ros2_ws1/build/sdk_launch/build/lib/sdk_launch
[0.496s] running install
[0.496s] running install_lib
[0.496s] creating /home/pl/ros2_ws1/install/sdk_launch/lib/python3.10/site-packages/sdk_launch
[0.497s] copying /home/pl/ros2_ws1/build/sdk_launch/build/lib/sdk_launch/__init__.py -> /home/pl/ros2_ws1/install/sdk_launch/lib/python3.10/site-packages/sdk_launch
[0.497s] byte-compiling /home/pl/ros2_ws1/install/sdk_launch/lib/python3.10/site-packages/sdk_launch/__init__.py to __init__.cpython-310.pyc
[0.497s] running install_data
[0.497s] creating /home/pl/ros2_ws1/install/sdk_launch/share/ament_index
[0.497s] creating /home/pl/ros2_ws1/install/sdk_launch/share/ament_index/resource_index
[0.497s] creating /home/pl/ros2_ws1/install/sdk_launch/share/ament_index/resource_index/packages
[0.497s] copying resource/sdk_launch -> /home/pl/ros2_ws1/install/sdk_launch/share/ament_index/resource_index/packages
[0.497s] copying package.xml -> /home/pl/ros2_ws1/install/sdk_launch/share/sdk_launch
[0.497s] creating /home/pl/ros2_ws1/install/sdk_launch/share/sdk_launch/launch
[0.497s] copying launch/hk_camera_split.launch.py -> /home/pl/ros2_ws1/install/sdk_launch/share/sdk_launch/launch
[0.497s] copying launch/sdk_yaml.launch.py -> /home/pl/ros2_ws1/install/sdk_launch/share/sdk_launch/launch
[0.497s] copying launch/camera.launch.py -> /home/pl/ros2_ws1/install/sdk_launch/share/sdk_launch/launch
[0.497s] creating /home/pl/ros2_ws1/install/sdk_launch/share/sdk_launch/config
[0.497s] copying config/capture.yaml -> /home/pl/ros2_ws1/install/sdk_launch/share/sdk_launch/config
[0.497s] copying config/camera.yaml -> /home/pl/ros2_ws1/install/sdk_launch/share/sdk_launch/config
[0.497s] copying config/sdk.yaml -> /home/pl/ros2_ws1/install/sdk_launch/share/sdk_launch/config
[0.497s] copying config/viewer.yaml -> /home/pl/ros2_ws1/install/sdk_launch/share/sdk_launch/config
[0.498s] running install_egg_info
[0.499s] Copying ../../../build/sdk_launch/sdk_launch.egg-info to /home/pl/ros2_ws1/install/sdk_launch/lib/python3.10/site-packages/sdk_launch-0.0.0-py3.10.egg-info
[0.499s] running install_scripts
[0.516s] writing list of installed files to '/home/pl/ros2_ws1/build/sdk_launch/install.log'
[0.532s] Invoked command in '/home/pl/ros2_ws1/src/haik/sdk_launch' returned '0': PYTHONPATH=/home/pl/ros2_ws1/build/sdk_launch/prefix_override:/usr/lib/python3/dist-packages/colcon_core/task/python/colcon_distutils_commands:/home/pl/ros2_ws1/install/sdk_launch/lib/python3.10/site-packages:${PYTHONPATH} /usr/bin/python3 -W ignore:setup.py install is deprecated -W ignore:easy_install command is deprecated setup.py egg_info --egg-base ../../../build/sdk_launch build --build-base /home/pl/ros2_ws1/build/sdk_launch/build install --record /home/pl/ros2_ws1/build/sdk_launch/install.log --single-version-externally-managed install_data
