[0.174s] Invoking command in '/home/pl/ros2_ws1/build/sdk_topic_cpp': CMAKE_PREFIX_PATH=${CMAKE_PREFIX_PATH}:/home/pl/ros2_ws1/install/sdk_topic:/home/pl/ros2_ws1/install/sdk_launch:/opt/ros/humble /usr/bin/cmake --build /home/pl/ros2_ws1/build/sdk_topic_cpp -- -j20 -l20
[0.207s] [35m[1mConsolidate compiler generated dependencies of target se[0m
[0.220s] [ 50%] [32mBuilding CXX object CMakeFiles/se.dir/src/se.cpp.o[0m
[1.710s] In file included from [01m[K/opt/ros/humble/include/rclcpp/rclcpp/logging.hpp:24[m[K,
[1.710s]                  from [01m[K/opt/ros/humble/include/rclcpp/rclcpp/client.hpp:40[m[K,
[1.710s]                  from [01m[K/opt/ros/humble/include/rclcpp/rclcpp/callback_group.hpp:24[m[K,
[1.710s]                  from [01m[K/opt/ros/humble/include/rclcpp/rclcpp/any_executable.hpp:20[m[K,
[1.710s]                  from [01m[K/opt/ros/humble/include/rclcpp/rclcpp/memory_strategy.hpp:25[m[K,
[1.710s]                  from [01m[K/opt/ros/humble/include/rclcpp/rclcpp/memory_strategies.hpp:18[m[K,
[1.711s]                  from [01m[K/opt/ros/humble/include/rclcpp/rclcpp/executor_options.hpp:20[m[K,
[1.711s]                  from [01m[K/opt/ros/humble/include/rclcpp/rclcpp/executor.hpp:37[m[K,
[1.711s]                  from [01m[K/opt/ros/humble/include/rclcpp/rclcpp/executors/multi_threaded_executor.hpp:25[m[K,
[1.711s]                  from [01m[K/opt/ros/humble/include/rclcpp/rclcpp/executors.hpp:21[m[K,
[1.711s]                  from [01m[K/opt/ros/humble/include/rclcpp/rclcpp/rclcpp.hpp:155[m[K,
[1.711s]                  from [01m[K/home/pl/ros2_ws1/src/haik/sdk_topic_cpp/src/se.cpp:1[m[K:
[1.711s] [01m[K/home/pl/ros2_ws1/src/haik/sdk_topic_cpp/src/se.cpp:[m[K In member function ‘[01m[Kvoid HikUsbBgr8Pub::grabLoop()[m[K’:
[1.711s] [01m[K/home/pl/ros2_ws1/src/haik/sdk_topic_cpp/src/se.cpp:306:70:[m[K [01;31m[Kerror: [m[K‘[01m[KMVCC_FLOATVALUE[m[K’ {aka ‘[01m[Kstruct _MVCC_FLOATVALUE_T[m[K’} has no member named ‘[01m[KfloatVal[m[K’
[1.711s]   306 |             RCLCPP_INFO(get_logger(), "Current FPS: %f", current_fps.[01;31m[KfloatVal[m[K); // 使用结构体中的 fVal 字段
[1.711s]       |                                                                      [01;31m[K^~~~~~~~[m[K
[2.244s] gmake[2]: *** [CMakeFiles/se.dir/build.make:76：CMakeFiles/se.dir/src/se.cpp.o] 错误 1
[2.244s] gmake[1]: *** [CMakeFiles/Makefile2:137：CMakeFiles/se.dir/all] 错误 2
[2.245s] gmake: *** [Makefile:146：all] 错误 2
[2.247s] Invoked command in '/home/pl/ros2_ws1/build/sdk_topic_cpp' returned '2': CMAKE_PREFIX_PATH=${CMAKE_PREFIX_PATH}:/home/pl/ros2_ws1/install/sdk_topic:/home/pl/ros2_ws1/install/sdk_launch:/opt/ros/humble /usr/bin/cmake --build /home/pl/ros2_ws1/build/sdk_topic_cpp -- -j20 -l20
