[0.151s] Invoking command in '/home/pl/ros2_ws1/build/depth_image_proc': CMAKE_PREFIX_PATH=${CMAKE_PREFIX_PATH}:/home/pl/ros2_ws1/install/sdk_topic:/home/pl/ros2_ws1/install/sdk_launch:/opt/ros/humble CONDA_PROMPT_MODIFIER=(base) DEBUGINFOD_URLS=https://debuginfod.ubuntu.com /usr/bin/cmake /home/pl/ros2_ws1/image_pipeline/depth_image_proc -DCMAKE_INSTALL_PREFIX=/home/pl/ros2_ws1/install/depth_image_proc
[0.493s] -- The C compiler identification is GNU 11.4.0
[0.493s] -- The CXX compiler identification is GNU 11.4.0
[0.493s] -- Detecting C compiler ABI info
[0.493s] -- Detecting C compiler ABI info - done
[0.493s] -- Check for working C compiler: /usr/bin/cc - skipped
[0.493s] -- Detecting C compile features
[0.493s] -- Detecting C compile features - done
[0.494s] -- Detecting CXX compiler ABI info
[0.494s] -- Detecting CXX compiler ABI info - done
[0.494s] -- Check for working CXX compiler: /usr/bin/c++ - skipped
[0.494s] -- Detecting CXX compile features
[0.495s] -- Detecting CXX compile features - done
[0.496s] -- Found ament_cmake_auto: 1.3.12 (/opt/ros/humble/share/ament_cmake_auto/cmake)
[0.503s] -- Found Python3: /home/pl/anaconda3/bin/python3 (found version "3.10.12") found components: Interpreter 
[0.685s] -- Found rosidl_generator_c: 3.1.7 (/opt/ros/humble/share/rosidl_generator_c/cmake)
[0.688s] -- Found rosidl_adapter: 3.1.7 (/opt/ros/humble/share/rosidl_adapter/cmake)
[0.693s] -- Found rosidl_generator_cpp: 3.1.7 (/opt/ros/humble/share/rosidl_generator_cpp/cmake)
[0.702s] -- Using all available rosidl_typesupport_c: rosidl_typesupport_fastrtps_c;rosidl_typesupport_introspection_c
[0.712s] -- Using all available rosidl_typesupport_cpp: rosidl_typesupport_fastrtps_cpp;rosidl_typesupport_introspection_cpp
[0.801s] -- Found rmw_implementation_cmake: 6.1.2 (/opt/ros/humble/share/rmw_implementation_cmake/cmake)
[0.804s] -- Found rmw_fastrtps_cpp: 6.2.8 (/opt/ros/humble/share/rmw_fastrtps_cpp/cmake)
[0.870s] -- Found OpenSSL: /usr/lib/x86_64-linux-gnu/libcrypto.so (found version "3.0.2")  
[0.895s] -- Found FastRTPS: /opt/ros/humble/share  
[0.935s] -- Using RMW implementation 'rmw_fastrtps_cpp' as default
[0.941s] -- Looking for pthread.h
[0.996s] -- Looking for pthread.h - found
[0.996s] -- Performing Test CMAKE_HAVE_LIBC_PTHREAD
[1.055s] -- Performing Test CMAKE_HAVE_LIBC_PTHREAD - Success
[1.056s] -- Found Threads: TRUE  
[1.245s] -- Found OpenCV: /usr (found version "4.5.4") 
[1.255s] -- Found ament_lint_auto: 0.12.14 (/opt/ros/humble/share/ament_lint_auto/cmake)
[1.262s] [0mIn this package, headers install destination is set to `include` by ament_auto_package. It is recommended to install `include/depth_image_proc` instead and will be the default behavior of ament_auto_package from ROS 2 Kilted Kaiju. On distributions before Kilted, ament_auto_package behaves the same way when you use USE_SCOPED_HEADER_INSTALL_DIR option.[0m
[1.264s] -- Added test 'copyright' to check source files copyright and LICENSE
[1.265s] -- Added test 'cppcheck' to perform static code analysis on C / C++ code
[1.266s] -- Configured cppcheck include dirs: /home/pl/ros2_ws1/image_pipeline/depth_image_proc/include
[1.266s] -- Configured cppcheck exclude dirs and/or files: 
[1.267s] -- Added test 'cpplint' to check C / C++ code against the Google style
[1.267s] -- Configured cpplint exclude dirs and/or files: 
[1.267s] -- Added test 'flake8' to check Python code syntax and style conventions
[1.268s] -- Added test 'lint_cmake' to check CMake code style
[1.268s] -- Added test 'pep257' to check Python code against some of the docstring style conventions in PEP 257
[1.269s] -- Added test 'uncrustify' to check C / C++ code style
[1.269s] -- Configured uncrustify additional arguments: 
[1.270s] -- Added test 'xmllint' to check XML markup files
[1.272s] -- Configuring done
[1.306s] -- Generating done
[1.319s] -- Build files have been written to: /home/pl/ros2_ws1/build/depth_image_proc
[1.327s] Invoked command in '/home/pl/ros2_ws1/build/depth_image_proc' returned '0': CMAKE_PREFIX_PATH=${CMAKE_PREFIX_PATH}:/home/pl/ros2_ws1/install/sdk_topic:/home/pl/ros2_ws1/install/sdk_launch:/opt/ros/humble CONDA_PROMPT_MODIFIER=(base) DEBUGINFOD_URLS=https://debuginfod.ubuntu.com /usr/bin/cmake /home/pl/ros2_ws1/image_pipeline/depth_image_proc -DCMAKE_INSTALL_PREFIX=/home/pl/ros2_ws1/install/depth_image_proc
[1.329s] Invoking command in '/home/pl/ros2_ws1/build/depth_image_proc': CMAKE_PREFIX_PATH=${CMAKE_PREFIX_PATH}:/home/pl/ros2_ws1/install/sdk_topic:/home/pl/ros2_ws1/install/sdk_launch:/opt/ros/humble CONDA_PROMPT_MODIFIER=(base) DEBUGINFOD_URLS=https://debuginfod.ubuntu.com /usr/bin/cmake --build /home/pl/ros2_ws1/build/depth_image_proc -- -j20 -l20
[1.370s] [  3%] [32mBuilding CXX object CMakeFiles/point_cloud_xyz_node.dir/rclcpp_components/node_main_point_cloud_xyz_node.cpp.o[0m
[1.370s] [  9%] [32mBuilding CXX object CMakeFiles/depth_image_proc.dir/src/conversions.cpp.o[0m
[1.370s] [  9%] [32mBuilding CXX object CMakeFiles/depth_image_proc.dir/src/point_cloud_xyz.cpp.o[0m
[1.370s] [ 12%] [32mBuilding CXX object CMakeFiles/depth_image_proc.dir/src/crop_foremost.cpp.o[0m
[1.370s] [ 15%] [32mBuilding CXX object CMakeFiles/depth_image_proc.dir/src/point_cloud_xyzrgb.cpp.o[0m
[1.370s] [ 21%] [32mBuilding CXX object CMakeFiles/depth_image_proc.dir/src/disparity.cpp.o[0m
[1.370s] [ 21%] [32mBuilding CXX object CMakeFiles/depth_image_proc.dir/src/convert_metric.cpp.o[0m
[1.372s] [ 25%] [32mBuilding CXX object CMakeFiles/depth_image_proc.dir/src/point_cloud_xyzi.cpp.o[0m
[1.372s] [ 28%] [32mBuilding CXX object CMakeFiles/depth_image_proc.dir/src/point_cloud_xyzrgb_radial.cpp.o[0m
[1.372s] [ 31%] [32mBuilding CXX object CMakeFiles/depth_image_proc.dir/src/point_cloud_xyz_radial.cpp.o[0m
[1.378s] [ 34%] [32mBuilding CXX object CMakeFiles/depth_image_proc.dir/src/point_cloud_xyzi_radial.cpp.o[0m
[1.378s] [ 37%] [32mBuilding CXX object CMakeFiles/disparity_node.dir/rclcpp_components/node_main_disparity_node.cpp.o[0m
[1.378s] [ 40%] [32mBuilding CXX object CMakeFiles/point_cloud_xyzrgb_node.dir/rclcpp_components/node_main_point_cloud_xyzrgb_node.cpp.o[0m
[1.378s] [ 43%] [32mBuilding CXX object CMakeFiles/crop_foremost_node.dir/rclcpp_components/node_main_crop_foremost_node.cpp.o[0m
[1.378s] [ 46%] [32mBuilding CXX object CMakeFiles/convert_metric_node.dir/rclcpp_components/node_main_convert_metric_node.cpp.o[0m
[1.378s] [ 50%] [32mBuilding CXX object CMakeFiles/point_cloud_xyzi_node.dir/rclcpp_components/node_main_point_cloud_xyzi_node.cpp.o[0m
[1.378s] [ 53%] [32mBuilding CXX object CMakeFiles/point_cloud_xyz_radial_node.dir/rclcpp_components/node_main_point_cloud_xyz_radial_node.cpp.o[0m
[1.380s] [ 56%] [32mBuilding CXX object CMakeFiles/point_cloud_xyzi_radial_node.dir/rclcpp_components/node_main_point_cloud_xyzi_radial_node.cpp.o[0m
[1.382s] [ 59%] [32mBuilding CXX object CMakeFiles/point_cloud_xyzrgb_radial_node.dir/rclcpp_components/node_main_point_cloud_xyzrgb_radial_node.cpp.o[0m
[1.382s] [ 62%] [32mBuilding CXX object CMakeFiles/register_node.dir/rclcpp_components/node_main_register_node.cpp.o[0m
[5.523s] [ 65%] [32mBuilding CXX object CMakeFiles/depth_image_proc.dir/src/register.cpp.o[0m
[8.475s] [ 68%] [32m[1mLinking CXX executable point_cloud_xyzi_node[0m
[8.490s] [ 71%] [32m[1mLinking CXX executable convert_metric_node[0m
[8.668s] [ 75%] [32m[1mLinking CXX executable point_cloud_xyzrgb_radial_node[0m
[8.898s] [ 75%] Built target point_cloud_xyzi_node
[8.919s] [ 75%] Built target convert_metric_node
[8.971s] [ 75%] Built target point_cloud_xyzrgb_radial_node
[9.027s] [ 78%] [32m[1mLinking CXX executable point_cloud_xyzi_radial_node[0m
[9.250s] [ 78%] Built target point_cloud_xyzi_radial_node
[9.384s] [ 81%] [32m[1mLinking CXX executable point_cloud_xyzrgb_node[0m
[9.538s] [ 84%] [32m[1mLinking CXX executable register_node[0m
[9.660s] [ 87%] [32m[1mLinking CXX executable crop_foremost_node[0m
[9.693s] [ 87%] Built target point_cloud_xyzrgb_node
[9.729s] [ 87%] Built target register_node
[9.858s] [ 87%] Built target crop_foremost_node
[9.865s] [ 90%] [32m[1mLinking CXX executable disparity_node[0m
[10.225s] [ 90%] Built target disparity_node
[10.513s] [ 93%] [32m[1mLinking CXX executable point_cloud_xyz_node[0m
[10.822s] [ 96%] [32m[1mLinking CXX executable point_cloud_xyz_radial_node[0m
[10.967s] [ 96%] Built target point_cloud_xyz_node
[11.122s] [ 96%] Built target point_cloud_xyz_radial_node
[21.526s] [100%] [32m[1mLinking CXX shared library libdepth_image_proc.so[0m
[23.570s] [100%] Built target depth_image_proc
