[0.054s] DEBUG:colcon:Command line arguments: ['/usr/bin/colcon', 'build']
[0.054s] DEBUG:colcon:Parsed command line arguments: Namespace(log_base=None, log_level=None, verb_name='build', build_base='build', install_base='install', merge_install=False, symlink_install=False, test_result_base=None, continue_on_error=False, executor='parallel', parallel_workers=20, event_handlers=None, ignore_user_meta=False, metas=['./colcon.meta'], base_paths=['.'], packages_ignore=None, packages_ignore_regex=None, paths=None, packages_up_to=None, packages_up_to_regex=None, packages_above=None, packages_above_and_dependencies=None, packages_above_depth=None, packages_select_by_dep=None, packages_skip_by_dep=None, packages_skip_up_to=None, packages_select_build_failed=False, packages_skip_build_finished=False, packages_select_test_failures=False, packages_skip_test_passed=False, packages_select=None, packages_skip=None, packages_select_regex=None, packages_skip_regex=None, packages_start=None, packages_end=None, allow_overriding=[], cmake_args=None, cmake_target=None, cmake_target_skip_unavailable=False, cmake_clean_cache=False, cmake_clean_first=False, cmake_force_configure=False, ament_cmake_args=None, catkin_cmake_args=None, catkin_skip_building_tests=False, verb_parser=<colcon_defaults.argument_parser.defaults.DefaultArgumentsDecorator object at 0x757a0f4f8430>, verb_extension=<colcon_core.verb.build.BuildVerb object at 0x757a0f65d780>, main=<bound method BuildVerb.main of <colcon_core.verb.build.BuildVerb object at 0x757a0f65d780>>)
[0.137s] Level 1:colcon.colcon_core.package_discovery:discover_packages(colcon_meta) check parameters
[0.137s] Level 1:colcon.colcon_core.package_discovery:discover_packages(recursive) check parameters
[0.137s] Level 1:colcon.colcon_core.package_discovery:discover_packages(ignore) check parameters
[0.137s] Level 1:colcon.colcon_core.package_discovery:discover_packages(path) check parameters
[0.137s] Level 1:colcon.colcon_core.package_discovery:discover_packages(colcon_meta) discover
[0.137s] Level 1:colcon.colcon_core.package_discovery:discover_packages(recursive) discover
[0.137s] INFO:colcon.colcon_core.package_discovery:Crawling recursively for packages in '/home/pl/ros2_ws1'
[0.137s] Level 1:colcon.colcon_core.package_identification:_identify(.) by extensions ['ignore', 'ignore_ament_install']
[0.137s] Level 1:colcon.colcon_core.package_identification:_identify(.) by extension 'ignore'
[0.137s] Level 1:colcon.colcon_core.package_identification:_identify(.) by extension 'ignore_ament_install'
[0.137s] Level 1:colcon.colcon_core.package_identification:_identify(.) by extensions ['colcon_pkg']
[0.137s] Level 1:colcon.colcon_core.package_identification:_identify(.) by extension 'colcon_pkg'
[0.137s] Level 1:colcon.colcon_core.package_identification:_identify(.) by extensions ['colcon_meta']
[0.137s] Level 1:colcon.colcon_core.package_identification:_identify(.) by extension 'colcon_meta'
[0.137s] Level 1:colcon.colcon_core.package_identification:_identify(.) by extensions ['ros']
[0.137s] Level 1:colcon.colcon_core.package_identification:_identify(.) by extension 'ros'
[0.144s] Level 1:colcon.colcon_core.package_identification:_identify(.) by extensions ['cmake', 'python']
[0.144s] Level 1:colcon.colcon_core.package_identification:_identify(.) by extension 'cmake'
[0.144s] Level 1:colcon.colcon_core.package_identification:_identify(.) by extension 'python'
[0.144s] Level 1:colcon.colcon_core.package_identification:_identify(.) by extensions ['python_setup_py']
[0.144s] Level 1:colcon.colcon_core.package_identification:_identify(.) by extension 'python_setup_py'
[0.144s] Level 1:colcon.colcon_core.package_identification:_identify(build) by extensions ['ignore', 'ignore_ament_install']
[0.144s] Level 1:colcon.colcon_core.package_identification:_identify(build) by extension 'ignore'
[0.144s] Level 1:colcon.colcon_core.package_identification:_identify(build) ignored
[0.144s] Level 1:colcon.colcon_core.package_identification:_identify(include) by extensions ['ignore', 'ignore_ament_install']
[0.144s] Level 1:colcon.colcon_core.package_identification:_identify(include) by extension 'ignore'
[0.144s] Level 1:colcon.colcon_core.package_identification:_identify(include) by extension 'ignore_ament_install'
[0.144s] Level 1:colcon.colcon_core.package_identification:_identify(include) by extensions ['colcon_pkg']
[0.144s] Level 1:colcon.colcon_core.package_identification:_identify(include) by extension 'colcon_pkg'
[0.144s] Level 1:colcon.colcon_core.package_identification:_identify(include) by extensions ['colcon_meta']
[0.144s] Level 1:colcon.colcon_core.package_identification:_identify(include) by extension 'colcon_meta'
[0.144s] Level 1:colcon.colcon_core.package_identification:_identify(include) by extensions ['ros']
[0.144s] Level 1:colcon.colcon_core.package_identification:_identify(include) by extension 'ros'
[0.144s] Level 1:colcon.colcon_core.package_identification:_identify(include) by extensions ['cmake', 'python']
[0.144s] Level 1:colcon.colcon_core.package_identification:_identify(include) by extension 'cmake'
[0.145s] Level 1:colcon.colcon_core.package_identification:_identify(include) by extension 'python'
[0.145s] Level 1:colcon.colcon_core.package_identification:_identify(include) by extensions ['python_setup_py']
[0.145s] Level 1:colcon.colcon_core.package_identification:_identify(include) by extension 'python_setup_py'
[0.145s] Level 1:colcon.colcon_core.package_identification:_identify(install) by extensions ['ignore', 'ignore_ament_install']
[0.145s] Level 1:colcon.colcon_core.package_identification:_identify(install) by extension 'ignore'
[0.145s] Level 1:colcon.colcon_core.package_identification:_identify(install) ignored
[0.145s] Level 1:colcon.colcon_core.package_identification:_identify(log) by extensions ['ignore', 'ignore_ament_install']
[0.145s] Level 1:colcon.colcon_core.package_identification:_identify(log) by extension 'ignore'
[0.145s] Level 1:colcon.colcon_core.package_identification:_identify(log) ignored
[0.145s] Level 1:colcon.colcon_core.package_identification:_identify(src) by extensions ['ignore', 'ignore_ament_install']
[0.145s] Level 1:colcon.colcon_core.package_identification:_identify(src) by extension 'ignore'
[0.145s] Level 1:colcon.colcon_core.package_identification:_identify(src) by extension 'ignore_ament_install'
[0.145s] Level 1:colcon.colcon_core.package_identification:_identify(src) by extensions ['colcon_pkg']
[0.145s] Level 1:colcon.colcon_core.package_identification:_identify(src) by extension 'colcon_pkg'
[0.145s] Level 1:colcon.colcon_core.package_identification:_identify(src) by extensions ['colcon_meta']
[0.145s] Level 1:colcon.colcon_core.package_identification:_identify(src) by extension 'colcon_meta'
[0.145s] Level 1:colcon.colcon_core.package_identification:_identify(src) by extensions ['ros']
[0.145s] Level 1:colcon.colcon_core.package_identification:_identify(src) by extension 'ros'
[0.145s] Level 1:colcon.colcon_core.package_identification:_identify(src) by extensions ['cmake', 'python']
[0.145s] Level 1:colcon.colcon_core.package_identification:_identify(src) by extension 'cmake'
[0.145s] Level 1:colcon.colcon_core.package_identification:_identify(src) by extension 'python'
[0.145s] Level 1:colcon.colcon_core.package_identification:_identify(src) by extensions ['python_setup_py']
[0.145s] Level 1:colcon.colcon_core.package_identification:_identify(src) by extension 'python_setup_py'
[0.145s] Level 1:colcon.colcon_core.package_identification:_identify(src/haik) by extensions ['ignore', 'ignore_ament_install']
[0.145s] Level 1:colcon.colcon_core.package_identification:_identify(src/haik) by extension 'ignore'
[0.145s] Level 1:colcon.colcon_core.package_identification:_identify(src/haik) by extension 'ignore_ament_install'
[0.145s] Level 1:colcon.colcon_core.package_identification:_identify(src/haik) by extensions ['colcon_pkg']
[0.145s] Level 1:colcon.colcon_core.package_identification:_identify(src/haik) by extension 'colcon_pkg'
[0.145s] Level 1:colcon.colcon_core.package_identification:_identify(src/haik) by extensions ['colcon_meta']
[0.145s] Level 1:colcon.colcon_core.package_identification:_identify(src/haik) by extension 'colcon_meta'
[0.145s] Level 1:colcon.colcon_core.package_identification:_identify(src/haik) by extensions ['ros']
[0.145s] Level 1:colcon.colcon_core.package_identification:_identify(src/haik) by extension 'ros'
[0.145s] Level 1:colcon.colcon_core.package_identification:_identify(src/haik) by extensions ['cmake', 'python']
[0.145s] Level 1:colcon.colcon_core.package_identification:_identify(src/haik) by extension 'cmake'
[0.145s] Level 1:colcon.colcon_core.package_identification:_identify(src/haik) by extension 'python'
[0.145s] Level 1:colcon.colcon_core.package_identification:_identify(src/haik) by extensions ['python_setup_py']
[0.146s] Level 1:colcon.colcon_core.package_identification:_identify(src/haik) by extension 'python_setup_py'
[0.146s] Level 1:colcon.colcon_core.package_identification:_identify(src/haik/sdk_launch) by extensions ['ignore', 'ignore_ament_install']
[0.146s] Level 1:colcon.colcon_core.package_identification:_identify(src/haik/sdk_launch) by extension 'ignore'
[0.146s] Level 1:colcon.colcon_core.package_identification:_identify(src/haik/sdk_launch) by extension 'ignore_ament_install'
[0.146s] Level 1:colcon.colcon_core.package_identification:_identify(src/haik/sdk_launch) by extensions ['colcon_pkg']
[0.146s] Level 1:colcon.colcon_core.package_identification:_identify(src/haik/sdk_launch) by extension 'colcon_pkg'
[0.146s] Level 1:colcon.colcon_core.package_identification:_identify(src/haik/sdk_launch) by extensions ['colcon_meta']
[0.146s] Level 1:colcon.colcon_core.package_identification:_identify(src/haik/sdk_launch) by extension 'colcon_meta'
[0.146s] Level 1:colcon.colcon_core.package_identification:_identify(src/haik/sdk_launch) by extensions ['ros']
[0.146s] Level 1:colcon.colcon_core.package_identification:_identify(src/haik/sdk_launch) by extension 'ros'
[0.147s] DEBUG:colcon.colcon_core.package_identification:Package 'src/haik/sdk_launch' with type 'ros.ament_python' and name 'sdk_launch'
[0.147s] Level 1:colcon.colcon_core.package_identification:_identify(src/haik/sdk_topic_cpp) by extensions ['ignore', 'ignore_ament_install']
[0.147s] Level 1:colcon.colcon_core.package_identification:_identify(src/haik/sdk_topic_cpp) by extension 'ignore'
[0.147s] Level 1:colcon.colcon_core.package_identification:_identify(src/haik/sdk_topic_cpp) by extension 'ignore_ament_install'
[0.147s] Level 1:colcon.colcon_core.package_identification:_identify(src/haik/sdk_topic_cpp) by extensions ['colcon_pkg']
[0.147s] Level 1:colcon.colcon_core.package_identification:_identify(src/haik/sdk_topic_cpp) by extension 'colcon_pkg'
[0.147s] Level 1:colcon.colcon_core.package_identification:_identify(src/haik/sdk_topic_cpp) by extensions ['colcon_meta']
[0.147s] Level 1:colcon.colcon_core.package_identification:_identify(src/haik/sdk_topic_cpp) by extension 'colcon_meta'
[0.147s] Level 1:colcon.colcon_core.package_identification:_identify(src/haik/sdk_topic_cpp) by extensions ['ros']
[0.147s] Level 1:colcon.colcon_core.package_identification:_identify(src/haik/sdk_topic_cpp) by extension 'ros'
[0.148s] DEBUG:colcon.colcon_core.package_identification:Package 'src/haik/sdk_topic_cpp' with type 'ros.ament_cmake' and name 'sdk_topic_cpp'
[0.148s] Level 1:colcon.colcon_core.package_discovery:discover_packages(recursive) using defaults
[0.148s] Level 1:colcon.colcon_core.package_discovery:discover_packages(ignore) discover
[0.148s] Level 1:colcon.colcon_core.package_discovery:discover_packages(ignore) using defaults
[0.148s] Level 1:colcon.colcon_core.package_discovery:discover_packages(path) discover
[0.148s] Level 1:colcon.colcon_core.package_discovery:discover_packages(path) using defaults
[0.164s] Level 1:colcon.colcon_core.package_discovery:discover_packages(prefix_path) check parameters
[0.164s] Level 1:colcon.colcon_core.package_discovery:discover_packages(prefix_path) discover
[0.165s] DEBUG:colcon.colcon_installed_package_information.package_discovery:Found 2 installed packages in /home/pl/ros2_ws1/install
[0.166s] DEBUG:colcon.colcon_installed_package_information.package_discovery:Found 280 installed packages in /opt/ros/humble
[0.166s] Level 1:colcon.colcon_core.package_discovery:discover_packages(prefix_path) using defaults
[0.184s] Level 5:colcon.colcon_core.verb:set package 'sdk_launch' build argument 'cmake_args' from command line to 'None'
[0.184s] Level 5:colcon.colcon_core.verb:set package 'sdk_launch' build argument 'cmake_target' from command line to 'None'
[0.184s] Level 5:colcon.colcon_core.verb:set package 'sdk_launch' build argument 'cmake_target_skip_unavailable' from command line to 'False'
[0.184s] Level 5:colcon.colcon_core.verb:set package 'sdk_launch' build argument 'cmake_clean_cache' from command line to 'False'
[0.184s] Level 5:colcon.colcon_core.verb:set package 'sdk_launch' build argument 'cmake_clean_first' from command line to 'False'
[0.184s] Level 5:colcon.colcon_core.verb:set package 'sdk_launch' build argument 'cmake_force_configure' from command line to 'False'
[0.184s] Level 5:colcon.colcon_core.verb:set package 'sdk_launch' build argument 'ament_cmake_args' from command line to 'None'
[0.184s] Level 5:colcon.colcon_core.verb:set package 'sdk_launch' build argument 'catkin_cmake_args' from command line to 'None'
[0.184s] Level 5:colcon.colcon_core.verb:set package 'sdk_launch' build argument 'catkin_skip_building_tests' from command line to 'False'
[0.184s] DEBUG:colcon.colcon_core.verb:Building package 'sdk_launch' with the following arguments: {'ament_cmake_args': None, 'build_base': '/home/pl/ros2_ws1/build/sdk_launch', 'catkin_cmake_args': None, 'catkin_skip_building_tests': False, 'cmake_args': None, 'cmake_clean_cache': False, 'cmake_clean_first': False, 'cmake_force_configure': False, 'cmake_target': None, 'cmake_target_skip_unavailable': False, 'install_base': '/home/pl/ros2_ws1/install/sdk_launch', 'merge_install': False, 'path': '/home/pl/ros2_ws1/src/haik/sdk_launch', 'symlink_install': False, 'test_result_base': None}
[0.184s] Level 5:colcon.colcon_core.verb:set package 'sdk_topic_cpp' build argument 'cmake_args' from command line to 'None'
[0.184s] Level 5:colcon.colcon_core.verb:set package 'sdk_topic_cpp' build argument 'cmake_target' from command line to 'None'
[0.184s] Level 5:colcon.colcon_core.verb:set package 'sdk_topic_cpp' build argument 'cmake_target_skip_unavailable' from command line to 'False'
[0.184s] Level 5:colcon.colcon_core.verb:set package 'sdk_topic_cpp' build argument 'cmake_clean_cache' from command line to 'False'
[0.184s] Level 5:colcon.colcon_core.verb:set package 'sdk_topic_cpp' build argument 'cmake_clean_first' from command line to 'False'
[0.184s] Level 5:colcon.colcon_core.verb:set package 'sdk_topic_cpp' build argument 'cmake_force_configure' from command line to 'False'
[0.184s] Level 5:colcon.colcon_core.verb:set package 'sdk_topic_cpp' build argument 'ament_cmake_args' from command line to 'None'
[0.184s] Level 5:colcon.colcon_core.verb:set package 'sdk_topic_cpp' build argument 'catkin_cmake_args' from command line to 'None'
[0.184s] Level 5:colcon.colcon_core.verb:set package 'sdk_topic_cpp' build argument 'catkin_skip_building_tests' from command line to 'False'
[0.184s] DEBUG:colcon.colcon_core.verb:Building package 'sdk_topic_cpp' with the following arguments: {'ament_cmake_args': None, 'build_base': '/home/pl/ros2_ws1/build/sdk_topic_cpp', 'catkin_cmake_args': None, 'catkin_skip_building_tests': False, 'cmake_args': None, 'cmake_clean_cache': False, 'cmake_clean_first': False, 'cmake_force_configure': False, 'cmake_target': None, 'cmake_target_skip_unavailable': False, 'install_base': '/home/pl/ros2_ws1/install/sdk_topic_cpp', 'merge_install': False, 'path': '/home/pl/ros2_ws1/src/haik/sdk_topic_cpp', 'symlink_install': False, 'test_result_base': None}
[0.184s] INFO:colcon.colcon_core.executor:Executing jobs using 'parallel' executor
[0.185s] DEBUG:colcon.colcon_parallel_executor.executor.parallel:run_until_complete
[0.185s] INFO:colcon.colcon_ros.task.ament_python.build:Building ROS package in '/home/pl/ros2_ws1/src/haik/sdk_launch' with build type 'ament_python'
[0.185s] Level 1:colcon.colcon_core.shell:create_environment_hook('sdk_launch', 'ament_prefix_path')
[0.186s] INFO:colcon.colcon_core.plugin_system:Skipping extension 'colcon_core.shell.bat': Not used on non-Windows systems
[0.186s] INFO:colcon.colcon_core.shell:Creating environment hook '/home/pl/ros2_ws1/install/sdk_launch/share/sdk_launch/hook/ament_prefix_path.ps1'
[0.186s] INFO:colcon.colcon_core.shell:Creating environment descriptor '/home/pl/ros2_ws1/install/sdk_launch/share/sdk_launch/hook/ament_prefix_path.dsv'
[0.187s] INFO:colcon.colcon_core.shell:Creating environment hook '/home/pl/ros2_ws1/install/sdk_launch/share/sdk_launch/hook/ament_prefix_path.sh'
[0.187s] INFO:colcon.colcon_core.shell:Skip shell extension 'powershell' for command environment: Not usable outside of PowerShell
[0.187s] DEBUG:colcon.colcon_core.shell:Skip shell extension 'dsv' for command environment
[0.189s] INFO:colcon.colcon_ros.task.ament_cmake.build:Building ROS package in '/home/pl/ros2_ws1/src/haik/sdk_topic_cpp' with build type 'ament_cmake'
[0.189s] INFO:colcon.colcon_cmake.task.cmake.build:Building CMake package in '/home/pl/ros2_ws1/src/haik/sdk_topic_cpp'
[0.189s] INFO:colcon.colcon_core.shell:Skip shell extension 'powershell' for command environment: Not usable outside of PowerShell
[0.189s] DEBUG:colcon.colcon_core.shell:Skip shell extension 'dsv' for command environment
[0.320s] INFO:colcon.colcon_core.task.python.build:Building Python package in '/home/pl/ros2_ws1/src/haik/sdk_launch'
[0.320s] INFO:colcon.colcon_core.shell:Skip shell extension 'powershell' for command environment: Not usable outside of PowerShell
[0.320s] DEBUG:colcon.colcon_core.shell:Skip shell extension 'dsv' for command environment
[0.326s] DEBUG:colcon.colcon_core.event_handler.log_command:Invoking command in '/home/pl/ros2_ws1/build/sdk_topic_cpp': CMAKE_PREFIX_PATH=${CMAKE_PREFIX_PATH}:/home/pl/ros2_ws1/install/sdk_launch:/opt/ros/humble CONDA_PROMPT_MODIFIER=(base) DEBUGINFOD_URLS=https://debuginfod.ubuntu.com /usr/bin/cmake --build /home/pl/ros2_ws1/build/sdk_topic_cpp -- -j20 -l20
[0.501s] DEBUG:colcon.colcon_core.event_handler.log_command:Invoking command in '/home/pl/ros2_ws1/src/haik/sdk_launch': CONDA_PROMPT_MODIFIER=(base) DEBUGINFOD_URLS=https://debuginfod.ubuntu.com PYTHONPATH=/home/pl/ros2_ws1/build/sdk_launch/prefix_override:/usr/lib/python3/dist-packages/colcon_core/task/python/colcon_distutils_commands:/home/pl/ros2_ws1/install/sdk_launch/lib/python3.10/site-packages:${PYTHONPATH} /usr/bin/python3 -W ignore:setup.py install is deprecated -W ignore:easy_install command is deprecated setup.py egg_info --egg-base ../../../build/sdk_launch build --build-base /home/pl/ros2_ws1/build/sdk_launch/build install --record /home/pl/ros2_ws1/build/sdk_launch/install.log --single-version-externally-managed install_data
[0.668s] DEBUG:colcon.colcon_core.event_handler.log_command:Invoked command in '/home/pl/ros2_ws1/src/haik/sdk_launch' returned '0': CONDA_PROMPT_MODIFIER=(base) DEBUGINFOD_URLS=https://debuginfod.ubuntu.com PYTHONPATH=/home/pl/ros2_ws1/build/sdk_launch/prefix_override:/usr/lib/python3/dist-packages/colcon_core/task/python/colcon_distutils_commands:/home/pl/ros2_ws1/install/sdk_launch/lib/python3.10/site-packages:${PYTHONPATH} /usr/bin/python3 -W ignore:setup.py install is deprecated -W ignore:easy_install command is deprecated setup.py egg_info --egg-base ../../../build/sdk_launch build --build-base /home/pl/ros2_ws1/build/sdk_launch/build install --record /home/pl/ros2_ws1/build/sdk_launch/install.log --single-version-externally-managed install_data
[0.670s] Level 1:colcon.colcon_core.environment:checking '/home/pl/ros2_ws1/install/sdk_launch' for CMake module files
[0.671s] Level 1:colcon.colcon_core.environment:checking '/home/pl/ros2_ws1/install/sdk_launch' for CMake config files
[0.672s] Level 1:colcon.colcon_core.environment:checking '/home/pl/ros2_ws1/install/sdk_launch/lib'
[0.672s] Level 1:colcon.colcon_core.environment:checking '/home/pl/ros2_ws1/install/sdk_launch/bin'
[0.672s] Level 1:colcon.colcon_core.environment:checking '/home/pl/ros2_ws1/install/sdk_launch/lib/pkgconfig/sdk_launch.pc'
[0.672s] Level 1:colcon.colcon_core.environment:checking '/home/pl/ros2_ws1/install/sdk_launch/lib/python3.10/site-packages'
[0.672s] Level 1:colcon.colcon_core.shell:create_environment_hook('sdk_launch', 'pythonpath')
[0.673s] INFO:colcon.colcon_core.shell:Creating environment hook '/home/pl/ros2_ws1/install/sdk_launch/share/sdk_launch/hook/pythonpath.ps1'
[0.673s] INFO:colcon.colcon_core.shell:Creating environment descriptor '/home/pl/ros2_ws1/install/sdk_launch/share/sdk_launch/hook/pythonpath.dsv'
[0.674s] INFO:colcon.colcon_core.shell:Creating environment hook '/home/pl/ros2_ws1/install/sdk_launch/share/sdk_launch/hook/pythonpath.sh'
[0.674s] Level 1:colcon.colcon_core.environment:checking '/home/pl/ros2_ws1/install/sdk_launch/bin'
[0.674s] Level 1:colcon.colcon_core.environment:create_environment_scripts_only(sdk_launch)
[0.675s] INFO:colcon.colcon_core.shell:Creating package script '/home/pl/ros2_ws1/install/sdk_launch/share/sdk_launch/package.ps1'
[0.676s] INFO:colcon.colcon_core.shell:Creating package descriptor '/home/pl/ros2_ws1/install/sdk_launch/share/sdk_launch/package.dsv'
[0.676s] INFO:colcon.colcon_core.shell:Creating package script '/home/pl/ros2_ws1/install/sdk_launch/share/sdk_launch/package.sh'
[0.677s] INFO:colcon.colcon_core.shell:Creating package script '/home/pl/ros2_ws1/install/sdk_launch/share/sdk_launch/package.bash'
[0.678s] INFO:colcon.colcon_core.shell:Creating package script '/home/pl/ros2_ws1/install/sdk_launch/share/sdk_launch/package.zsh'
[0.679s] Level 1:colcon.colcon_core.environment:create_file_with_runtime_dependencies(/home/pl/ros2_ws1/install/sdk_launch/share/colcon-core/packages/sdk_launch)
[7.074s] DEBUG:colcon.colcon_core.event_handler.log_command:Invoked command in '/home/pl/ros2_ws1/build/sdk_topic_cpp' returned '0': CMAKE_PREFIX_PATH=${CMAKE_PREFIX_PATH}:/home/pl/ros2_ws1/install/sdk_launch:/opt/ros/humble CONDA_PROMPT_MODIFIER=(base) DEBUGINFOD_URLS=https://debuginfod.ubuntu.com /usr/bin/cmake --build /home/pl/ros2_ws1/build/sdk_topic_cpp -- -j20 -l20
[7.080s] DEBUG:colcon.colcon_core.event_handler.log_command:Invoking command in '/home/pl/ros2_ws1/build/sdk_topic_cpp': CMAKE_PREFIX_PATH=${CMAKE_PREFIX_PATH}:/home/pl/ros2_ws1/install/sdk_launch:/opt/ros/humble CONDA_PROMPT_MODIFIER=(base) DEBUGINFOD_URLS=https://debuginfod.ubuntu.com /usr/bin/cmake --install /home/pl/ros2_ws1/build/sdk_topic_cpp
[7.100s] Level 1:colcon.colcon_core.environment:create_environment_scripts_only(sdk_topic_cpp)
[7.100s] Level 1:colcon.colcon_core.environment:checking '/home/pl/ros2_ws1/install/sdk_topic_cpp' for CMake module files
[7.100s] DEBUG:colcon.colcon_core.event_handler.log_command:Invoked command in '/home/pl/ros2_ws1/build/sdk_topic_cpp' returned '0': CMAKE_PREFIX_PATH=${CMAKE_PREFIX_PATH}:/home/pl/ros2_ws1/install/sdk_launch:/opt/ros/humble CONDA_PROMPT_MODIFIER=(base) DEBUGINFOD_URLS=https://debuginfod.ubuntu.com /usr/bin/cmake --install /home/pl/ros2_ws1/build/sdk_topic_cpp
[7.100s] Level 1:colcon.colcon_core.environment:checking '/home/pl/ros2_ws1/install/sdk_topic_cpp' for CMake config files
[7.100s] Level 1:colcon.colcon_core.shell:create_environment_hook('sdk_topic_cpp', 'cmake_prefix_path')
[7.101s] INFO:colcon.colcon_core.shell:Creating environment hook '/home/pl/ros2_ws1/install/sdk_topic_cpp/share/sdk_topic_cpp/hook/cmake_prefix_path.ps1'
[7.101s] INFO:colcon.colcon_core.shell:Creating environment descriptor '/home/pl/ros2_ws1/install/sdk_topic_cpp/share/sdk_topic_cpp/hook/cmake_prefix_path.dsv'
[7.101s] INFO:colcon.colcon_core.shell:Creating environment hook '/home/pl/ros2_ws1/install/sdk_topic_cpp/share/sdk_topic_cpp/hook/cmake_prefix_path.sh'
[7.101s] Level 1:colcon.colcon_core.environment:checking '/home/pl/ros2_ws1/install/sdk_topic_cpp/lib'
[7.101s] Level 1:colcon.colcon_core.environment:checking '/home/pl/ros2_ws1/install/sdk_topic_cpp/bin'
[7.102s] Level 1:colcon.colcon_core.environment:checking '/home/pl/ros2_ws1/install/sdk_topic_cpp/lib/pkgconfig/sdk_topic_cpp.pc'
[7.102s] Level 1:colcon.colcon_core.environment:checking '/home/pl/ros2_ws1/install/sdk_topic_cpp/lib/python3.10/site-packages'
[7.102s] Level 1:colcon.colcon_core.environment:checking '/home/pl/ros2_ws1/install/sdk_topic_cpp/bin'
[7.102s] INFO:colcon.colcon_core.shell:Creating package script '/home/pl/ros2_ws1/install/sdk_topic_cpp/share/sdk_topic_cpp/package.ps1'
[7.102s] INFO:colcon.colcon_core.shell:Creating package descriptor '/home/pl/ros2_ws1/install/sdk_topic_cpp/share/sdk_topic_cpp/package.dsv'
[7.103s] INFO:colcon.colcon_core.shell:Creating package script '/home/pl/ros2_ws1/install/sdk_topic_cpp/share/sdk_topic_cpp/package.sh'
[7.103s] INFO:colcon.colcon_core.shell:Creating package script '/home/pl/ros2_ws1/install/sdk_topic_cpp/share/sdk_topic_cpp/package.bash'
[7.103s] INFO:colcon.colcon_core.shell:Creating package script '/home/pl/ros2_ws1/install/sdk_topic_cpp/share/sdk_topic_cpp/package.zsh'
[7.103s] Level 1:colcon.colcon_core.environment:create_file_with_runtime_dependencies(/home/pl/ros2_ws1/install/sdk_topic_cpp/share/colcon-core/packages/sdk_topic_cpp)
[7.103s] Level 1:colcon.colcon_core.environment:create_environment_scripts_only(sdk_topic_cpp)
[7.103s] Level 1:colcon.colcon_core.environment:checking '/home/pl/ros2_ws1/install/sdk_topic_cpp' for CMake module files
[7.104s] Level 1:colcon.colcon_core.environment:checking '/home/pl/ros2_ws1/install/sdk_topic_cpp' for CMake config files
[7.104s] Level 1:colcon.colcon_core.shell:create_environment_hook('sdk_topic_cpp', 'cmake_prefix_path')
[7.104s] INFO:colcon.colcon_core.shell:Creating environment hook '/home/pl/ros2_ws1/install/sdk_topic_cpp/share/sdk_topic_cpp/hook/cmake_prefix_path.ps1'
[7.104s] INFO:colcon.colcon_core.shell:Creating environment descriptor '/home/pl/ros2_ws1/install/sdk_topic_cpp/share/sdk_topic_cpp/hook/cmake_prefix_path.dsv'
[7.104s] INFO:colcon.colcon_core.shell:Creating environment hook '/home/pl/ros2_ws1/install/sdk_topic_cpp/share/sdk_topic_cpp/hook/cmake_prefix_path.sh'
[7.105s] Level 1:colcon.colcon_core.environment:checking '/home/pl/ros2_ws1/install/sdk_topic_cpp/lib'
[7.105s] Level 1:colcon.colcon_core.environment:checking '/home/pl/ros2_ws1/install/sdk_topic_cpp/bin'
[7.105s] Level 1:colcon.colcon_core.environment:checking '/home/pl/ros2_ws1/install/sdk_topic_cpp/lib/pkgconfig/sdk_topic_cpp.pc'
[7.105s] Level 1:colcon.colcon_core.environment:checking '/home/pl/ros2_ws1/install/sdk_topic_cpp/lib/python3.10/site-packages'
[7.105s] Level 1:colcon.colcon_core.environment:checking '/home/pl/ros2_ws1/install/sdk_topic_cpp/bin'
[7.105s] INFO:colcon.colcon_core.shell:Creating package script '/home/pl/ros2_ws1/install/sdk_topic_cpp/share/sdk_topic_cpp/package.ps1'
[7.105s] INFO:colcon.colcon_core.shell:Creating package descriptor '/home/pl/ros2_ws1/install/sdk_topic_cpp/share/sdk_topic_cpp/package.dsv'
[7.106s] INFO:colcon.colcon_core.shell:Creating package script '/home/pl/ros2_ws1/install/sdk_topic_cpp/share/sdk_topic_cpp/package.sh'
[7.106s] INFO:colcon.colcon_core.shell:Creating package script '/home/pl/ros2_ws1/install/sdk_topic_cpp/share/sdk_topic_cpp/package.bash'
[7.106s] INFO:colcon.colcon_core.shell:Creating package script '/home/pl/ros2_ws1/install/sdk_topic_cpp/share/sdk_topic_cpp/package.zsh'
[7.106s] Level 1:colcon.colcon_core.environment:create_file_with_runtime_dependencies(/home/pl/ros2_ws1/install/sdk_topic_cpp/share/colcon-core/packages/sdk_topic_cpp)
[7.106s] DEBUG:colcon.colcon_parallel_executor.executor.parallel:closing loop
[7.107s] DEBUG:colcon.colcon_parallel_executor.executor.parallel:loop closed
[7.107s] DEBUG:colcon.colcon_parallel_executor.executor.parallel:run_until_complete finished with '0'
[7.107s] DEBUG:colcon.colcon_core.event_reactor:joining thread
[7.110s] INFO:colcon.colcon_core.plugin_system:Skipping extension 'colcon_notification.desktop_notification.terminal_notifier': Not used on non-Darwin systems
[7.110s] INFO:colcon.colcon_core.plugin_system:Skipping extension 'colcon_notification.desktop_notification.win32': Not used on non-Windows systems
[7.110s] INFO:colcon.colcon_notification.desktop_notification:Sending desktop notification using 'notify2'
[7.118s] DEBUG:colcon.colcon_core.event_reactor:joined thread
[7.118s] INFO:colcon.colcon_core.shell:Creating prefix script '/home/pl/ros2_ws1/install/local_setup.ps1'
[7.119s] INFO:colcon.colcon_core.shell:Creating prefix util module '/home/pl/ros2_ws1/install/_local_setup_util_ps1.py'
[7.120s] INFO:colcon.colcon_core.shell:Creating prefix chain script '/home/pl/ros2_ws1/install/setup.ps1'
[7.120s] INFO:colcon.colcon_core.shell:Creating prefix script '/home/pl/ros2_ws1/install/local_setup.sh'
[7.120s] INFO:colcon.colcon_core.shell:Creating prefix util module '/home/pl/ros2_ws1/install/_local_setup_util_sh.py'
[7.121s] INFO:colcon.colcon_core.shell:Creating prefix chain script '/home/pl/ros2_ws1/install/setup.sh'
[7.121s] INFO:colcon.colcon_core.shell:Creating prefix script '/home/pl/ros2_ws1/install/local_setup.bash'
[7.122s] INFO:colcon.colcon_core.shell:Creating prefix chain script '/home/pl/ros2_ws1/install/setup.bash'
[7.122s] INFO:colcon.colcon_core.shell:Creating prefix script '/home/pl/ros2_ws1/install/local_setup.zsh'
[7.122s] INFO:colcon.colcon_core.shell:Creating prefix chain script '/home/pl/ros2_ws1/install/setup.zsh'
