[0.386s] Invoking command in '/home/pl/ros2_ws1/src/haik/sdk_topic': CMAKE_PREFIX_PATH=/home/pl/ros2_ws1/install/learning_interface:/home/pl/ros2_ws1/install/sdk_topic_cpp:/home/pl/ros2_ws1/install/sdk_topic_c:/opt/ros/humble/share LD_LIBRARY_PATH=/home/pl/ros2_ws1/install/learning_interface/lib:/opt/MVS/lib/64:/opt/MVS/lib/32:/opt/ros/humble/opt/rviz_ogre_vendor/lib:/opt/ros/humble/lib/x86_64-linux-gnu:/opt/ros/humble/lib:/opt/MVS/lib/64:/opt/MVS/lib/32 PYTHONPATH=/home/pl/ros2_ws1/build/sdk_topic/prefix_override:/usr/lib/python3/dist-packages/colcon_core/task/python/colcon_distutils_commands:/home/pl/ros2_ws1/install/sdk_topic/lib/python3.10/site-packages:${PYTHONPATH} /usr/bin/python3 -W ignore:setup.py install is deprecated -W ignore:easy_install command is deprecated setup.py egg_info --egg-base ../../../build/sdk_topic build --build-base /home/pl/ros2_ws1/build/sdk_topic/build install --record /home/pl/ros2_ws1/build/sdk_topic/install.log --single-version-externally-managed install_data
[0.522s] running egg_info
[0.522s] creating ../../../build/sdk_topic/sdk_topic.egg-info
[0.522s] writing ../../../build/sdk_topic/sdk_topic.egg-info/PKG-INFO
[0.522s] writing dependency_links to ../../../build/sdk_topic/sdk_topic.egg-info/dependency_links.txt
[0.522s] writing entry points to ../../../build/sdk_topic/sdk_topic.egg-info/entry_points.txt
[0.522s] writing requirements to ../../../build/sdk_topic/sdk_topic.egg-info/requires.txt
[0.522s] writing top-level names to ../../../build/sdk_topic/sdk_topic.egg-info/top_level.txt
[0.522s] writing manifest file '../../../build/sdk_topic/sdk_topic.egg-info/SOURCES.txt'
[0.523s] reading manifest file '../../../build/sdk_topic/sdk_topic.egg-info/SOURCES.txt'
[0.523s] writing manifest file '../../../build/sdk_topic/sdk_topic.egg-info/SOURCES.txt'
[0.524s] running build
[0.524s] running build_py
[0.524s] creating /home/pl/ros2_ws1/build/sdk_topic/build
[0.524s] creating /home/pl/ros2_ws1/build/sdk_topic/build/lib
[0.524s] creating /home/pl/ros2_ws1/build/sdk_topic/build/lib/sdk_topic
[0.524s] copying sdk_topic/sdk_sub.py -> /home/pl/ros2_ws1/build/sdk_topic/build/lib/sdk_topic
[0.524s] copying sdk_topic/sdk_pub.py -> /home/pl/ros2_ws1/build/sdk_topic/build/lib/sdk_topic
[0.524s] copying sdk_topic/__init__.py -> /home/pl/ros2_ws1/build/sdk_topic/build/lib/sdk_topic
[0.524s] copying sdk_topic/echo_image_header.py -> /home/pl/ros2_ws1/build/sdk_topic/build/lib/sdk_topic
[0.524s] running install
[0.524s] running install_lib
[0.525s] creating /home/pl/ros2_ws1/install/sdk_topic/lib/python3.10/site-packages/sdk_topic
[0.525s] copying /home/pl/ros2_ws1/build/sdk_topic/build/lib/sdk_topic/sdk_sub.py -> /home/pl/ros2_ws1/install/sdk_topic/lib/python3.10/site-packages/sdk_topic
[0.525s] copying /home/pl/ros2_ws1/build/sdk_topic/build/lib/sdk_topic/sdk_pub.py -> /home/pl/ros2_ws1/install/sdk_topic/lib/python3.10/site-packages/sdk_topic
[0.525s] copying /home/pl/ros2_ws1/build/sdk_topic/build/lib/sdk_topic/__init__.py -> /home/pl/ros2_ws1/install/sdk_topic/lib/python3.10/site-packages/sdk_topic
[0.525s] copying /home/pl/ros2_ws1/build/sdk_topic/build/lib/sdk_topic/echo_image_header.py -> /home/pl/ros2_ws1/install/sdk_topic/lib/python3.10/site-packages/sdk_topic
[0.525s] byte-compiling /home/pl/ros2_ws1/install/sdk_topic/lib/python3.10/site-packages/sdk_topic/sdk_sub.py to sdk_sub.cpython-310.pyc
[0.526s] byte-compiling /home/pl/ros2_ws1/install/sdk_topic/lib/python3.10/site-packages/sdk_topic/sdk_pub.py to sdk_pub.cpython-310.pyc
[0.526s] byte-compiling /home/pl/ros2_ws1/install/sdk_topic/lib/python3.10/site-packages/sdk_topic/__init__.py to __init__.cpython-310.pyc
[0.526s] byte-compiling /home/pl/ros2_ws1/install/sdk_topic/lib/python3.10/site-packages/sdk_topic/echo_image_header.py to echo_image_header.cpython-310.pyc
[0.527s] running install_data
[0.527s] creating /home/pl/ros2_ws1/install/sdk_topic/share/ament_index
[0.527s] creating /home/pl/ros2_ws1/install/sdk_topic/share/ament_index/resource_index
[0.527s] creating /home/pl/ros2_ws1/install/sdk_topic/share/ament_index/resource_index/packages
[0.527s] copying resource/sdk_topic -> /home/pl/ros2_ws1/install/sdk_topic/share/ament_index/resource_index/packages
[0.527s] copying package.xml -> /home/pl/ros2_ws1/install/sdk_topic/share/sdk_topic
[0.527s] running install_egg_info
[0.528s] Copying ../../../build/sdk_topic/sdk_topic.egg-info to /home/pl/ros2_ws1/install/sdk_topic/lib/python3.10/site-packages/sdk_topic-0.0.0-py3.10.egg-info
[0.528s] running install_scripts
[0.541s] Installing sdk_pub script to /home/pl/ros2_ws1/install/sdk_topic/lib/sdk_topic
[0.541s] Installing sdk_sub script to /home/pl/ros2_ws1/install/sdk_topic/lib/sdk_topic
[0.541s] writing list of installed files to '/home/pl/ros2_ws1/build/sdk_topic/install.log'
[0.555s] Invoked command in '/home/pl/ros2_ws1/src/haik/sdk_topic' returned '0': CMAKE_PREFIX_PATH=/home/pl/ros2_ws1/install/learning_interface:/home/pl/ros2_ws1/install/sdk_topic_cpp:/home/pl/ros2_ws1/install/sdk_topic_c:/opt/ros/humble/share LD_LIBRARY_PATH=/home/pl/ros2_ws1/install/learning_interface/lib:/opt/MVS/lib/64:/opt/MVS/lib/32:/opt/ros/humble/opt/rviz_ogre_vendor/lib:/opt/ros/humble/lib/x86_64-linux-gnu:/opt/ros/humble/lib:/opt/MVS/lib/64:/opt/MVS/lib/32 PYTHONPATH=/home/pl/ros2_ws1/build/sdk_topic/prefix_override:/usr/lib/python3/dist-packages/colcon_core/task/python/colcon_distutils_commands:/home/pl/ros2_ws1/install/sdk_topic/lib/python3.10/site-packages:${PYTHONPATH} /usr/bin/python3 -W ignore:setup.py install is deprecated -W ignore:easy_install command is deprecated setup.py egg_info --egg-base ../../../build/sdk_topic build --build-base /home/pl/ros2_ws1/build/sdk_topic/build install --record /home/pl/ros2_ws1/build/sdk_topic/install.log --single-version-externally-managed install_data
