[0.528s] Invoking command in '/home/pl/ros2_ws1/src/haik/sdk_topic': PYTHONPATH=/home/pl/ros2_ws1/build/sdk_topic/prefix_override:/usr/lib/python3/dist-packages/colcon_core/task/python/colcon_distutils_commands:/home/pl/ros2_ws1/install/sdk_topic/lib/python3.10/site-packages:${PYTHONPATH} /usr/bin/python3 -W ignore:setup.py install is deprecated -W ignore:easy_install command is deprecated setup.py egg_info --egg-base ../../../build/sdk_topic build --build-base /home/pl/ros2_ws1/build/sdk_topic/build install --record /home/pl/ros2_ws1/build/sdk_topic/install.log --single-version-externally-managed install_data
[0.668s] running egg_info
[0.669s] writing ../../../build/sdk_topic/sdk_topic.egg-info/PKG-INFO
[0.669s] writing dependency_links to ../../../build/sdk_topic/sdk_topic.egg-info/dependency_links.txt
[0.669s] writing entry points to ../../../build/sdk_topic/sdk_topic.egg-info/entry_points.txt
[0.669s] writing requirements to ../../../build/sdk_topic/sdk_topic.egg-info/requires.txt
[0.669s] writing top-level names to ../../../build/sdk_topic/sdk_topic.egg-info/top_level.txt
[0.670s] reading manifest file '../../../build/sdk_topic/sdk_topic.egg-info/SOURCES.txt'
[0.670s] writing manifest file '../../../build/sdk_topic/sdk_topic.egg-info/SOURCES.txt'
[0.670s] running build
[0.671s] running build_py
[0.671s] running install
[0.671s] running install_lib
[0.672s] running install_data
[0.673s] running install_egg_info
[0.674s] removing '/home/pl/ros2_ws1/install/sdk_topic/lib/python3.10/site-packages/sdk_topic-0.0.0-py3.10.egg-info' (and everything under it)
[0.674s] Copying ../../../build/sdk_topic/sdk_topic.egg-info to /home/pl/ros2_ws1/install/sdk_topic/lib/python3.10/site-packages/sdk_topic-0.0.0-py3.10.egg-info
[0.674s] running install_scripts
[0.688s] Installing print_fps script to /home/pl/ros2_ws1/install/sdk_topic/lib/sdk_topic
[0.688s] Installing sdk_pub script to /home/pl/ros2_ws1/install/sdk_topic/lib/sdk_topic
[0.688s] Installing sdk_sub script to /home/pl/ros2_ws1/install/sdk_topic/lib/sdk_topic
[0.688s] writing list of installed files to '/home/pl/ros2_ws1/build/sdk_topic/install.log'
[0.709s] Invoked command in '/home/pl/ros2_ws1/src/haik/sdk_topic' returned '0': PYTHONPATH=/home/pl/ros2_ws1/build/sdk_topic/prefix_override:/usr/lib/python3/dist-packages/colcon_core/task/python/colcon_distutils_commands:/home/pl/ros2_ws1/install/sdk_topic/lib/python3.10/site-packages:${PYTHONPATH} /usr/bin/python3 -W ignore:setup.py install is deprecated -W ignore:easy_install command is deprecated setup.py egg_info --egg-base ../../../build/sdk_topic build --build-base /home/pl/ros2_ws1/build/sdk_topic/build install --record /home/pl/ros2_ws1/build/sdk_topic/install.log --single-version-externally-managed install_data
