/home/pl/ros2_ws1/install/sdk_topic/lib/python3.10/site-packages/sdk_topic/sdk_sub.py
/home/pl/ros2_ws1/install/sdk_topic/lib/python3.10/site-packages/sdk_topic/sdk_pub.py
/home/pl/ros2_ws1/install/sdk_topic/lib/python3.10/site-packages/sdk_topic/__init__.py
/home/pl/ros2_ws1/install/sdk_topic/lib/python3.10/site-packages/sdk_topic/echo_image_header.py
/home/pl/ros2_ws1/install/sdk_topic/lib/python3.10/site-packages/sdk_topic/print_fps.py
/home/pl/ros2_ws1/install/sdk_topic/lib/python3.10/site-packages/sdk_topic/__pycache__/sdk_sub.cpython-310.pyc
/home/pl/ros2_ws1/install/sdk_topic/lib/python3.10/site-packages/sdk_topic/__pycache__/sdk_pub.cpython-310.pyc
/home/pl/ros2_ws1/install/sdk_topic/lib/python3.10/site-packages/sdk_topic/__pycache__/__init__.cpython-310.pyc
/home/pl/ros2_ws1/install/sdk_topic/lib/python3.10/site-packages/sdk_topic/__pycache__/echo_image_header.cpython-310.pyc
/home/pl/ros2_ws1/install/sdk_topic/lib/python3.10/site-packages/sdk_topic/__pycache__/print_fps.cpython-310.pyc
/home/pl/ros2_ws1/install/sdk_topic/share/ament_index/resource_index/packages/sdk_topic
/home/pl/ros2_ws1/install/sdk_topic/share/sdk_topic/package.xml
/home/pl/ros2_ws1/install/sdk_topic/lib/python3.10/site-packages/sdk_topic-0.0.0-py3.10.egg-info/dependency_links.txt
/home/pl/ros2_ws1/install/sdk_topic/lib/python3.10/site-packages/sdk_topic-0.0.0-py3.10.egg-info/SOURCES.txt
/home/pl/ros2_ws1/install/sdk_topic/lib/python3.10/site-packages/sdk_topic-0.0.0-py3.10.egg-info/requires.txt
/home/pl/ros2_ws1/install/sdk_topic/lib/python3.10/site-packages/sdk_topic-0.0.0-py3.10.egg-info/zip-safe
/home/pl/ros2_ws1/install/sdk_topic/lib/python3.10/site-packages/sdk_topic-0.0.0-py3.10.egg-info/entry_points.txt
/home/pl/ros2_ws1/install/sdk_topic/lib/python3.10/site-packages/sdk_topic-0.0.0-py3.10.egg-info/top_level.txt
/home/pl/ros2_ws1/install/sdk_topic/lib/python3.10/site-packages/sdk_topic-0.0.0-py3.10.egg-info/PKG-INFO
/home/pl/ros2_ws1/install/sdk_topic/lib/sdk_topic/print_fps
/home/pl/ros2_ws1/install/sdk_topic/lib/sdk_topic/sdk_pub
/home/pl/ros2_ws1/install/sdk_topic/lib/sdk_topic/sdk_sub
