-- The C compiler identification is GNU 11.4.0
-- The CXX compiler identification is GNU 11.4.0
-- Detecting C compiler ABI info
-- Detecting C compiler ABI info - done
-- Check for working C compiler: /usr/bin/cc - skipped
-- Detecting C compile features
-- Detecting C compile features - done
-- Detecting CXX compiler ABI info
-- Detecting CXX compiler ABI info - done
-- Check for working CXX compiler: /usr/bin/c++ - skipped
-- Detecting CXX compile features
-- Detecting CXX compile features - done
-- Found ament_cmake: 1.3.12 (/opt/ros/humble/share/ament_cmake/cmake)
-- Found Python3: /usr/bin/python3 (found version "3.10.12") found components: Interpreter 
-- Found rclcpp: 16.0.15 (/opt/ros/humble/share/rclcpp/cmake)
-- Found rosidl_generator_c: 3.1.7 (/opt/ros/humble/share/rosidl_generator_c/cmake)
-- Found rosidl_adapter: 3.1.7 (/opt/ros/humble/share/rosidl_adapter/cmake)
-- Found rosidl_generator_cpp: 3.1.7 (/opt/ros/humble/share/rosidl_generator_cpp/cmake)
-- Using all available rosidl_typesupport_c: rosidl_typesupport_fastrtps_c;rosidl_typesupport_introspection_c
-- Using all available rosidl_typesupport_cpp: rosidl_typesupport_fastrtps_cpp;rosidl_typesupport_introspection_cpp
-- Found rmw_implementation_cmake: 6.1.2 (/opt/ros/humble/share/rmw_implementation_cmake/cmake)
-- Found rmw_fastrtps_cpp: 6.2.8 (/opt/ros/humble/share/rmw_fastrtps_cpp/cmake)
-- Found OpenSSL: /usr/lib/x86_64-linux-gnu/libcrypto.so (found version "3.0.2")  
-- Found FastRTPS: /opt/ros/humble/include  
-- Using RMW implementation 'rmw_fastrtps_cpp' as default
-- Looking for pthread.h
-- Looking for pthread.h - found
-- Performing Test CMAKE_HAVE_LIBC_PTHREAD
-- Performing Test CMAKE_HAVE_LIBC_PTHREAD - Success
-- Found Threads: TRUE  
-- Found sensor_msgs: 4.9.0 (/opt/ros/humble/share/sensor_msgs/cmake)
-- Found image_transport: 3.1.12 (/opt/ros/humble/share/image_transport/cmake)
-- Found cv_bridge: 3.2.1 (/opt/ros/humble/share/cv_bridge/cmake)
-- Found OpenCV: /usr (found version "4.5.4") 
-- Found CURL: /usr/lib/x86_64-linux-gnu/libcurl.so (found version "7.81.0")  
-- Hik SDK include: /opt/MVS/include
-- Hik SDK lib:     /opt/MVS/lib/64/libMvCameraControl.so
-- Found ament_lint_auto: 0.12.14 (/opt/ros/humble/share/ament_lint_auto/cmake)
-- Added test 'cppcheck' to perform static code analysis on C / C++ code
-- Configured cppcheck include dirs: 
-- Configured cppcheck exclude dirs and/or files: 
-- Added test 'lint_cmake' to check CMake code style
-- Added test 'uncrustify' to check C / C++ code style
-- Configured uncrustify additional arguments: 
-- Added test 'xmllint' to check XML markup files
-- Configuring done
-- Generating done
-- Build files have been written to: /home/pl/ros2_ws1/build/sdk_topic_cpp
/usr/bin/gmake  -f CMakeFiles/Makefile2 clean
gmake[1]: 进入目录“/home/pl/ros2_ws1/build/sdk_topic_cpp”
/usr/bin/gmake  -f CMakeFiles/uninstall.dir/build.make CMakeFiles/uninstall.dir/clean
gmake[2]: 进入目录“/home/pl/ros2_ws1/build/sdk_topic_cpp”
/usr/bin/cmake -P CMakeFiles/uninstall.dir/cmake_clean.cmake
gmake[2]: 离开目录“/home/pl/ros2_ws1/build/sdk_topic_cpp”
/usr/bin/gmake  -f CMakeFiles/sdk_topic_cpp_uninstall.dir/build.make CMakeFiles/sdk_topic_cpp_uninstall.dir/clean
gmake[2]: 进入目录“/home/pl/ros2_ws1/build/sdk_topic_cpp”
/usr/bin/cmake -P CMakeFiles/sdk_topic_cpp_uninstall.dir/cmake_clean.cmake
gmake[2]: 离开目录“/home/pl/ros2_ws1/build/sdk_topic_cpp”
/usr/bin/gmake  -f CMakeFiles/se.dir/build.make CMakeFiles/se.dir/clean
gmake[2]: 进入目录“/home/pl/ros2_ws1/build/sdk_topic_cpp”
/usr/bin/cmake -P CMakeFiles/se.dir/cmake_clean.cmake
gmake[2]: 离开目录“/home/pl/ros2_ws1/build/sdk_topic_cpp”
/usr/bin/gmake  -f CMakeFiles/chu.dir/build.make CMakeFiles/chu.dir/clean
gmake[2]: 进入目录“/home/pl/ros2_ws1/build/sdk_topic_cpp”
/usr/bin/cmake -P CMakeFiles/chu.dir/cmake_clean.cmake
gmake[2]: 离开目录“/home/pl/ros2_ws1/build/sdk_topic_cpp”
/usr/bin/gmake  -f CMakeFiles/shiping.dir/build.make CMakeFiles/shiping.dir/clean
gmake[2]: 进入目录“/home/pl/ros2_ws1/build/sdk_topic_cpp”
/usr/bin/cmake -P CMakeFiles/shiping.dir/cmake_clean.cmake
gmake[2]: 离开目录“/home/pl/ros2_ws1/build/sdk_topic_cpp”
/usr/bin/gmake  -f CMakeFiles/t1.dir/build.make CMakeFiles/t1.dir/clean
gmake[2]: 进入目录“/home/pl/ros2_ws1/build/sdk_topic_cpp”
/usr/bin/cmake -P CMakeFiles/t1.dir/cmake_clean.cmake
gmake[2]: 离开目录“/home/pl/ros2_ws1/build/sdk_topic_cpp”
/usr/bin/gmake  -f CMakeFiles/camera_publisher.dir/build.make CMakeFiles/camera_publisher.dir/clean
gmake[2]: 进入目录“/home/pl/ros2_ws1/build/sdk_topic_cpp”
/usr/bin/cmake -P CMakeFiles/camera_publisher.dir/cmake_clean.cmake
gmake[2]: 离开目录“/home/pl/ros2_ws1/build/sdk_topic_cpp”
gmake[1]: 离开目录“/home/pl/ros2_ws1/build/sdk_topic_cpp”
/usr/bin/cmake -S/home/pl/ros2_ws1/src/haik/sdk_topic_cpp -B/home/pl/ros2_ws1/build/sdk_topic_cpp --check-build-system CMakeFiles/Makefile.cmake 0
/usr/bin/cmake -E cmake_progress_start /home/pl/ros2_ws1/build/sdk_topic_cpp/CMakeFiles /home/pl/ros2_ws1/build/sdk_topic_cpp//CMakeFiles/progress.marks
/usr/bin/gmake  -f CMakeFiles/Makefile2 all
gmake[1]: 进入目录“/home/pl/ros2_ws1/build/sdk_topic_cpp”
/usr/bin/gmake  -f CMakeFiles/se.dir/build.make CMakeFiles/se.dir/depend
/usr/bin/gmake  -f CMakeFiles/chu.dir/build.make CMakeFiles/chu.dir/depend
/usr/bin/gmake  -f CMakeFiles/shiping.dir/build.make CMakeFiles/shiping.dir/depend
gmake[2]: 进入目录“/home/pl/ros2_ws1/build/sdk_topic_cpp”
cd /home/pl/ros2_ws1/build/sdk_topic_cpp && /usr/bin/cmake -E cmake_depends "Unix Makefiles" /home/pl/ros2_ws1/src/haik/sdk_topic_cpp /home/pl/ros2_ws1/src/haik/sdk_topic_cpp /home/pl/ros2_ws1/build/sdk_topic_cpp /home/pl/ros2_ws1/build/sdk_topic_cpp /home/pl/ros2_ws1/build/sdk_topic_cpp/CMakeFiles/se.dir/DependInfo.cmake --color=
/usr/bin/gmake  -f CMakeFiles/t1.dir/build.make CMakeFiles/t1.dir/depend
/usr/bin/gmake  -f CMakeFiles/camera_publisher.dir/build.make CMakeFiles/camera_publisher.dir/depend
gmake[2]: 进入目录“/home/pl/ros2_ws1/build/sdk_topic_cpp”
cd /home/pl/ros2_ws1/build/sdk_topic_cpp && /usr/bin/cmake -E cmake_depends "Unix Makefiles" /home/pl/ros2_ws1/src/haik/sdk_topic_cpp /home/pl/ros2_ws1/src/haik/sdk_topic_cpp /home/pl/ros2_ws1/build/sdk_topic_cpp /home/pl/ros2_ws1/build/sdk_topic_cpp /home/pl/ros2_ws1/build/sdk_topic_cpp/CMakeFiles/chu.dir/DependInfo.cmake --color=
gmake[2]: 进入目录“/home/pl/ros2_ws1/build/sdk_topic_cpp”
cd /home/pl/ros2_ws1/build/sdk_topic_cpp && /usr/bin/cmake -E cmake_depends "Unix Makefiles" /home/pl/ros2_ws1/src/haik/sdk_topic_cpp /home/pl/ros2_ws1/src/haik/sdk_topic_cpp /home/pl/ros2_ws1/build/sdk_topic_cpp /home/pl/ros2_ws1/build/sdk_topic_cpp /home/pl/ros2_ws1/build/sdk_topic_cpp/CMakeFiles/t1.dir/DependInfo.cmake --color=
gmake[2]: 进入目录“/home/pl/ros2_ws1/build/sdk_topic_cpp”
cd /home/pl/ros2_ws1/build/sdk_topic_cpp && /usr/bin/cmake -E cmake_depends "Unix Makefiles" /home/pl/ros2_ws1/src/haik/sdk_topic_cpp /home/pl/ros2_ws1/src/haik/sdk_topic_cpp /home/pl/ros2_ws1/build/sdk_topic_cpp /home/pl/ros2_ws1/build/sdk_topic_cpp /home/pl/ros2_ws1/build/sdk_topic_cpp/CMakeFiles/shiping.dir/DependInfo.cmake --color=
gmake[2]: 进入目录“/home/pl/ros2_ws1/build/sdk_topic_cpp”
cd /home/pl/ros2_ws1/build/sdk_topic_cpp && /usr/bin/cmake -E cmake_depends "Unix Makefiles" /home/pl/ros2_ws1/src/haik/sdk_topic_cpp /home/pl/ros2_ws1/src/haik/sdk_topic_cpp /home/pl/ros2_ws1/build/sdk_topic_cpp /home/pl/ros2_ws1/build/sdk_topic_cpp /home/pl/ros2_ws1/build/sdk_topic_cpp/CMakeFiles/camera_publisher.dir/DependInfo.cmake --color=
gmake[2]: 离开目录“/home/pl/ros2_ws1/build/sdk_topic_cpp”
/usr/bin/gmake  -f CMakeFiles/se.dir/build.make CMakeFiles/se.dir/build
gmake[2]: 离开目录“/home/pl/ros2_ws1/build/sdk_topic_cpp”
gmake[2]: 离开目录“/home/pl/ros2_ws1/build/sdk_topic_cpp”
/usr/bin/gmake  -f CMakeFiles/chu.dir/build.make CMakeFiles/chu.dir/build
/usr/bin/gmake  -f CMakeFiles/t1.dir/build.make CMakeFiles/t1.dir/build
gmake[2]: 进入目录“/home/pl/ros2_ws1/build/sdk_topic_cpp”
gmake[2]: 进入目录“/home/pl/ros2_ws1/build/sdk_topic_cpp”
gmake[2]: 进入目录“/home/pl/ros2_ws1/build/sdk_topic_cpp”
gmake[2]: 离开目录“/home/pl/ros2_ws1/build/sdk_topic_cpp”
gmake[2]: 离开目录“/home/pl/ros2_ws1/build/sdk_topic_cpp”
/usr/bin/gmake  -f CMakeFiles/camera_publisher.dir/build.make CMakeFiles/camera_publisher.dir/build
/usr/bin/gmake  -f CMakeFiles/shiping.dir/build.make CMakeFiles/shiping.dir/build
gmake[2]: 进入目录“/home/pl/ros2_ws1/build/sdk_topic_cpp”
gmake[2]: 进入目录“/home/pl/ros2_ws1/build/sdk_topic_cpp”
[ 10%] [32mBuilding CXX object CMakeFiles/t1.dir/src/t1.cpp.o[0m
[ 20%] [32mBuilding CXX object CMakeFiles/chu.dir/src/chu.cpp.o[0m
/usr/bin/c++ -DDEFAULT_RMW_IMPLEMENTATION=rmw_fastrtps_cpp -DRCUTILS_ENABLE_FAULT_INJECTION -I/opt/MVS/include -isystem /opt/ros/humble/include/rclcpp -isystem /opt/ros/humble/include/sensor_msgs -isystem /opt/ros/humble/include/image_transport -isystem /opt/ros/humble/include/cv_bridge -isystem /usr/include/opencv4 -isystem /opt/ros/humble/include/ament_index_cpp -isystem /opt/ros/humble/include/libstatistics_collector -isystem /opt/ros/humble/include/builtin_interfaces -isystem /opt/ros/humble/include/rosidl_runtime_c -isystem /opt/ros/humble/include/rcutils -isystem /opt/ros/humble/include/rosidl_typesupport_interface -isystem /opt/ros/humble/include/fastcdr -isystem /opt/ros/humble/include/rosidl_runtime_cpp -isystem /opt/ros/humble/include/rosidl_typesupport_fastrtps_cpp -isystem /opt/ros/humble/include/rmw -isystem /opt/ros/humble/include/rosidl_typesupport_fastrtps_c -isystem /opt/ros/humble/include/rosidl_typesupport_introspection_c -isystem /opt/ros/humble/include/rosidl_typesupport_introspection_cpp -isystem /opt/ros/humble/include/rcl -isystem /opt/ros/humble/include/rcl_interfaces -isystem /opt/ros/humble/include/rcl_logging_interface -isystem /opt/ros/humble/include/rcl_yaml_param_parser -isystem /opt/ros/humble/include/libyaml_vendor -isystem /opt/ros/humble/include/tracetools -isystem /opt/ros/humble/include/rcpputils -isystem /opt/ros/humble/include/statistics_msgs -isystem /opt/ros/humble/include/rosgraph_msgs -isystem /opt/ros/humble/include/rosidl_typesupport_cpp -isystem /opt/ros/humble/include/rosidl_typesupport_c -isystem /opt/ros/humble/include/geometry_msgs -isystem /opt/ros/humble/include/std_msgs -isystem /opt/ros/humble/include/message_filters -Wall -Wextra -Wpedantic -MD -MT CMakeFiles/t1.dir/src/t1.cpp.o -MF CMakeFiles/t1.dir/src/t1.cpp.o.d -o CMakeFiles/t1.dir/src/t1.cpp.o -c /home/pl/ros2_ws1/src/haik/sdk_topic_cpp/src/t1.cpp
/usr/bin/c++ -DDEFAULT_RMW_IMPLEMENTATION=rmw_fastrtps_cpp -DRCUTILS_ENABLE_FAULT_INJECTION -I/opt/MVS/include -isystem /opt/ros/humble/include/rclcpp -isystem /opt/ros/humble/include/sensor_msgs -isystem /opt/ros/humble/include/cv_bridge -isystem /usr/include/opencv4 -isystem /opt/ros/humble/include/ament_index_cpp -isystem /opt/ros/humble/include/libstatistics_collector -isystem /opt/ros/humble/include/builtin_interfaces -isystem /opt/ros/humble/include/rosidl_runtime_c -isystem /opt/ros/humble/include/rcutils -isystem /opt/ros/humble/include/rosidl_typesupport_interface -isystem /opt/ros/humble/include/fastcdr -isystem /opt/ros/humble/include/rosidl_runtime_cpp -isystem /opt/ros/humble/include/rosidl_typesupport_fastrtps_cpp -isystem /opt/ros/humble/include/rmw -isystem /opt/ros/humble/include/rosidl_typesupport_fastrtps_c -isystem /opt/ros/humble/include/rosidl_typesupport_introspection_c -isystem /opt/ros/humble/include/rosidl_typesupport_introspection_cpp -isystem /opt/ros/humble/include/rcl -isystem /opt/ros/humble/include/rcl_interfaces -isystem /opt/ros/humble/include/rcl_logging_interface -isystem /opt/ros/humble/include/rcl_yaml_param_parser -isystem /opt/ros/humble/include/libyaml_vendor -isystem /opt/ros/humble/include/tracetools -isystem /opt/ros/humble/include/rcpputils -isystem /opt/ros/humble/include/statistics_msgs -isystem /opt/ros/humble/include/rosgraph_msgs -isystem /opt/ros/humble/include/rosidl_typesupport_cpp -isystem /opt/ros/humble/include/rosidl_typesupport_c -isystem /opt/ros/humble/include/geometry_msgs -isystem /opt/ros/humble/include/std_msgs -Wall -Wextra -Wpedantic -MD -MT CMakeFiles/chu.dir/src/chu.cpp.o -MF CMakeFiles/chu.dir/src/chu.cpp.o.d -o CMakeFiles/chu.dir/src/chu.cpp.o -c /home/pl/ros2_ws1/src/haik/sdk_topic_cpp/src/chu.cpp
[ 30%] [32mBuilding CXX object CMakeFiles/se.dir/src/se.cpp.o[0m
/usr/bin/c++ -DDEFAULT_RMW_IMPLEMENTATION=rmw_fastrtps_cpp -DRCUTILS_ENABLE_FAULT_INJECTION -I/opt/MVS/include -isystem /opt/ros/humble/include/rclcpp -isystem /opt/ros/humble/include/sensor_msgs -isystem /opt/ros/humble/include/ament_index_cpp -isystem /opt/ros/humble/include/libstatistics_collector -isystem /opt/ros/humble/include/builtin_interfaces -isystem /opt/ros/humble/include/rosidl_runtime_c -isystem /opt/ros/humble/include/rcutils -isystem /opt/ros/humble/include/rosidl_typesupport_interface -isystem /opt/ros/humble/include/fastcdr -isystem /opt/ros/humble/include/rosidl_runtime_cpp -isystem /opt/ros/humble/include/rosidl_typesupport_fastrtps_cpp -isystem /opt/ros/humble/include/rmw -isystem /opt/ros/humble/include/rosidl_typesupport_fastrtps_c -isystem /opt/ros/humble/include/rosidl_typesupport_introspection_c -isystem /opt/ros/humble/include/rosidl_typesupport_introspection_cpp -isystem /opt/ros/humble/include/rcl -isystem /opt/ros/humble/include/rcl_interfaces -isystem /opt/ros/humble/include/rcl_logging_interface -isystem /opt/ros/humble/include/rcl_yaml_param_parser -isystem /opt/ros/humble/include/libyaml_vendor -isystem /opt/ros/humble/include/tracetools -isystem /opt/ros/humble/include/rcpputils -isystem /opt/ros/humble/include/statistics_msgs -isystem /opt/ros/humble/include/rosgraph_msgs -isystem /opt/ros/humble/include/rosidl_typesupport_cpp -isystem /opt/ros/humble/include/rosidl_typesupport_c -isystem /opt/ros/humble/include/geometry_msgs -isystem /opt/ros/humble/include/std_msgs -Wall -Wextra -Wpedantic -MD -MT CMakeFiles/se.dir/src/se.cpp.o -MF CMakeFiles/se.dir/src/se.cpp.o.d -o CMakeFiles/se.dir/src/se.cpp.o -c /home/pl/ros2_ws1/src/haik/sdk_topic_cpp/src/se.cpp
[ 40%] [32mBuilding CXX object CMakeFiles/camera_publisher.dir/src/camera_publisher.cpp.o[0m
[ 50%] [32mBuilding CXX object CMakeFiles/shiping.dir/src/shiping.cpp.o[0m
/usr/bin/c++ -DDEFAULT_RMW_IMPLEMENTATION=rmw_fastrtps_cpp -DRCUTILS_ENABLE_FAULT_INJECTION -I/opt/MVS/include -isystem /opt/ros/humble/include/rclcpp -isystem /opt/ros/humble/include/sensor_msgs -isystem /opt/ros/humble/include/cv_bridge -isystem /usr/include/opencv4 -isystem /opt/ros/humble/include/ament_index_cpp -isystem /opt/ros/humble/include/libstatistics_collector -isystem /opt/ros/humble/include/builtin_interfaces -isystem /opt/ros/humble/include/rosidl_runtime_c -isystem /opt/ros/humble/include/rcutils -isystem /opt/ros/humble/include/rosidl_typesupport_interface -isystem /opt/ros/humble/include/fastcdr -isystem /opt/ros/humble/include/rosidl_runtime_cpp -isystem /opt/ros/humble/include/rosidl_typesupport_fastrtps_cpp -isystem /opt/ros/humble/include/rmw -isystem /opt/ros/humble/include/rosidl_typesupport_fastrtps_c -isystem /opt/ros/humble/include/rosidl_typesupport_introspection_c -isystem /opt/ros/humble/include/rosidl_typesupport_introspection_cpp -isystem /opt/ros/humble/include/rcl -isystem /opt/ros/humble/include/rcl_interfaces -isystem /opt/ros/humble/include/rcl_logging_interface -isystem /opt/ros/humble/include/rcl_yaml_param_parser -isystem /opt/ros/humble/include/libyaml_vendor -isystem /opt/ros/humble/include/tracetools -isystem /opt/ros/humble/include/rcpputils -isystem /opt/ros/humble/include/statistics_msgs -isystem /opt/ros/humble/include/rosgraph_msgs -isystem /opt/ros/humble/include/rosidl_typesupport_cpp -isystem /opt/ros/humble/include/rosidl_typesupport_c -isystem /opt/ros/humble/include/geometry_msgs -isystem /opt/ros/humble/include/std_msgs -Wall -Wextra -Wpedantic -MD -MT CMakeFiles/shiping.dir/src/shiping.cpp.o -MF CMakeFiles/shiping.dir/src/shiping.cpp.o.d -o CMakeFiles/shiping.dir/src/shiping.cpp.o -c /home/pl/ros2_ws1/src/haik/sdk_topic_cpp/src/shiping.cpp
/usr/bin/c++ -DDEFAULT_RMW_IMPLEMENTATION=rmw_fastrtps_cpp -DRCUTILS_ENABLE_FAULT_INJECTION -I/opt/MVS/include -isystem /opt/ros/humble/include/rclcpp -isystem /opt/ros/humble/include/sensor_msgs -isystem /opt/ros/humble/include/image_transport -isystem /opt/ros/humble/include/cv_bridge -isystem /usr/include/opencv4 -isystem /opt/ros/humble/include/ament_index_cpp -isystem /opt/ros/humble/include/libstatistics_collector -isystem /opt/ros/humble/include/builtin_interfaces -isystem /opt/ros/humble/include/rosidl_runtime_c -isystem /opt/ros/humble/include/rcutils -isystem /opt/ros/humble/include/rosidl_typesupport_interface -isystem /opt/ros/humble/include/fastcdr -isystem /opt/ros/humble/include/rosidl_runtime_cpp -isystem /opt/ros/humble/include/rosidl_typesupport_fastrtps_cpp -isystem /opt/ros/humble/include/rmw -isystem /opt/ros/humble/include/rosidl_typesupport_fastrtps_c -isystem /opt/ros/humble/include/rosidl_typesupport_introspection_c -isystem /opt/ros/humble/include/rosidl_typesupport_introspection_cpp -isystem /opt/ros/humble/include/rcl -isystem /opt/ros/humble/include/rcl_interfaces -isystem /opt/ros/humble/include/rcl_logging_interface -isystem /opt/ros/humble/include/rcl_yaml_param_parser -isystem /opt/ros/humble/include/libyaml_vendor -isystem /opt/ros/humble/include/tracetools -isystem /opt/ros/humble/include/rcpputils -isystem /opt/ros/humble/include/statistics_msgs -isystem /opt/ros/humble/include/rosgraph_msgs -isystem /opt/ros/humble/include/rosidl_typesupport_cpp -isystem /opt/ros/humble/include/rosidl_typesupport_c -isystem /opt/ros/humble/include/geometry_msgs -isystem /opt/ros/humble/include/std_msgs -isystem /opt/ros/humble/include/message_filters -Wall -Wextra -Wpedantic -MD -MT CMakeFiles/camera_publisher.dir/src/camera_publisher.cpp.o -MF CMakeFiles/camera_publisher.dir/src/camera_publisher.cpp.o.d -o CMakeFiles/camera_publisher.dir/src/camera_publisher.cpp.o -c /home/pl/ros2_ws1/src/haik/sdk_topic_cpp/src/camera_publisher.cpp
[ 60%] [32m[1mLinking CXX executable shiping[0m
/usr/bin/cmake -E cmake_link_script CMakeFiles/shiping.dir/link.txt --verbose=1
/usr/bin/c++ CMakeFiles/shiping.dir/src/shiping.cpp.o -o shiping  -Wl,-rpath,/opt/ros/humble/lib:/opt/MVS/lib/64: /opt/ros/humble/lib/librclcpp.so /opt/ros/humble/lib/libcv_bridge.so /opt/MVS/lib/64/libMvCameraControl.so -ldl /usr/lib/x86_64-linux-gnu/libopencv_stitching.so.4.5.4d /usr/lib/x86_64-linux-gnu/libopencv_alphamat.so.4.5.4d /usr/lib/x86_64-linux-gnu/libopencv_aruco.so.4.5.4d /usr/lib/x86_64-linux-gnu/libopencv_barcode.so.4.5.4d /usr/lib/x86_64-linux-gnu/libopencv_bgsegm.so.4.5.4d /usr/lib/x86_64-linux-gnu/libopencv_bioinspired.so.4.5.4d /usr/lib/x86_64-linux-gnu/libopencv_ccalib.so.4.5.4d /usr/lib/x86_64-linux-gnu/libopencv_dnn_objdetect.so.4.5.4d /usr/lib/x86_64-linux-gnu/libopencv_dnn_superres.so.4.5.4d /usr/lib/x86_64-linux-gnu/libopencv_dpm.so.4.5.4d /usr/lib/x86_64-linux-gnu/libopencv_face.so.4.5.4d /usr/lib/x86_64-linux-gnu/libopencv_freetype.so.4.5.4d /usr/lib/x86_64-linux-gnu/libopencv_fuzzy.so.4.5.4d /usr/lib/x86_64-linux-gnu/libopencv_hdf.so.4.5.4d /usr/lib/x86_64-linux-gnu/libopencv_hfs.so.4.5.4d /usr/lib/x86_64-linux-gnu/libopencv_img_hash.so.4.5.4d /usr/lib/x86_64-linux-gnu/libopencv_intensity_transform.so.4.5.4d /usr/lib/x86_64-linux-gnu/libopencv_line_descriptor.so.4.5.4d /usr/lib/x86_64-linux-gnu/libopencv_mcc.so.4.5.4d /usr/lib/x86_64-linux-gnu/libopencv_quality.so.4.5.4d /usr/lib/x86_64-linux-gnu/libopencv_rapid.so.4.5.4d /usr/lib/x86_64-linux-gnu/libopencv_reg.so.4.5.4d /usr/lib/x86_64-linux-gnu/libopencv_rgbd.so.4.5.4d /usr/lib/x86_64-linux-gnu/libopencv_saliency.so.4.5.4d /usr/lib/x86_64-linux-gnu/libopencv_shape.so.4.5.4d /usr/lib/x86_64-linux-gnu/libopencv_stereo.so.4.5.4d /usr/lib/x86_64-linux-gnu/libopencv_structured_light.so.4.5.4d /usr/lib/x86_64-linux-gnu/libopencv_superres.so.4.5.4d /usr/lib/x86_64-linux-gnu/libopencv_surface_matching.so.4.5.4d /usr/lib/x86_64-linux-gnu/libopencv_tracking.so.4.5.4d /usr/lib/x86_64-linux-gnu/libopencv_videostab.so.4.5.4d /usr/lib/x86_64-linux-gnu/libopencv_viz.so.4.5.4d /usr/lib/x86_64-linux-gnu/libopencv_wechat_qrcode.so.4.5.4d /usr/lib/x86_64-linux-gnu/libopencv_xobjdetect.so.4.5.4d /usr/lib/x86_64-linux-gnu/libopencv_xphoto.so.4.5.4d /usr/lib/x86_64-linux-gnu/libcurl.so /opt/ros/humble/lib/liblibstatistics_collector.so /opt/ros/humble/lib/librcl.so /opt/ros/humble/lib/librmw_implementation.so /opt/ros/humble/lib/libament_index_cpp.so /opt/ros/humble/lib/librcl_logging_spdlog.so /opt/ros/humble/lib/librcl_logging_interface.so /opt/ros/humble/lib/librcl_interfaces__rosidl_typesupport_fastrtps_c.so /opt/ros/humble/lib/librcl_interfaces__rosidl_typesupport_introspection_c.so /opt/ros/humble/lib/librcl_interfaces__rosidl_typesupport_fastrtps_cpp.so /opt/ros/humble/lib/librcl_interfaces__rosidl_typesupport_introspection_cpp.so /opt/ros/humble/lib/librcl_interfaces__rosidl_typesupport_cpp.so /opt/ros/humble/lib/librcl_interfaces__rosidl_generator_py.so /opt/ros/humble/lib/librcl_interfaces__rosidl_typesupport_c.so /opt/ros/humble/lib/librcl_interfaces__rosidl_generator_c.so /opt/ros/humble/lib/librcl_yaml_param_parser.so /opt/ros/humble/lib/libyaml.so /opt/ros/humble/lib/librosgraph_msgs__rosidl_typesupport_fastrtps_c.so /opt/ros/humble/lib/librosgraph_msgs__rosidl_typesupport_fastrtps_cpp.so /opt/ros/humble/lib/librosgraph_msgs__rosidl_typesupport_introspection_c.so /opt/ros/humble/lib/librosgraph_msgs__rosidl_typesupport_introspection_cpp.so /opt/ros/humble/lib/librosgraph_msgs__rosidl_typesupport_cpp.so /opt/ros/humble/lib/librosgraph_msgs__rosidl_generator_py.so /opt/ros/humble/lib/librosgraph_msgs__rosidl_typesupport_c.so /opt/ros/humble/lib/librosgraph_msgs__rosidl_generator_c.so /opt/ros/humble/lib/libstatistics_msgs__rosidl_typesupport_fastrtps_c.so /opt/ros/humble/lib/libstatistics_msgs__rosidl_typesupport_fastrtps_cpp.so /opt/ros/humble/lib/libstatistics_msgs__rosidl_typesupport_introspection_c.so /opt/ros/humble/lib/libstatistics_msgs__rosidl_typesupport_introspection_cpp.so /opt/ros/humble/lib/libstatistics_msgs__rosidl_typesupport_cpp.so /opt/ros/humble/lib/libstatistics_msgs__rosidl_generator_py.so /opt/ros/humble/lib/libstatistics_msgs__rosidl_typesupport_c.so /opt/ros/humble/lib/libstatistics_msgs__rosidl_generator_c.so /opt/ros/humble/lib/libtracetools.so /opt/ros/humble/lib/libsensor_msgs__rosidl_typesupport_fastrtps_c.so /opt/ros/humble/lib/libgeometry_msgs__rosidl_typesupport_fastrtps_c.so /opt/ros/humble/lib/libstd_msgs__rosidl_typesupport_fastrtps_c.so /opt/ros/humble/lib/libbuiltin_interfaces__rosidl_typesupport_fastrtps_c.so /opt/ros/humble/lib/librosidl_typesupport_fastrtps_c.so /opt/ros/humble/lib/libsensor_msgs__rosidl_typesupport_fastrtps_cpp.so /opt/ros/humble/lib/libgeometry_msgs__rosidl_typesupport_fastrtps_cpp.so /opt/ros/humble/lib/libstd_msgs__rosidl_typesupport_fastrtps_cpp.so /opt/ros/humble/lib/libbuiltin_interfaces__rosidl_typesupport_fastrtps_cpp.so /opt/ros/humble/lib/librosidl_typesupport_fastrtps_cpp.so /opt/ros/humble/lib/libfastcdr.so.1.0.24 /opt/ros/humble/lib/librmw.so /opt/ros/humble/lib/libsensor_msgs__rosidl_typesupport_introspection_c.so /opt/ros/humble/lib/libgeometry_msgs__rosidl_typesupport_introspection_c.so /opt/ros/humble/lib/libstd_msgs__rosidl_typesupport_introspection_c.so /opt/ros/humble/lib/libbuiltin_interfaces__rosidl_typesupport_introspection_c.so /opt/ros/humble/lib/libsensor_msgs__rosidl_typesupport_introspection_cpp.so /opt/ros/humble/lib/libgeometry_msgs__rosidl_typesupport_introspection_cpp.so /opt/ros/humble/lib/libstd_msgs__rosidl_typesupport_introspection_cpp.so /opt/ros/humble/lib/libbuiltin_interfaces__rosidl_typesupport_introspection_cpp.so /opt/ros/humble/lib/librosidl_typesupport_introspection_cpp.so /opt/ros/humble/lib/librosidl_typesupport_introspection_c.so /opt/ros/humble/lib/libsensor_msgs__rosidl_generator_py.so /opt/ros/humble/lib/libsensor_msgs__rosidl_typesupport_c.so /opt/ros/humble/lib/libsensor_msgs__rosidl_generator_c.so /opt/ros/humble/lib/libgeometry_msgs__rosidl_generator_py.so /opt/ros/humble/lib/libgeometry_msgs__rosidl_typesupport_c.so /opt/ros/humble/lib/libgeometry_msgs__rosidl_generator_c.so /opt/ros/humble/lib/libstd_msgs__rosidl_generator_py.so /opt/ros/humble/lib/libbuiltin_interfaces__rosidl_generator_py.so /opt/ros/humble/lib/libstd_msgs__rosidl_typesupport_c.so /opt/ros/humble/lib/libbuiltin_interfaces__rosidl_typesupport_c.so /opt/ros/humble/lib/libstd_msgs__rosidl_generator_c.so /opt/ros/humble/lib/libbuiltin_interfaces__rosidl_generator_c.so /usr/lib/x86_64-linux-gnu/libpython3.10.so /opt/ros/humble/lib/libsensor_msgs__rosidl_typesupport_cpp.so /opt/ros/humble/lib/libgeometry_msgs__rosidl_typesupport_cpp.so /opt/ros/humble/lib/libstd_msgs__rosidl_typesupport_cpp.so /opt/ros/humble/lib/libbuiltin_interfaces__rosidl_typesupport_cpp.so /opt/ros/humble/lib/librosidl_typesupport_cpp.so /opt/ros/humble/lib/librosidl_typesupport_c.so /opt/ros/humble/lib/librosidl_runtime_c.so /opt/ros/humble/lib/librcpputils.so /opt/ros/humble/lib/librcutils.so /usr/lib/x86_64-linux-gnu/libopencv_highgui.so.4.5.4d /usr/lib/x86_64-linux-gnu/libopencv_datasets.so.4.5.4d /usr/lib/x86_64-linux-gnu/libopencv_plot.so.4.5.4d /usr/lib/x86_64-linux-gnu/libopencv_text.so.4.5.4d /usr/lib/x86_64-linux-gnu/libopencv_ml.so.4.5.4d /usr/lib/x86_64-linux-gnu/libopencv_phase_unwrapping.so.4.5.4d /usr/lib/x86_64-linux-gnu/libopencv_optflow.so.4.5.4d /usr/lib/x86_64-linux-gnu/libopencv_ximgproc.so.4.5.4d /usr/lib/x86_64-linux-gnu/libopencv_video.so.4.5.4d /usr/lib/x86_64-linux-gnu/libopencv_videoio.so.4.5.4d /usr/lib/x86_64-linux-gnu/libopencv_imgcodecs.so.4.5.4d /usr/lib/x86_64-linux-gnu/libopencv_objdetect.so.4.5.4d /usr/lib/x86_64-linux-gnu/libopencv_calib3d.so.4.5.4d /usr/lib/x86_64-linux-gnu/libopencv_dnn.so.4.5.4d /usr/lib/x86_64-linux-gnu/libopencv_features2d.so.4.5.4d /usr/lib/x86_64-linux-gnu/libopencv_flann.so.4.5.4d /usr/lib/x86_64-linux-gnu/libopencv_photo.so.4.5.4d /usr/lib/x86_64-linux-gnu/libopencv_imgproc.so.4.5.4d /usr/lib/x86_64-linux-gnu/libopencv_core.so.4.5.4d -ldl 
gmake[2]: 离开目录“/home/pl/ros2_ws1/build/sdk_topic_cpp”
[ 60%] Built target shiping
[ 70%] [32m[1mLinking CXX executable t1[0m
/usr/bin/cmake -E cmake_link_script CMakeFiles/t1.dir/link.txt --verbose=1
/usr/bin/c++ CMakeFiles/t1.dir/src/t1.cpp.o -o t1  -Wl,-rpath,/opt/ros/humble/lib/x86_64-linux-gnu:/opt/ros/humble/lib:/opt/MVS/lib/64: /opt/ros/humble/lib/x86_64-linux-gnu/libimage_transport.so /opt/ros/humble/lib/libcv_bridge.so /opt/MVS/lib/64/libMvCameraControl.so -ldl /usr/lib/x86_64-linux-gnu/libopencv_stitching.so.4.5.4d /usr/lib/x86_64-linux-gnu/libopencv_alphamat.so.4.5.4d /usr/lib/x86_64-linux-gnu/libopencv_aruco.so.4.5.4d /usr/lib/x86_64-linux-gnu/libopencv_barcode.so.4.5.4d /usr/lib/x86_64-linux-gnu/libopencv_bgsegm.so.4.5.4d /usr/lib/x86_64-linux-gnu/libopencv_bioinspired.so.4.5.4d /usr/lib/x86_64-linux-gnu/libopencv_ccalib.so.4.5.4d /usr/lib/x86_64-linux-gnu/libopencv_dnn_objdetect.so.4.5.4d /usr/lib/x86_64-linux-gnu/libopencv_dnn_superres.so.4.5.4d /usr/lib/x86_64-linux-gnu/libopencv_dpm.so.4.5.4d /usr/lib/x86_64-linux-gnu/libopencv_face.so.4.5.4d /usr/lib/x86_64-linux-gnu/libopencv_freetype.so.4.5.4d /usr/lib/x86_64-linux-gnu/libopencv_fuzzy.so.4.5.4d /usr/lib/x86_64-linux-gnu/libopencv_hdf.so.4.5.4d /usr/lib/x86_64-linux-gnu/libopencv_hfs.so.4.5.4d /usr/lib/x86_64-linux-gnu/libopencv_img_hash.so.4.5.4d /usr/lib/x86_64-linux-gnu/libopencv_intensity_transform.so.4.5.4d /usr/lib/x86_64-linux-gnu/libopencv_line_descriptor.so.4.5.4d /usr/lib/x86_64-linux-gnu/libopencv_mcc.so.4.5.4d /usr/lib/x86_64-linux-gnu/libopencv_quality.so.4.5.4d /usr/lib/x86_64-linux-gnu/libopencv_rapid.so.4.5.4d /usr/lib/x86_64-linux-gnu/libopencv_reg.so.4.5.4d /usr/lib/x86_64-linux-gnu/libopencv_rgbd.so.4.5.4d /usr/lib/x86_64-linux-gnu/libopencv_saliency.so.4.5.4d /usr/lib/x86_64-linux-gnu/libopencv_shape.so.4.5.4d /usr/lib/x86_64-linux-gnu/libopencv_stereo.so.4.5.4d /usr/lib/x86_64-linux-gnu/libopencv_structured_light.so.4.5.4d /usr/lib/x86_64-linux-gnu/libopencv_superres.so.4.5.4d /usr/lib/x86_64-linux-gnu/libopencv_surface_matching.so.4.5.4d /usr/lib/x86_64-linux-gnu/libopencv_tracking.so.4.5.4d /usr/lib/x86_64-linux-gnu/libopencv_videostab.so.4.5.4d /usr/lib/x86_64-linux-gnu/libopencv_viz.so.4.5.4d /usr/lib/x86_64-linux-gnu/libopencv_wechat_qrcode.so.4.5.4d /usr/lib/x86_64-linux-gnu/libopencv_xobjdetect.so.4.5.4d /usr/lib/x86_64-linux-gnu/libopencv_xphoto.so.4.5.4d /usr/lib/x86_64-linux-gnu/libcurl.so /opt/ros/humble/lib/libmessage_filters.so /opt/ros/humble/lib/librclcpp.so /opt/ros/humble/lib/liblibstatistics_collector.so /opt/ros/humble/lib/librcl.so /opt/ros/humble/lib/librmw_implementation.so /opt/ros/humble/lib/libament_index_cpp.so /opt/ros/humble/lib/librcl_logging_spdlog.so /opt/ros/humble/lib/librcl_logging_interface.so /opt/ros/humble/lib/librcl_interfaces__rosidl_typesupport_fastrtps_c.so /opt/ros/humble/lib/librcl_interfaces__rosidl_typesupport_introspection_c.so /opt/ros/humble/lib/librcl_interfaces__rosidl_typesupport_fastrtps_cpp.so /opt/ros/humble/lib/librcl_interfaces__rosidl_typesupport_introspection_cpp.so /opt/ros/humble/lib/librcl_interfaces__rosidl_typesupport_cpp.so /opt/ros/humble/lib/librcl_interfaces__rosidl_generator_py.so /opt/ros/humble/lib/librcl_interfaces__rosidl_typesupport_c.so /opt/ros/humble/lib/librcl_interfaces__rosidl_generator_c.so /opt/ros/humble/lib/librcl_yaml_param_parser.so /opt/ros/humble/lib/libyaml.so /opt/ros/humble/lib/librosgraph_msgs__rosidl_typesupport_fastrtps_c.so /opt/ros/humble/lib/librosgraph_msgs__rosidl_typesupport_fastrtps_cpp.so /opt/ros/humble/lib/librosgraph_msgs__rosidl_typesupport_introspection_c.so /opt/ros/humble/lib/librosgraph_msgs__rosidl_typesupport_introspection_cpp.so /opt/ros/humble/lib/librosgraph_msgs__rosidl_typesupport_cpp.so /opt/ros/humble/lib/librosgraph_msgs__rosidl_generator_py.so /opt/ros/humble/lib/librosgraph_msgs__rosidl_typesupport_c.so /opt/ros/humble/lib/librosgraph_msgs__rosidl_generator_c.so /opt/ros/humble/lib/libstatistics_msgs__rosidl_typesupport_fastrtps_c.so /opt/ros/humble/lib/libstatistics_msgs__rosidl_typesupport_fastrtps_cpp.so /opt/ros/humble/lib/libstatistics_msgs__rosidl_typesupport_introspection_c.so /opt/ros/humble/lib/libstatistics_msgs__rosidl_typesupport_introspection_cpp.so /opt/ros/humble/lib/libstatistics_msgs__rosidl_typesupport_cpp.so /opt/ros/humble/lib/libstatistics_msgs__rosidl_generator_py.so /opt/ros/humble/lib/libstatistics_msgs__rosidl_typesupport_c.so /opt/ros/humble/lib/libstatistics_msgs__rosidl_generator_c.so /opt/ros/humble/lib/libtracetools.so /opt/ros/humble/lib/libsensor_msgs__rosidl_typesupport_fastrtps_c.so /opt/ros/humble/lib/libgeometry_msgs__rosidl_typesupport_fastrtps_c.so /opt/ros/humble/lib/libstd_msgs__rosidl_typesupport_fastrtps_c.so /opt/ros/humble/lib/libbuiltin_interfaces__rosidl_typesupport_fastrtps_c.so /opt/ros/humble/lib/librosidl_typesupport_fastrtps_c.so /opt/ros/humble/lib/libsensor_msgs__rosidl_typesupport_fastrtps_cpp.so /opt/ros/humble/lib/libgeometry_msgs__rosidl_typesupport_fastrtps_cpp.so /opt/ros/humble/lib/libstd_msgs__rosidl_typesupport_fastrtps_cpp.so /opt/ros/humble/lib/libbuiltin_interfaces__rosidl_typesupport_fastrtps_cpp.so /opt/ros/humble/lib/librosidl_typesupport_fastrtps_cpp.so /opt/ros/humble/lib/libfastcdr.so.1.0.24 /opt/ros/humble/lib/librmw.so /opt/ros/humble/lib/libsensor_msgs__rosidl_typesupport_introspection_c.so /opt/ros/humble/lib/libgeometry_msgs__rosidl_typesupport_introspection_c.so /opt/ros/humble/lib/libstd_msgs__rosidl_typesupport_introspection_c.so /opt/ros/humble/lib/libbuiltin_interfaces__rosidl_typesupport_introspection_c.so /opt/ros/humble/lib/libsensor_msgs__rosidl_typesupport_introspection_cpp.so /opt/ros/humble/lib/libgeometry_msgs__rosidl_typesupport_introspection_cpp.so /opt/ros/humble/lib/libstd_msgs__rosidl_typesupport_introspection_cpp.so /opt/ros/humble/lib/libbuiltin_interfaces__rosidl_typesupport_introspection_cpp.so /opt/ros/humble/lib/librosidl_typesupport_introspection_cpp.so /opt/ros/humble/lib/librosidl_typesupport_introspection_c.so /opt/ros/humble/lib/libsensor_msgs__rosidl_generator_py.so /opt/ros/humble/lib/libsensor_msgs__rosidl_typesupport_c.so /opt/ros/humble/lib/libsensor_msgs__rosidl_generator_c.so /opt/ros/humble/lib/libgeometry_msgs__rosidl_generator_py.so /opt/ros/humble/lib/libgeometry_msgs__rosidl_typesupport_c.so /opt/ros/humble/lib/libgeometry_msgs__rosidl_generator_c.so /opt/ros/humble/lib/libstd_msgs__rosidl_generator_py.so /opt/ros/humble/lib/libbuiltin_interfaces__rosidl_generator_py.so /opt/ros/humble/lib/libstd_msgs__rosidl_typesupport_c.so /opt/ros/humble/lib/libbuiltin_interfaces__rosidl_typesupport_c.so /opt/ros/humble/lib/libstd_msgs__rosidl_generator_c.so /opt/ros/humble/lib/libbuiltin_interfaces__rosidl_generator_c.so /usr/lib/x86_64-linux-gnu/libpython3.10.so /opt/ros/humble/lib/libsensor_msgs__rosidl_typesupport_cpp.so /opt/ros/humble/lib/libgeometry_msgs__rosidl_typesupport_cpp.so /opt/ros/humble/lib/libstd_msgs__rosidl_typesupport_cpp.so /opt/ros/humble/lib/libbuiltin_interfaces__rosidl_typesupport_cpp.so /opt/ros/humble/lib/librosidl_typesupport_cpp.so /opt/ros/humble/lib/librosidl_typesupport_c.so /opt/ros/humble/lib/librosidl_runtime_c.so /opt/ros/humble/lib/librcpputils.so /opt/ros/humble/lib/librcutils.so /usr/lib/x86_64-linux-gnu/libopencv_highgui.so.4.5.4d /usr/lib/x86_64-linux-gnu/libopencv_datasets.so.4.5.4d /usr/lib/x86_64-linux-gnu/libopencv_plot.so.4.5.4d /usr/lib/x86_64-linux-gnu/libopencv_text.so.4.5.4d /usr/lib/x86_64-linux-gnu/libopencv_ml.so.4.5.4d /usr/lib/x86_64-linux-gnu/libopencv_phase_unwrapping.so.4.5.4d /usr/lib/x86_64-linux-gnu/libopencv_optflow.so.4.5.4d /usr/lib/x86_64-linux-gnu/libopencv_ximgproc.so.4.5.4d /usr/lib/x86_64-linux-gnu/libopencv_video.so.4.5.4d /usr/lib/x86_64-linux-gnu/libopencv_videoio.so.4.5.4d /usr/lib/x86_64-linux-gnu/libopencv_imgcodecs.so.4.5.4d /usr/lib/x86_64-linux-gnu/libopencv_objdetect.so.4.5.4d /usr/lib/x86_64-linux-gnu/libopencv_calib3d.so.4.5.4d /usr/lib/x86_64-linux-gnu/libopencv_dnn.so.4.5.4d /usr/lib/x86_64-linux-gnu/libopencv_features2d.so.4.5.4d /usr/lib/x86_64-linux-gnu/libopencv_flann.so.4.5.4d /usr/lib/x86_64-linux-gnu/libopencv_photo.so.4.5.4d /usr/lib/x86_64-linux-gnu/libopencv_imgproc.so.4.5.4d /usr/lib/x86_64-linux-gnu/libopencv_core.so.4.5.4d -ldl 
gmake[2]: 离开目录“/home/pl/ros2_ws1/build/sdk_topic_cpp”
[ 70%] Built target t1
[ 80%] [32m[1mLinking CXX executable se[0m
/usr/bin/cmake -E cmake_link_script CMakeFiles/se.dir/link.txt --verbose=1
/usr/bin/c++ CMakeFiles/se.dir/src/se.cpp.o -o se  -Wl,-rpath,/opt/ros/humble/lib:/opt/MVS/lib/64: /opt/ros/humble/lib/librclcpp.so /opt/ros/humble/lib/libsensor_msgs__rosidl_typesupport_fastrtps_c.so /opt/ros/humble/lib/libsensor_msgs__rosidl_typesupport_fastrtps_cpp.so /opt/ros/humble/lib/libsensor_msgs__rosidl_typesupport_introspection_c.so /opt/ros/humble/lib/libsensor_msgs__rosidl_typesupport_introspection_cpp.so /opt/ros/humble/lib/libsensor_msgs__rosidl_generator_py.so /opt/MVS/lib/64/libMvCameraControl.so -ldl /usr/lib/x86_64-linux-gnu/libcurl.so /opt/ros/humble/lib/liblibstatistics_collector.so /opt/ros/humble/lib/librcl.so /opt/ros/humble/lib/librmw_implementation.so /opt/ros/humble/lib/libament_index_cpp.so /opt/ros/humble/lib/librcl_logging_spdlog.so /opt/ros/humble/lib/librcl_logging_interface.so /opt/ros/humble/lib/librcl_interfaces__rosidl_typesupport_fastrtps_c.so /opt/ros/humble/lib/librcl_interfaces__rosidl_typesupport_introspection_c.so /opt/ros/humble/lib/librcl_interfaces__rosidl_typesupport_fastrtps_cpp.so /opt/ros/humble/lib/librcl_interfaces__rosidl_typesupport_introspection_cpp.so /opt/ros/humble/lib/librcl_interfaces__rosidl_typesupport_cpp.so /opt/ros/humble/lib/librcl_interfaces__rosidl_generator_py.so /opt/ros/humble/lib/librcl_interfaces__rosidl_typesupport_c.so /opt/ros/humble/lib/librcl_interfaces__rosidl_generator_c.so /opt/ros/humble/lib/librcl_yaml_param_parser.so /opt/ros/humble/lib/libyaml.so /opt/ros/humble/lib/librosgraph_msgs__rosidl_typesupport_fastrtps_c.so /opt/ros/humble/lib/librosgraph_msgs__rosidl_typesupport_fastrtps_cpp.so /opt/ros/humble/lib/librosgraph_msgs__rosidl_typesupport_introspection_c.so /opt/ros/humble/lib/librosgraph_msgs__rosidl_typesupport_introspection_cpp.so /opt/ros/humble/lib/librosgraph_msgs__rosidl_typesupport_cpp.so /opt/ros/humble/lib/librosgraph_msgs__rosidl_generator_py.so /opt/ros/humble/lib/librosgraph_msgs__rosidl_typesupport_c.so /opt/ros/humble/lib/librosgraph_msgs__rosidl_generator_c.so /opt/ros/humble/lib/libstatistics_msgs__rosidl_typesupport_fastrtps_c.so /opt/ros/humble/lib/libstatistics_msgs__rosidl_typesupport_fastrtps_cpp.so /opt/ros/humble/lib/libstatistics_msgs__rosidl_typesupport_introspection_c.so /opt/ros/humble/lib/libstatistics_msgs__rosidl_typesupport_introspection_cpp.so /opt/ros/humble/lib/libstatistics_msgs__rosidl_typesupport_cpp.so /opt/ros/humble/lib/libstatistics_msgs__rosidl_generator_py.so /opt/ros/humble/lib/libstatistics_msgs__rosidl_typesupport_c.so /opt/ros/humble/lib/libstatistics_msgs__rosidl_generator_c.so /opt/ros/humble/lib/libtracetools.so /opt/ros/humble/lib/libgeometry_msgs__rosidl_typesupport_fastrtps_c.so /opt/ros/humble/lib/libstd_msgs__rosidl_typesupport_fastrtps_c.so /opt/ros/humble/lib/libbuiltin_interfaces__rosidl_typesupport_fastrtps_c.so /opt/ros/humble/lib/librosidl_typesupport_fastrtps_c.so /opt/ros/humble/lib/libgeometry_msgs__rosidl_typesupport_fastrtps_cpp.so /opt/ros/humble/lib/libstd_msgs__rosidl_typesupport_fastrtps_cpp.so /opt/ros/humble/lib/libbuiltin_interfaces__rosidl_typesupport_fastrtps_cpp.so /opt/ros/humble/lib/librosidl_typesupport_fastrtps_cpp.so /opt/ros/humble/lib/libfastcdr.so.1.0.24 /opt/ros/humble/lib/librmw.so /opt/ros/humble/lib/libgeometry_msgs__rosidl_typesupport_introspection_c.so /opt/ros/humble/lib/libstd_msgs__rosidl_typesupport_introspection_c.so /opt/ros/humble/lib/libbuiltin_interfaces__rosidl_typesupport_introspection_c.so /opt/ros/humble/lib/libgeometry_msgs__rosidl_typesupport_introspection_cpp.so /opt/ros/humble/lib/libstd_msgs__rosidl_typesupport_introspection_cpp.so /opt/ros/humble/lib/libbuiltin_interfaces__rosidl_typesupport_introspection_cpp.so /opt/ros/humble/lib/librosidl_typesupport_introspection_cpp.so /opt/ros/humble/lib/librosidl_typesupport_introspection_c.so /opt/ros/humble/lib/libsensor_msgs__rosidl_typesupport_c.so /opt/ros/humble/lib/libsensor_msgs__rosidl_generator_c.so /opt/ros/humble/lib/libgeometry_msgs__rosidl_generator_py.so /opt/ros/humble/lib/libgeometry_msgs__rosidl_typesupport_c.so /opt/ros/humble/lib/libgeometry_msgs__rosidl_generator_c.so /opt/ros/humble/lib/libstd_msgs__rosidl_generator_py.so /opt/ros/humble/lib/libbuiltin_interfaces__rosidl_generator_py.so /opt/ros/humble/lib/libstd_msgs__rosidl_typesupport_c.so /opt/ros/humble/lib/libbuiltin_interfaces__rosidl_typesupport_c.so /opt/ros/humble/lib/libstd_msgs__rosidl_generator_c.so /opt/ros/humble/lib/libbuiltin_interfaces__rosidl_generator_c.so /usr/lib/x86_64-linux-gnu/libpython3.10.so /opt/ros/humble/lib/libsensor_msgs__rosidl_typesupport_cpp.so /opt/ros/humble/lib/libgeometry_msgs__rosidl_typesupport_cpp.so /opt/ros/humble/lib/libstd_msgs__rosidl_typesupport_cpp.so /opt/ros/humble/lib/libbuiltin_interfaces__rosidl_typesupport_cpp.so /opt/ros/humble/lib/librosidl_typesupport_cpp.so /opt/ros/humble/lib/librosidl_typesupport_c.so /opt/ros/humble/lib/librcpputils.so /opt/ros/humble/lib/librosidl_runtime_c.so /opt/ros/humble/lib/librcutils.so -ldl 
gmake[2]: 离开目录“/home/pl/ros2_ws1/build/sdk_topic_cpp”
[ 80%] Built target se
[ 90%] [32m[1mLinking CXX executable camera_publisher[0m
/usr/bin/cmake -E cmake_link_script CMakeFiles/camera_publisher.dir/link.txt --verbose=1
/usr/bin/c++ CMakeFiles/camera_publisher.dir/src/camera_publisher.cpp.o -o camera_publisher  -Wl,-rpath,/opt/ros/humble/lib/x86_64-linux-gnu:/opt/ros/humble/lib:/opt/MVS/lib/64: /opt/ros/humble/lib/x86_64-linux-gnu/libimage_transport.so /opt/ros/humble/lib/libcv_bridge.so /opt/MVS/lib/64/libMvCameraControl.so -ldl /usr/lib/x86_64-linux-gnu/libopencv_stitching.so.4.5.4d /usr/lib/x86_64-linux-gnu/libopencv_alphamat.so.4.5.4d /usr/lib/x86_64-linux-gnu/libopencv_aruco.so.4.5.4d /usr/lib/x86_64-linux-gnu/libopencv_barcode.so.4.5.4d /usr/lib/x86_64-linux-gnu/libopencv_bgsegm.so.4.5.4d /usr/lib/x86_64-linux-gnu/libopencv_bioinspired.so.4.5.4d /usr/lib/x86_64-linux-gnu/libopencv_ccalib.so.4.5.4d /usr/lib/x86_64-linux-gnu/libopencv_dnn_objdetect.so.4.5.4d /usr/lib/x86_64-linux-gnu/libopencv_dnn_superres.so.4.5.4d /usr/lib/x86_64-linux-gnu/libopencv_dpm.so.4.5.4d /usr/lib/x86_64-linux-gnu/libopencv_face.so.4.5.4d /usr/lib/x86_64-linux-gnu/libopencv_freetype.so.4.5.4d /usr/lib/x86_64-linux-gnu/libopencv_fuzzy.so.4.5.4d /usr/lib/x86_64-linux-gnu/libopencv_hdf.so.4.5.4d /usr/lib/x86_64-linux-gnu/libopencv_hfs.so.4.5.4d /usr/lib/x86_64-linux-gnu/libopencv_img_hash.so.4.5.4d /usr/lib/x86_64-linux-gnu/libopencv_intensity_transform.so.4.5.4d /usr/lib/x86_64-linux-gnu/libopencv_line_descriptor.so.4.5.4d /usr/lib/x86_64-linux-gnu/libopencv_mcc.so.4.5.4d /usr/lib/x86_64-linux-gnu/libopencv_quality.so.4.5.4d /usr/lib/x86_64-linux-gnu/libopencv_rapid.so.4.5.4d /usr/lib/x86_64-linux-gnu/libopencv_reg.so.4.5.4d /usr/lib/x86_64-linux-gnu/libopencv_rgbd.so.4.5.4d /usr/lib/x86_64-linux-gnu/libopencv_saliency.so.4.5.4d /usr/lib/x86_64-linux-gnu/libopencv_shape.so.4.5.4d /usr/lib/x86_64-linux-gnu/libopencv_stereo.so.4.5.4d /usr/lib/x86_64-linux-gnu/libopencv_structured_light.so.4.5.4d /usr/lib/x86_64-linux-gnu/libopencv_superres.so.4.5.4d /usr/lib/x86_64-linux-gnu/libopencv_surface_matching.so.4.5.4d /usr/lib/x86_64-linux-gnu/libopencv_tracking.so.4.5.4d /usr/lib/x86_64-linux-gnu/libopencv_videostab.so.4.5.4d /usr/lib/x86_64-linux-gnu/libopencv_viz.so.4.5.4d /usr/lib/x86_64-linux-gnu/libopencv_wechat_qrcode.so.4.5.4d /usr/lib/x86_64-linux-gnu/libopencv_xobjdetect.so.4.5.4d /usr/lib/x86_64-linux-gnu/libopencv_xphoto.so.4.5.4d /usr/lib/x86_64-linux-gnu/libcurl.so /opt/ros/humble/lib/libmessage_filters.so /opt/ros/humble/lib/librclcpp.so /opt/ros/humble/lib/liblibstatistics_collector.so /opt/ros/humble/lib/librcl.so /opt/ros/humble/lib/librmw_implementation.so /opt/ros/humble/lib/libament_index_cpp.so /opt/ros/humble/lib/librcl_logging_spdlog.so /opt/ros/humble/lib/librcl_logging_interface.so /opt/ros/humble/lib/librcl_interfaces__rosidl_typesupport_fastrtps_c.so /opt/ros/humble/lib/librcl_interfaces__rosidl_typesupport_introspection_c.so /opt/ros/humble/lib/librcl_interfaces__rosidl_typesupport_fastrtps_cpp.so /opt/ros/humble/lib/librcl_interfaces__rosidl_typesupport_introspection_cpp.so /opt/ros/humble/lib/librcl_interfaces__rosidl_typesupport_cpp.so /opt/ros/humble/lib/librcl_interfaces__rosidl_generator_py.so /opt/ros/humble/lib/librcl_interfaces__rosidl_typesupport_c.so /opt/ros/humble/lib/librcl_interfaces__rosidl_generator_c.so /opt/ros/humble/lib/librcl_yaml_param_parser.so /opt/ros/humble/lib/libyaml.so /opt/ros/humble/lib/librosgraph_msgs__rosidl_typesupport_fastrtps_c.so /opt/ros/humble/lib/librosgraph_msgs__rosidl_typesupport_fastrtps_cpp.so /opt/ros/humble/lib/librosgraph_msgs__rosidl_typesupport_introspection_c.so /opt/ros/humble/lib/librosgraph_msgs__rosidl_typesupport_introspection_cpp.so /opt/ros/humble/lib/librosgraph_msgs__rosidl_typesupport_cpp.so /opt/ros/humble/lib/librosgraph_msgs__rosidl_generator_py.so /opt/ros/humble/lib/librosgraph_msgs__rosidl_typesupport_c.so /opt/ros/humble/lib/librosgraph_msgs__rosidl_generator_c.so /opt/ros/humble/lib/libstatistics_msgs__rosidl_typesupport_fastrtps_c.so /opt/ros/humble/lib/libstatistics_msgs__rosidl_typesupport_fastrtps_cpp.so /opt/ros/humble/lib/libstatistics_msgs__rosidl_typesupport_introspection_c.so /opt/ros/humble/lib/libstatistics_msgs__rosidl_typesupport_introspection_cpp.so /opt/ros/humble/lib/libstatistics_msgs__rosidl_typesupport_cpp.so /opt/ros/humble/lib/libstatistics_msgs__rosidl_generator_py.so /opt/ros/humble/lib/libstatistics_msgs__rosidl_typesupport_c.so /opt/ros/humble/lib/libstatistics_msgs__rosidl_generator_c.so /opt/ros/humble/lib/libtracetools.so /opt/ros/humble/lib/libsensor_msgs__rosidl_typesupport_fastrtps_c.so /opt/ros/humble/lib/libgeometry_msgs__rosidl_typesupport_fastrtps_c.so /opt/ros/humble/lib/libstd_msgs__rosidl_typesupport_fastrtps_c.so /opt/ros/humble/lib/libbuiltin_interfaces__rosidl_typesupport_fastrtps_c.so /opt/ros/humble/lib/librosidl_typesupport_fastrtps_c.so /opt/ros/humble/lib/libsensor_msgs__rosidl_typesupport_fastrtps_cpp.so /opt/ros/humble/lib/libgeometry_msgs__rosidl_typesupport_fastrtps_cpp.so /opt/ros/humble/lib/libstd_msgs__rosidl_typesupport_fastrtps_cpp.so /opt/ros/humble/lib/libbuiltin_interfaces__rosidl_typesupport_fastrtps_cpp.so /opt/ros/humble/lib/librosidl_typesupport_fastrtps_cpp.so /opt/ros/humble/lib/libfastcdr.so.1.0.24 /opt/ros/humble/lib/librmw.so /opt/ros/humble/lib/libsensor_msgs__rosidl_typesupport_introspection_c.so /opt/ros/humble/lib/libgeometry_msgs__rosidl_typesupport_introspection_c.so /opt/ros/humble/lib/libstd_msgs__rosidl_typesupport_introspection_c.so /opt/ros/humble/lib/libbuiltin_interfaces__rosidl_typesupport_introspection_c.so /opt/ros/humble/lib/libsensor_msgs__rosidl_typesupport_introspection_cpp.so /opt/ros/humble/lib/libgeometry_msgs__rosidl_typesupport_introspection_cpp.so /opt/ros/humble/lib/libstd_msgs__rosidl_typesupport_introspection_cpp.so /opt/ros/humble/lib/libbuiltin_interfaces__rosidl_typesupport_introspection_cpp.so /opt/ros/humble/lib/librosidl_typesupport_introspection_cpp.so /opt/ros/humble/lib/librosidl_typesupport_introspection_c.so /opt/ros/humble/lib/libsensor_msgs__rosidl_generator_py.so /opt/ros/humble/lib/libsensor_msgs__rosidl_typesupport_c.so /opt/ros/humble/lib/libsensor_msgs__rosidl_generator_c.so /opt/ros/humble/lib/libgeometry_msgs__rosidl_generator_py.so /opt/ros/humble/lib/libgeometry_msgs__rosidl_typesupport_c.so /opt/ros/humble/lib/libgeometry_msgs__rosidl_generator_c.so /opt/ros/humble/lib/libstd_msgs__rosidl_generator_py.so /opt/ros/humble/lib/libbuiltin_interfaces__rosidl_generator_py.so /opt/ros/humble/lib/libstd_msgs__rosidl_typesupport_c.so /opt/ros/humble/lib/libbuiltin_interfaces__rosidl_typesupport_c.so /opt/ros/humble/lib/libstd_msgs__rosidl_generator_c.so /opt/ros/humble/lib/libbuiltin_interfaces__rosidl_generator_c.so /usr/lib/x86_64-linux-gnu/libpython3.10.so /opt/ros/humble/lib/libsensor_msgs__rosidl_typesupport_cpp.so /opt/ros/humble/lib/libgeometry_msgs__rosidl_typesupport_cpp.so /opt/ros/humble/lib/libstd_msgs__rosidl_typesupport_cpp.so /opt/ros/humble/lib/libbuiltin_interfaces__rosidl_typesupport_cpp.so /opt/ros/humble/lib/librosidl_typesupport_cpp.so /opt/ros/humble/lib/librosidl_typesupport_c.so /opt/ros/humble/lib/librosidl_runtime_c.so /opt/ros/humble/lib/librcpputils.so /opt/ros/humble/lib/librcutils.so /usr/lib/x86_64-linux-gnu/libopencv_highgui.so.4.5.4d /usr/lib/x86_64-linux-gnu/libopencv_datasets.so.4.5.4d /usr/lib/x86_64-linux-gnu/libopencv_plot.so.4.5.4d /usr/lib/x86_64-linux-gnu/libopencv_text.so.4.5.4d /usr/lib/x86_64-linux-gnu/libopencv_ml.so.4.5.4d /usr/lib/x86_64-linux-gnu/libopencv_phase_unwrapping.so.4.5.4d /usr/lib/x86_64-linux-gnu/libopencv_optflow.so.4.5.4d /usr/lib/x86_64-linux-gnu/libopencv_ximgproc.so.4.5.4d /usr/lib/x86_64-linux-gnu/libopencv_video.so.4.5.4d /usr/lib/x86_64-linux-gnu/libopencv_videoio.so.4.5.4d /usr/lib/x86_64-linux-gnu/libopencv_imgcodecs.so.4.5.4d /usr/lib/x86_64-linux-gnu/libopencv_objdetect.so.4.5.4d /usr/lib/x86_64-linux-gnu/libopencv_calib3d.so.4.5.4d /usr/lib/x86_64-linux-gnu/libopencv_dnn.so.4.5.4d /usr/lib/x86_64-linux-gnu/libopencv_features2d.so.4.5.4d /usr/lib/x86_64-linux-gnu/libopencv_flann.so.4.5.4d /usr/lib/x86_64-linux-gnu/libopencv_photo.so.4.5.4d /usr/lib/x86_64-linux-gnu/libopencv_imgproc.so.4.5.4d /usr/lib/x86_64-linux-gnu/libopencv_core.so.4.5.4d -ldl 
gmake[2]: 离开目录“/home/pl/ros2_ws1/build/sdk_topic_cpp”
[ 90%] Built target camera_publisher
[100%] [32m[1mLinking CXX executable chu[0m
/usr/bin/cmake -E cmake_link_script CMakeFiles/chu.dir/link.txt --verbose=1
/usr/bin/c++ CMakeFiles/chu.dir/src/chu.cpp.o -o chu  -Wl,-rpath,/opt/ros/humble/lib:/opt/MVS/lib/64: /opt/ros/humble/lib/librclcpp.so /opt/ros/humble/lib/libcv_bridge.so /opt/MVS/lib/64/libMvCameraControl.so -ldl /usr/lib/x86_64-linux-gnu/libopencv_stitching.so.4.5.4d /usr/lib/x86_64-linux-gnu/libopencv_alphamat.so.4.5.4d /usr/lib/x86_64-linux-gnu/libopencv_aruco.so.4.5.4d /usr/lib/x86_64-linux-gnu/libopencv_barcode.so.4.5.4d /usr/lib/x86_64-linux-gnu/libopencv_bgsegm.so.4.5.4d /usr/lib/x86_64-linux-gnu/libopencv_bioinspired.so.4.5.4d /usr/lib/x86_64-linux-gnu/libopencv_ccalib.so.4.5.4d /usr/lib/x86_64-linux-gnu/libopencv_dnn_objdetect.so.4.5.4d /usr/lib/x86_64-linux-gnu/libopencv_dnn_superres.so.4.5.4d /usr/lib/x86_64-linux-gnu/libopencv_dpm.so.4.5.4d /usr/lib/x86_64-linux-gnu/libopencv_face.so.4.5.4d /usr/lib/x86_64-linux-gnu/libopencv_freetype.so.4.5.4d /usr/lib/x86_64-linux-gnu/libopencv_fuzzy.so.4.5.4d /usr/lib/x86_64-linux-gnu/libopencv_hdf.so.4.5.4d /usr/lib/x86_64-linux-gnu/libopencv_hfs.so.4.5.4d /usr/lib/x86_64-linux-gnu/libopencv_img_hash.so.4.5.4d /usr/lib/x86_64-linux-gnu/libopencv_intensity_transform.so.4.5.4d /usr/lib/x86_64-linux-gnu/libopencv_line_descriptor.so.4.5.4d /usr/lib/x86_64-linux-gnu/libopencv_mcc.so.4.5.4d /usr/lib/x86_64-linux-gnu/libopencv_quality.so.4.5.4d /usr/lib/x86_64-linux-gnu/libopencv_rapid.so.4.5.4d /usr/lib/x86_64-linux-gnu/libopencv_reg.so.4.5.4d /usr/lib/x86_64-linux-gnu/libopencv_rgbd.so.4.5.4d /usr/lib/x86_64-linux-gnu/libopencv_saliency.so.4.5.4d /usr/lib/x86_64-linux-gnu/libopencv_shape.so.4.5.4d /usr/lib/x86_64-linux-gnu/libopencv_stereo.so.4.5.4d /usr/lib/x86_64-linux-gnu/libopencv_structured_light.so.4.5.4d /usr/lib/x86_64-linux-gnu/libopencv_superres.so.4.5.4d /usr/lib/x86_64-linux-gnu/libopencv_surface_matching.so.4.5.4d /usr/lib/x86_64-linux-gnu/libopencv_tracking.so.4.5.4d /usr/lib/x86_64-linux-gnu/libopencv_videostab.so.4.5.4d /usr/lib/x86_64-linux-gnu/libopencv_viz.so.4.5.4d /usr/lib/x86_64-linux-gnu/libopencv_wechat_qrcode.so.4.5.4d /usr/lib/x86_64-linux-gnu/libopencv_xobjdetect.so.4.5.4d /usr/lib/x86_64-linux-gnu/libopencv_xphoto.so.4.5.4d /usr/lib/x86_64-linux-gnu/libcurl.so /opt/ros/humble/lib/liblibstatistics_collector.so /opt/ros/humble/lib/librcl.so /opt/ros/humble/lib/librmw_implementation.so /opt/ros/humble/lib/libament_index_cpp.so /opt/ros/humble/lib/librcl_logging_spdlog.so /opt/ros/humble/lib/librcl_logging_interface.so /opt/ros/humble/lib/librcl_interfaces__rosidl_typesupport_fastrtps_c.so /opt/ros/humble/lib/librcl_interfaces__rosidl_typesupport_introspection_c.so /opt/ros/humble/lib/librcl_interfaces__rosidl_typesupport_fastrtps_cpp.so /opt/ros/humble/lib/librcl_interfaces__rosidl_typesupport_introspection_cpp.so /opt/ros/humble/lib/librcl_interfaces__rosidl_typesupport_cpp.so /opt/ros/humble/lib/librcl_interfaces__rosidl_generator_py.so /opt/ros/humble/lib/librcl_interfaces__rosidl_typesupport_c.so /opt/ros/humble/lib/librcl_interfaces__rosidl_generator_c.so /opt/ros/humble/lib/librcl_yaml_param_parser.so /opt/ros/humble/lib/libyaml.so /opt/ros/humble/lib/librosgraph_msgs__rosidl_typesupport_fastrtps_c.so /opt/ros/humble/lib/librosgraph_msgs__rosidl_typesupport_fastrtps_cpp.so /opt/ros/humble/lib/librosgraph_msgs__rosidl_typesupport_introspection_c.so /opt/ros/humble/lib/librosgraph_msgs__rosidl_typesupport_introspection_cpp.so /opt/ros/humble/lib/librosgraph_msgs__rosidl_typesupport_cpp.so /opt/ros/humble/lib/librosgraph_msgs__rosidl_generator_py.so /opt/ros/humble/lib/librosgraph_msgs__rosidl_typesupport_c.so /opt/ros/humble/lib/librosgraph_msgs__rosidl_generator_c.so /opt/ros/humble/lib/libstatistics_msgs__rosidl_typesupport_fastrtps_c.so /opt/ros/humble/lib/libstatistics_msgs__rosidl_typesupport_fastrtps_cpp.so /opt/ros/humble/lib/libstatistics_msgs__rosidl_typesupport_introspection_c.so /opt/ros/humble/lib/libstatistics_msgs__rosidl_typesupport_introspection_cpp.so /opt/ros/humble/lib/libstatistics_msgs__rosidl_typesupport_cpp.so /opt/ros/humble/lib/libstatistics_msgs__rosidl_generator_py.so /opt/ros/humble/lib/libstatistics_msgs__rosidl_typesupport_c.so /opt/ros/humble/lib/libstatistics_msgs__rosidl_generator_c.so /opt/ros/humble/lib/libtracetools.so /opt/ros/humble/lib/libsensor_msgs__rosidl_typesupport_fastrtps_c.so /opt/ros/humble/lib/libgeometry_msgs__rosidl_typesupport_fastrtps_c.so /opt/ros/humble/lib/libstd_msgs__rosidl_typesupport_fastrtps_c.so /opt/ros/humble/lib/libbuiltin_interfaces__rosidl_typesupport_fastrtps_c.so /opt/ros/humble/lib/librosidl_typesupport_fastrtps_c.so /opt/ros/humble/lib/libsensor_msgs__rosidl_typesupport_fastrtps_cpp.so /opt/ros/humble/lib/libgeometry_msgs__rosidl_typesupport_fastrtps_cpp.so /opt/ros/humble/lib/libstd_msgs__rosidl_typesupport_fastrtps_cpp.so /opt/ros/humble/lib/libbuiltin_interfaces__rosidl_typesupport_fastrtps_cpp.so /opt/ros/humble/lib/librosidl_typesupport_fastrtps_cpp.so /opt/ros/humble/lib/libfastcdr.so.1.0.24 /opt/ros/humble/lib/librmw.so /opt/ros/humble/lib/libsensor_msgs__rosidl_typesupport_introspection_c.so /opt/ros/humble/lib/libgeometry_msgs__rosidl_typesupport_introspection_c.so /opt/ros/humble/lib/libstd_msgs__rosidl_typesupport_introspection_c.so /opt/ros/humble/lib/libbuiltin_interfaces__rosidl_typesupport_introspection_c.so /opt/ros/humble/lib/libsensor_msgs__rosidl_typesupport_introspection_cpp.so /opt/ros/humble/lib/libgeometry_msgs__rosidl_typesupport_introspection_cpp.so /opt/ros/humble/lib/libstd_msgs__rosidl_typesupport_introspection_cpp.so /opt/ros/humble/lib/libbuiltin_interfaces__rosidl_typesupport_introspection_cpp.so /opt/ros/humble/lib/librosidl_typesupport_introspection_cpp.so /opt/ros/humble/lib/librosidl_typesupport_introspection_c.so /opt/ros/humble/lib/libsensor_msgs__rosidl_generator_py.so /opt/ros/humble/lib/libsensor_msgs__rosidl_typesupport_c.so /opt/ros/humble/lib/libsensor_msgs__rosidl_generator_c.so /opt/ros/humble/lib/libgeometry_msgs__rosidl_generator_py.so /opt/ros/humble/lib/libgeometry_msgs__rosidl_typesupport_c.so /opt/ros/humble/lib/libgeometry_msgs__rosidl_generator_c.so /opt/ros/humble/lib/libstd_msgs__rosidl_generator_py.so /opt/ros/humble/lib/libbuiltin_interfaces__rosidl_generator_py.so /opt/ros/humble/lib/libstd_msgs__rosidl_typesupport_c.so /opt/ros/humble/lib/libbuiltin_interfaces__rosidl_typesupport_c.so /opt/ros/humble/lib/libstd_msgs__rosidl_generator_c.so /opt/ros/humble/lib/libbuiltin_interfaces__rosidl_generator_c.so /usr/lib/x86_64-linux-gnu/libpython3.10.so /opt/ros/humble/lib/libsensor_msgs__rosidl_typesupport_cpp.so /opt/ros/humble/lib/libgeometry_msgs__rosidl_typesupport_cpp.so /opt/ros/humble/lib/libstd_msgs__rosidl_typesupport_cpp.so /opt/ros/humble/lib/libbuiltin_interfaces__rosidl_typesupport_cpp.so /opt/ros/humble/lib/librosidl_typesupport_cpp.so /opt/ros/humble/lib/librosidl_typesupport_c.so /opt/ros/humble/lib/librosidl_runtime_c.so /opt/ros/humble/lib/librcpputils.so /opt/ros/humble/lib/librcutils.so /usr/lib/x86_64-linux-gnu/libopencv_highgui.so.4.5.4d /usr/lib/x86_64-linux-gnu/libopencv_datasets.so.4.5.4d /usr/lib/x86_64-linux-gnu/libopencv_plot.so.4.5.4d /usr/lib/x86_64-linux-gnu/libopencv_text.so.4.5.4d /usr/lib/x86_64-linux-gnu/libopencv_ml.so.4.5.4d /usr/lib/x86_64-linux-gnu/libopencv_phase_unwrapping.so.4.5.4d /usr/lib/x86_64-linux-gnu/libopencv_optflow.so.4.5.4d /usr/lib/x86_64-linux-gnu/libopencv_ximgproc.so.4.5.4d /usr/lib/x86_64-linux-gnu/libopencv_video.so.4.5.4d /usr/lib/x86_64-linux-gnu/libopencv_videoio.so.4.5.4d /usr/lib/x86_64-linux-gnu/libopencv_imgcodecs.so.4.5.4d /usr/lib/x86_64-linux-gnu/libopencv_objdetect.so.4.5.4d /usr/lib/x86_64-linux-gnu/libopencv_calib3d.so.4.5.4d /usr/lib/x86_64-linux-gnu/libopencv_dnn.so.4.5.4d /usr/lib/x86_64-linux-gnu/libopencv_features2d.so.4.5.4d /usr/lib/x86_64-linux-gnu/libopencv_flann.so.4.5.4d /usr/lib/x86_64-linux-gnu/libopencv_photo.so.4.5.4d /usr/lib/x86_64-linux-gnu/libopencv_imgproc.so.4.5.4d /usr/lib/x86_64-linux-gnu/libopencv_core.so.4.5.4d -ldl 
gmake[2]: 离开目录“/home/pl/ros2_ws1/build/sdk_topic_cpp”
[100%] Built target chu
gmake[1]: 离开目录“/home/pl/ros2_ws1/build/sdk_topic_cpp”
/usr/bin/cmake -E cmake_progress_start /home/pl/ros2_ws1/build/sdk_topic_cpp/CMakeFiles 0
-- Install configuration: ""
-- Installing: /home/pl/ros2_ws1/install/sdk_topic_cpp/lib/sdk_topic_cpp/se
-- Set runtime path of "/home/pl/ros2_ws1/install/sdk_topic_cpp/lib/sdk_topic_cpp/se" to ""
-- Installing: /home/pl/ros2_ws1/install/sdk_topic_cpp/lib/sdk_topic_cpp/chu
-- Set runtime path of "/home/pl/ros2_ws1/install/sdk_topic_cpp/lib/sdk_topic_cpp/chu" to ""
-- Installing: /home/pl/ros2_ws1/install/sdk_topic_cpp/lib/sdk_topic_cpp/shiping
-- Set runtime path of "/home/pl/ros2_ws1/install/sdk_topic_cpp/lib/sdk_topic_cpp/shiping" to ""
-- Installing: /home/pl/ros2_ws1/install/sdk_topic_cpp/lib/sdk_topic_cpp/t1
-- Set runtime path of "/home/pl/ros2_ws1/install/sdk_topic_cpp/lib/sdk_topic_cpp/t1" to ""
-- Installing: /home/pl/ros2_ws1/install/sdk_topic_cpp/lib/sdk_topic_cpp/camera_publisher
-- Set runtime path of "/home/pl/ros2_ws1/install/sdk_topic_cpp/lib/sdk_topic_cpp/camera_publisher" to ""
-- Installing: /home/pl/ros2_ws1/install/sdk_topic_cpp/share/ament_index/resource_index/package_run_dependencies/sdk_topic_cpp
-- Installing: /home/pl/ros2_ws1/install/sdk_topic_cpp/share/ament_index/resource_index/parent_prefix_path/sdk_topic_cpp
-- Installing: /home/pl/ros2_ws1/install/sdk_topic_cpp/share/sdk_topic_cpp/environment/ament_prefix_path.sh
-- Installing: /home/pl/ros2_ws1/install/sdk_topic_cpp/share/sdk_topic_cpp/environment/ament_prefix_path.dsv
-- Installing: /home/pl/ros2_ws1/install/sdk_topic_cpp/share/sdk_topic_cpp/environment/path.sh
-- Installing: /home/pl/ros2_ws1/install/sdk_topic_cpp/share/sdk_topic_cpp/environment/path.dsv
-- Installing: /home/pl/ros2_ws1/install/sdk_topic_cpp/share/sdk_topic_cpp/local_setup.bash
-- Installing: /home/pl/ros2_ws1/install/sdk_topic_cpp/share/sdk_topic_cpp/local_setup.sh
-- Installing: /home/pl/ros2_ws1/install/sdk_topic_cpp/share/sdk_topic_cpp/local_setup.zsh
-- Installing: /home/pl/ros2_ws1/install/sdk_topic_cpp/share/sdk_topic_cpp/local_setup.dsv
-- Installing: /home/pl/ros2_ws1/install/sdk_topic_cpp/share/sdk_topic_cpp/package.dsv
-- Installing: /home/pl/ros2_ws1/install/sdk_topic_cpp/share/ament_index/resource_index/packages/sdk_topic_cpp
-- Installing: /home/pl/ros2_ws1/install/sdk_topic_cpp/share/sdk_topic_cpp/cmake/sdk_topic_cppConfig.cmake
-- Installing: /home/pl/ros2_ws1/install/sdk_topic_cpp/share/sdk_topic_cpp/cmake/sdk_topic_cppConfig-version.cmake
-- Installing: /home/pl/ros2_ws1/install/sdk_topic_cpp/share/sdk_topic_cpp/package.xml
