[0.006s] Invoking command in '/home/pl/ros2_ws1/build/sdk_topic_cpp': CMAKE_PREFIX_PATH=/opt/ros/humble DEBUGINFOD_URLS=https://debuginfod.ubuntu.com /usr/bin/cmake /home/pl/ros2_ws1/src/haik/sdk_topic_cpp -DCMAKE_VERBOSE_MAKEFILE=ON -DCMAKE_INSTALL_PREFIX=/home/pl/ros2_ws1/install/sdk_topic_cpp
[0.042s] -- The C compiler identification is GNU 11.4.0
[0.080s] -- The CXX compiler identification is GNU 11.4.0
[0.084s] -- Detecting C compiler ABI info
[0.131s] -- Detecting C compiler ABI info - done
[0.137s] -- Check for working C compiler: /usr/bin/cc - skipped
[0.137s] -- Detecting C compile features
[0.137s] -- Detecting C compile features - done
[0.139s] -- Detecting CXX compiler ABI info
[0.190s] -- Detecting CXX compiler ABI info - done
[0.194s] -- Check for working CXX compiler: /usr/bin/c++ - skipped
[0.194s] -- Detecting CXX compile features
[0.194s] -- Detecting CXX compile features - done
[0.195s] -- Found ament_cmake: 1.3.12 (/opt/ros/humble/share/ament_cmake/cmake)
[0.286s] -- Found Python3: /usr/bin/python3 (found version "3.10.12") found components: Interpreter 
[0.337s] -- Found rclcpp: 16.0.15 (/opt/ros/humble/share/rclcpp/cmake)
[0.357s] -- Found rosidl_generator_c: 3.1.7 (/opt/ros/humble/share/rosidl_generator_c/cmake)
[0.360s] -- Found rosidl_adapter: 3.1.7 (/opt/ros/humble/share/rosidl_adapter/cmake)
[0.364s] -- Found rosidl_generator_cpp: 3.1.7 (/opt/ros/humble/share/rosidl_generator_cpp/cmake)
[0.370s] -- Using all available rosidl_typesupport_c: rosidl_typesupport_fastrtps_c;rosidl_typesupport_introspection_c
[0.379s] -- Using all available rosidl_typesupport_cpp: rosidl_typesupport_fastrtps_cpp;rosidl_typesupport_introspection_cpp
[0.403s] -- Found rmw_implementation_cmake: 6.1.2 (/opt/ros/humble/share/rmw_implementation_cmake/cmake)
[0.404s] -- Found rmw_fastrtps_cpp: 6.2.8 (/opt/ros/humble/share/rmw_fastrtps_cpp/cmake)
[0.468s] -- Found OpenSSL: /usr/lib/x86_64-linux-gnu/libcrypto.so (found version "3.0.2")  
[0.484s] -- Found FastRTPS: /opt/ros/humble/include  
[0.509s] -- Using RMW implementation 'rmw_fastrtps_cpp' as default
[0.513s] -- Looking for pthread.h
[0.561s] -- Looking for pthread.h - found
[0.562s] -- Performing Test CMAKE_HAVE_LIBC_PTHREAD
[0.623s] -- Performing Test CMAKE_HAVE_LIBC_PTHREAD - Success
[0.624s] -- Found Threads: TRUE  
[0.650s] -- Found sensor_msgs: 4.9.0 (/opt/ros/humble/share/sensor_msgs/cmake)
[0.666s] -- Found image_transport: 3.1.12 (/opt/ros/humble/share/image_transport/cmake)
[0.682s] -- Found cv_bridge: 3.2.1 (/opt/ros/humble/share/cv_bridge/cmake)
[0.689s] -- Found OpenCV: /usr (found version "4.5.4") 
[0.738s] -- Found CURL: /usr/lib/x86_64-linux-gnu/libcurl.so (found version "7.81.0")  
[0.738s] -- Hik SDK include: /opt/MVS/include
[0.738s] -- Hik SDK lib:     /opt/MVS/lib/64/libMvCameraControl.so
[0.744s] -- Found ament_lint_auto: 0.12.14 (/opt/ros/humble/share/ament_lint_auto/cmake)
[0.785s] -- Added test 'cppcheck' to perform static code analysis on C / C++ code
[0.785s] -- Configured cppcheck include dirs: 
[0.785s] -- Configured cppcheck exclude dirs and/or files: 
[0.785s] -- Added test 'lint_cmake' to check CMake code style
[0.786s] -- Added test 'uncrustify' to check C / C++ code style
[0.786s] -- Configured uncrustify additional arguments: 
[0.786s] -- Added test 'xmllint' to check XML markup files
[0.787s] -- Configuring done
[0.805s] -- Generating done
[0.811s] -- Build files have been written to: /home/pl/ros2_ws1/build/sdk_topic_cpp
[0.818s] Invoked command in '/home/pl/ros2_ws1/build/sdk_topic_cpp' returned '0': CMAKE_PREFIX_PATH=/opt/ros/humble DEBUGINFOD_URLS=https://debuginfod.ubuntu.com /usr/bin/cmake /home/pl/ros2_ws1/src/haik/sdk_topic_cpp -DCMAKE_VERBOSE_MAKEFILE=ON -DCMAKE_INSTALL_PREFIX=/home/pl/ros2_ws1/install/sdk_topic_cpp
[0.819s] Invoking command in '/home/pl/ros2_ws1/build/sdk_topic_cpp': CMAKE_PREFIX_PATH=/opt/ros/humble DEBUGINFOD_URLS=https://debuginfod.ubuntu.com /usr/bin/cmake --build /home/pl/ros2_ws1/build/sdk_topic_cpp --clean-first -- -j20 -l20
[0.831s] /usr/bin/gmake  -f CMakeFiles/Makefile2 clean
[0.832s] gmake[1]: 进入目录“/home/pl/ros2_ws1/build/sdk_topic_cpp”
[0.832s] /usr/bin/gmake  -f CMakeFiles/uninstall.dir/build.make CMakeFiles/uninstall.dir/clean
[0.833s] gmake[2]: 进入目录“/home/pl/ros2_ws1/build/sdk_topic_cpp”
[0.833s] /usr/bin/cmake -P CMakeFiles/uninstall.dir/cmake_clean.cmake
[0.839s] gmake[2]: 离开目录“/home/pl/ros2_ws1/build/sdk_topic_cpp”
[0.839s] /usr/bin/gmake  -f CMakeFiles/sdk_topic_cpp_uninstall.dir/build.make CMakeFiles/sdk_topic_cpp_uninstall.dir/clean
[0.840s] gmake[2]: 进入目录“/home/pl/ros2_ws1/build/sdk_topic_cpp”
[0.841s] /usr/bin/cmake -P CMakeFiles/sdk_topic_cpp_uninstall.dir/cmake_clean.cmake
[0.847s] gmake[2]: 离开目录“/home/pl/ros2_ws1/build/sdk_topic_cpp”
[0.847s] /usr/bin/gmake  -f CMakeFiles/se.dir/build.make CMakeFiles/se.dir/clean
[0.848s] gmake[2]: 进入目录“/home/pl/ros2_ws1/build/sdk_topic_cpp”
[0.848s] /usr/bin/cmake -P CMakeFiles/se.dir/cmake_clean.cmake
[0.853s] gmake[2]: 离开目录“/home/pl/ros2_ws1/build/sdk_topic_cpp”
[0.853s] /usr/bin/gmake  -f CMakeFiles/chu.dir/build.make CMakeFiles/chu.dir/clean
[0.854s] gmake[2]: 进入目录“/home/pl/ros2_ws1/build/sdk_topic_cpp”
[0.854s] /usr/bin/cmake -P CMakeFiles/chu.dir/cmake_clean.cmake
[0.861s] gmake[2]: 离开目录“/home/pl/ros2_ws1/build/sdk_topic_cpp”
[0.861s] /usr/bin/gmake  -f CMakeFiles/shiping.dir/build.make CMakeFiles/shiping.dir/clean
[0.862s] gmake[2]: 进入目录“/home/pl/ros2_ws1/build/sdk_topic_cpp”
[0.862s] /usr/bin/cmake -P CMakeFiles/shiping.dir/cmake_clean.cmake
[0.868s] gmake[2]: 离开目录“/home/pl/ros2_ws1/build/sdk_topic_cpp”
[0.868s] /usr/bin/gmake  -f CMakeFiles/t1.dir/build.make CMakeFiles/t1.dir/clean
[0.869s] gmake[2]: 进入目录“/home/pl/ros2_ws1/build/sdk_topic_cpp”
[0.869s] /usr/bin/cmake -P CMakeFiles/t1.dir/cmake_clean.cmake
[0.874s] gmake[2]: 离开目录“/home/pl/ros2_ws1/build/sdk_topic_cpp”
[0.874s] /usr/bin/gmake  -f CMakeFiles/camera_publisher.dir/build.make CMakeFiles/camera_publisher.dir/clean
[0.875s] gmake[2]: 进入目录“/home/pl/ros2_ws1/build/sdk_topic_cpp”
[0.875s] /usr/bin/cmake -P CMakeFiles/camera_publisher.dir/cmake_clean.cmake
[0.880s] gmake[2]: 离开目录“/home/pl/ros2_ws1/build/sdk_topic_cpp”
[0.880s] gmake[1]: 离开目录“/home/pl/ros2_ws1/build/sdk_topic_cpp”
[0.886s] /usr/bin/cmake -S/home/pl/ros2_ws1/src/haik/sdk_topic_cpp -B/home/pl/ros2_ws1/build/sdk_topic_cpp --check-build-system CMakeFiles/Makefile.cmake 0
[0.894s] /usr/bin/cmake -E cmake_progress_start /home/pl/ros2_ws1/build/sdk_topic_cpp/CMakeFiles /home/pl/ros2_ws1/build/sdk_topic_cpp//CMakeFiles/progress.marks
[0.898s] /usr/bin/gmake  -f CMakeFiles/Makefile2 all
[0.899s] gmake[1]: 进入目录“/home/pl/ros2_ws1/build/sdk_topic_cpp”
[0.899s] /usr/bin/gmake  -f CMakeFiles/se.dir/build.make CMakeFiles/se.dir/depend
[0.899s] /usr/bin/gmake  -f CMakeFiles/chu.dir/build.make CMakeFiles/chu.dir/depend
[0.899s] /usr/bin/gmake  -f CMakeFiles/shiping.dir/build.make CMakeFiles/shiping.dir/depend
[0.899s] gmake[2]: 进入目录“/home/pl/ros2_ws1/build/sdk_topic_cpp”
[0.899s] cd /home/pl/ros2_ws1/build/sdk_topic_cpp && /usr/bin/cmake -E cmake_depends "Unix Makefiles" /home/pl/ros2_ws1/src/haik/sdk_topic_cpp /home/pl/ros2_ws1/src/haik/sdk_topic_cpp /home/pl/ros2_ws1/build/sdk_topic_cpp /home/pl/ros2_ws1/build/sdk_topic_cpp /home/pl/ros2_ws1/build/sdk_topic_cpp/CMakeFiles/se.dir/DependInfo.cmake --color=
[0.899s] /usr/bin/gmake  -f CMakeFiles/t1.dir/build.make CMakeFiles/t1.dir/depend
[0.899s] /usr/bin/gmake  -f CMakeFiles/camera_publisher.dir/build.make CMakeFiles/camera_publisher.dir/depend
[0.900s] gmake[2]: 进入目录“/home/pl/ros2_ws1/build/sdk_topic_cpp”
[0.900s] cd /home/pl/ros2_ws1/build/sdk_topic_cpp && /usr/bin/cmake -E cmake_depends "Unix Makefiles" /home/pl/ros2_ws1/src/haik/sdk_topic_cpp /home/pl/ros2_ws1/src/haik/sdk_topic_cpp /home/pl/ros2_ws1/build/sdk_topic_cpp /home/pl/ros2_ws1/build/sdk_topic_cpp /home/pl/ros2_ws1/build/sdk_topic_cpp/CMakeFiles/chu.dir/DependInfo.cmake --color=
[0.900s] gmake[2]: 进入目录“/home/pl/ros2_ws1/build/sdk_topic_cpp”
[0.901s] cd /home/pl/ros2_ws1/build/sdk_topic_cpp && /usr/bin/cmake -E cmake_depends "Unix Makefiles" /home/pl/ros2_ws1/src/haik/sdk_topic_cpp /home/pl/ros2_ws1/src/haik/sdk_topic_cpp /home/pl/ros2_ws1/build/sdk_topic_cpp /home/pl/ros2_ws1/build/sdk_topic_cpp /home/pl/ros2_ws1/build/sdk_topic_cpp/CMakeFiles/t1.dir/DependInfo.cmake --color=
[0.901s] gmake[2]: 进入目录“/home/pl/ros2_ws1/build/sdk_topic_cpp”
[0.901s] cd /home/pl/ros2_ws1/build/sdk_topic_cpp && /usr/bin/cmake -E cmake_depends "Unix Makefiles" /home/pl/ros2_ws1/src/haik/sdk_topic_cpp /home/pl/ros2_ws1/src/haik/sdk_topic_cpp /home/pl/ros2_ws1/build/sdk_topic_cpp /home/pl/ros2_ws1/build/sdk_topic_cpp /home/pl/ros2_ws1/build/sdk_topic_cpp/CMakeFiles/shiping.dir/DependInfo.cmake --color=
[0.901s] gmake[2]: 进入目录“/home/pl/ros2_ws1/build/sdk_topic_cpp”
[0.901s] cd /home/pl/ros2_ws1/build/sdk_topic_cpp && /usr/bin/cmake -E cmake_depends "Unix Makefiles" /home/pl/ros2_ws1/src/haik/sdk_topic_cpp /home/pl/ros2_ws1/src/haik/sdk_topic_cpp /home/pl/ros2_ws1/build/sdk_topic_cpp /home/pl/ros2_ws1/build/sdk_topic_cpp /home/pl/ros2_ws1/build/sdk_topic_cpp/CMakeFiles/camera_publisher.dir/DependInfo.cmake --color=
[0.905s] gmake[2]: 离开目录“/home/pl/ros2_ws1/build/sdk_topic_cpp”
[0.905s] /usr/bin/gmake  -f CMakeFiles/se.dir/build.make CMakeFiles/se.dir/build
[0.905s] gmake[2]: 离开目录“/home/pl/ros2_ws1/build/sdk_topic_cpp”
[0.905s] gmake[2]: 离开目录“/home/pl/ros2_ws1/build/sdk_topic_cpp”
[0.905s] /usr/bin/gmake  -f CMakeFiles/chu.dir/build.make CMakeFiles/chu.dir/build
[0.906s] /usr/bin/gmake  -f CMakeFiles/t1.dir/build.make CMakeFiles/t1.dir/build
[0.907s] gmake[2]: 进入目录“/home/pl/ros2_ws1/build/sdk_topic_cpp”
[0.907s] gmake[2]: 进入目录“/home/pl/ros2_ws1/build/sdk_topic_cpp”
[0.907s] gmake[2]: 进入目录“/home/pl/ros2_ws1/build/sdk_topic_cpp”
[0.909s] gmake[2]: 离开目录“/home/pl/ros2_ws1/build/sdk_topic_cpp”
[0.909s] gmake[2]: 离开目录“/home/pl/ros2_ws1/build/sdk_topic_cpp”
[0.909s] /usr/bin/gmake  -f CMakeFiles/camera_publisher.dir/build.make CMakeFiles/camera_publisher.dir/build
[0.909s] /usr/bin/gmake  -f CMakeFiles/shiping.dir/build.make CMakeFiles/shiping.dir/build
[0.910s] gmake[2]: 进入目录“/home/pl/ros2_ws1/build/sdk_topic_cpp”
[0.910s] gmake[2]: 进入目录“/home/pl/ros2_ws1/build/sdk_topic_cpp”
[0.912s] [ 10%] [32mBuilding CXX object CMakeFiles/t1.dir/src/t1.cpp.o[0m
[0.912s] [ 20%] [32mBuilding CXX object CMakeFiles/chu.dir/src/chu.cpp.o[0m
[0.912s] /usr/bin/c++ -DDEFAULT_RMW_IMPLEMENTATION=rmw_fastrtps_cpp -DRCUTILS_ENABLE_FAULT_INJECTION -I/opt/MVS/include -isystem /opt/ros/humble/include/rclcpp -isystem /opt/ros/humble/include/sensor_msgs -isystem /opt/ros/humble/include/image_transport -isystem /opt/ros/humble/include/cv_bridge -isystem /usr/include/opencv4 -isystem /opt/ros/humble/include/ament_index_cpp -isystem /opt/ros/humble/include/libstatistics_collector -isystem /opt/ros/humble/include/builtin_interfaces -isystem /opt/ros/humble/include/rosidl_runtime_c -isystem /opt/ros/humble/include/rcutils -isystem /opt/ros/humble/include/rosidl_typesupport_interface -isystem /opt/ros/humble/include/fastcdr -isystem /opt/ros/humble/include/rosidl_runtime_cpp -isystem /opt/ros/humble/include/rosidl_typesupport_fastrtps_cpp -isystem /opt/ros/humble/include/rmw -isystem /opt/ros/humble/include/rosidl_typesupport_fastrtps_c -isystem /opt/ros/humble/include/rosidl_typesupport_introspection_c -isystem /opt/ros/humble/include/rosidl_typesupport_introspection_cpp -isystem /opt/ros/humble/include/rcl -isystem /opt/ros/humble/include/rcl_interfaces -isystem /opt/ros/humble/include/rcl_logging_interface -isystem /opt/ros/humble/include/rcl_yaml_param_parser -isystem /opt/ros/humble/include/libyaml_vendor -isystem /opt/ros/humble/include/tracetools -isystem /opt/ros/humble/include/rcpputils -isystem /opt/ros/humble/include/statistics_msgs -isystem /opt/ros/humble/include/rosgraph_msgs -isystem /opt/ros/humble/include/rosidl_typesupport_cpp -isystem /opt/ros/humble/include/rosidl_typesupport_c -isystem /opt/ros/humble/include/geometry_msgs -isystem /opt/ros/humble/include/std_msgs -isystem /opt/ros/humble/include/message_filters -Wall -Wextra -Wpedantic -MD -MT CMakeFiles/t1.dir/src/t1.cpp.o -MF CMakeFiles/t1.dir/src/t1.cpp.o.d -o CMakeFiles/t1.dir/src/t1.cpp.o -c /home/pl/ros2_ws1/src/haik/sdk_topic_cpp/src/t1.cpp
[0.913s] /usr/bin/c++ -DDEFAULT_RMW_IMPLEMENTATION=rmw_fastrtps_cpp -DRCUTILS_ENABLE_FAULT_INJECTION -I/opt/MVS/include -isystem /opt/ros/humble/include/rclcpp -isystem /opt/ros/humble/include/sensor_msgs -isystem /opt/ros/humble/include/cv_bridge -isystem /usr/include/opencv4 -isystem /opt/ros/humble/include/ament_index_cpp -isystem /opt/ros/humble/include/libstatistics_collector -isystem /opt/ros/humble/include/builtin_interfaces -isystem /opt/ros/humble/include/rosidl_runtime_c -isystem /opt/ros/humble/include/rcutils -isystem /opt/ros/humble/include/rosidl_typesupport_interface -isystem /opt/ros/humble/include/fastcdr -isystem /opt/ros/humble/include/rosidl_runtime_cpp -isystem /opt/ros/humble/include/rosidl_typesupport_fastrtps_cpp -isystem /opt/ros/humble/include/rmw -isystem /opt/ros/humble/include/rosidl_typesupport_fastrtps_c -isystem /opt/ros/humble/include/rosidl_typesupport_introspection_c -isystem /opt/ros/humble/include/rosidl_typesupport_introspection_cpp -isystem /opt/ros/humble/include/rcl -isystem /opt/ros/humble/include/rcl_interfaces -isystem /opt/ros/humble/include/rcl_logging_interface -isystem /opt/ros/humble/include/rcl_yaml_param_parser -isystem /opt/ros/humble/include/libyaml_vendor -isystem /opt/ros/humble/include/tracetools -isystem /opt/ros/humble/include/rcpputils -isystem /opt/ros/humble/include/statistics_msgs -isystem /opt/ros/humble/include/rosgraph_msgs -isystem /opt/ros/humble/include/rosidl_typesupport_cpp -isystem /opt/ros/humble/include/rosidl_typesupport_c -isystem /opt/ros/humble/include/geometry_msgs -isystem /opt/ros/humble/include/std_msgs -Wall -Wextra -Wpedantic -MD -MT CMakeFiles/chu.dir/src/chu.cpp.o -MF CMakeFiles/chu.dir/src/chu.cpp.o.d -o CMakeFiles/chu.dir/src/chu.cpp.o -c /home/pl/ros2_ws1/src/haik/sdk_topic_cpp/src/chu.cpp
[0.915s] [ 30%] [32mBuilding CXX object CMakeFiles/se.dir/src/se.cpp.o[0m
[0.917s] /usr/bin/c++ -DDEFAULT_RMW_IMPLEMENTATION=rmw_fastrtps_cpp -DRCUTILS_ENABLE_FAULT_INJECTION -I/opt/MVS/include -isystem /opt/ros/humble/include/rclcpp -isystem /opt/ros/humble/include/sensor_msgs -isystem /opt/ros/humble/include/ament_index_cpp -isystem /opt/ros/humble/include/libstatistics_collector -isystem /opt/ros/humble/include/builtin_interfaces -isystem /opt/ros/humble/include/rosidl_runtime_c -isystem /opt/ros/humble/include/rcutils -isystem /opt/ros/humble/include/rosidl_typesupport_interface -isystem /opt/ros/humble/include/fastcdr -isystem /opt/ros/humble/include/rosidl_runtime_cpp -isystem /opt/ros/humble/include/rosidl_typesupport_fastrtps_cpp -isystem /opt/ros/humble/include/rmw -isystem /opt/ros/humble/include/rosidl_typesupport_fastrtps_c -isystem /opt/ros/humble/include/rosidl_typesupport_introspection_c -isystem /opt/ros/humble/include/rosidl_typesupport_introspection_cpp -isystem /opt/ros/humble/include/rcl -isystem /opt/ros/humble/include/rcl_interfaces -isystem /opt/ros/humble/include/rcl_logging_interface -isystem /opt/ros/humble/include/rcl_yaml_param_parser -isystem /opt/ros/humble/include/libyaml_vendor -isystem /opt/ros/humble/include/tracetools -isystem /opt/ros/humble/include/rcpputils -isystem /opt/ros/humble/include/statistics_msgs -isystem /opt/ros/humble/include/rosgraph_msgs -isystem /opt/ros/humble/include/rosidl_typesupport_cpp -isystem /opt/ros/humble/include/rosidl_typesupport_c -isystem /opt/ros/humble/include/geometry_msgs -isystem /opt/ros/humble/include/std_msgs -Wall -Wextra -Wpedantic -MD -MT CMakeFiles/se.dir/src/se.cpp.o -MF CMakeFiles/se.dir/src/se.cpp.o.d -o CMakeFiles/se.dir/src/se.cpp.o -c /home/pl/ros2_ws1/src/haik/sdk_topic_cpp/src/se.cpp
[0.918s] [ 40%] [32mBuilding CXX object CMakeFiles/camera_publisher.dir/src/camera_publisher.cpp.o[0m
[0.919s] [ 50%] [32mBuilding CXX object CMakeFiles/shiping.dir/src/shiping.cpp.o[0m
[0.919s] /usr/bin/c++ -DDEFAULT_RMW_IMPLEMENTATION=rmw_fastrtps_cpp -DRCUTILS_ENABLE_FAULT_INJECTION -I/opt/MVS/include -isystem /opt/ros/humble/include/rclcpp -isystem /opt/ros/humble/include/sensor_msgs -isystem /opt/ros/humble/include/cv_bridge -isystem /usr/include/opencv4 -isystem /opt/ros/humble/include/ament_index_cpp -isystem /opt/ros/humble/include/libstatistics_collector -isystem /opt/ros/humble/include/builtin_interfaces -isystem /opt/ros/humble/include/rosidl_runtime_c -isystem /opt/ros/humble/include/rcutils -isystem /opt/ros/humble/include/rosidl_typesupport_interface -isystem /opt/ros/humble/include/fastcdr -isystem /opt/ros/humble/include/rosidl_runtime_cpp -isystem /opt/ros/humble/include/rosidl_typesupport_fastrtps_cpp -isystem /opt/ros/humble/include/rmw -isystem /opt/ros/humble/include/rosidl_typesupport_fastrtps_c -isystem /opt/ros/humble/include/rosidl_typesupport_introspection_c -isystem /opt/ros/humble/include/rosidl_typesupport_introspection_cpp -isystem /opt/ros/humble/include/rcl -isystem /opt/ros/humble/include/rcl_interfaces -isystem /opt/ros/humble/include/rcl_logging_interface -isystem /opt/ros/humble/include/rcl_yaml_param_parser -isystem /opt/ros/humble/include/libyaml_vendor -isystem /opt/ros/humble/include/tracetools -isystem /opt/ros/humble/include/rcpputils -isystem /opt/ros/humble/include/statistics_msgs -isystem /opt/ros/humble/include/rosgraph_msgs -isystem /opt/ros/humble/include/rosidl_typesupport_cpp -isystem /opt/ros/humble/include/rosidl_typesupport_c -isystem /opt/ros/humble/include/geometry_msgs -isystem /opt/ros/humble/include/std_msgs -Wall -Wextra -Wpedantic -MD -MT CMakeFiles/shiping.dir/src/shiping.cpp.o -MF CMakeFiles/shiping.dir/src/shiping.cpp.o.d -o CMakeFiles/shiping.dir/src/shiping.cpp.o -c /home/pl/ros2_ws1/src/haik/sdk_topic_cpp/src/shiping.cpp
[0.919s] /usr/bin/c++ -DDEFAULT_RMW_IMPLEMENTATION=rmw_fastrtps_cpp -DRCUTILS_ENABLE_FAULT_INJECTION -I/opt/MVS/include -isystem /opt/ros/humble/include/rclcpp -isystem /opt/ros/humble/include/sensor_msgs -isystem /opt/ros/humble/include/image_transport -isystem /opt/ros/humble/include/cv_bridge -isystem /usr/include/opencv4 -isystem /opt/ros/humble/include/ament_index_cpp -isystem /opt/ros/humble/include/libstatistics_collector -isystem /opt/ros/humble/include/builtin_interfaces -isystem /opt/ros/humble/include/rosidl_runtime_c -isystem /opt/ros/humble/include/rcutils -isystem /opt/ros/humble/include/rosidl_typesupport_interface -isystem /opt/ros/humble/include/fastcdr -isystem /opt/ros/humble/include/rosidl_runtime_cpp -isystem /opt/ros/humble/include/rosidl_typesupport_fastrtps_cpp -isystem /opt/ros/humble/include/rmw -isystem /opt/ros/humble/include/rosidl_typesupport_fastrtps_c -isystem /opt/ros/humble/include/rosidl_typesupport_introspection_c -isystem /opt/ros/humble/include/rosidl_typesupport_introspection_cpp -isystem /opt/ros/humble/include/rcl -isystem /opt/ros/humble/include/rcl_interfaces -isystem /opt/ros/humble/include/rcl_logging_interface -isystem /opt/ros/humble/include/rcl_yaml_param_parser -isystem /opt/ros/humble/include/libyaml_vendor -isystem /opt/ros/humble/include/tracetools -isystem /opt/ros/humble/include/rcpputils -isystem /opt/ros/humble/include/statistics_msgs -isystem /opt/ros/humble/include/rosgraph_msgs -isystem /opt/ros/humble/include/rosidl_typesupport_cpp -isystem /opt/ros/humble/include/rosidl_typesupport_c -isystem /opt/ros/humble/include/geometry_msgs -isystem /opt/ros/humble/include/std_msgs -isystem /opt/ros/humble/include/message_filters -Wall -Wextra -Wpedantic -MD -MT CMakeFiles/camera_publisher.dir/src/camera_publisher.cpp.o -MF CMakeFiles/camera_publisher.dir/src/camera_publisher.cpp.o.d -o CMakeFiles/camera_publisher.dir/src/camera_publisher.cpp.o -c /home/pl/ros2_ws1/src/haik/sdk_topic_cpp/src/camera_publisher.cpp
[2.126s] [ 60%] [32m[1mLinking CXX executable shiping[0m
[2.127s] /usr/bin/cmake -E cmake_link_script CMakeFiles/shiping.dir/link.txt --verbose=1
[2.134s] /usr/bin/c++ CMakeFiles/shiping.dir/src/shiping.cpp.o -o shiping  -Wl,-rpath,/opt/ros/humble/lib:/opt/MVS/lib/64: /opt/ros/humble/lib/librclcpp.so /opt/ros/humble/lib/libcv_bridge.so /opt/MVS/lib/64/libMvCameraControl.so -ldl /usr/lib/x86_64-linux-gnu/libopencv_stitching.so.4.5.4d /usr/lib/x86_64-linux-gnu/libopencv_alphamat.so.4.5.4d /usr/lib/x86_64-linux-gnu/libopencv_aruco.so.4.5.4d /usr/lib/x86_64-linux-gnu/libopencv_barcode.so.4.5.4d /usr/lib/x86_64-linux-gnu/libopencv_bgsegm.so.4.5.4d /usr/lib/x86_64-linux-gnu/libopencv_bioinspired.so.4.5.4d /usr/lib/x86_64-linux-gnu/libopencv_ccalib.so.4.5.4d /usr/lib/x86_64-linux-gnu/libopencv_dnn_objdetect.so.4.5.4d /usr/lib/x86_64-linux-gnu/libopencv_dnn_superres.so.4.5.4d /usr/lib/x86_64-linux-gnu/libopencv_dpm.so.4.5.4d /usr/lib/x86_64-linux-gnu/libopencv_face.so.4.5.4d /usr/lib/x86_64-linux-gnu/libopencv_freetype.so.4.5.4d /usr/lib/x86_64-linux-gnu/libopencv_fuzzy.so.4.5.4d /usr/lib/x86_64-linux-gnu/libopencv_hdf.so.4.5.4d /usr/lib/x86_64-linux-gnu/libopencv_hfs.so.4.5.4d /usr/lib/x86_64-linux-gnu/libopencv_img_hash.so.4.5.4d /usr/lib/x86_64-linux-gnu/libopencv_intensity_transform.so.4.5.4d /usr/lib/x86_64-linux-gnu/libopencv_line_descriptor.so.4.5.4d /usr/lib/x86_64-linux-gnu/libopencv_mcc.so.4.5.4d /usr/lib/x86_64-linux-gnu/libopencv_quality.so.4.5.4d /usr/lib/x86_64-linux-gnu/libopencv_rapid.so.4.5.4d /usr/lib/x86_64-linux-gnu/libopencv_reg.so.4.5.4d /usr/lib/x86_64-linux-gnu/libopencv_rgbd.so.4.5.4d /usr/lib/x86_64-linux-gnu/libopencv_saliency.so.4.5.4d /usr/lib/x86_64-linux-gnu/libopencv_shape.so.4.5.4d /usr/lib/x86_64-linux-gnu/libopencv_stereo.so.4.5.4d /usr/lib/x86_64-linux-gnu/libopencv_structured_light.so.4.5.4d /usr/lib/x86_64-linux-gnu/libopencv_superres.so.4.5.4d /usr/lib/x86_64-linux-gnu/libopencv_surface_matching.so.4.5.4d /usr/lib/x86_64-linux-gnu/libopencv_tracking.so.4.5.4d /usr/lib/x86_64-linux-gnu/libopencv_videostab.so.4.5.4d /usr/lib/x86_64-linux-gnu/libopencv_viz.so.4.5.4d /usr/lib/x86_64-linux-gnu/libopencv_wechat_qrcode.so.4.5.4d /usr/lib/x86_64-linux-gnu/libopencv_xobjdetect.so.4.5.4d /usr/lib/x86_64-linux-gnu/libopencv_xphoto.so.4.5.4d /usr/lib/x86_64-linux-gnu/libcurl.so /opt/ros/humble/lib/liblibstatistics_collector.so /opt/ros/humble/lib/librcl.so /opt/ros/humble/lib/librmw_implementation.so /opt/ros/humble/lib/libament_index_cpp.so /opt/ros/humble/lib/librcl_logging_spdlog.so /opt/ros/humble/lib/librcl_logging_interface.so /opt/ros/humble/lib/librcl_interfaces__rosidl_typesupport_fastrtps_c.so /opt/ros/humble/lib/librcl_interfaces__rosidl_typesupport_introspection_c.so /opt/ros/humble/lib/librcl_interfaces__rosidl_typesupport_fastrtps_cpp.so /opt/ros/humble/lib/librcl_interfaces__rosidl_typesupport_introspection_cpp.so /opt/ros/humble/lib/librcl_interfaces__rosidl_typesupport_cpp.so /opt/ros/humble/lib/librcl_interfaces__rosidl_generator_py.so /opt/ros/humble/lib/librcl_interfaces__rosidl_typesupport_c.so /opt/ros/humble/lib/librcl_interfaces__rosidl_generator_c.so /opt/ros/humble/lib/librcl_yaml_param_parser.so /opt/ros/humble/lib/libyaml.so /opt/ros/humble/lib/librosgraph_msgs__rosidl_typesupport_fastrtps_c.so /opt/ros/humble/lib/librosgraph_msgs__rosidl_typesupport_fastrtps_cpp.so /opt/ros/humble/lib/librosgraph_msgs__rosidl_typesupport_introspection_c.so /opt/ros/humble/lib/librosgraph_msgs__rosidl_typesupport_introspection_cpp.so /opt/ros/humble/lib/librosgraph_msgs__rosidl_typesupport_cpp.so /opt/ros/humble/lib/librosgraph_msgs__rosidl_generator_py.so /opt/ros/humble/lib/librosgraph_msgs__rosidl_typesupport_c.so /opt/ros/humble/lib/librosgraph_msgs__rosidl_generator_c.so /opt/ros/humble/lib/libstatistics_msgs__rosidl_typesupport_fastrtps_c.so /opt/ros/humble/lib/libstatistics_msgs__rosidl_typesupport_fastrtps_cpp.so /opt/ros/humble/lib/libstatistics_msgs__rosidl_typesupport_introspection_c.so /opt/ros/humble/lib/libstatistics_msgs__rosidl_typesupport_introspection_cpp.so /opt/ros/humble/lib/libstatistics_msgs__rosidl_typesupport_cpp.so /opt/ros/humble/lib/libstatistics_msgs__rosidl_generator_py.so /opt/ros/humble/lib/libstatistics_msgs__rosidl_typesupport_c.so /opt/ros/humble/lib/libstatistics_msgs__rosidl_generator_c.so /opt/ros/humble/lib/libtracetools.so /opt/ros/humble/lib/libsensor_msgs__rosidl_typesupport_fastrtps_c.so /opt/ros/humble/lib/libgeometry_msgs__rosidl_typesupport_fastrtps_c.so /opt/ros/humble/lib/libstd_msgs__rosidl_typesupport_fastrtps_c.so /opt/ros/humble/lib/libbuiltin_interfaces__rosidl_typesupport_fastrtps_c.so /opt/ros/humble/lib/librosidl_typesupport_fastrtps_c.so /opt/ros/humble/lib/libsensor_msgs__rosidl_typesupport_fastrtps_cpp.so /opt/ros/humble/lib/libgeometry_msgs__rosidl_typesupport_fastrtps_cpp.so /opt/ros/humble/lib/libstd_msgs__rosidl_typesupport_fastrtps_cpp.so /opt/ros/humble/lib/libbuiltin_interfaces__rosidl_typesupport_fastrtps_cpp.so /opt/ros/humble/lib/librosidl_typesupport_fastrtps_cpp.so /opt/ros/humble/lib/libfastcdr.so.1.0.24 /opt/ros/humble/lib/librmw.so /opt/ros/humble/lib/libsensor_msgs__rosidl_typesupport_introspection_c.so /opt/ros/humble/lib/libgeometry_msgs__rosidl_typesupport_introspection_c.so /opt/ros/humble/lib/libstd_msgs__rosidl_typesupport_introspection_c.so /opt/ros/humble/lib/libbuiltin_interfaces__rosidl_typesupport_introspection_c.so /opt/ros/humble/lib/libsensor_msgs__rosidl_typesupport_introspection_cpp.so /opt/ros/humble/lib/libgeometry_msgs__rosidl_typesupport_introspection_cpp.so /opt/ros/humble/lib/libstd_msgs__rosidl_typesupport_introspection_cpp.so /opt/ros/humble/lib/libbuiltin_interfaces__rosidl_typesupport_introspection_cpp.so /opt/ros/humble/lib/librosidl_typesupport_introspection_cpp.so /opt/ros/humble/lib/librosidl_typesupport_introspection_c.so /opt/ros/humble/lib/libsensor_msgs__rosidl_generator_py.so /opt/ros/humble/lib/libsensor_msgs__rosidl_typesupport_c.so /opt/ros/humble/lib/libsensor_msgs__rosidl_generator_c.so /opt/ros/humble/lib/libgeometry_msgs__rosidl_generator_py.so /opt/ros/humble/lib/libgeometry_msgs__rosidl_typesupport_c.so /opt/ros/humble/lib/libgeometry_msgs__rosidl_generator_c.so /opt/ros/humble/lib/libstd_msgs__rosidl_generator_py.so /opt/ros/humble/lib/libbuiltin_interfaces__rosidl_generator_py.so /opt/ros/humble/lib/libstd_msgs__rosidl_typesupport_c.so /opt/ros/humble/lib/libbuiltin_interfaces__rosidl_typesupport_c.so /opt/ros/humble/lib/libstd_msgs__rosidl_generator_c.so /opt/ros/humble/lib/libbuiltin_interfaces__rosidl_generator_c.so /usr/lib/x86_64-linux-gnu/libpython3.10.so /opt/ros/humble/lib/libsensor_msgs__rosidl_typesupport_cpp.so /opt/ros/humble/lib/libgeometry_msgs__rosidl_typesupport_cpp.so /opt/ros/humble/lib/libstd_msgs__rosidl_typesupport_cpp.so /opt/ros/humble/lib/libbuiltin_interfaces__rosidl_typesupport_cpp.so /opt/ros/humble/lib/librosidl_typesupport_cpp.so /opt/ros/humble/lib/librosidl_typesupport_c.so /opt/ros/humble/lib/librosidl_runtime_c.so /opt/ros/humble/lib/librcpputils.so /opt/ros/humble/lib/librcutils.so /usr/lib/x86_64-linux-gnu/libopencv_highgui.so.4.5.4d /usr/lib/x86_64-linux-gnu/libopencv_datasets.so.4.5.4d /usr/lib/x86_64-linux-gnu/libopencv_plot.so.4.5.4d /usr/lib/x86_64-linux-gnu/libopencv_text.so.4.5.4d /usr/lib/x86_64-linux-gnu/libopencv_ml.so.4.5.4d /usr/lib/x86_64-linux-gnu/libopencv_phase_unwrapping.so.4.5.4d /usr/lib/x86_64-linux-gnu/libopencv_optflow.so.4.5.4d /usr/lib/x86_64-linux-gnu/libopencv_ximgproc.so.4.5.4d /usr/lib/x86_64-linux-gnu/libopencv_video.so.4.5.4d /usr/lib/x86_64-linux-gnu/libopencv_videoio.so.4.5.4d /usr/lib/x86_64-linux-gnu/libopencv_imgcodecs.so.4.5.4d /usr/lib/x86_64-linux-gnu/libopencv_objdetect.so.4.5.4d /usr/lib/x86_64-linux-gnu/libopencv_calib3d.so.4.5.4d /usr/lib/x86_64-linux-gnu/libopencv_dnn.so.4.5.4d /usr/lib/x86_64-linux-gnu/libopencv_features2d.so.4.5.4d /usr/lib/x86_64-linux-gnu/libopencv_flann.so.4.5.4d /usr/lib/x86_64-linux-gnu/libopencv_photo.so.4.5.4d /usr/lib/x86_64-linux-gnu/libopencv_imgproc.so.4.5.4d /usr/lib/x86_64-linux-gnu/libopencv_core.so.4.5.4d -ldl 
[2.567s] gmake[2]: 离开目录“/home/pl/ros2_ws1/build/sdk_topic_cpp”
[2.575s] [ 60%] Built target shiping
[3.519s] [ 70%] [32m[1mLinking CXX executable t1[0m
[3.519s] /usr/bin/cmake -E cmake_link_script CMakeFiles/t1.dir/link.txt --verbose=1
[3.525s] /usr/bin/c++ CMakeFiles/t1.dir/src/t1.cpp.o -o t1  -Wl,-rpath,/opt/ros/humble/lib/x86_64-linux-gnu:/opt/ros/humble/lib:/opt/MVS/lib/64: /opt/ros/humble/lib/x86_64-linux-gnu/libimage_transport.so /opt/ros/humble/lib/libcv_bridge.so /opt/MVS/lib/64/libMvCameraControl.so -ldl /usr/lib/x86_64-linux-gnu/libopencv_stitching.so.4.5.4d /usr/lib/x86_64-linux-gnu/libopencv_alphamat.so.4.5.4d /usr/lib/x86_64-linux-gnu/libopencv_aruco.so.4.5.4d /usr/lib/x86_64-linux-gnu/libopencv_barcode.so.4.5.4d /usr/lib/x86_64-linux-gnu/libopencv_bgsegm.so.4.5.4d /usr/lib/x86_64-linux-gnu/libopencv_bioinspired.so.4.5.4d /usr/lib/x86_64-linux-gnu/libopencv_ccalib.so.4.5.4d /usr/lib/x86_64-linux-gnu/libopencv_dnn_objdetect.so.4.5.4d /usr/lib/x86_64-linux-gnu/libopencv_dnn_superres.so.4.5.4d /usr/lib/x86_64-linux-gnu/libopencv_dpm.so.4.5.4d /usr/lib/x86_64-linux-gnu/libopencv_face.so.4.5.4d /usr/lib/x86_64-linux-gnu/libopencv_freetype.so.4.5.4d /usr/lib/x86_64-linux-gnu/libopencv_fuzzy.so.4.5.4d /usr/lib/x86_64-linux-gnu/libopencv_hdf.so.4.5.4d /usr/lib/x86_64-linux-gnu/libopencv_hfs.so.4.5.4d /usr/lib/x86_64-linux-gnu/libopencv_img_hash.so.4.5.4d /usr/lib/x86_64-linux-gnu/libopencv_intensity_transform.so.4.5.4d /usr/lib/x86_64-linux-gnu/libopencv_line_descriptor.so.4.5.4d /usr/lib/x86_64-linux-gnu/libopencv_mcc.so.4.5.4d /usr/lib/x86_64-linux-gnu/libopencv_quality.so.4.5.4d /usr/lib/x86_64-linux-gnu/libopencv_rapid.so.4.5.4d /usr/lib/x86_64-linux-gnu/libopencv_reg.so.4.5.4d /usr/lib/x86_64-linux-gnu/libopencv_rgbd.so.4.5.4d /usr/lib/x86_64-linux-gnu/libopencv_saliency.so.4.5.4d /usr/lib/x86_64-linux-gnu/libopencv_shape.so.4.5.4d /usr/lib/x86_64-linux-gnu/libopencv_stereo.so.4.5.4d /usr/lib/x86_64-linux-gnu/libopencv_structured_light.so.4.5.4d /usr/lib/x86_64-linux-gnu/libopencv_superres.so.4.5.4d /usr/lib/x86_64-linux-gnu/libopencv_surface_matching.so.4.5.4d /usr/lib/x86_64-linux-gnu/libopencv_tracking.so.4.5.4d /usr/lib/x86_64-linux-gnu/libopencv_videostab.so.4.5.4d /usr/lib/x86_64-linux-gnu/libopencv_viz.so.4.5.4d /usr/lib/x86_64-linux-gnu/libopencv_wechat_qrcode.so.4.5.4d /usr/lib/x86_64-linux-gnu/libopencv_xobjdetect.so.4.5.4d /usr/lib/x86_64-linux-gnu/libopencv_xphoto.so.4.5.4d /usr/lib/x86_64-linux-gnu/libcurl.so /opt/ros/humble/lib/libmessage_filters.so /opt/ros/humble/lib/librclcpp.so /opt/ros/humble/lib/liblibstatistics_collector.so /opt/ros/humble/lib/librcl.so /opt/ros/humble/lib/librmw_implementation.so /opt/ros/humble/lib/libament_index_cpp.so /opt/ros/humble/lib/librcl_logging_spdlog.so /opt/ros/humble/lib/librcl_logging_interface.so /opt/ros/humble/lib/librcl_interfaces__rosidl_typesupport_fastrtps_c.so /opt/ros/humble/lib/librcl_interfaces__rosidl_typesupport_introspection_c.so /opt/ros/humble/lib/librcl_interfaces__rosidl_typesupport_fastrtps_cpp.so /opt/ros/humble/lib/librcl_interfaces__rosidl_typesupport_introspection_cpp.so /opt/ros/humble/lib/librcl_interfaces__rosidl_typesupport_cpp.so /opt/ros/humble/lib/librcl_interfaces__rosidl_generator_py.so /opt/ros/humble/lib/librcl_interfaces__rosidl_typesupport_c.so /opt/ros/humble/lib/librcl_interfaces__rosidl_generator_c.so /opt/ros/humble/lib/librcl_yaml_param_parser.so /opt/ros/humble/lib/libyaml.so /opt/ros/humble/lib/librosgraph_msgs__rosidl_typesupport_fastrtps_c.so /opt/ros/humble/lib/librosgraph_msgs__rosidl_typesupport_fastrtps_cpp.so /opt/ros/humble/lib/librosgraph_msgs__rosidl_typesupport_introspection_c.so /opt/ros/humble/lib/librosgraph_msgs__rosidl_typesupport_introspection_cpp.so /opt/ros/humble/lib/librosgraph_msgs__rosidl_typesupport_cpp.so /opt/ros/humble/lib/librosgraph_msgs__rosidl_generator_py.so /opt/ros/humble/lib/librosgraph_msgs__rosidl_typesupport_c.so /opt/ros/humble/lib/librosgraph_msgs__rosidl_generator_c.so /opt/ros/humble/lib/libstatistics_msgs__rosidl_typesupport_fastrtps_c.so /opt/ros/humble/lib/libstatistics_msgs__rosidl_typesupport_fastrtps_cpp.so /opt/ros/humble/lib/libstatistics_msgs__rosidl_typesupport_introspection_c.so /opt/ros/humble/lib/libstatistics_msgs__rosidl_typesupport_introspection_cpp.so /opt/ros/humble/lib/libstatistics_msgs__rosidl_typesupport_cpp.so /opt/ros/humble/lib/libstatistics_msgs__rosidl_generator_py.so /opt/ros/humble/lib/libstatistics_msgs__rosidl_typesupport_c.so /opt/ros/humble/lib/libstatistics_msgs__rosidl_generator_c.so /opt/ros/humble/lib/libtracetools.so /opt/ros/humble/lib/libsensor_msgs__rosidl_typesupport_fastrtps_c.so /opt/ros/humble/lib/libgeometry_msgs__rosidl_typesupport_fastrtps_c.so /opt/ros/humble/lib/libstd_msgs__rosidl_typesupport_fastrtps_c.so /opt/ros/humble/lib/libbuiltin_interfaces__rosidl_typesupport_fastrtps_c.so /opt/ros/humble/lib/librosidl_typesupport_fastrtps_c.so /opt/ros/humble/lib/libsensor_msgs__rosidl_typesupport_fastrtps_cpp.so /opt/ros/humble/lib/libgeometry_msgs__rosidl_typesupport_fastrtps_cpp.so /opt/ros/humble/lib/libstd_msgs__rosidl_typesupport_fastrtps_cpp.so /opt/ros/humble/lib/libbuiltin_interfaces__rosidl_typesupport_fastrtps_cpp.so /opt/ros/humble/lib/librosidl_typesupport_fastrtps_cpp.so /opt/ros/humble/lib/libfastcdr.so.1.0.24 /opt/ros/humble/lib/librmw.so /opt/ros/humble/lib/libsensor_msgs__rosidl_typesupport_introspection_c.so /opt/ros/humble/lib/libgeometry_msgs__rosidl_typesupport_introspection_c.so /opt/ros/humble/lib/libstd_msgs__rosidl_typesupport_introspection_c.so /opt/ros/humble/lib/libbuiltin_interfaces__rosidl_typesupport_introspection_c.so /opt/ros/humble/lib/libsensor_msgs__rosidl_typesupport_introspection_cpp.so /opt/ros/humble/lib/libgeometry_msgs__rosidl_typesupport_introspection_cpp.so /opt/ros/humble/lib/libstd_msgs__rosidl_typesupport_introspection_cpp.so /opt/ros/humble/lib/libbuiltin_interfaces__rosidl_typesupport_introspection_cpp.so /opt/ros/humble/lib/librosidl_typesupport_introspection_cpp.so /opt/ros/humble/lib/librosidl_typesupport_introspection_c.so /opt/ros/humble/lib/libsensor_msgs__rosidl_generator_py.so /opt/ros/humble/lib/libsensor_msgs__rosidl_typesupport_c.so /opt/ros/humble/lib/libsensor_msgs__rosidl_generator_c.so /opt/ros/humble/lib/libgeometry_msgs__rosidl_generator_py.so /opt/ros/humble/lib/libgeometry_msgs__rosidl_typesupport_c.so /opt/ros/humble/lib/libgeometry_msgs__rosidl_generator_c.so /opt/ros/humble/lib/libstd_msgs__rosidl_generator_py.so /opt/ros/humble/lib/libbuiltin_interfaces__rosidl_generator_py.so /opt/ros/humble/lib/libstd_msgs__rosidl_typesupport_c.so /opt/ros/humble/lib/libbuiltin_interfaces__rosidl_typesupport_c.so /opt/ros/humble/lib/libstd_msgs__rosidl_generator_c.so /opt/ros/humble/lib/libbuiltin_interfaces__rosidl_generator_c.so /usr/lib/x86_64-linux-gnu/libpython3.10.so /opt/ros/humble/lib/libsensor_msgs__rosidl_typesupport_cpp.so /opt/ros/humble/lib/libgeometry_msgs__rosidl_typesupport_cpp.so /opt/ros/humble/lib/libstd_msgs__rosidl_typesupport_cpp.so /opt/ros/humble/lib/libbuiltin_interfaces__rosidl_typesupport_cpp.so /opt/ros/humble/lib/librosidl_typesupport_cpp.so /opt/ros/humble/lib/librosidl_typesupport_c.so /opt/ros/humble/lib/librosidl_runtime_c.so /opt/ros/humble/lib/librcpputils.so /opt/ros/humble/lib/librcutils.so /usr/lib/x86_64-linux-gnu/libopencv_highgui.so.4.5.4d /usr/lib/x86_64-linux-gnu/libopencv_datasets.so.4.5.4d /usr/lib/x86_64-linux-gnu/libopencv_plot.so.4.5.4d /usr/lib/x86_64-linux-gnu/libopencv_text.so.4.5.4d /usr/lib/x86_64-linux-gnu/libopencv_ml.so.4.5.4d /usr/lib/x86_64-linux-gnu/libopencv_phase_unwrapping.so.4.5.4d /usr/lib/x86_64-linux-gnu/libopencv_optflow.so.4.5.4d /usr/lib/x86_64-linux-gnu/libopencv_ximgproc.so.4.5.4d /usr/lib/x86_64-linux-gnu/libopencv_video.so.4.5.4d /usr/lib/x86_64-linux-gnu/libopencv_videoio.so.4.5.4d /usr/lib/x86_64-linux-gnu/libopencv_imgcodecs.so.4.5.4d /usr/lib/x86_64-linux-gnu/libopencv_objdetect.so.4.5.4d /usr/lib/x86_64-linux-gnu/libopencv_calib3d.so.4.5.4d /usr/lib/x86_64-linux-gnu/libopencv_dnn.so.4.5.4d /usr/lib/x86_64-linux-gnu/libopencv_features2d.so.4.5.4d /usr/lib/x86_64-linux-gnu/libopencv_flann.so.4.5.4d /usr/lib/x86_64-linux-gnu/libopencv_photo.so.4.5.4d /usr/lib/x86_64-linux-gnu/libopencv_imgproc.so.4.5.4d /usr/lib/x86_64-linux-gnu/libopencv_core.so.4.5.4d -ldl 
[3.601s] gmake[2]: 离开目录“/home/pl/ros2_ws1/build/sdk_topic_cpp”
[3.608s] [ 70%] Built target t1
[4.174s] [ 80%] [32m[1mLinking CXX executable se[0m
[4.175s] /usr/bin/cmake -E cmake_link_script CMakeFiles/se.dir/link.txt --verbose=1
[4.180s] /usr/bin/c++ CMakeFiles/se.dir/src/se.cpp.o -o se  -Wl,-rpath,/opt/ros/humble/lib:/opt/MVS/lib/64: /opt/ros/humble/lib/librclcpp.so /opt/ros/humble/lib/libsensor_msgs__rosidl_typesupport_fastrtps_c.so /opt/ros/humble/lib/libsensor_msgs__rosidl_typesupport_fastrtps_cpp.so /opt/ros/humble/lib/libsensor_msgs__rosidl_typesupport_introspection_c.so /opt/ros/humble/lib/libsensor_msgs__rosidl_typesupport_introspection_cpp.so /opt/ros/humble/lib/libsensor_msgs__rosidl_generator_py.so /opt/MVS/lib/64/libMvCameraControl.so -ldl /usr/lib/x86_64-linux-gnu/libcurl.so /opt/ros/humble/lib/liblibstatistics_collector.so /opt/ros/humble/lib/librcl.so /opt/ros/humble/lib/librmw_implementation.so /opt/ros/humble/lib/libament_index_cpp.so /opt/ros/humble/lib/librcl_logging_spdlog.so /opt/ros/humble/lib/librcl_logging_interface.so /opt/ros/humble/lib/librcl_interfaces__rosidl_typesupport_fastrtps_c.so /opt/ros/humble/lib/librcl_interfaces__rosidl_typesupport_introspection_c.so /opt/ros/humble/lib/librcl_interfaces__rosidl_typesupport_fastrtps_cpp.so /opt/ros/humble/lib/librcl_interfaces__rosidl_typesupport_introspection_cpp.so /opt/ros/humble/lib/librcl_interfaces__rosidl_typesupport_cpp.so /opt/ros/humble/lib/librcl_interfaces__rosidl_generator_py.so /opt/ros/humble/lib/librcl_interfaces__rosidl_typesupport_c.so /opt/ros/humble/lib/librcl_interfaces__rosidl_generator_c.so /opt/ros/humble/lib/librcl_yaml_param_parser.so /opt/ros/humble/lib/libyaml.so /opt/ros/humble/lib/librosgraph_msgs__rosidl_typesupport_fastrtps_c.so /opt/ros/humble/lib/librosgraph_msgs__rosidl_typesupport_fastrtps_cpp.so /opt/ros/humble/lib/librosgraph_msgs__rosidl_typesupport_introspection_c.so /opt/ros/humble/lib/librosgraph_msgs__rosidl_typesupport_introspection_cpp.so /opt/ros/humble/lib/librosgraph_msgs__rosidl_typesupport_cpp.so /opt/ros/humble/lib/librosgraph_msgs__rosidl_generator_py.so /opt/ros/humble/lib/librosgraph_msgs__rosidl_typesupport_c.so /opt/ros/humble/lib/librosgraph_msgs__rosidl_generator_c.so /opt/ros/humble/lib/libstatistics_msgs__rosidl_typesupport_fastrtps_c.so /opt/ros/humble/lib/libstatistics_msgs__rosidl_typesupport_fastrtps_cpp.so /opt/ros/humble/lib/libstatistics_msgs__rosidl_typesupport_introspection_c.so /opt/ros/humble/lib/libstatistics_msgs__rosidl_typesupport_introspection_cpp.so /opt/ros/humble/lib/libstatistics_msgs__rosidl_typesupport_cpp.so /opt/ros/humble/lib/libstatistics_msgs__rosidl_generator_py.so /opt/ros/humble/lib/libstatistics_msgs__rosidl_typesupport_c.so /opt/ros/humble/lib/libstatistics_msgs__rosidl_generator_c.so /opt/ros/humble/lib/libtracetools.so /opt/ros/humble/lib/libgeometry_msgs__rosidl_typesupport_fastrtps_c.so /opt/ros/humble/lib/libstd_msgs__rosidl_typesupport_fastrtps_c.so /opt/ros/humble/lib/libbuiltin_interfaces__rosidl_typesupport_fastrtps_c.so /opt/ros/humble/lib/librosidl_typesupport_fastrtps_c.so /opt/ros/humble/lib/libgeometry_msgs__rosidl_typesupport_fastrtps_cpp.so /opt/ros/humble/lib/libstd_msgs__rosidl_typesupport_fastrtps_cpp.so /opt/ros/humble/lib/libbuiltin_interfaces__rosidl_typesupport_fastrtps_cpp.so /opt/ros/humble/lib/librosidl_typesupport_fastrtps_cpp.so /opt/ros/humble/lib/libfastcdr.so.1.0.24 /opt/ros/humble/lib/librmw.so /opt/ros/humble/lib/libgeometry_msgs__rosidl_typesupport_introspection_c.so /opt/ros/humble/lib/libstd_msgs__rosidl_typesupport_introspection_c.so /opt/ros/humble/lib/libbuiltin_interfaces__rosidl_typesupport_introspection_c.so /opt/ros/humble/lib/libgeometry_msgs__rosidl_typesupport_introspection_cpp.so /opt/ros/humble/lib/libstd_msgs__rosidl_typesupport_introspection_cpp.so /opt/ros/humble/lib/libbuiltin_interfaces__rosidl_typesupport_introspection_cpp.so /opt/ros/humble/lib/librosidl_typesupport_introspection_cpp.so /opt/ros/humble/lib/librosidl_typesupport_introspection_c.so /opt/ros/humble/lib/libsensor_msgs__rosidl_typesupport_c.so /opt/ros/humble/lib/libsensor_msgs__rosidl_generator_c.so /opt/ros/humble/lib/libgeometry_msgs__rosidl_generator_py.so /opt/ros/humble/lib/libgeometry_msgs__rosidl_typesupport_c.so /opt/ros/humble/lib/libgeometry_msgs__rosidl_generator_c.so /opt/ros/humble/lib/libstd_msgs__rosidl_generator_py.so /opt/ros/humble/lib/libbuiltin_interfaces__rosidl_generator_py.so /opt/ros/humble/lib/libstd_msgs__rosidl_typesupport_c.so /opt/ros/humble/lib/libbuiltin_interfaces__rosidl_typesupport_c.so /opt/ros/humble/lib/libstd_msgs__rosidl_generator_c.so /opt/ros/humble/lib/libbuiltin_interfaces__rosidl_generator_c.so /usr/lib/x86_64-linux-gnu/libpython3.10.so /opt/ros/humble/lib/libsensor_msgs__rosidl_typesupport_cpp.so /opt/ros/humble/lib/libgeometry_msgs__rosidl_typesupport_cpp.so /opt/ros/humble/lib/libstd_msgs__rosidl_typesupport_cpp.so /opt/ros/humble/lib/libbuiltin_interfaces__rosidl_typesupport_cpp.so /opt/ros/humble/lib/librosidl_typesupport_cpp.so /opt/ros/humble/lib/librosidl_typesupport_c.so /opt/ros/humble/lib/librcpputils.so /opt/ros/humble/lib/librosidl_runtime_c.so /opt/ros/humble/lib/librcutils.so -ldl 
[4.326s] gmake[2]: 离开目录“/home/pl/ros2_ws1/build/sdk_topic_cpp”
[4.333s] [ 80%] Built target se
[4.755s] [ 90%] [32m[1mLinking CXX executable camera_publisher[0m
[4.755s] /usr/bin/cmake -E cmake_link_script CMakeFiles/camera_publisher.dir/link.txt --verbose=1
[4.760s] /usr/bin/c++ CMakeFiles/camera_publisher.dir/src/camera_publisher.cpp.o -o camera_publisher  -Wl,-rpath,/opt/ros/humble/lib/x86_64-linux-gnu:/opt/ros/humble/lib:/opt/MVS/lib/64: /opt/ros/humble/lib/x86_64-linux-gnu/libimage_transport.so /opt/ros/humble/lib/libcv_bridge.so /opt/MVS/lib/64/libMvCameraControl.so -ldl /usr/lib/x86_64-linux-gnu/libopencv_stitching.so.4.5.4d /usr/lib/x86_64-linux-gnu/libopencv_alphamat.so.4.5.4d /usr/lib/x86_64-linux-gnu/libopencv_aruco.so.4.5.4d /usr/lib/x86_64-linux-gnu/libopencv_barcode.so.4.5.4d /usr/lib/x86_64-linux-gnu/libopencv_bgsegm.so.4.5.4d /usr/lib/x86_64-linux-gnu/libopencv_bioinspired.so.4.5.4d /usr/lib/x86_64-linux-gnu/libopencv_ccalib.so.4.5.4d /usr/lib/x86_64-linux-gnu/libopencv_dnn_objdetect.so.4.5.4d /usr/lib/x86_64-linux-gnu/libopencv_dnn_superres.so.4.5.4d /usr/lib/x86_64-linux-gnu/libopencv_dpm.so.4.5.4d /usr/lib/x86_64-linux-gnu/libopencv_face.so.4.5.4d /usr/lib/x86_64-linux-gnu/libopencv_freetype.so.4.5.4d /usr/lib/x86_64-linux-gnu/libopencv_fuzzy.so.4.5.4d /usr/lib/x86_64-linux-gnu/libopencv_hdf.so.4.5.4d /usr/lib/x86_64-linux-gnu/libopencv_hfs.so.4.5.4d /usr/lib/x86_64-linux-gnu/libopencv_img_hash.so.4.5.4d /usr/lib/x86_64-linux-gnu/libopencv_intensity_transform.so.4.5.4d /usr/lib/x86_64-linux-gnu/libopencv_line_descriptor.so.4.5.4d /usr/lib/x86_64-linux-gnu/libopencv_mcc.so.4.5.4d /usr/lib/x86_64-linux-gnu/libopencv_quality.so.4.5.4d /usr/lib/x86_64-linux-gnu/libopencv_rapid.so.4.5.4d /usr/lib/x86_64-linux-gnu/libopencv_reg.so.4.5.4d /usr/lib/x86_64-linux-gnu/libopencv_rgbd.so.4.5.4d /usr/lib/x86_64-linux-gnu/libopencv_saliency.so.4.5.4d /usr/lib/x86_64-linux-gnu/libopencv_shape.so.4.5.4d /usr/lib/x86_64-linux-gnu/libopencv_stereo.so.4.5.4d /usr/lib/x86_64-linux-gnu/libopencv_structured_light.so.4.5.4d /usr/lib/x86_64-linux-gnu/libopencv_superres.so.4.5.4d /usr/lib/x86_64-linux-gnu/libopencv_surface_matching.so.4.5.4d /usr/lib/x86_64-linux-gnu/libopencv_tracking.so.4.5.4d /usr/lib/x86_64-linux-gnu/libopencv_videostab.so.4.5.4d /usr/lib/x86_64-linux-gnu/libopencv_viz.so.4.5.4d /usr/lib/x86_64-linux-gnu/libopencv_wechat_qrcode.so.4.5.4d /usr/lib/x86_64-linux-gnu/libopencv_xobjdetect.so.4.5.4d /usr/lib/x86_64-linux-gnu/libopencv_xphoto.so.4.5.4d /usr/lib/x86_64-linux-gnu/libcurl.so /opt/ros/humble/lib/libmessage_filters.so /opt/ros/humble/lib/librclcpp.so /opt/ros/humble/lib/liblibstatistics_collector.so /opt/ros/humble/lib/librcl.so /opt/ros/humble/lib/librmw_implementation.so /opt/ros/humble/lib/libament_index_cpp.so /opt/ros/humble/lib/librcl_logging_spdlog.so /opt/ros/humble/lib/librcl_logging_interface.so /opt/ros/humble/lib/librcl_interfaces__rosidl_typesupport_fastrtps_c.so /opt/ros/humble/lib/librcl_interfaces__rosidl_typesupport_introspection_c.so /opt/ros/humble/lib/librcl_interfaces__rosidl_typesupport_fastrtps_cpp.so /opt/ros/humble/lib/librcl_interfaces__rosidl_typesupport_introspection_cpp.so /opt/ros/humble/lib/librcl_interfaces__rosidl_typesupport_cpp.so /opt/ros/humble/lib/librcl_interfaces__rosidl_generator_py.so /opt/ros/humble/lib/librcl_interfaces__rosidl_typesupport_c.so /opt/ros/humble/lib/librcl_interfaces__rosidl_generator_c.so /opt/ros/humble/lib/librcl_yaml_param_parser.so /opt/ros/humble/lib/libyaml.so /opt/ros/humble/lib/librosgraph_msgs__rosidl_typesupport_fastrtps_c.so /opt/ros/humble/lib/librosgraph_msgs__rosidl_typesupport_fastrtps_cpp.so /opt/ros/humble/lib/librosgraph_msgs__rosidl_typesupport_introspection_c.so /opt/ros/humble/lib/librosgraph_msgs__rosidl_typesupport_introspection_cpp.so /opt/ros/humble/lib/librosgraph_msgs__rosidl_typesupport_cpp.so /opt/ros/humble/lib/librosgraph_msgs__rosidl_generator_py.so /opt/ros/humble/lib/librosgraph_msgs__rosidl_typesupport_c.so /opt/ros/humble/lib/librosgraph_msgs__rosidl_generator_c.so /opt/ros/humble/lib/libstatistics_msgs__rosidl_typesupport_fastrtps_c.so /opt/ros/humble/lib/libstatistics_msgs__rosidl_typesupport_fastrtps_cpp.so /opt/ros/humble/lib/libstatistics_msgs__rosidl_typesupport_introspection_c.so /opt/ros/humble/lib/libstatistics_msgs__rosidl_typesupport_introspection_cpp.so /opt/ros/humble/lib/libstatistics_msgs__rosidl_typesupport_cpp.so /opt/ros/humble/lib/libstatistics_msgs__rosidl_generator_py.so /opt/ros/humble/lib/libstatistics_msgs__rosidl_typesupport_c.so /opt/ros/humble/lib/libstatistics_msgs__rosidl_generator_c.so /opt/ros/humble/lib/libtracetools.so /opt/ros/humble/lib/libsensor_msgs__rosidl_typesupport_fastrtps_c.so /opt/ros/humble/lib/libgeometry_msgs__rosidl_typesupport_fastrtps_c.so /opt/ros/humble/lib/libstd_msgs__rosidl_typesupport_fastrtps_c.so /opt/ros/humble/lib/libbuiltin_interfaces__rosidl_typesupport_fastrtps_c.so /opt/ros/humble/lib/librosidl_typesupport_fastrtps_c.so /opt/ros/humble/lib/libsensor_msgs__rosidl_typesupport_fastrtps_cpp.so /opt/ros/humble/lib/libgeometry_msgs__rosidl_typesupport_fastrtps_cpp.so /opt/ros/humble/lib/libstd_msgs__rosidl_typesupport_fastrtps_cpp.so /opt/ros/humble/lib/libbuiltin_interfaces__rosidl_typesupport_fastrtps_cpp.so /opt/ros/humble/lib/librosidl_typesupport_fastrtps_cpp.so /opt/ros/humble/lib/libfastcdr.so.1.0.24 /opt/ros/humble/lib/librmw.so /opt/ros/humble/lib/libsensor_msgs__rosidl_typesupport_introspection_c.so /opt/ros/humble/lib/libgeometry_msgs__rosidl_typesupport_introspection_c.so /opt/ros/humble/lib/libstd_msgs__rosidl_typesupport_introspection_c.so /opt/ros/humble/lib/libbuiltin_interfaces__rosidl_typesupport_introspection_c.so /opt/ros/humble/lib/libsensor_msgs__rosidl_typesupport_introspection_cpp.so /opt/ros/humble/lib/libgeometry_msgs__rosidl_typesupport_introspection_cpp.so /opt/ros/humble/lib/libstd_msgs__rosidl_typesupport_introspection_cpp.so /opt/ros/humble/lib/libbuiltin_interfaces__rosidl_typesupport_introspection_cpp.so /opt/ros/humble/lib/librosidl_typesupport_introspection_cpp.so /opt/ros/humble/lib/librosidl_typesupport_introspection_c.so /opt/ros/humble/lib/libsensor_msgs__rosidl_generator_py.so /opt/ros/humble/lib/libsensor_msgs__rosidl_typesupport_c.so /opt/ros/humble/lib/libsensor_msgs__rosidl_generator_c.so /opt/ros/humble/lib/libgeometry_msgs__rosidl_generator_py.so /opt/ros/humble/lib/libgeometry_msgs__rosidl_typesupport_c.so /opt/ros/humble/lib/libgeometry_msgs__rosidl_generator_c.so /opt/ros/humble/lib/libstd_msgs__rosidl_generator_py.so /opt/ros/humble/lib/libbuiltin_interfaces__rosidl_generator_py.so /opt/ros/humble/lib/libstd_msgs__rosidl_typesupport_c.so /opt/ros/humble/lib/libbuiltin_interfaces__rosidl_typesupport_c.so /opt/ros/humble/lib/libstd_msgs__rosidl_generator_c.so /opt/ros/humble/lib/libbuiltin_interfaces__rosidl_generator_c.so /usr/lib/x86_64-linux-gnu/libpython3.10.so /opt/ros/humble/lib/libsensor_msgs__rosidl_typesupport_cpp.so /opt/ros/humble/lib/libgeometry_msgs__rosidl_typesupport_cpp.so /opt/ros/humble/lib/libstd_msgs__rosidl_typesupport_cpp.so /opt/ros/humble/lib/libbuiltin_interfaces__rosidl_typesupport_cpp.so /opt/ros/humble/lib/librosidl_typesupport_cpp.so /opt/ros/humble/lib/librosidl_typesupport_c.so /opt/ros/humble/lib/librosidl_runtime_c.so /opt/ros/humble/lib/librcpputils.so /opt/ros/humble/lib/librcutils.so /usr/lib/x86_64-linux-gnu/libopencv_highgui.so.4.5.4d /usr/lib/x86_64-linux-gnu/libopencv_datasets.so.4.5.4d /usr/lib/x86_64-linux-gnu/libopencv_plot.so.4.5.4d /usr/lib/x86_64-linux-gnu/libopencv_text.so.4.5.4d /usr/lib/x86_64-linux-gnu/libopencv_ml.so.4.5.4d /usr/lib/x86_64-linux-gnu/libopencv_phase_unwrapping.so.4.5.4d /usr/lib/x86_64-linux-gnu/libopencv_optflow.so.4.5.4d /usr/lib/x86_64-linux-gnu/libopencv_ximgproc.so.4.5.4d /usr/lib/x86_64-linux-gnu/libopencv_video.so.4.5.4d /usr/lib/x86_64-linux-gnu/libopencv_videoio.so.4.5.4d /usr/lib/x86_64-linux-gnu/libopencv_imgcodecs.so.4.5.4d /usr/lib/x86_64-linux-gnu/libopencv_objdetect.so.4.5.4d /usr/lib/x86_64-linux-gnu/libopencv_calib3d.so.4.5.4d /usr/lib/x86_64-linux-gnu/libopencv_dnn.so.4.5.4d /usr/lib/x86_64-linux-gnu/libopencv_features2d.so.4.5.4d /usr/lib/x86_64-linux-gnu/libopencv_flann.so.4.5.4d /usr/lib/x86_64-linux-gnu/libopencv_photo.so.4.5.4d /usr/lib/x86_64-linux-gnu/libopencv_imgproc.so.4.5.4d /usr/lib/x86_64-linux-gnu/libopencv_core.so.4.5.4d -ldl 
[5.052s] gmake[2]: 离开目录“/home/pl/ros2_ws1/build/sdk_topic_cpp”
[5.059s] [ 90%] Built target camera_publisher
[6.623s] [100%] [32m[1mLinking CXX executable chu[0m
[6.623s] /usr/bin/cmake -E cmake_link_script CMakeFiles/chu.dir/link.txt --verbose=1
[6.629s] /usr/bin/c++ CMakeFiles/chu.dir/src/chu.cpp.o -o chu  -Wl,-rpath,/opt/ros/humble/lib:/opt/MVS/lib/64: /opt/ros/humble/lib/librclcpp.so /opt/ros/humble/lib/libcv_bridge.so /opt/MVS/lib/64/libMvCameraControl.so -ldl /usr/lib/x86_64-linux-gnu/libopencv_stitching.so.4.5.4d /usr/lib/x86_64-linux-gnu/libopencv_alphamat.so.4.5.4d /usr/lib/x86_64-linux-gnu/libopencv_aruco.so.4.5.4d /usr/lib/x86_64-linux-gnu/libopencv_barcode.so.4.5.4d /usr/lib/x86_64-linux-gnu/libopencv_bgsegm.so.4.5.4d /usr/lib/x86_64-linux-gnu/libopencv_bioinspired.so.4.5.4d /usr/lib/x86_64-linux-gnu/libopencv_ccalib.so.4.5.4d /usr/lib/x86_64-linux-gnu/libopencv_dnn_objdetect.so.4.5.4d /usr/lib/x86_64-linux-gnu/libopencv_dnn_superres.so.4.5.4d /usr/lib/x86_64-linux-gnu/libopencv_dpm.so.4.5.4d /usr/lib/x86_64-linux-gnu/libopencv_face.so.4.5.4d /usr/lib/x86_64-linux-gnu/libopencv_freetype.so.4.5.4d /usr/lib/x86_64-linux-gnu/libopencv_fuzzy.so.4.5.4d /usr/lib/x86_64-linux-gnu/libopencv_hdf.so.4.5.4d /usr/lib/x86_64-linux-gnu/libopencv_hfs.so.4.5.4d /usr/lib/x86_64-linux-gnu/libopencv_img_hash.so.4.5.4d /usr/lib/x86_64-linux-gnu/libopencv_intensity_transform.so.4.5.4d /usr/lib/x86_64-linux-gnu/libopencv_line_descriptor.so.4.5.4d /usr/lib/x86_64-linux-gnu/libopencv_mcc.so.4.5.4d /usr/lib/x86_64-linux-gnu/libopencv_quality.so.4.5.4d /usr/lib/x86_64-linux-gnu/libopencv_rapid.so.4.5.4d /usr/lib/x86_64-linux-gnu/libopencv_reg.so.4.5.4d /usr/lib/x86_64-linux-gnu/libopencv_rgbd.so.4.5.4d /usr/lib/x86_64-linux-gnu/libopencv_saliency.so.4.5.4d /usr/lib/x86_64-linux-gnu/libopencv_shape.so.4.5.4d /usr/lib/x86_64-linux-gnu/libopencv_stereo.so.4.5.4d /usr/lib/x86_64-linux-gnu/libopencv_structured_light.so.4.5.4d /usr/lib/x86_64-linux-gnu/libopencv_superres.so.4.5.4d /usr/lib/x86_64-linux-gnu/libopencv_surface_matching.so.4.5.4d /usr/lib/x86_64-linux-gnu/libopencv_tracking.so.4.5.4d /usr/lib/x86_64-linux-gnu/libopencv_videostab.so.4.5.4d /usr/lib/x86_64-linux-gnu/libopencv_viz.so.4.5.4d /usr/lib/x86_64-linux-gnu/libopencv_wechat_qrcode.so.4.5.4d /usr/lib/x86_64-linux-gnu/libopencv_xobjdetect.so.4.5.4d /usr/lib/x86_64-linux-gnu/libopencv_xphoto.so.4.5.4d /usr/lib/x86_64-linux-gnu/libcurl.so /opt/ros/humble/lib/liblibstatistics_collector.so /opt/ros/humble/lib/librcl.so /opt/ros/humble/lib/librmw_implementation.so /opt/ros/humble/lib/libament_index_cpp.so /opt/ros/humble/lib/librcl_logging_spdlog.so /opt/ros/humble/lib/librcl_logging_interface.so /opt/ros/humble/lib/librcl_interfaces__rosidl_typesupport_fastrtps_c.so /opt/ros/humble/lib/librcl_interfaces__rosidl_typesupport_introspection_c.so /opt/ros/humble/lib/librcl_interfaces__rosidl_typesupport_fastrtps_cpp.so /opt/ros/humble/lib/librcl_interfaces__rosidl_typesupport_introspection_cpp.so /opt/ros/humble/lib/librcl_interfaces__rosidl_typesupport_cpp.so /opt/ros/humble/lib/librcl_interfaces__rosidl_generator_py.so /opt/ros/humble/lib/librcl_interfaces__rosidl_typesupport_c.so /opt/ros/humble/lib/librcl_interfaces__rosidl_generator_c.so /opt/ros/humble/lib/librcl_yaml_param_parser.so /opt/ros/humble/lib/libyaml.so /opt/ros/humble/lib/librosgraph_msgs__rosidl_typesupport_fastrtps_c.so /opt/ros/humble/lib/librosgraph_msgs__rosidl_typesupport_fastrtps_cpp.so /opt/ros/humble/lib/librosgraph_msgs__rosidl_typesupport_introspection_c.so /opt/ros/humble/lib/librosgraph_msgs__rosidl_typesupport_introspection_cpp.so /opt/ros/humble/lib/librosgraph_msgs__rosidl_typesupport_cpp.so /opt/ros/humble/lib/librosgraph_msgs__rosidl_generator_py.so /opt/ros/humble/lib/librosgraph_msgs__rosidl_typesupport_c.so /opt/ros/humble/lib/librosgraph_msgs__rosidl_generator_c.so /opt/ros/humble/lib/libstatistics_msgs__rosidl_typesupport_fastrtps_c.so /opt/ros/humble/lib/libstatistics_msgs__rosidl_typesupport_fastrtps_cpp.so /opt/ros/humble/lib/libstatistics_msgs__rosidl_typesupport_introspection_c.so /opt/ros/humble/lib/libstatistics_msgs__rosidl_typesupport_introspection_cpp.so /opt/ros/humble/lib/libstatistics_msgs__rosidl_typesupport_cpp.so /opt/ros/humble/lib/libstatistics_msgs__rosidl_generator_py.so /opt/ros/humble/lib/libstatistics_msgs__rosidl_typesupport_c.so /opt/ros/humble/lib/libstatistics_msgs__rosidl_generator_c.so /opt/ros/humble/lib/libtracetools.so /opt/ros/humble/lib/libsensor_msgs__rosidl_typesupport_fastrtps_c.so /opt/ros/humble/lib/libgeometry_msgs__rosidl_typesupport_fastrtps_c.so /opt/ros/humble/lib/libstd_msgs__rosidl_typesupport_fastrtps_c.so /opt/ros/humble/lib/libbuiltin_interfaces__rosidl_typesupport_fastrtps_c.so /opt/ros/humble/lib/librosidl_typesupport_fastrtps_c.so /opt/ros/humble/lib/libsensor_msgs__rosidl_typesupport_fastrtps_cpp.so /opt/ros/humble/lib/libgeometry_msgs__rosidl_typesupport_fastrtps_cpp.so /opt/ros/humble/lib/libstd_msgs__rosidl_typesupport_fastrtps_cpp.so /opt/ros/humble/lib/libbuiltin_interfaces__rosidl_typesupport_fastrtps_cpp.so /opt/ros/humble/lib/librosidl_typesupport_fastrtps_cpp.so /opt/ros/humble/lib/libfastcdr.so.1.0.24 /opt/ros/humble/lib/librmw.so /opt/ros/humble/lib/libsensor_msgs__rosidl_typesupport_introspection_c.so /opt/ros/humble/lib/libgeometry_msgs__rosidl_typesupport_introspection_c.so /opt/ros/humble/lib/libstd_msgs__rosidl_typesupport_introspection_c.so /opt/ros/humble/lib/libbuiltin_interfaces__rosidl_typesupport_introspection_c.so /opt/ros/humble/lib/libsensor_msgs__rosidl_typesupport_introspection_cpp.so /opt/ros/humble/lib/libgeometry_msgs__rosidl_typesupport_introspection_cpp.so /opt/ros/humble/lib/libstd_msgs__rosidl_typesupport_introspection_cpp.so /opt/ros/humble/lib/libbuiltin_interfaces__rosidl_typesupport_introspection_cpp.so /opt/ros/humble/lib/librosidl_typesupport_introspection_cpp.so /opt/ros/humble/lib/librosidl_typesupport_introspection_c.so /opt/ros/humble/lib/libsensor_msgs__rosidl_generator_py.so /opt/ros/humble/lib/libsensor_msgs__rosidl_typesupport_c.so /opt/ros/humble/lib/libsensor_msgs__rosidl_generator_c.so /opt/ros/humble/lib/libgeometry_msgs__rosidl_generator_py.so /opt/ros/humble/lib/libgeometry_msgs__rosidl_typesupport_c.so /opt/ros/humble/lib/libgeometry_msgs__rosidl_generator_c.so /opt/ros/humble/lib/libstd_msgs__rosidl_generator_py.so /opt/ros/humble/lib/libbuiltin_interfaces__rosidl_generator_py.so /opt/ros/humble/lib/libstd_msgs__rosidl_typesupport_c.so /opt/ros/humble/lib/libbuiltin_interfaces__rosidl_typesupport_c.so /opt/ros/humble/lib/libstd_msgs__rosidl_generator_c.so /opt/ros/humble/lib/libbuiltin_interfaces__rosidl_generator_c.so /usr/lib/x86_64-linux-gnu/libpython3.10.so /opt/ros/humble/lib/libsensor_msgs__rosidl_typesupport_cpp.so /opt/ros/humble/lib/libgeometry_msgs__rosidl_typesupport_cpp.so /opt/ros/humble/lib/libstd_msgs__rosidl_typesupport_cpp.so /opt/ros/humble/lib/libbuiltin_interfaces__rosidl_typesupport_cpp.so /opt/ros/humble/lib/librosidl_typesupport_cpp.so /opt/ros/humble/lib/librosidl_typesupport_c.so /opt/ros/humble/lib/librosidl_runtime_c.so /opt/ros/humble/lib/librcpputils.so /opt/ros/humble/lib/librcutils.so /usr/lib/x86_64-linux-gnu/libopencv_highgui.so.4.5.4d /usr/lib/x86_64-linux-gnu/libopencv_datasets.so.4.5.4d /usr/lib/x86_64-linux-gnu/libopencv_plot.so.4.5.4d /usr/lib/x86_64-linux-gnu/libopencv_text.so.4.5.4d /usr/lib/x86_64-linux-gnu/libopencv_ml.so.4.5.4d /usr/lib/x86_64-linux-gnu/libopencv_phase_unwrapping.so.4.5.4d /usr/lib/x86_64-linux-gnu/libopencv_optflow.so.4.5.4d /usr/lib/x86_64-linux-gnu/libopencv_ximgproc.so.4.5.4d /usr/lib/x86_64-linux-gnu/libopencv_video.so.4.5.4d /usr/lib/x86_64-linux-gnu/libopencv_videoio.so.4.5.4d /usr/lib/x86_64-linux-gnu/libopencv_imgcodecs.so.4.5.4d /usr/lib/x86_64-linux-gnu/libopencv_objdetect.so.4.5.4d /usr/lib/x86_64-linux-gnu/libopencv_calib3d.so.4.5.4d /usr/lib/x86_64-linux-gnu/libopencv_dnn.so.4.5.4d /usr/lib/x86_64-linux-gnu/libopencv_features2d.so.4.5.4d /usr/lib/x86_64-linux-gnu/libopencv_flann.so.4.5.4d /usr/lib/x86_64-linux-gnu/libopencv_photo.so.4.5.4d /usr/lib/x86_64-linux-gnu/libopencv_imgproc.so.4.5.4d /usr/lib/x86_64-linux-gnu/libopencv_core.so.4.5.4d -ldl 
[7.010s] gmake[2]: 离开目录“/home/pl/ros2_ws1/build/sdk_topic_cpp”
[7.016s] [100%] Built target chu
[7.017s] gmake[1]: 离开目录“/home/pl/ros2_ws1/build/sdk_topic_cpp”
[7.017s] /usr/bin/cmake -E cmake_progress_start /home/pl/ros2_ws1/build/sdk_topic_cpp/CMakeFiles 0
[7.026s] Invoked command in '/home/pl/ros2_ws1/build/sdk_topic_cpp' returned '0': CMAKE_PREFIX_PATH=/opt/ros/humble DEBUGINFOD_URLS=https://debuginfod.ubuntu.com /usr/bin/cmake --build /home/pl/ros2_ws1/build/sdk_topic_cpp --clean-first -- -j20 -l20
[7.034s] Invoking command in '/home/pl/ros2_ws1/build/sdk_topic_cpp': CMAKE_PREFIX_PATH=/opt/ros/humble DEBUGINFOD_URLS=https://debuginfod.ubuntu.com /usr/bin/cmake --install /home/pl/ros2_ws1/build/sdk_topic_cpp
[7.039s] -- Install configuration: ""
[7.039s] -- Installing: /home/pl/ros2_ws1/install/sdk_topic_cpp/lib/sdk_topic_cpp/se
[7.040s] -- Set runtime path of "/home/pl/ros2_ws1/install/sdk_topic_cpp/lib/sdk_topic_cpp/se" to ""
[7.040s] -- Installing: /home/pl/ros2_ws1/install/sdk_topic_cpp/lib/sdk_topic_cpp/chu
[7.041s] -- Set runtime path of "/home/pl/ros2_ws1/install/sdk_topic_cpp/lib/sdk_topic_cpp/chu" to ""
[7.041s] -- Installing: /home/pl/ros2_ws1/install/sdk_topic_cpp/lib/sdk_topic_cpp/shiping
[7.041s] -- Set runtime path of "/home/pl/ros2_ws1/install/sdk_topic_cpp/lib/sdk_topic_cpp/shiping" to ""
[7.042s] -- Installing: /home/pl/ros2_ws1/install/sdk_topic_cpp/lib/sdk_topic_cpp/t1
[7.042s] -- Set runtime path of "/home/pl/ros2_ws1/install/sdk_topic_cpp/lib/sdk_topic_cpp/t1" to ""
[7.042s] -- Installing: /home/pl/ros2_ws1/install/sdk_topic_cpp/lib/sdk_topic_cpp/camera_publisher
[7.042s] -- Set runtime path of "/home/pl/ros2_ws1/install/sdk_topic_cpp/lib/sdk_topic_cpp/camera_publisher" to ""
[7.042s] -- Installing: /home/pl/ros2_ws1/install/sdk_topic_cpp/share/ament_index/resource_index/package_run_dependencies/sdk_topic_cpp
[7.042s] -- Installing: /home/pl/ros2_ws1/install/sdk_topic_cpp/share/ament_index/resource_index/parent_prefix_path/sdk_topic_cpp
[7.042s] -- Installing: /home/pl/ros2_ws1/install/sdk_topic_cpp/share/sdk_topic_cpp/environment/ament_prefix_path.sh
[7.043s] -- Installing: /home/pl/ros2_ws1/install/sdk_topic_cpp/share/sdk_topic_cpp/environment/ament_prefix_path.dsv
[7.043s] -- Installing: /home/pl/ros2_ws1/install/sdk_topic_cpp/share/sdk_topic_cpp/environment/path.sh
[7.043s] -- Installing: /home/pl/ros2_ws1/install/sdk_topic_cpp/share/sdk_topic_cpp/environment/path.dsv
[7.043s] -- Installing: /home/pl/ros2_ws1/install/sdk_topic_cpp/share/sdk_topic_cpp/local_setup.bash
[7.043s] -- Installing: /home/pl/ros2_ws1/install/sdk_topic_cpp/share/sdk_topic_cpp/local_setup.sh
[7.043s] -- Installing: /home/pl/ros2_ws1/install/sdk_topic_cpp/share/sdk_topic_cpp/local_setup.zsh
[7.043s] -- Installing: /home/pl/ros2_ws1/install/sdk_topic_cpp/share/sdk_topic_cpp/local_setup.dsv
[7.043s] -- Installing: /home/pl/ros2_ws1/install/sdk_topic_cpp/share/sdk_topic_cpp/package.dsv
[7.043s] -- Installing: /home/pl/ros2_ws1/install/sdk_topic_cpp/share/ament_index/resource_index/packages/sdk_topic_cpp
[7.043s] -- Installing: /home/pl/ros2_ws1/install/sdk_topic_cpp/share/sdk_topic_cpp/cmake/sdk_topic_cppConfig.cmake
[7.043s] -- Installing: /home/pl/ros2_ws1/install/sdk_topic_cpp/share/sdk_topic_cpp/cmake/sdk_topic_cppConfig-version.cmake
[7.043s] -- Installing: /home/pl/ros2_ws1/install/sdk_topic_cpp/share/sdk_topic_cpp/package.xml
[7.044s] Invoked command in '/home/pl/ros2_ws1/build/sdk_topic_cpp' returned '0': CMAKE_PREFIX_PATH=/opt/ros/humble DEBUGINFOD_URLS=https://debuginfod.ubuntu.com /usr/bin/cmake --install /home/pl/ros2_ws1/build/sdk_topic_cpp
