[35m[1mConsolidate compiler generated dependencies of target se[0m
[ 50%] [32mBuilding CXX object CMakeFiles/se.dir/src/se.cpp.o[0m
[01m[K/home/pl/ros2_ws1/src/haik/sdk_topic_cpp/src/se.cpp:[m[K In member function ‘[01m[Kvoid HikUsbBgr8Pub::grabLoop()[m[K’:
[01m[K/home/pl/ros2_ws1/src/haik/sdk_topic_cpp/src/se.cpp:299:29:[m[K [01;31m[Kerror: [m[Kinvalid conversion from ‘[01m[Kunsigned int[m[K’ to ‘[01m[KMvGvspPixelType[m[K’ [[01;31m[K]8;;https://gcc.gnu.org/onlinedocs/gcc/Warning-Options.html#index-fpermissive-fpermissive]8;;[m[K]
  299 |       conv.enDstPixelType = [01;31m[Kdst_pix[m[K;
      |                             [01;31m[K^~~~~~~[m[K
      |                             [01;31m[K|[m[K
      |                             [01;31m[Kunsigned int[m[K
In file included from [01m[K/opt/ros/humble/include/rclcpp/rclcpp/logging.hpp:24[m[K,
                 from [01m[K/opt/ros/humble/include/rclcpp/rclcpp/client.hpp:40[m[K,
                 from [01m[K/opt/ros/humble/include/rclcpp/rclcpp/callback_group.hpp:24[m[K,
                 from [01m[K/opt/ros/humble/include/rclcpp/rclcpp/any_executable.hpp:20[m[K,
                 from [01m[K/opt/ros/humble/include/rclcpp/rclcpp/memory_strategy.hpp:25[m[K,
                 from [01m[K/opt/ros/humble/include/rclcpp/rclcpp/memory_strategies.hpp:18[m[K,
                 from [01m[K/opt/ros/humble/include/rclcpp/rclcpp/executor_options.hpp:20[m[K,
                 from [01m[K/opt/ros/humble/include/rclcpp/rclcpp/executor.hpp:37[m[K,
                 from [01m[K/opt/ros/humble/include/rclcpp/rclcpp/executors/multi_threaded_executor.hpp:25[m[K,
                 from [01m[K/opt/ros/humble/include/rclcpp/rclcpp/executors.hpp:21[m[K,
                 from [01m[K/opt/ros/humble/include/rclcpp/rclcpp/rclcpp.hpp:155[m[K,
                 from [01m[K/home/pl/ros2_ws1/src/haik/sdk_topic_cpp/src/se.cpp:1[m[K:
[01m[K/home/pl/ros2_ws1/src/haik/sdk_topic_cpp/src/se.cpp:313:32:[m[K [01;35m[Kwarning: [m[Kformat ‘[01m[K%x[m[K’ expects argument of type ‘[01m[Kunsigned int[m[K’, but argument 6 has type ‘[01m[Klong int[m[K’ [[01;35m[K]8;;https://gcc.gnu.org/onlinedocs/gcc/Warning-Options.html#index-Wformat=-Wformat=]8;;[m[K]
  313 |                                [01;35m[K"ConvertPixelType failed: 0x%x (src=0x%x dst=0x%x)"[m[K,
      |                                [01;35m[K^~~~~~~~~~~~~~~~~~~~~~~~~~~~~~~~~~~~~~~~~~~~~~~~~~~[m[K
  314 |                                ret, [32m[Kfi.enPixelType[m[K, dst_pix);
      |                                     [32m[K~~~~~~~~~~~~~~[m[K
      |                                        [32m[K|[m[K
      |                                        [32m[Klong int[m[K
[01m[K/home/pl/ros2_ws1/src/haik/sdk_topic_cpp/src/se.cpp:313:71:[m[K [01;36m[Knote: [m[Kformat string is defined here
  313 |                                "ConvertPixelType failed: 0x%x (src=0x[01;36m[K%x[m[K dst=0x%x)",
      |                                                                      [01;36m[K~^[m[K
      |                                                                       [01;36m[K|[m[K
      |                                                                       [01;36m[Kunsigned int[m[K
      |                                                                      [32m[K%lx[m[K
gmake[2]: *** [CMakeFiles/se.dir/build.make:76：CMakeFiles/se.dir/src/se.cpp.o] 错误 1
gmake[1]: *** [CMakeFiles/Makefile2:137：CMakeFiles/se.dir/all] 错误 2
gmake: *** [Makefile:146：all] 错误 2
